<?xml version="1.0" encoding="UTF-8"?>
<!-- Generated by org.testng.reporters.JUnitReportReporter -->
<testsuite hostname="wer3eng" failures="0" tests="3" name="jalview.analysis.TestAlignSeq" time="0.000" errors="0" timestamp="2 Jul 2023 08:13:44 GMT">
  <testcase classname="jalview.analysis.TestAlignSeq" name="testPrintAlignment" time="0.000"/>
  <testcase classname="jalview.analysis.TestAlignSeq" name="testGetMappingForS1" time="0.000"/>
  <testcase classname="jalview.analysis.TestAlignSeq" name="testExtractGaps" time="0.000"/>
</testsuite> <!-- jalview.analysis.TestAlignSeq -->
