<?xml version="1.0" encoding="UTF-8"?>
<!-- Generated by org.testng.reporters.JUnitReportReporter -->
<testsuite hostname="wer3eng" failures="0" tests="8" name="jalview.schemes.ResiduePropertiesTest" time="0.005" errors="0" timestamp="2 Jul 2023 08:13:44 GMT">
  <testcase classname="jalview.schemes.ResiduePropertiesTest" name="testCodonTranslate_ambiguityCodes" time="0.000"/>
  <testcase classname="jalview.schemes.ResiduePropertiesTest" name="testGetResidues_nucleotide" time="0.000"/>
  <testcase classname="jalview.schemes.ResiduePropertiesTest" name="testGetDssp3State" time="0.001"/>
  <testcase classname="jalview.schemes.ResiduePropertiesTest" name="testCodonTranslate" time="0.001"/>
  <testcase classname="jalview.schemes.ResiduePropertiesTest" name="testGetResidues_peptide" time="0.000"/>
  <testcase classname="jalview.schemes.ResiduePropertiesTest" name="testGetCanonicalAminoAcid" time="0.002"/>
  <testcase classname="jalview.schemes.ResiduePropertiesTest" name="testGetSingleCharacterCode" time="0.000"/>
  <testcase classname="jalview.schemes.ResiduePropertiesTest" name="testPhysicoChemicalProperties" time="0.001"/>
</testsuite> <!-- jalview.schemes.ResiduePropertiesTest -->
