<?xml version="1.0" encoding="UTF-8"?>
<!-- Generated by org.testng.reporters.JUnitReportReporter -->
<testsuite hostname="wer3eng" failures="0" tests="8" name="jalview.analysis.AnnotationSorterTest" time="0.487" errors="0" timestamp="2 Jul 2023 08:13:44 GMT">
  <testcase classname="jalview.analysis.AnnotationSorterTest" name="testSortByTypeAndSequence_autocalcFirst" time="0.000"/>
  <testcase classname="jalview.analysis.AnnotationSorterTest" name="testNoSort_autocalcFirst" time="0.000"/>
  <testcase classname="jalview.analysis.AnnotationSorterTest" name="testSortBySequenceAndType_autocalcLast" time="0.000"/>
  <testcase classname="jalview.analysis.AnnotationSorterTest" name="testSort_timingSemisorted" time="0.195"/>
  <testcase classname="jalview.analysis.AnnotationSorterTest" name="testSortBySequenceAndType_autocalcFirst" time="0.001"/>
  <testcase classname="jalview.analysis.AnnotationSorterTest" name="testSort_timingUnsorted" time="0.085"/>
  <testcase classname="jalview.analysis.AnnotationSorterTest" name="testSort_timingPresorted" time="0.206"/>
  <testcase classname="jalview.analysis.AnnotationSorterTest" name="testSortByTypeAndSequence_autocalcLast" time="0.000"/>
</testsuite> <!-- jalview.analysis.AnnotationSorterTest -->
