<?xml version="1.0" encoding="UTF-8"?>
<!-- Generated by org.testng.reporters.JUnitReportReporter -->
<testsuite hostname="wer3eng" failures="0" tests="1" name="jalview.util.Log4jTest" time="1.628" errors="0" timestamp="2 Jul 2023 08:13:44 GMT">
  <testcase classname="jalview.util.Log4jTest" name="testLog4j" time="1.628"/>
</testsuite> <!-- jalview.util.Log4jTest -->
