<?xml version="1.0" encoding="UTF-8"?>
<!-- Generated by org.testng.reporters.JUnitReportReporter -->
<testsuite hostname="wer3eng" failures="0" tests="4" name="jalview.math.RotatableMatrixTest" time="0.005" errors="0" timestamp="2 Jul 2023 08:13:44 GMT">
  <testcase classname="jalview.math.RotatableMatrixTest" name="testPreMultiply" time="0.000"/>
  <testcase classname="jalview.math.RotatableMatrixTest" name="testPrint" time="0.005"/>
  <testcase classname="jalview.math.RotatableMatrixTest" name="testVectorMultiply" time="0.000"/>
  <testcase classname="jalview.math.RotatableMatrixTest" name="testGetRotation" time="0.000"/>
</testsuite> <!-- jalview.math.RotatableMatrixTest -->
