<?xml version="1.0" encoding="UTF-8"?>
<!-- Generated by org.testng.reporters.JUnitReportReporter -->
<testsuite hostname="wer3eng" failures="0" tests="2" name="jalview.io.cache.JvCacheableInputBoxTest" time="0.302" errors="0" timestamp="2 Jul 2023 08:13:44 GMT">
  <testcase classname="jalview.io.cache.JvCacheableInputBoxTest" name="getUserInputTest" time="0.102"/>
  <testcase classname="jalview.io.cache.JvCacheableInputBoxTest" name="updateCacheTest" time="0.200"/>
</testsuite> <!-- jalview.io.cache.JvCacheableInputBoxTest -->
