<?xml version="1.0" encoding="UTF-8"?>
<!-- Generated by org.testng.reporters.JUnitReportReporter -->
<testsuite hostname="wer3eng" failures="0" tests="10" name="jalview.util.matcher.MatcherTest" time="0.004" errors="0" timestamp="2 Jul 2023 08:13:44 GMT">
  <testcase classname="jalview.util.matcher.MatcherTest" name="testNumericMatch_nullOrInvalidValue" time="0.001"/>
  <testcase classname="jalview.util.matcher.MatcherTest" name="testMatches_floatWithStringCondition" time="0.000"/>
  <testcase classname="jalview.util.matcher.MatcherTest" name="testMatches_long" time="0.001"/>
  <testcase classname="jalview.util.matcher.MatcherTest" name="testMatches_pattern" time="0.000"/>
  <testcase classname="jalview.util.matcher.MatcherTest" name="testToString" time="0.000"/>
  <testcase classname="jalview.util.matcher.MatcherTest" name="testEquals" time="0.001"/>
  <testcase classname="jalview.util.matcher.MatcherTest" name="testMatches_float" time="0.000"/>
  <testcase classname="jalview.util.matcher.MatcherTest" name="testConstructor" time="0.001"/>
  <testcase classname="jalview.util.matcher.MatcherTest" name="testMatches_floatValueIntegerCondition" time="0.000"/>
  <testcase classname="jalview.util.matcher.MatcherTest" name="testHashCode" time="0.000"/>
</testsuite> <!-- jalview.util.matcher.MatcherTest -->
