<?xml version="1.0" encoding="UTF-8"?>
<!-- Generated by org.testng.reporters.JUnitReportReporter -->
<testsuite hostname="wer3eng" failures="0" tests="2" name="jalview.ext.jmol.JmolViewerTest" time="3.478" errors="0" timestamp="2 Jul 2023 08:13:44 GMT">
  <testcase classname="jalview.ext.jmol.JmolViewerTest" name="testAddStrToSingleSeqViewJMol" time="2.607"/>
  <testcase classname="jalview.ext.jmol.JmolViewerTest" name="testSingleSeqViewJMol" time="0.871"/>
</testsuite> <!-- jalview.ext.jmol.JmolViewerTest -->
