<?xml version="1.0" encoding="UTF-8"?>
<!-- Generated by org.testng.reporters.JUnitReportReporter -->
<testsuite hostname="wer3eng" failures="0" tests="2" name="jalview.schemes.PIDColourSchemeTest" time="0.064" errors="0" timestamp="2 Jul 2023 08:13:44 GMT">
  <testcase classname="jalview.schemes.PIDColourSchemeTest" name="testFindColour" time="0.001"/>
  <testcase classname="jalview.schemes.PIDColourSchemeTest" name="testFindColour_ignoreGaps" time="0.063"/>
</testsuite> <!-- jalview.schemes.PIDColourSchemeTest -->
