<?xml version="1.0" encoding="UTF-8"?>
<!-- Generated by org.testng.reporters.JUnitReportReporter -->
<testsuite hostname="wer3eng" failures="0" tests="12" name="mc_view.PDBChainTest" time="0.006" errors="0" timestamp="2 Jul 2023 08:13:44 GMT">
  <testcase classname="mc_view.PDBChainTest" name="testMakeCaBondList" time="0.000"/>
  <testcase classname="mc_view.PDBChainTest" name="testSetChargeColours" time="0.002"/>
  <testcase classname="mc_view.PDBChainTest" name="testMakeCaBondList_nucleotide" time="0.001"/>
  <testcase classname="mc_view.PDBChainTest" name="testMakeExactMapping" time="0.000"/>
  <testcase classname="mc_view.PDBChainTest" name="testGetChargeColour" time="0.000"/>
  <testcase classname="mc_view.PDBChainTest" name="testPrint" time="0.001"/>
  <testcase classname="mc_view.PDBChainTest" name="testMakeResidueList_noAnnotation" time="0.001"/>
  <testcase classname="mc_view.PDBChainTest" name="testGetNewlineString" time="0.001"/>
  <testcase classname="mc_view.PDBChainTest" name="testSetChainColours_colour" time="0.000"/>
  <testcase classname="mc_view.PDBChainTest" name="testMakeResidueList_withTempFactor" time="0.000"/>
  <testcase classname="mc_view.PDBChainTest" name="testMakeBond" time="0.000"/>
  <testcase classname="mc_view.PDBChainTest" name="testSetChainColours_colourScheme" time="0.000"/>
</testsuite> <!-- mc_view.PDBChainTest -->
