<?xml version="1.0" encoding="UTF-8"?>
<!-- Generated by org.testng.reporters.JUnitReportReporter -->
<testsuite hostname="wer3eng" failures="0" tests="5" name="jalview.gui.AlignFrameTest" time="1.023" errors="0" timestamp="2 Jul 2023 08:13:44 GMT">
  <testcase classname="jalview.gui.AlignFrameTest" name="testHideFeatureColumns" time="0.093"/>
  <testcase classname="jalview.gui.AlignFrameTest" name="testColourThresholdActions" time="0.352"/>
  <testcase classname="jalview.gui.AlignFrameTest" name="testNewView_dsRefPreserved" time="0.122"/>
  <testcase classname="jalview.gui.AlignFrameTest" name="testChangeColour_background_groupsAndThresholds" time="0.129"/>
  <testcase classname="jalview.gui.AlignFrameTest" name="testNewView_colourThresholds" time="0.327"/>
</testsuite> <!-- jalview.gui.AlignFrameTest -->
