<?xml version="1.0" encoding="UTF-8"?>
<!-- Generated by org.testng.reporters.JUnitReportReporter -->
<testsuite hostname="wer3eng" failures="0" tests="24" name="jalview.io.IdentifyFileTest" time="0.024" errors="0" timestamp="2 Jul 2023 08:13:44 GMT">
  <testcase classname="jalview.io.IdentifyFileTest" name="testIdentify" time="0.000"/>
  <testcase classname="jalview.io.IdentifyFileTest" name="testIdentify" time="0.001"/>
  <testcase classname="jalview.io.IdentifyFileTest" name="testIdentify" time="0.000"/>
  <testcase classname="jalview.io.IdentifyFileTest" name="testIdentify" time="0.000"/>
  <testcase classname="jalview.io.IdentifyFileTest" name="testIdentify" time="0.002"/>
  <testcase classname="jalview.io.IdentifyFileTest" name="testIdentify" time="0.000"/>
  <testcase classname="jalview.io.IdentifyFileTest" name="testIdentify" time="0.001"/>
  <testcase classname="jalview.io.IdentifyFileTest" name="testIdentify_featureFile" time="0.001"/>
  <testcase classname="jalview.io.IdentifyFileTest" name="testIdentify" time="0.000"/>
  <testcase classname="jalview.io.IdentifyFileTest" name="testIdentify" time="0.001"/>
  <testcase classname="jalview.io.IdentifyFileTest" name="testIdentify" time="0.000"/>
  <testcase classname="jalview.io.IdentifyFileTest" name="testIdentify" time="0.001"/>
  <testcase classname="jalview.io.IdentifyFileTest" name="testLooksLikeFeatureData" time="0.001"/>
  <testcase classname="jalview.io.IdentifyFileTest" name="testIdentify" time="0.000"/>
  <testcase classname="jalview.io.IdentifyFileTest" name="testIdentify" time="0.001"/>
  <testcase classname="jalview.io.IdentifyFileTest" name="testIdentify" time="0.000"/>
  <testcase classname="jalview.io.IdentifyFileTest" name="testIdentify" time="0.000"/>
  <testcase classname="jalview.io.IdentifyFileTest" name="testIdentify" time="0.003"/>
  <testcase classname="jalview.io.IdentifyFileTest" name="testIdentify" time="0.000"/>
  <testcase classname="jalview.io.IdentifyFileTest" name="testIdentify" time="0.001"/>
  <testcase classname="jalview.io.IdentifyFileTest" name="testIdentify" time="0.000"/>
  <testcase classname="jalview.io.IdentifyFileTest" name="testIdentify" time="0.008"/>
  <testcase classname="jalview.io.IdentifyFileTest" name="testIdentify" time="0.001"/>
  <testcase classname="jalview.io.IdentifyFileTest" name="testIdentify" time="0.002"/>
</testsuite> <!-- jalview.io.IdentifyFileTest -->
