<?xml version="1.0" encoding="UTF-8"?>
<!-- Generated by org.testng.reporters.JUnitReportReporter -->
<testsuite hostname="wer3eng" failures="0" tests="10" name="jalview.io.JSONFileTest" time="0.060" errors="0" timestamp="2 Jul 2023 08:13:44 GMT">
  <testcase classname="jalview.io.JSONFileTest" name="hiddenSeqsTest" time="0.001"/>
  <testcase classname="jalview.io.JSONFileTest" name="hiddenColsTest" time="0.000"/>
  <testcase classname="jalview.io.JSONFileTest" name="colorSchemeTest" time="0.000"/>
  <testcase classname="jalview.io.JSONFileTest" name="roundTripTest" time="0.000"/>
  <testcase classname="jalview.io.JSONFileTest" name="testSeqParsed" time="0.002"/>
  <testcase classname="jalview.io.JSONFileTest" name="testGrpParsed" time="0.001"/>
  <testcase classname="jalview.io.JSONFileTest" name="testAnnotationParsed" time="0.000"/>
  <testcase classname="jalview.io.JSONFileTest" name="testBioJSONRoundTripWithColourSchemeNone" time="0.030"/>
  <testcase classname="jalview.io.JSONFileTest" name="isShowSeqFeaturesSet" time="0.001"/>
  <testcase classname="jalview.io.JSONFileTest" name="testGrpParsed_colourNone" time="0.025"/>
</testsuite> <!-- jalview.io.JSONFileTest -->
