<?xml version="1.0" encoding="UTF-8"?>
<!-- Generated by org.testng.reporters.JUnitReportReporter -->
<testsuite hostname="wer3eng" failures="0" tests="3" name="jalview.util.MessageManagerTest" time="0.001" errors="0" timestamp="2 Jul 2023 08:13:44 GMT">
  <testcase classname="jalview.util.MessageManagerTest" name="testFormatMessage_invalid" time="0.001"/>
  <testcase classname="jalview.util.MessageManagerTest" name="testGetStringOrReturn" time="0.000"/>
  <testcase classname="jalview.util.MessageManagerTest" name="testGetString_invalid" time="0.000"/>
</testsuite> <!-- jalview.util.MessageManagerTest -->
