<?xml version="1.0" encoding="UTF-8"?>
<!-- Generated by org.testng.reporters.JUnitReportReporter -->
<testsuite hostname="wer3eng" failures="0" tests="1" name="jalview.io.GenBankFileTest" time="0.012" errors="0" timestamp="2 Jul 2023 08:13:44 GMT">
  <testcase classname="jalview.io.GenBankFileTest" name="testParse" time="0.012"/>
</testsuite> <!-- jalview.io.GenBankFileTest -->
