<?xml version="1.0" encoding="UTF-8"?>
<!-- Generated by org.testng.reporters.JUnitReportReporter -->
<testsuite hostname="wer3eng" failures="0" tests="18" name="jalview.viewmodel.OverviewDimensionsShowHiddenTest" time="0.029" errors="0" timestamp="2 Jul 2023 08:13:44 GMT">
  <testcase classname="jalview.viewmodel.OverviewDimensionsShowHiddenTest" name="testFromMouseWithHiddenColsInMiddle" time="0.002"/>
  <testcase classname="jalview.viewmodel.OverviewDimensionsShowHiddenTest" name="testFromMouseWithHiddenRowsInMiddle" time="0.002"/>
  <testcase classname="jalview.viewmodel.OverviewDimensionsShowHiddenTest" name="testFromMouseWithHiddenRowsAtStartWrapped" time="0.002"/>
  <testcase classname="jalview.viewmodel.OverviewDimensionsShowHiddenTest" name="testSetBoxFromViewportHiddenRowsAtStart" time="0.002"/>
  <testcase classname="jalview.viewmodel.OverviewDimensionsShowHiddenTest" name="testSetBoxFromViewportHiddenRowsInMiddle" time="0.001"/>
  <testcase classname="jalview.viewmodel.OverviewDimensionsShowHiddenTest" name="testFromMouseWithHiddenRowsAtStart" time="0.001"/>
  <testcase classname="jalview.viewmodel.OverviewDimensionsShowHiddenTest" name="testSetBoxFromViewportHiddenColsAtEnd" time="0.001"/>
  <testcase classname="jalview.viewmodel.OverviewDimensionsShowHiddenTest" name="testFromMouseWithHiddenColsAtEnd" time="0.002"/>
  <testcase classname="jalview.viewmodel.OverviewDimensionsShowHiddenTest" name="testPositionInBox" time="0.001"/>
  <testcase classname="jalview.viewmodel.OverviewDimensionsShowHiddenTest" name="testFromMouseWithHiddenRowsAtEnd" time="0.003"/>
  <testcase classname="jalview.viewmodel.OverviewDimensionsShowHiddenTest" name="testSetBoxFromMouseClick" time="0.003"/>
  <testcase classname="jalview.viewmodel.OverviewDimensionsShowHiddenTest" name="testDragging" time="0.002"/>
  <testcase classname="jalview.viewmodel.OverviewDimensionsShowHiddenTest" name="testFromMouseWithHiddenColsAtStart" time="0.001"/>
  <testcase classname="jalview.viewmodel.OverviewDimensionsShowHiddenTest" name="testSetBoxFromViewportHiddenRowsAtEnd" time="0.002"/>
  <testcase classname="jalview.viewmodel.OverviewDimensionsShowHiddenTest" name="testSetBoxFromViewportHiddenColsInMiddle" time="0.001"/>
  <testcase classname="jalview.viewmodel.OverviewDimensionsShowHiddenTest" name="testSetBoxFromViewportHiddenColsAtStart" time="0.001"/>
  <testcase classname="jalview.viewmodel.OverviewDimensionsShowHiddenTest" name="testSetBoxFromViewport" time="0.001"/>
  <testcase classname="jalview.viewmodel.OverviewDimensionsShowHiddenTest" name="testConstructor" time="0.001"/>
</testsuite> <!-- jalview.viewmodel.OverviewDimensionsShowHiddenTest -->
