<?xml version="1.0" encoding="UTF-8"?>
<!-- Generated by org.testng.reporters.JUnitReportReporter -->
<testsuite hostname="wer3eng" failures="0" tests="2" name="jalview.structure.Mapping" time="1.719" errors="0" timestamp="2 Jul 2023 08:13:44 GMT">
  <testcase classname="jalview.structure.Mapping" name="mapFer1From3W5V" time="0.341"/>
  <testcase classname="jalview.structure.Mapping" name="compareTransferredToRefPDBAnnot" time="1.378"/>
</testsuite> <!-- jalview.structure.Mapping -->
