<?xml version="1.0" encoding="UTF-8"?>
<!-- Generated by org.testng.reporters.JUnitReportReporter -->
<testsuite hostname="wer3eng" failures="0" tests="3" name="jalview.structure.StructureSelectionManagerTest" time="0.373" errors="0" timestamp="2 Jul 2023 08:13:44 GMT">
  <testcase classname="jalview.structure.StructureSelectionManagerTest" name="testSetMapping_seqFeatures" time="0.365"/>
  <testcase classname="jalview.structure.StructureSelectionManagerTest" name="testRegisterMapping" time="0.007"/>
  <testcase classname="jalview.structure.StructureSelectionManagerTest" name="testRegisterMappings" time="0.001"/>
</testsuite> <!-- jalview.structure.StructureSelectionManagerTest -->
