<?xml version="1.0" encoding="UTF-8"?>
<!-- Generated by org.testng.reporters.JUnitReportReporter -->
<testsuite hostname="wer3eng" failures="0" tests="22" name="jalview.analysis.scoremodels.ScoreMatrixTest" time="0.020" errors="0" timestamp="2 Jul 2023 08:13:44 GMT">
  <testcase classname="jalview.analysis.scoremodels.ScoreMatrixTest" name="testSymmetric" time="0.011"/>
  <testcase classname="jalview.analysis.scoremodels.ScoreMatrixTest" name="testGetMaximumScore" time="0.000"/>
  <testcase classname="jalview.analysis.scoremodels.ScoreMatrixTest" name="testOutputMatrix_roundTrip" time="0.001"/>
  <testcase classname="jalview.analysis.scoremodels.ScoreMatrixTest" name="testIsSymmetric" time="0.001"/>
  <testcase classname="jalview.analysis.scoremodels.ScoreMatrixTest" name="testGetMinimumScore" time="0.000"/>
  <testcase classname="jalview.analysis.scoremodels.ScoreMatrixTest" name="testConstructor_matrixNotSquare" time="0.000"/>
  <testcase classname="jalview.analysis.scoremodels.ScoreMatrixTest" name="testOutputMatrix_html" time="0.000"/>
  <testcase classname="jalview.analysis.scoremodels.ScoreMatrixTest" name="testBlosum62_values" time="0.006"/>
  <testcase classname="jalview.analysis.scoremodels.ScoreMatrixTest" name="testConstructor" time="0.000"/>
  <testcase classname="jalview.analysis.scoremodels.ScoreMatrixTest" name="testConstructor_matrixTooSmall" time="0.000"/>
  <testcase classname="jalview.analysis.scoremodels.ScoreMatrixTest" name="testGetMatrix" time="0.000"/>
  <testcase classname="jalview.analysis.scoremodels.ScoreMatrixTest" name="testEqualsAndHashCode" time="0.000"/>
  <testcase classname="jalview.analysis.scoremodels.ScoreMatrixTest" name="testcomputeSimilarity_matchShortestSequence" time="0.000"/>
  <testcase classname="jalview.analysis.scoremodels.ScoreMatrixTest" name="testConstructor_gapDash" time="0.000"/>
  <testcase classname="jalview.analysis.scoremodels.ScoreMatrixTest" name="testGetMatrixIndex" time="0.000"/>
  <testcase classname="jalview.analysis.scoremodels.ScoreMatrixTest" name="testBuildSymbolIndex" time="0.001"/>
  <testcase classname="jalview.analysis.scoremodels.ScoreMatrixTest" name="testGetPairwiseScore" time="0.000"/>
  <testcase classname="jalview.analysis.scoremodels.ScoreMatrixTest" name="testConstructor_matrixTooBig" time="0.000"/>
  <testcase classname="jalview.analysis.scoremodels.ScoreMatrixTest" name="testComputePairwiseScores" time="0.000"/>
  <testcase classname="jalview.analysis.scoremodels.ScoreMatrixTest" name="testBuildSymbolIndex_nonAscii" time="0.000"/>
  <testcase classname="jalview.analysis.scoremodels.ScoreMatrixTest" name="testGetSize" time="0.000"/>
  <testcase classname="jalview.analysis.scoremodels.ScoreMatrixTest" name="testcomputeSimilarity_matchLongestSequence" time="0.000"/>
</testsuite> <!-- jalview.analysis.scoremodels.ScoreMatrixTest -->
