<?xml version="1.0" encoding="UTF-8"?>
<!-- Generated by org.testng.reporters.JUnitReportReporter -->
<testsuite hostname="wer3eng" failures="0" tests="13" name="jalview.datamodel.HiddenSequencesTest" time="0.002" errors="0" timestamp="2 Jul 2023 08:13:44 GMT">
  <testcase classname="jalview.datamodel.HiddenSequencesTest" name="testIsHidden" time="0.000"/>
  <testcase classname="jalview.datamodel.HiddenSequencesTest" name="testAdjustForHiddenSeqs" time="0.001"/>
  <testcase classname="jalview.datamodel.HiddenSequencesTest" name="testAdjustHeightSequenceAdded" time="0.000"/>
  <testcase classname="jalview.datamodel.HiddenSequencesTest" name="testGetFullAlignment" time="0.000"/>
  <testcase classname="jalview.datamodel.HiddenSequencesTest" name="testHideShowLastSequences" time="0.000"/>
  <testcase classname="jalview.datamodel.HiddenSequencesTest" name="testFindIndexNFromRow" time="0.000"/>
  <testcase classname="jalview.datamodel.HiddenSequencesTest" name="testAdjustHeightSequenceDeleted" time="0.000"/>
  <testcase classname="jalview.datamodel.HiddenSequencesTest" name="testGetHiddenSequence" time="0.000"/>
  <testcase classname="jalview.datamodel.HiddenSequencesTest" name="testHideShowSequence_withHiddenRepSequence" time="0.001"/>
  <testcase classname="jalview.datamodel.HiddenSequencesTest" name="testHideShowSequence" time="0.000"/>
  <testcase classname="jalview.datamodel.HiddenSequencesTest" name="testGetSize" time="0.000"/>
  <testcase classname="jalview.datamodel.HiddenSequencesTest" name="testGetWidth" time="0.000"/>
  <testcase classname="jalview.datamodel.HiddenSequencesTest" name="testFindIndexWithoutHiddenSeqs" time="0.000"/>
</testsuite> <!-- jalview.datamodel.HiddenSequencesTest -->
