<?xml version="1.0" encoding="UTF-8"?>
<!-- Generated by org.testng.reporters.JUnitReportReporter -->
<testsuite hostname="wer3eng" failures="0" tests="7" name="jalview.datamodel.SequenceGroupTest" time="0.001" errors="0" timestamp="2 Jul 2023 08:13:44 GMT">
  <testcase classname="jalview.datamodel.SequenceGroupTest" name="testConstructor_list" time="0.001"/>
  <testcase classname="jalview.datamodel.SequenceGroupTest" name="testAddOrRemove" time="0.000"/>
  <testcase classname="jalview.datamodel.SequenceGroupTest" name="testCopyConstructor" time="0.000"/>
  <testcase classname="jalview.datamodel.SequenceGroupTest" name="testGetColourScheme" time="0.000"/>
  <testcase classname="jalview.datamodel.SequenceGroupTest" name="testSetContext" time="0.000"/>
  <testcase classname="jalview.datamodel.SequenceGroupTest" name="testAddSequence" time="0.000"/>
  <testcase classname="jalview.datamodel.SequenceGroupTest" name="testContains" time="0.000"/>
</testsuite> <!-- jalview.datamodel.SequenceGroupTest -->
