<?xml version="1.0" encoding="UTF-8"?>
<!-- Generated by org.testng.reporters.JUnitReportReporter -->
<testsuite hostname="wer3eng" failures="0" tests="13" name="jalview.gui.PopupMenuTest" time="0.408" errors="0" timestamp="2 Jul 2023 08:13:44 GMT">
  <testcase classname="jalview.gui.PopupMenuTest" name="testConfigureReferenceAnnotationsMenu_alreadyAdded" time="0.026"/>
  <testcase classname="jalview.gui.PopupMenuTest" name="testConfigureReferenceAnnotationsMenu_noReferenceAnnotations" time="0.026"/>
  <testcase classname="jalview.gui.PopupMenuTest" name="testBuildAnnotationTypesMenus" time="0.027"/>
  <testcase classname="jalview.gui.PopupMenuTest" name="testBuildAnnotationTypesMenus_hideDisabled" time="0.026"/>
  <testcase classname="jalview.gui.PopupMenuTest" name="testAddFeatureDetails_linkedFeatures" time="0.028"/>
  <testcase classname="jalview.gui.PopupMenuTest" name="testConfigureReferenceAnnotationsMenu_noSequenceSelected" time="0.027"/>
  <testcase classname="jalview.gui.PopupMenuTest" name="testConfigureReferenceAnnotationsMenu_twoViews" time="0.026"/>
  <testcase classname="jalview.gui.PopupMenuTest" name="testAddFeatureDetails" time="0.035"/>
  <testcase classname="jalview.gui.PopupMenuTest" name="testConfigureReferenceAnnotationsMenu" time="0.030"/>
  <testcase classname="jalview.gui.PopupMenuTest" name="testConfigureReferenceAnnotationsMenu_notOnAlignment" time="0.049"/>
  <testcase classname="jalview.gui.PopupMenuTest" name="testBuildLinkMenu" time="0.038"/>
  <testcase classname="jalview.gui.PopupMenuTest" name="testHideInsertions" time="0.042"/>
  <testcase classname="jalview.gui.PopupMenuTest" name="testBuildAnnotationTypesMenus_showDisabled" time="0.028"/>
</testsuite> <!-- jalview.gui.PopupMenuTest -->
