<?xml version="1.0" encoding="UTF-8"?>
<!-- Generated by org.testng.reporters.JUnitReportReporter -->
<testsuite hostname="wer3eng" failures="0" tests="9" name="jalview.datamodel.VisibleRowsIteratorTest" time="0.002" errors="0" timestamp="2 Jul 2023 08:13:44 GMT">
  <testcase classname="jalview.datamodel.VisibleRowsIteratorTest" name="testHasNextAndNextStartHidden" time="0.000"/>
  <testcase classname="jalview.datamodel.VisibleRowsIteratorTest" name="testLastNextStartHidden" time="0.000"/>
  <testcase classname="jalview.datamodel.VisibleRowsIteratorTest" name="testHasNextAndNextEndHidden" time="0.001"/>
  <testcase classname="jalview.datamodel.VisibleRowsIteratorTest" name="testRemove" time="0.001"/>
  <testcase classname="jalview.datamodel.VisibleRowsIteratorTest" name="testLastNextNoHidden" time="0.000"/>
  <testcase classname="jalview.datamodel.VisibleRowsIteratorTest" name="testLastNextWithHidden" time="0.000"/>
  <testcase classname="jalview.datamodel.VisibleRowsIteratorTest" name="testLastNextEndHidden" time="0.000"/>
  <testcase classname="jalview.datamodel.VisibleRowsIteratorTest" name="testHasNextAndNextWithHidden" time="0.000"/>
  <testcase classname="jalview.datamodel.VisibleRowsIteratorTest" name="testHasNextAndNextNoHidden" time="0.000"/>
</testsuite> <!-- jalview.datamodel.VisibleRowsIteratorTest -->
