<?xml version="1.0" encoding="UTF-8"?>
<!-- Generated by org.testng.reporters.JUnitReportReporter -->
<testsuite hostname="wer3eng" failures="0" tests="3" name="jalview.schemes.ResidueColourSchemeTest" time="0.004" errors="0" timestamp="2 Jul 2023 08:13:44 GMT">
  <testcase classname="jalview.schemes.ResidueColourSchemeTest" name="testIsApplicableTo" time="0.000"/>
  <testcase classname="jalview.schemes.ResidueColourSchemeTest" name="testGetName" time="0.001"/>
  <testcase classname="jalview.schemes.ResidueColourSchemeTest" name="testIsApplicableTo_dynamicColourScheme" time="0.003"/>
</testsuite> <!-- jalview.schemes.ResidueColourSchemeTest -->
