<?xml version="1.0" encoding="UTF-8"?>
<!-- Generated by org.testng.reporters.JUnitReportReporter -->
<testsuite hostname="wer3eng" failures="0" tests="3" name="mc_view.AtomTest" time="0.003" errors="0" timestamp="2 Jul 2023 08:13:44 GMT">
  <testcase classname="mc_view.AtomTest" name="testStringConstructor_malformed" time="0.001"/>
  <testcase classname="mc_view.AtomTest" name="testStringConstructor_blankOccupancyTempFactor" time="0.001"/>
  <testcase classname="mc_view.AtomTest" name="testStringConstructor" time="0.001"/>
</testsuite> <!-- mc_view.AtomTest -->
