<?xml version="1.0" encoding="UTF-8"?>
<!-- Generated by org.testng.reporters.JUnitReportReporter -->
<testsuite hostname="wer3eng" failures="0" tests="2" name="jalview.fts.service.pdb.PDBFTSRestClientTest" time="0.001" errors="0" timestamp="2 Jul 2023 08:13:44 GMT">
  <testcase classname="jalview.fts.service.pdb.PDBFTSRestClientTest" name="getPDBDocFieldsAsCommaDelimitedStringTest" time="0.001"/>
  <testcase classname="jalview.fts.service.pdb.PDBFTSRestClientTest" name="getPDBIdColumIndexTest" time="0.000"/>
</testsuite> <!-- jalview.fts.service.pdb.PDBFTSRestClientTest -->
