<?xml version="1.0" encoding="UTF-8"?>
<!-- Generated by org.testng.reporters.JUnitReportReporter -->
<testsuite hostname="wer3eng" failures="0" tests="2" name="jalview.schemes.ColourSchemePropertyTest" time="0.001" errors="0" timestamp="2 Jul 2023 08:13:44 GMT">
  <testcase classname="jalview.schemes.ColourSchemePropertyTest" name="testGetColourName" time="0.000"/>
  <testcase classname="jalview.schemes.ColourSchemePropertyTest" name="testGetColourScheme" time="0.001"/>
</testsuite> <!-- jalview.schemes.ColourSchemePropertyTest -->
