<?xml version="1.0" encoding="UTF-8"?>
<!-- Generated by org.testng.reporters.JUnitReportReporter -->
<testsuite hostname="wer3eng" failures="0" tests="3" name="jalview.io.NewickFileTests" time="0.039" errors="0" timestamp="2 Jul 2023 08:13:44 GMT">
  <testcase classname="jalview.io.NewickFileTests" name="testTreeIO" time="0.008"/>
  <testcase classname="jalview.io.NewickFileTests" name="testTreeIO" time="0.004"/>
  <testcase classname="jalview.io.NewickFileTests" name="testTreeIO" time="0.027"/>
</testsuite> <!-- jalview.io.NewickFileTests -->
