<?xml version="1.0" encoding="UTF-8"?>
<!-- Generated by org.testng.reporters.JUnitReportReporter -->
<testsuite hostname="wer3eng" failures="0" tests="3" name="jalview.io.gff.GffHelperBaseTest" time="0.001" errors="0" timestamp="2 Jul 2023 08:13:44 GMT">
  <testcase classname="jalview.io.gff.GffHelperBaseTest" name="testParseNameValuePairs" time="0.000"/>
  <testcase classname="jalview.io.gff.GffHelperBaseTest" name="testTrimMapping" time="0.000"/>
  <testcase classname="jalview.io.gff.GffHelperBaseTest" name="testParseAttributeMap" time="0.001"/>
</testsuite> <!-- jalview.io.gff.GffHelperBaseTest -->
