<?xml version="1.0" encoding="UTF-8"?>
<!-- Generated by org.testng.reporters.JUnitReportReporter -->
<testsuite hostname="wer3eng" failures="0" tests="12" name="jalview.io.SequenceAnnotationReportTest" time="0.005" errors="0" timestamp="2 Jul 2023 08:13:44 GMT">
  <testcase classname="jalview.io.SequenceAnnotationReportTest" name="testAppendFeature_stripHtml" time="0.000"/>
  <testcase classname="jalview.io.SequenceAnnotationReportTest" name="testAppendFeature_colouredByAttribute" time="0.000"/>
  <testcase classname="jalview.io.SequenceAnnotationReportTest" name="testAppendFeature_withScoreStatusAttribute" time="0.000"/>
  <testcase classname="jalview.io.SequenceAnnotationReportTest" name="testAppendFeature_virtualFeature" time="0.001"/>
  <testcase classname="jalview.io.SequenceAnnotationReportTest" name="testAppendFeature_withScore" time="0.000"/>
  <testcase classname="jalview.io.SequenceAnnotationReportTest" name="testAppendFeatures_longText" time="0.000"/>
  <testcase classname="jalview.io.SequenceAnnotationReportTest" name="testCreateSequenceAnnotationReport_withEllipsis" time="0.002"/>
  <testcase classname="jalview.io.SequenceAnnotationReportTest" name="testAppendFeature_noScore" time="0.000"/>
  <testcase classname="jalview.io.SequenceAnnotationReportTest" name="testAppendFeature_disulfideBond" time="0.001"/>
  <testcase classname="jalview.io.SequenceAnnotationReportTest" name="testAppendFeature_DescEqualsType" time="0.000"/>
  <testcase classname="jalview.io.SequenceAnnotationReportTest" name="testCreateSequenceAnnotationReport" time="0.001"/>
  <testcase classname="jalview.io.SequenceAnnotationReportTest" name="testAppendFeature_status" time="0.000"/>
</testsuite> <!-- jalview.io.SequenceAnnotationReportTest -->
