<?xml version="1.0" encoding="UTF-8"?>
<!-- Generated by org.testng.reporters.JUnitReportReporter -->
<testsuite hostname="wer3eng" failures="0" tests="17" name="jalview.gui.AnnotationChooserTest" time="0.545" errors="0" timestamp="2 Jul 2023 08:13:44 GMT">
  <testcase classname="jalview.gui.AnnotationChooserTest" name="testSelectType_showForAll" time="0.033"/>
  <testcase classname="jalview.gui.AnnotationChooserTest" name="testBuildShowHidePanel" time="0.022"/>
  <testcase classname="jalview.gui.AnnotationChooserTest" name="testBuildShowHideOptionsPanel" time="0.036"/>
  <testcase classname="jalview.gui.AnnotationChooserTest" name="testBuildApplyToOptionsPanel_noSelectionGroup" time="0.028"/>
  <testcase classname="jalview.gui.AnnotationChooserTest" name="testDeselectType_showForSelected" time="0.028"/>
  <testcase classname="jalview.gui.AnnotationChooserTest" name="testDeselectType_showForAll" time="0.031"/>
  <testcase classname="jalview.gui.AnnotationChooserTest" name="testDeselectType_hideForAll" time="0.047"/>
  <testcase classname="jalview.gui.AnnotationChooserTest" name="testResetOriginalState" time="0.026"/>
  <testcase classname="jalview.gui.AnnotationChooserTest" name="testBuildActionButtonsPanel" time="0.059"/>
  <testcase classname="jalview.gui.AnnotationChooserTest" name="testIsInActionScope_unselectedScope" time="0.022"/>
  <testcase classname="jalview.gui.AnnotationChooserTest" name="testSelectType_hideForSelected" time="0.034"/>
  <testcase classname="jalview.gui.AnnotationChooserTest" name="testIsInActionScope_selectedScope" time="0.042"/>
  <testcase classname="jalview.gui.AnnotationChooserTest" name="testSelectType_hideForAll" time="0.020"/>
  <testcase classname="jalview.gui.AnnotationChooserTest" name="testGetAnnotationTypes" time="0.020"/>
  <testcase classname="jalview.gui.AnnotationChooserTest" name="testSelectType_showForSelected" time="0.030"/>
  <testcase classname="jalview.gui.AnnotationChooserTest" name="testBuildApplyToOptionsPanel_withSelectionGroup" time="0.032"/>
  <testcase classname="jalview.gui.AnnotationChooserTest" name="testDeselectType_hideForSelected" time="0.035"/>
</testsuite> <!-- jalview.gui.AnnotationChooserTest -->
