<?xml version="1.0" encoding="UTF-8"?>
<!-- Generated by org.testng.reporters.JUnitReportReporter -->
<testsuite hostname="wer3eng" failures="0" tests="2" name="jalview.datamodel.AlignedCodonTest" time="0.000" errors="0" timestamp="2 Jul 2023 08:13:44 GMT">
  <testcase classname="jalview.datamodel.AlignedCodonTest" name="testEquals" time="0.000"/>
  <testcase classname="jalview.datamodel.AlignedCodonTest" name="testToString" time="0.000"/>
</testsuite> <!-- jalview.datamodel.AlignedCodonTest -->
