<?xml version="1.0" encoding="UTF-8"?>
<!-- Generated by org.testng.reporters.JUnitReportReporter -->
<testsuite hostname="wer3eng" failures="0" tests="4" name="jalview.bin.HiDPISettingTest2" time="7.024" errors="0" timestamp="2 Jul 2023 08:13:44 GMT">
  <testcase classname="jalview.bin.HiDPISettingTest2" name="testHiDPISettings" time="1.742"/>
  <testcase classname="jalview.bin.HiDPISettingTest2" name="testHiDPISettings" time="1.799"/>
  <testcase classname="jalview.bin.HiDPISettingTest2" name="testHiDPISettings" time="1.762"/>
  <testcase classname="jalview.bin.HiDPISettingTest2" name="testHiDPISettings" time="1.721"/>
</testsuite> <!-- jalview.bin.HiDPISettingTest2 -->
