<?xml version="1.0" encoding="UTF-8"?>
<!-- Generated by org.testng.reporters.JUnitReportReporter -->
<testsuite hostname="wer3eng" failures="0" tests="4" name="jalview.ext.ensembl.EnsemblCdsTest" time="0.001" errors="0" timestamp="2 Jul 2023 08:13:44 GMT">
  <testcase classname="jalview.ext.ensembl.EnsemblCdsTest" name="testIsValidReference" time="0.001"/>
  <testcase classname="jalview.ext.ensembl.EnsemblCdsTest" name="testGetGenomicRangesFromFeatures" time="0.000"/>
  <testcase classname="jalview.ext.ensembl.EnsemblCdsTest" name="testRetainFeature" time="0.000"/>
  <testcase classname="jalview.ext.ensembl.EnsemblCdsTest" name="testGetIdentifyingFeatures" time="0.000"/>
</testsuite> <!-- jalview.ext.ensembl.EnsemblCdsTest -->
