<?xml version="1.0" encoding="UTF-8"?>
<!-- Generated by org.testng.reporters.JUnitReportReporter -->
<testsuite hostname="wer3eng" failures="0" tests="3" name="jalview.ext.android.SparseIntArrayTest" time="0.003" errors="0" timestamp="2 Jul 2023 08:13:44 GMT">
  <testcase classname="jalview.ext.android.SparseIntArrayTest" name="testCheckOverflow" time="0.000"/>
  <testcase classname="jalview.ext.android.SparseIntArrayTest" name="testAdd" time="0.002"/>
  <testcase classname="jalview.ext.android.SparseIntArrayTest" name="testPut" time="0.001"/>
</testsuite> <!-- jalview.ext.android.SparseIntArrayTest -->
