<?xml version="1.0" encoding="UTF-8"?>
<!-- Generated by org.testng.reporters.JUnitReportReporter -->
<testsuite hostname="wer3eng" failures="0" tests="22" name="jalview.util.MappingUtilsTest" time="0.008" errors="0" timestamp="2 Jul 2023 08:13:44 GMT">
  <testcase classname="jalview.util.MappingUtilsTest" name="testMapColumnSelection_hiddenColumns" time="0.001"/>
  <testcase classname="jalview.util.MappingUtilsTest" name="testMapSequenceGroup_columns" time="0.001"/>
  <testcase classname="jalview.util.MappingUtilsTest" name="testFlattenRanges_reverseStrand" time="0.001"/>
  <testcase classname="jalview.util.MappingUtilsTest" name="testFindMappingsForSequence" time="0.000"/>
  <testcase classname="jalview.util.MappingUtilsTest" name="testBuildSearchResults_withIntron" time="0.000"/>
  <testcase classname="jalview.util.MappingUtilsTest" name="testRemoveStartPositions_reverseStrand" time="0.000"/>
  <testcase classname="jalview.util.MappingUtilsTest" name="testMapColumnSelection_proteinToDna" time="0.001"/>
  <testcase classname="jalview.util.MappingUtilsTest" name="testFlattenRanges" time="0.000"/>
  <testcase classname="jalview.util.MappingUtilsTest" name="testMapColumnSelection_dnaToProtein" time="0.001"/>
  <testcase classname="jalview.util.MappingUtilsTest" name="testFindOverlap" time="0.000"/>
  <testcase classname="jalview.util.MappingUtilsTest" name="testRemoveEndPositions" time="0.000"/>
  <testcase classname="jalview.util.MappingUtilsTest" name="testMapSequenceGroup_region" time="0.001"/>
  <testcase classname="jalview.util.MappingUtilsTest" name="testGetLength" time="0.000"/>
  <testcase classname="jalview.util.MappingUtilsTest" name="testFindMappingsForSequenceAndOthers" time="0.000"/>
  <testcase classname="jalview.util.MappingUtilsTest" name="testContains" time="0.000"/>
  <testcase classname="jalview.util.MappingUtilsTest" name="testMapSequenceGroup_sharedDataset" time="0.001"/>
  <testcase classname="jalview.util.MappingUtilsTest" name="testBuildSearchResults" time="0.000"/>
  <testcase classname="jalview.util.MappingUtilsTest" name="testMapColumnSelection_null" time="0.001"/>
  <testcase classname="jalview.util.MappingUtilsTest" name="testRangeContains" time="0.000"/>
  <testcase classname="jalview.util.MappingUtilsTest" name="testMapEditCommand" time="0.000"/>
  <testcase classname="jalview.util.MappingUtilsTest" name="testMapSequenceGroup_sequences" time="0.000"/>
  <testcase classname="jalview.util.MappingUtilsTest" name="testRemoveStartPositions" time="0.000"/>
</testsuite> <!-- jalview.util.MappingUtilsTest -->
