<?xml version="1.0" encoding="UTF-8"?>
<!-- Generated by org.testng.reporters.JUnitReportReporter -->
<testsuite hostname="wer3eng" failures="0" tests="18" name="jalview.ext.pymol.PymolCommandsTest" time="0.005" errors="0" timestamp="2 Jul 2023 08:13:44 GMT">
  <testcase classname="jalview.ext.pymol.PymolCommandsTest" name="testOpenCommandFile" time="0.000"/>
  <testcase classname="jalview.ext.pymol.PymolCommandsTest" name="testSetBackgroundColour" time="0.001"/>
  <testcase classname="jalview.ext.pymol.PymolCommandsTest" name="testOpenSession" time="0.001"/>
  <testcase classname="jalview.ext.pymol.PymolCommandsTest" name="testGetAtomSpec" time="0.000"/>
  <testcase classname="jalview.ext.pymol.PymolCommandsTest" name="testSetAttribute" time="0.000"/>
  <testcase classname="jalview.ext.pymol.PymolCommandsTest" name="testSetAttributes" time="0.001"/>
  <testcase classname="jalview.ext.pymol.PymolCommandsTest" name="testColourByCharge" time="0.000"/>
  <testcase classname="jalview.ext.pymol.PymolCommandsTest" name="testGetResidueSpec" time="0.001"/>
  <testcase classname="jalview.ext.pymol.PymolCommandsTest" name="testColourResidues" time="0.000"/>
  <testcase classname="jalview.ext.pymol.PymolCommandsTest" name="testShowBackbone" time="0.000"/>
  <testcase classname="jalview.ext.pymol.PymolCommandsTest" name="testGetModelStartNo" time="0.000"/>
  <testcase classname="jalview.ext.pymol.PymolCommandsTest" name="testSuperposeStructures" time="0.001"/>
  <testcase classname="jalview.ext.pymol.PymolCommandsTest" name="testSaveSession" time="0.000"/>
  <testcase classname="jalview.ext.pymol.PymolCommandsTest" name="testGetAtomSpec_alphaOnly" time="0.000"/>
  <testcase classname="jalview.ext.pymol.PymolCommandsTest" name="testCloseViewer" time="0.000"/>
  <testcase classname="jalview.ext.pymol.PymolCommandsTest" name="testLoadFile" time="0.000"/>
  <testcase classname="jalview.ext.pymol.PymolCommandsTest" name="testColourByChain" time="0.000"/>
  <testcase classname="jalview.ext.pymol.PymolCommandsTest" name="testColourBySequence" time="0.000"/>
</testsuite> <!-- jalview.ext.pymol.PymolCommandsTest -->
