<?xml version="1.0" encoding="UTF-8"?>
<!-- Generated by org.testng.reporters.JUnitReportReporter -->
<testsuite hostname="wer3eng" failures="0" tests="3" name="jalview.gui.PaintRefresherTest" time="0.037" errors="0" timestamp="2 Jul 2023 08:13:44 GMT">
  <testcase classname="jalview.gui.PaintRefresherTest" name="testRemoveComponent" time="0.000"/>
  <testcase classname="jalview.gui.PaintRefresherTest" name="testGetAssociatedPanels" time="0.036"/>
  <testcase classname="jalview.gui.PaintRefresherTest" name="testRegister" time="0.001"/>
</testsuite> <!-- jalview.gui.PaintRefresherTest -->
