<?xml version="1.0" encoding="UTF-8"?>
<!-- Generated by org.testng.reporters.JUnitReportReporter -->
<testsuite hostname="wer3eng" failures="0" tests="3" name="jalview.datamodel.MappingTypeTest" time="0.001" errors="0" timestamp="2 Jul 2023 08:13:44 GMT">
  <testcase classname="jalview.datamodel.MappingTypeTest" name="testGetInverse" time="0.000"/>
  <testcase classname="jalview.datamodel.MappingTypeTest" name="testGetFromRatio" time="0.001"/>
  <testcase classname="jalview.datamodel.MappingTypeTest" name="testGetToRatio" time="0.000"/>
</testsuite> <!-- jalview.datamodel.MappingTypeTest -->
