<?xml version="1.0" encoding="UTF-8"?>
<!-- Generated by org.testng.reporters.JUnitReportReporter -->
<testsuite hostname="wer3eng" failures="0" tests="4" name="jalview.gui.ColourMenuHelperTest" time="0.028" errors="0" timestamp="2 Jul 2023 08:13:44 GMT">
  <testcase classname="jalview.gui.ColourMenuHelperTest" name="testAddMenuItems_forAlignFrame" time="0.012"/>
  <testcase classname="jalview.gui.ColourMenuHelperTest" name="testAddMenuItems_simpleOnly" time="0.001"/>
  <testcase classname="jalview.gui.ColourMenuHelperTest" name="testAddMenuItems_nucleotide" time="0.014"/>
  <testcase classname="jalview.gui.ColourMenuHelperTest" name="testAddMenuItems_peptide" time="0.001"/>
</testsuite> <!-- jalview.gui.ColourMenuHelperTest -->
