<?xml version="1.0" encoding="UTF-8"?>
<!-- Generated by org.testng.reporters.JUnitReportReporter -->
<testsuite hostname="wer3eng" failures="0" tests="4" name="jalview.io.vcf.VCFLoaderTest" time="0.155" errors="0" timestamp="2 Jul 2023 08:13:44 GMT">
  <testcase classname="jalview.io.vcf.VCFLoaderTest" name="testDoLoad_reverseStrand" time="0.031"/>
  <testcase classname="jalview.io.vcf.VCFLoaderTest" name="testLoadVCFContig" time="0.009"/>
  <testcase classname="jalview.io.vcf.VCFLoaderTest" name="testDoLoad" time="0.050"/>
  <testcase classname="jalview.io.vcf.VCFLoaderTest" name="testDoLoad_vepCsq" time="0.065"/>
</testsuite> <!-- jalview.io.vcf.VCFLoaderTest -->
