<?xml version="1.0" encoding="UTF-8"?>
<!-- Generated by org.testng.reporters.JUnitReportReporter -->
<testsuite hostname="wer3eng" failures="0" tests="6" name="jalview.ext.ensembl.EnsemblGeneTest" time="0.004" errors="0" timestamp="2 Jul 2023 08:13:44 GMT">
  <testcase classname="jalview.ext.ensembl.EnsemblGeneTest" name="testGetIdentifyingFeatures" time="0.001"/>
  <testcase classname="jalview.ext.ensembl.EnsemblGeneTest" name="testGetGenomicRangesFromFeatures_ncRNA_gene_reverseStrand" time="0.000"/>
  <testcase classname="jalview.ext.ensembl.EnsemblGeneTest" name="testGetFeatureColourScheme" time="0.002"/>
  <testcase classname="jalview.ext.ensembl.EnsemblGeneTest" name="testGetTranscriptFeatures" time="0.000"/>
  <testcase classname="jalview.ext.ensembl.EnsemblGeneTest" name="testRetainFeature" time="0.001"/>
  <testcase classname="jalview.ext.ensembl.EnsemblGeneTest" name="testGetGenomicRangesFromFeatures" time="0.000"/>
</testsuite> <!-- jalview.ext.ensembl.EnsemblGeneTest -->
