<?xml version="1.0" encoding="UTF-8"?>
<!-- Generated by org.testng.reporters.JUnitReportReporter -->
<testsuite hostname="wer3eng" failures="0" tests="13" name="jalview.datamodel.AlignedCodonFrameTest" time="0.000" errors="0" timestamp="2 Jul 2023 08:13:44 GMT">
  <testcase classname="jalview.datamodel.AlignedCodonFrameTest" name="testFindAlignedSequence" time="0.000"/>
  <testcase classname="jalview.datamodel.AlignedCodonFrameTest" name="testGetCoveringMapping" time="0.000"/>
  <testcase classname="jalview.datamodel.AlignedCodonFrameTest" name="testMarkMappedRegion" time="0.000"/>
  <testcase classname="jalview.datamodel.AlignedCodonFrameTest" name="testAddMap" time="0.000"/>
  <testcase classname="jalview.datamodel.AlignedCodonFrameTest" name="testRealiseWith" time="0.000"/>
  <testcase classname="jalview.datamodel.AlignedCodonFrameTest" name="testIsRealisableWith" time="0.000"/>
  <testcase classname="jalview.datamodel.AlignedCodonFrameTest" name="testGetMappedRegion" time="0.000"/>
  <testcase classname="jalview.datamodel.AlignedCodonFrameTest" name="testGetCoveringCodonMapping" time="0.000"/>
  <testcase classname="jalview.datamodel.AlignedCodonFrameTest" name="testGetMappedRegion_eitherWay" time="0.000"/>
  <testcase classname="jalview.datamodel.AlignedCodonFrameTest" name="testCouldReplaceSequence" time="0.000"/>
  <testcase classname="jalview.datamodel.AlignedCodonFrameTest" name="testGetMappedCodons" time="0.000"/>
  <testcase classname="jalview.datamodel.AlignedCodonFrameTest" name="testGetMappedCodons_dnaVariants" time="0.000"/>
  <testcase classname="jalview.datamodel.AlignedCodonFrameTest" name="testGetMappedCodons_forSubSequences" time="0.000"/>
</testsuite> <!-- jalview.datamodel.AlignedCodonFrameTest -->
