<?xml version="1.0" encoding="UTF-8"?>
<!-- Generated by org.testng.reporters.JUnitReportReporter -->
<testsuite hostname="wer3eng" failures="0" tests="4" name="jalview.ws.dbsources.EmblXmlSourceTest" time="0.057" errors="0" timestamp="2 Jul 2023 08:13:44 GMT">
  <testcase classname="jalview.ws.dbsources.EmblXmlSourceTest" name="testAdjustForProteinLength" time="0.003"/>
  <testcase classname="jalview.ws.dbsources.EmblXmlSourceTest" name="testGetSequence" time="0.022"/>
  <testcase classname="jalview.ws.dbsources.EmblXmlSourceTest" name="testGetEmblEntries" time="0.031"/>
  <testcase classname="jalview.ws.dbsources.EmblXmlSourceTest" name="testGetCdsRanges" time="0.001"/>
</testsuite> <!-- jalview.ws.dbsources.EmblXmlSourceTest -->
