<?xml version="1.0" encoding="UTF-8"?>
<!-- Generated by org.testng.reporters.JUnitReportReporter -->
<testsuite hostname="wer3eng" failures="0" tests="10" name="jalview.gui.AlignViewportTest" time="0.809" errors="0" timestamp="2 Jul 2023 08:13:44 GMT">
  <testcase classname="jalview.gui.AlignViewportTest" name="testSetGlobalColourScheme" time="0.060"/>
  <testcase classname="jalview.gui.AlignViewportTest" name="testSetSelectionGroup" time="0.075"/>
  <testcase classname="jalview.gui.AlignViewportTest" name="testHideRevealSequences" time="0.000"/>
  <testcase classname="jalview.gui.AlignViewportTest" name="testGetConsensusSeq" time="0.094"/>
  <testcase classname="jalview.gui.AlignViewportTest" name="testDeregisterMapping_onCloseView" time="0.101"/>
  <testcase classname="jalview.gui.AlignViewportTest" name="testShowOrDontShowOccupancy" time="0.168"/>
  <testcase classname="jalview.gui.AlignViewportTest" name="testDeregisterMapping_withNoReference" time="0.049"/>
  <testcase classname="jalview.gui.AlignViewportTest" name="testSetGetHasSearchResults" time="0.052"/>
  <testcase classname="jalview.gui.AlignViewportTest" name="testDeregisterMapping_withReference" time="0.095"/>
  <testcase classname="jalview.gui.AlignViewportTest" name="testUpdateConservation_qualityOnly" time="0.115"/>
</testsuite> <!-- jalview.gui.AlignViewportTest -->
