<?xml version="1.0" encoding="UTF-8"?>
<!-- Generated by org.testng.reporters.JUnitReportReporter -->
<testsuite hostname="wer3eng" failures="0" tests="7" name="jalview.urls.UrlLinkDisplayTest" time="0.001" errors="0" timestamp="2 Jul 2023 08:13:44 GMT">
  <testcase classname="jalview.urls.UrlLinkDisplayTest" name="testDisplayColumnNames" time="0.000"/>
  <testcase classname="jalview.urls.UrlLinkDisplayTest" name="testName" time="0.000"/>
  <testcase classname="jalview.urls.UrlLinkDisplayTest" name="testGetSetValue" time="0.000"/>
  <testcase classname="jalview.urls.UrlLinkDisplayTest" name="testUrl" time="0.000"/>
  <testcase classname="jalview.urls.UrlLinkDisplayTest" name="testIsEditable" time="0.001"/>
  <testcase classname="jalview.urls.UrlLinkDisplayTest" name="getValue" time="0.000"/>
  <testcase classname="jalview.urls.UrlLinkDisplayTest" name="testDescription" time="0.000"/>
</testsuite> <!-- jalview.urls.UrlLinkDisplayTest -->
