<?xml version="1.0" encoding="UTF-8"?>
<!-- Generated by org.testng.reporters.JUnitReportReporter -->
<testsuite hostname="wer3eng" failures="0" tests="19" name="jalview.datamodel.features.FeatureStoreTest" time="0.004" errors="0" timestamp="2 Jul 2023 08:13:44 GMT">
  <testcase classname="jalview.datamodel.features.FeatureStoreTest" name="testAddFeature" time="0.000"/>
  <testcase classname="jalview.datamodel.features.FeatureStoreTest" name="testFindFeatures_contactFeatures" time="0.001"/>
  <testcase classname="jalview.datamodel.features.FeatureStoreTest" name="testGetFeatureGroups" time="0.001"/>
  <testcase classname="jalview.datamodel.features.FeatureStoreTest" name="testContains" time="0.000"/>
  <testcase classname="jalview.datamodel.features.FeatureStoreTest" name="testFindFeatures_nested" time="0.000"/>
  <testcase classname="jalview.datamodel.features.FeatureStoreTest" name="testFindFeatures_mixed" time="0.000"/>
  <testcase classname="jalview.datamodel.features.FeatureStoreTest" name="testDelete_readd" time="0.000"/>
  <testcase classname="jalview.datamodel.features.FeatureStoreTest" name="testGetTotalFeatureLength" time="0.000"/>
  <testcase classname="jalview.datamodel.features.FeatureStoreTest" name="testIsEmpty" time="0.000"/>
  <testcase classname="jalview.datamodel.features.FeatureStoreTest" name="testGetFeatureLength" time="0.000"/>
  <testcase classname="jalview.datamodel.features.FeatureStoreTest" name="testGetPositionalFeatures" time="0.001"/>
  <testcase classname="jalview.datamodel.features.FeatureStoreTest" name="testMax" time="0.000"/>
  <testcase classname="jalview.datamodel.features.FeatureStoreTest" name="testGetMinimumScore_getMaximumScore" time="0.000"/>
  <testcase classname="jalview.datamodel.features.FeatureStoreTest" name="testGetFeaturesForGroup" time="0.000"/>
  <testcase classname="jalview.datamodel.features.FeatureStoreTest" name="testDelete" time="0.000"/>
  <testcase classname="jalview.datamodel.features.FeatureStoreTest" name="testMin" time="0.000"/>
  <testcase classname="jalview.datamodel.features.FeatureStoreTest" name="testListContains" time="0.000"/>
  <testcase classname="jalview.datamodel.features.FeatureStoreTest" name="testShiftFeatures" time="0.001"/>
  <testcase classname="jalview.datamodel.features.FeatureStoreTest" name="testFindFeatures_nonNested" time="0.000"/>
</testsuite> <!-- jalview.datamodel.features.FeatureStoreTest -->
