<?xml version="1.0" encoding="UTF-8"?>
<!-- Generated by org.testng.reporters.JUnitReportReporter -->
<testsuite hostname="wer3eng" failures="0" tests="2" name="jalview.schemes.ClustalxColourSchemeTest" time="0.047" errors="0" timestamp="2 Jul 2023 08:13:44 GMT">
  <testcase classname="jalview.schemes.ClustalxColourSchemeTest" name="testFindColour" time="0.023"/>
  <testcase classname="jalview.schemes.ClustalxColourSchemeTest" name="testFindColour_ignoreGaps" time="0.024"/>
</testsuite> <!-- jalview.schemes.ClustalxColourSchemeTest -->
