<?xml version="1.0" encoding="UTF-8"?>
<!-- Generated by org.testng.reporters.JUnitReportReporter -->
<testsuite hostname="wer3eng" failures="0" tests="3" name="jalview.io.BioJsHTMLOutputTest" time="3.051" errors="0" timestamp="2 Jul 2023 08:13:44 GMT">
  <testcase classname="jalview.io.BioJsHTMLOutputTest" name="expectedNullPointerException" time="0.000"/>
  <testcase classname="jalview.io.BioJsHTMLOutputTest" name="getJalviewAlignmentAsJsonString" time="3.050"/>
  <testcase classname="jalview.io.BioJsHTMLOutputTest" name="getBioJsMSAVersions" time="0.001"/>
</testsuite> <!-- jalview.io.BioJsHTMLOutputTest -->
