<?xml version="1.0" encoding="UTF-8"?>
<!-- Generated by org.testng.reporters.JUnitReportReporter -->
<testsuite hostname="wer3eng" failures="0" tests="5" name="jalview.datamodel.AlignedCodonIteratorTest" time="0.001" errors="0" timestamp="2 Jul 2023 08:13:44 GMT">
  <testcase classname="jalview.datamodel.AlignedCodonIteratorTest" name="testNext_withOffset" time="0.000"/>
  <testcase classname="jalview.datamodel.AlignedCodonIteratorTest" name="testNext_unmappedPeptide" time="0.000"/>
  <testcase classname="jalview.datamodel.AlignedCodonIteratorTest" name="testNext" time="0.000"/>
  <testcase classname="jalview.datamodel.AlignedCodonIteratorTest" name="testNext_incompleteCodon" time="0.001"/>
  <testcase classname="jalview.datamodel.AlignedCodonIteratorTest" name="testAnother" time="0.000"/>
</testsuite> <!-- jalview.datamodel.AlignedCodonIteratorTest -->
