<?xml version="1.0" encoding="UTF-8"?>
<!-- Generated by org.testng.reporters.JUnitReportReporter -->
<testsuite hostname="wer3eng" failures="0" tests="4" name="jalview.bin.ArgsParserTest" time="0.001" errors="0" timestamp="2 Jul 2023 08:13:44 GMT">
  <testcase classname="jalview.bin.ArgsParserTest" name="testGetValue_decoded" time="0.001"/>
  <testcase classname="jalview.bin.ArgsParserTest" name="testGetValue" time="0.000"/>
  <testcase classname="jalview.bin.ArgsParserTest" name="testContains" time="0.000"/>
  <testcase classname="jalview.bin.ArgsParserTest" name="testNextValue" time="0.000"/>
</testsuite> <!-- jalview.bin.ArgsParserTest -->
