<?xml version="1.0" encoding="UTF-8"?>
<!-- Generated by org.testng.reporters.JUnitReportReporter -->
<testsuite hostname="wer3eng" failures="0" tests="6" name="jalview.ext.ensembl.EnsemblCdnaTest" time="0.006" errors="0" timestamp="2 Jul 2023 08:13:44 GMT">
  <testcase classname="jalview.ext.ensembl.EnsemblCdnaTest" name="testGetGenomicRangesFromFeatures_mixedStrand" time="0.001"/>
  <testcase classname="jalview.ext.ensembl.EnsemblCdnaTest" name="testIsValidReference" time="0.000"/>
  <testcase classname="jalview.ext.ensembl.EnsemblCdnaTest" name="testGetIdentifyingFeatures" time="0.000"/>
  <testcase classname="jalview.ext.ensembl.EnsemblCdnaTest" name="testGetGenomicRangesFromFeatures_reverseStrand" time="0.001"/>
  <testcase classname="jalview.ext.ensembl.EnsemblCdnaTest" name="testGetGenomicRangesFromFeatures" time="0.003"/>
  <testcase classname="jalview.ext.ensembl.EnsemblCdnaTest" name="testRetainFeature" time="0.001"/>
</testsuite> <!-- jalview.ext.ensembl.EnsemblCdnaTest -->
