<?xml version="1.0" encoding="UTF-8"?>
<!-- Generated by org.testng.reporters.JUnitReportReporter -->
<testsuite hostname="wer3eng" failures="0" tests="6" name="jalview.renderer.seqfeatures.FeatureRendererTest" time="0.545" errors="0" timestamp="2 Jul 2023 08:13:44 GMT">
  <testcase classname="jalview.renderer.seqfeatures.FeatureRendererTest" name="testIsVisible" time="0.114"/>
  <testcase classname="jalview.renderer.seqfeatures.FeatureRendererTest" name="testFindComplementFeaturesAtResidue" time="0.278"/>
  <testcase classname="jalview.renderer.seqfeatures.FeatureRendererTest" name="testGetColour" time="0.030"/>
  <testcase classname="jalview.renderer.seqfeatures.FeatureRendererTest" name="testFindFeaturesAtColumn" time="0.037"/>
  <testcase classname="jalview.renderer.seqfeatures.FeatureRendererTest" name="testFindAllFeatures" time="0.050"/>
  <testcase classname="jalview.renderer.seqfeatures.FeatureRendererTest" name="testFilterFeaturesForDisplay" time="0.036"/>
</testsuite> <!-- jalview.renderer.seqfeatures.FeatureRendererTest -->
