<?xml version="1.0" encoding="UTF-8"?>
<!-- Generated by org.testng.reporters.JUnitReportReporter -->
<testsuite hostname="wer3eng" failures="0" tests="6" name="jalview.io.EmblFlatFileTest" time="0.025" errors="0" timestamp="2 Jul 2023 08:13:44 GMT">
  <testcase classname="jalview.io.EmblFlatFileTest" name="testParseToRNA" time="0.012"/>
  <testcase classname="jalview.io.EmblFlatFileTest" name="testAdjustForProteinLength" time="0.000"/>
  <testcase classname="jalview.io.EmblFlatFileTest" name="testParse_noUniprotXref" time="0.000"/>
  <testcase classname="jalview.io.EmblFlatFileTest" name="testParse" time="0.013"/>
  <testcase classname="jalview.io.EmblFlatFileTest" name="testRemoveQuotes" time="0.000"/>
  <testcase classname="jalview.io.EmblFlatFileTest" name="testParse_codonStartNot1" time="0.000"/>
</testsuite> <!-- jalview.io.EmblFlatFileTest -->
