<?xml version="1.0" encoding="UTF-8"?>
<!-- Generated by org.testng.reporters.JUnitReportReporter -->
<testsuite hostname="wer3eng" failures="0" tests="21" name="jalview.datamodel.ColumnSelectionTest" time="0.002" errors="0" timestamp="2 Jul 2023 08:13:44 GMT">
  <testcase classname="jalview.datamodel.ColumnSelectionTest" name="testGetSelected" time="0.000"/>
  <testcase classname="jalview.datamodel.ColumnSelectionTest" name="testMarkColumns" time="0.000"/>
  <testcase classname="jalview.datamodel.ColumnSelectionTest" name="testMinColumnSelection" time="0.000"/>
  <testcase classname="jalview.datamodel.ColumnSelectionTest" name="testInvertColumnSelection" time="0.000"/>
  <testcase classname="jalview.datamodel.ColumnSelectionTest" name="testRemoveElement" time="0.000"/>
  <testcase classname="jalview.datamodel.ColumnSelectionTest" name="testMarkColumns_invert" time="0.000"/>
  <testcase classname="jalview.datamodel.ColumnSelectionTest" name="testFilterAnnotations" time="0.001"/>
  <testcase classname="jalview.datamodel.ColumnSelectionTest" name="testGetSelectedRanges" time="0.000"/>
  <testcase classname="jalview.datamodel.ColumnSelectionTest" name="testMarkColumns_toggle" time="0.000"/>
  <testcase classname="jalview.datamodel.ColumnSelectionTest" name="testStretchGroup_shrink" time="0.000"/>
  <testcase classname="jalview.datamodel.ColumnSelectionTest" name="testGetSelected_isReadOnly" time="0.000"/>
  <testcase classname="jalview.datamodel.ColumnSelectionTest" name="testStretchGroup_expand" time="0.000"/>
  <testcase classname="jalview.datamodel.ColumnSelectionTest" name="testSetElementsFrom" time="0.000"/>
  <testcase classname="jalview.datamodel.ColumnSelectionTest" name="testMaxColumnSelection" time="0.000"/>
  <testcase classname="jalview.datamodel.ColumnSelectionTest" name="testHideSelectedColumns" time="0.000"/>
  <testcase classname="jalview.datamodel.ColumnSelectionTest" name="testEquals" time="0.000"/>
  <testcase classname="jalview.datamodel.ColumnSelectionTest" name="testGetSelected_concurrentModification" time="0.000"/>
  <testcase classname="jalview.datamodel.ColumnSelectionTest" name="testCopyConstructor" time="0.000"/>
  <testcase classname="jalview.datamodel.ColumnSelectionTest" name="testAddElement" time="0.000"/>
  <testcase classname="jalview.datamodel.ColumnSelectionTest" name="testHideColumns_withSelection" time="0.001"/>
  <testcase classname="jalview.datamodel.ColumnSelectionTest" name="testMarkColumns_extend" time="0.000"/>
</testsuite> <!-- jalview.datamodel.ColumnSelectionTest -->
