<?xml version="1.0" encoding="UTF-8"?>
<!-- Generated by org.testng.reporters.JUnitReportReporter -->
<testsuite hostname="wer3eng" failures="0" tests="2" name="jalview.ext.htsjdk.VCFReaderTest" time="0.071" errors="0" timestamp="2 Jul 2023 08:13:44 GMT">
  <testcase classname="jalview.ext.htsjdk.VCFReaderTest" name="testQuery_plain" time="0.069"/>
  <testcase classname="jalview.ext.htsjdk.VCFReaderTest" name="testReadVcf_plain" time="0.002"/>
</testsuite> <!-- jalview.ext.htsjdk.VCFReaderTest -->
