<?xml version="1.0" encoding="UTF-8"?>
<!-- Generated by org.testng.reporters.JUnitReportReporter -->
<testsuite hostname="wer3eng" failures="0" tests="29" name="jalview.util.MapListTest" time="0.006" errors="0" timestamp="2 Jul 2023 08:13:44 GMT">
  <testcase classname="jalview.util.MapListTest" name="testLocateInFrom_withOverlap" time="0.000"/>
  <testcase classname="jalview.util.MapListTest" name="testLocateInTo_noIntrons" time="0.001"/>
  <testcase classname="jalview.util.MapListTest" name="testIsToForwardsStrand" time="0.000"/>
  <testcase classname="jalview.util.MapListTest" name="testEquals" time="0.001"/>
  <testcase classname="jalview.util.MapListTest" name="testGetOverlapsInTo_withIntrons" time="0.001"/>
  <testcase classname="jalview.util.MapListTest" name="testAddOffsetPositions" time="0.000"/>
  <testcase classname="jalview.util.MapListTest" name="testTraverse" time="0.001"/>
  <testcase classname="jalview.util.MapListTest" name="testAddMapList_sameMap" time="0.001"/>
  <testcase classname="jalview.util.MapListTest" name="testGetInverse" time="0.000"/>
  <testcase classname="jalview.util.MapListTest" name="testGetMappedOffsetsForPositions" time="0.000"/>
  <testcase classname="jalview.util.MapListTest" name="testLocateInFrom_reverseStrand" time="0.000"/>
  <testcase classname="jalview.util.MapListTest" name="testAddRange" time="0.000"/>
  <testcase classname="jalview.util.MapListTest" name="testAddMapList_contiguous" time="0.000"/>
  <testcase classname="jalview.util.MapListTest" name="testConstructor" time="0.000"/>
  <testcase classname="jalview.util.MapListTest" name="testTraverseToPosition" time="0.000"/>
  <testcase classname="jalview.util.MapListTest" name="testLocateInFrom_withIntrons" time="0.000"/>
  <testcase classname="jalview.util.MapListTest" name="testConstructor_mergeRanges" time="0.000"/>
  <testcase classname="jalview.util.MapListTest" name="testGetOverlapsInFrom_withIntrons" time="0.000"/>
  <testcase classname="jalview.util.MapListTest" name="testLocateInFrom_noIntrons" time="0.001"/>
  <testcase classname="jalview.util.MapListTest" name="testIsFromForwardStrand" time="0.000"/>
  <testcase classname="jalview.util.MapListTest" name="testConstructor_withLists" time="0.000"/>
  <testcase classname="jalview.util.MapListTest" name="testAddMapList" time="0.000"/>
  <testcase classname="jalview.util.MapListTest" name="testCoalesceRanges" time="0.000"/>
  <testcase classname="jalview.util.MapListTest" name="testLocateInTo_withOverlap" time="0.000"/>
  <testcase classname="jalview.util.MapListTest" name="testCountPositions" time="0.000"/>
  <testcase classname="jalview.util.MapListTest" name="testGetPositionsForOffsets" time="0.000"/>
  <testcase classname="jalview.util.MapListTest" name="testGetRanges" time="0.000"/>
  <testcase classname="jalview.util.MapListTest" name="testLocateInTo_withIntrons" time="0.000"/>
  <testcase classname="jalview.util.MapListTest" name="testToString" time="0.000"/>
</testsuite> <!-- jalview.util.MapListTest -->
