<?xml version="1.0" encoding="UTF-8"?>
<!-- Generated by org.testng.reporters.JUnitReportReporter -->
<testsuite hostname="wer3eng" failures="0" tests="29" name="jalview.datamodel.HiddenColumnsTest" time="0.012" errors="0" timestamp="2 Jul 2023 08:13:44 GMT">
  <testcase classname="jalview.datamodel.HiddenColumnsTest" name="testHasManyHiddenColumns" time="0.001"/>
  <testcase classname="jalview.datamodel.HiddenColumnsTest" name="testHideColumns_subsumingHidden" time="0.001"/>
  <testcase classname="jalview.datamodel.HiddenColumnsTest" name="testCopyConstructor2" time="0.000"/>
  <testcase classname="jalview.datamodel.HiddenColumnsTest" name="testHasHiddenColumns" time="0.000"/>
  <testcase classname="jalview.datamodel.HiddenColumnsTest" name="testFindColumnPosition" time="0.000"/>
  <testcase classname="jalview.datamodel.HiddenColumnsTest" name="testGetNextHiddenBoundary_Left" time="0.000"/>
  <testcase classname="jalview.datamodel.HiddenColumnsTest" name="testIsVisible" time="0.000"/>
  <testcase classname="jalview.datamodel.HiddenColumnsTest" name="testGetSize" time="0.000"/>
  <testcase classname="jalview.datamodel.HiddenColumnsTest" name="testHashCode" time="0.000"/>
  <testcase classname="jalview.datamodel.HiddenColumnsTest" name="testCopyConstructor" time="0.001"/>
  <testcase classname="jalview.datamodel.HiddenColumnsTest" name="testOffsetByVisibleColumns" time="0.000"/>
  <testcase classname="jalview.datamodel.HiddenColumnsTest" name="testGetRegionWithEdgeAtRes" time="0.001"/>
  <testcase classname="jalview.datamodel.HiddenColumnsTest" name="testRevealAllHiddenColumns" time="0.000"/>
  <testcase classname="jalview.datamodel.HiddenColumnsTest" name="testVisibleBlocksVisBoundsIterator" time="0.000"/>
  <testcase classname="jalview.datamodel.HiddenColumnsTest" name="testGetVisibleColsIterator" time="0.001"/>
  <testcase classname="jalview.datamodel.HiddenColumnsTest" name="testEquals" time="0.001"/>
  <testcase classname="jalview.datamodel.HiddenColumnsTest" name="testGetVisibleStartAndEndIndex" time="0.001"/>
  <testcase classname="jalview.datamodel.HiddenColumnsTest" name="testRevealHiddenColumns" time="0.000"/>
  <testcase classname="jalview.datamodel.HiddenColumnsTest" name="testHideInsertionsFor" time="0.000"/>
  <testcase classname="jalview.datamodel.HiddenColumnsTest" name="testBoundedIterator" time="0.000"/>
  <testcase classname="jalview.datamodel.HiddenColumnsTest" name="testHideColumns_BitSet" time="0.000"/>
  <testcase classname="jalview.datamodel.HiddenColumnsTest" name="testHideColumns_BitSet_range" time="0.000"/>
  <testcase classname="jalview.datamodel.HiddenColumnsTest" name="testAdjustForHiddenColumns" time="0.000"/>
  <testcase classname="jalview.datamodel.HiddenColumnsTest" name="testBoundedStartIterator" time="0.001"/>
  <testcase classname="jalview.datamodel.HiddenColumnsTest" name="testIterator" time="0.000"/>
  <testcase classname="jalview.datamodel.HiddenColumnsTest" name="testRegionsToString" time="0.001"/>
  <testcase classname="jalview.datamodel.HiddenColumnsTest" name="testGetNextHiddenBoundary_Right" time="0.000"/>
  <testcase classname="jalview.datamodel.HiddenColumnsTest" name="testVisibleContigsIterator" time="0.001"/>
  <testcase classname="jalview.datamodel.HiddenColumnsTest" name="testHideColumns" time="0.002"/>
</testsuite> <!-- jalview.datamodel.HiddenColumnsTest -->
