<?xml version="1.0" encoding="UTF-8"?>
<!-- Generated by org.testng.reporters.JUnitReportReporter -->
<testsuite hostname="wer3eng" failures="0" tests="12" name="jalview.analysis.DnaTest" time="0.045" errors="0" timestamp="2 Jul 2023 08:13:44 GMT">
  <testcase classname="jalview.analysis.DnaTest" name="testReverseCdna" time="0.000"/>
  <testcase classname="jalview.analysis.DnaTest" name="testCompareCodonPos" time="0.003"/>
  <testcase classname="jalview.analysis.DnaTest" name="testCompareCodonPos_isSymmetric" time="0.002"/>
  <testcase classname="jalview.analysis.DnaTest" name="testCompareCodonPos_oneOnly" time="0.000"/>
  <testcase classname="jalview.analysis.DnaTest" name="testGetComplement" time="0.000"/>
  <testcase classname="jalview.analysis.DnaTest" name="testTranslateCdna_simple" time="0.001"/>
  <testcase classname="jalview.analysis.DnaTest" name="testTranslateCdna_sequenceOrderIndependent" time="0.001"/>
  <testcase classname="jalview.analysis.DnaTest" name="testTranslateCdna_hiddenColumns" time="0.001"/>
  <testcase classname="jalview.analysis.DnaTest" name="testTranslateCdna_withUntranslatableCodons" time="0.006"/>
  <testcase classname="jalview.analysis.DnaTest" name="testConvertCodon" time="0.000"/>
  <testcase classname="jalview.analysis.DnaTest" name="testTranslateCdna_withUntranslatableCodonsAndHiddenColumns" time="0.031"/>
  <testcase classname="jalview.analysis.DnaTest" name="testReverseSequence" time="0.000"/>
</testsuite> <!-- jalview.analysis.DnaTest -->
