<?xml version="1.0" encoding="UTF-8"?>
<!-- Generated by org.testng.reporters.JUnitReportReporter -->
<testsuite hostname="wer3eng" failures="0" tests="8" name="jalview.util.DBRefUtilsTest" time="0.001" errors="0" timestamp="2 Jul 2023 08:13:44 GMT">
  <testcase classname="jalview.util.DBRefUtilsTest" name="testSelectRefs" time="0.000"/>
  <testcase classname="jalview.util.DBRefUtilsTest" name="testSearchRefs_noMapping" time="0.000"/>
  <testcase classname="jalview.util.DBRefUtilsTest" name="testGetCanonicalName" time="0.001"/>
  <testcase classname="jalview.util.DBRefUtilsTest" name="testSearchRefs_withMapping" time="0.000"/>
  <testcase classname="jalview.util.DBRefUtilsTest" name="testParseToDbRef_PDB" time="0.000"/>
  <testcase classname="jalview.util.DBRefUtilsTest" name="testParseToDbRef" time="0.000"/>
  <testcase classname="jalview.util.DBRefUtilsTest" name="testSearchRefs_wildcardAccessionid" time="0.000"/>
  <testcase classname="jalview.util.DBRefUtilsTest" name="testSearchRefs_accessionid" time="0.000"/>
</testsuite> <!-- jalview.util.DBRefUtilsTest -->
