<?xml version="1.0" encoding="UTF-8"?>
<!-- Generated by org.testng.reporters.JUnitReportReporter -->
<testsuite hostname="wer3eng" failures="0" tests="12" name="jalview.util.StringUtilsTest" time="0.003" errors="0" timestamp="2 Jul 2023 08:13:44 GMT">
  <testcase classname="jalview.util.StringUtilsTest" name="testDeleteChars" time="0.000"/>
  <testcase classname="jalview.util.StringUtilsTest" name="testArrayToSeparatorList" time="0.000"/>
  <testcase classname="jalview.util.StringUtilsTest" name="testUrlDecode" time="0.000"/>
  <testcase classname="jalview.util.StringUtilsTest" name="testInsertCharAt" time="0.001"/>
  <testcase classname="jalview.util.StringUtilsTest" name="testGetLastToken" time="0.000"/>
  <testcase classname="jalview.util.StringUtilsTest" name="testUrlEncode" time="0.001"/>
  <testcase classname="jalview.util.StringUtilsTest" name="testToSentenceCase" time="0.000"/>
  <testcase classname="jalview.util.StringUtilsTest" name="testStripHtmlTags" time="0.000"/>
  <testcase classname="jalview.util.StringUtilsTest" name="testParseInt" time="0.000"/>
  <testcase classname="jalview.util.StringUtilsTest" name="testListToDelimitedString" time="0.000"/>
  <testcase classname="jalview.util.StringUtilsTest" name="testSeparatorListToArray" time="0.001"/>
  <testcase classname="jalview.util.StringUtilsTest" name="testCompareVersions" time="0.000"/>
</testsuite> <!-- jalview.util.StringUtilsTest -->
