<?xml version="1.0" encoding="UTF-8"?>
<!-- Generated by org.testng.reporters.JUnitReportReporter -->
<testsuite hostname="wer3eng" failures="0" tests="2" name="jalview.analysis.AlignmentSorterTest" time="0.003" errors="0" timestamp="2 Jul 2023 08:13:44 GMT">
  <testcase classname="jalview.analysis.AlignmentSorterTest" name="testSortByFeature_density" time="0.000"/>
  <testcase classname="jalview.analysis.AlignmentSorterTest" name="testSortByFeature_score" time="0.003"/>
</testsuite> <!-- jalview.analysis.AlignmentSorterTest -->
