<?xml version="1.0" encoding="UTF-8"?>
<!-- Generated by org.testng.reporters.JUnitReportReporter -->
<testsuite hostname="wer3eng" failures="0" tests="7" name="jalview.util.ComparisonTest" time="0.001" errors="0" timestamp="2 Jul 2023 08:13:44 GMT">
  <testcase classname="jalview.util.ComparisonTest" name="testIsNucleotideSequence" time="0.000"/>
  <testcase classname="jalview.util.ComparisonTest" name="testPID_includingGaps" time="0.000"/>
  <testcase classname="jalview.util.ComparisonTest" name="testIsGap" time="0.001"/>
  <testcase classname="jalview.util.ComparisonTest" name="testPID_ungappedOnly" time="0.000"/>
  <testcase classname="jalview.util.ComparisonTest" name="testIsNucleotide" time="0.000"/>
  <testcase classname="jalview.util.ComparisonTest" name="testIsNucleotide_sequences" time="0.000"/>
  <testcase classname="jalview.util.ComparisonTest" name="testIsSameResidue" time="0.000"/>
</testsuite> <!-- jalview.util.ComparisonTest -->
