<?xml version="1.0" encoding="UTF-8"?>
<!-- Generated by org.testng.reporters.JUnitReportReporter -->
<testsuite hostname="wer3eng" failures="0" tests="1" name="jalview.workers.AlignCalcManagerTest" time="0.110" errors="0" timestamp="2 Jul 2023 08:13:44 GMT">
  <testcase classname="jalview.workers.AlignCalcManagerTest" name="testRemoveWorkerForAnnotation" time="0.110"/>
</testsuite> <!-- jalview.workers.AlignCalcManagerTest -->
