<?xml version="1.0" encoding="UTF-8"?>
<!-- Generated by org.testng.reporters.JUnitReportReporter -->
<testsuite hostname="wer3eng" failures="0" tests="1" name="jalview.io.JalviewExportPropertiesTests" time="0.412" errors="0" timestamp="2 Jul 2023 08:13:44 GMT">
  <testcase classname="jalview.io.JalviewExportPropertiesTests" name="testImportExportPeriodGaps" time="0.412"/>
</testsuite> <!-- jalview.io.JalviewExportPropertiesTests -->
