<?xml version="1.0" encoding="UTF-8"?>
<!-- Generated by org.testng.reporters.JUnitReportReporter -->
<testsuite hostname="wer3eng" failures="0" tests="2" name="jalview.ws.rest.ShmmrRSBSService" time="0.101" errors="0" timestamp="2 Jul 2023 08:13:44 GMT">
  <testcase classname="jalview.ws.rest.ShmmrRSBSService" name="testShmmrServiceDataprep" time="0.101"/>
  <testcase classname="jalview.ws.rest.ShmmrRSBSService" name="testShmmrService" time="0.000"/>
</testsuite> <!-- jalview.ws.rest.ShmmrRSBSService -->
