<?xml version="1.0" encoding="UTF-8"?>
<!-- Generated by org.testng.reporters.JUnitReportReporter -->
<testsuite hostname="wer3eng" failures="0" tests="22" name="jalview.ext.rbvi.chimera.ChimeraXCommandsTest" time="0.017" errors="0" timestamp="2 Jul 2023 08:13:44 GMT">
  <testcase classname="jalview.ext.rbvi.chimera.ChimeraXCommandsTest" name="testGetResidueSpec" time="0.000"/>
  <testcase classname="jalview.ext.rbvi.chimera.ChimeraXCommandsTest" name="testSuperposeStructures" time="0.001"/>
  <testcase classname="jalview.ext.rbvi.chimera.ChimeraXCommandsTest" name="testStopNotifications" time="0.000"/>
  <testcase classname="jalview.ext.rbvi.chimera.ChimeraXCommandsTest" name="testGetModelStartNo" time="0.000"/>
  <testcase classname="jalview.ext.rbvi.chimera.ChimeraXCommandsTest" name="testSaveSession" time="0.001"/>
  <testcase classname="jalview.ext.rbvi.chimera.ChimeraXCommandsTest" name="testColourByCharge" time="0.000"/>
  <testcase classname="jalview.ext.rbvi.chimera.ChimeraXCommandsTest" name="testGetSelectedResidues" time="0.000"/>
  <testcase classname="jalview.ext.rbvi.chimera.ChimeraXCommandsTest" name="testGetColourCommand" time="0.000"/>
  <testcase classname="jalview.ext.rbvi.chimera.ChimeraXCommandsTest" name="testFocusView" time="0.000"/>
  <testcase classname="jalview.ext.rbvi.chimera.ChimeraXCommandsTest" name="testSetBackgroundColour" time="0.001"/>
  <testcase classname="jalview.ext.rbvi.chimera.ChimeraXCommandsTest" name="testSetAttributes" time="0.001"/>
  <testcase classname="jalview.ext.rbvi.chimera.ChimeraXCommandsTest" name="testColourBySequence" time="0.009"/>
  <testcase classname="jalview.ext.rbvi.chimera.ChimeraXCommandsTest" name="testOpenSession" time="0.001"/>
  <testcase classname="jalview.ext.rbvi.chimera.ChimeraXCommandsTest" name="testListResidueAttributes" time="0.000"/>
  <testcase classname="jalview.ext.rbvi.chimera.ChimeraXCommandsTest" name="testGetAtomSpec_alphaOnly" time="0.001"/>
  <testcase classname="jalview.ext.rbvi.chimera.ChimeraXCommandsTest" name="testStartNotifications" time="0.000"/>
  <testcase classname="jalview.ext.rbvi.chimera.ChimeraXCommandsTest" name="testOpenCommandFile" time="0.000"/>
  <testcase classname="jalview.ext.rbvi.chimera.ChimeraXCommandsTest" name="testColourByChain" time="0.000"/>
  <testcase classname="jalview.ext.rbvi.chimera.ChimeraXCommandsTest" name="testSetAttribute" time="0.000"/>
  <testcase classname="jalview.ext.rbvi.chimera.ChimeraXCommandsTest" name="testCloseViewer" time="0.001"/>
  <testcase classname="jalview.ext.rbvi.chimera.ChimeraXCommandsTest" name="testShowBackbone" time="0.000"/>
  <testcase classname="jalview.ext.rbvi.chimera.ChimeraXCommandsTest" name="testGetAtomSpec" time="0.001"/>
</testsuite> <!-- jalview.ext.rbvi.chimera.ChimeraXCommandsTest -->
