<?xml version="1.0" encoding="UTF-8"?>
<!-- Generated by org.testng.reporters.JUnitReportReporter -->
<testsuite hostname="wer3eng" failures="0" tests="2" name="jalview.datamodel.AlignmentViewTest" time="0.013" errors="0" timestamp="2 Jul 2023 08:13:44 GMT">
  <testcase classname="jalview.datamodel.AlignmentViewTest" name="testGetVisibleContigs" time="0.013"/>
  <testcase classname="jalview.datamodel.AlignmentViewTest" name="testGetVisibleAlignmentGapChar" time="0.000"/>
</testsuite> <!-- jalview.datamodel.AlignmentViewTest -->
