<?xml version="1.0" encoding="UTF-8"?>
<!-- Generated by org.testng.reporters.JUnitReportReporter -->
<testsuite hostname="wer3eng" failures="0" tests="2" name="jalview.gui.FeatureSettingsTest" time="0.058" errors="0" timestamp="2 Jul 2023 08:13:44 GMT">
  <testcase classname="jalview.gui.FeatureSettingsTest" name="testSaveLoad" time="0.055"/>
  <testcase classname="jalview.gui.FeatureSettingsTest" name="testGetColorTooltip" time="0.003"/>
</testsuite> <!-- jalview.gui.FeatureSettingsTest -->
