<?xml version="1.0" encoding="UTF-8"?>
<!-- Generated by org.testng.reporters.JUnitReportReporter -->
<testsuite hostname="wer3eng" failures="0" tests="5" name="jalview.gui.JvOptionPaneTest" time="0.180" errors="0" timestamp="2 Jul 2023 08:13:44 GMT">
  <testcase classname="jalview.gui.JvOptionPaneTest" name="showMessageDialogFamilyTest" time="0.001"/>
  <testcase classname="jalview.gui.JvOptionPaneTest" name="showInternalConfirmDialogFamilyTest" time="0.176"/>
  <testcase classname="jalview.gui.JvOptionPaneTest" name="showInputDialogFamilyTest" time="0.001"/>
  <testcase classname="jalview.gui.JvOptionPaneTest" name="showConfirmDialogFamilyTest" time="0.001"/>
  <testcase classname="jalview.gui.JvOptionPaneTest" name="showInternalMessageDialogFamilyTest" time="0.001"/>
</testsuite> <!-- jalview.gui.JvOptionPaneTest -->
