<?xml version="1.0" encoding="UTF-8"?>
<!-- Generated by org.testng.reporters.JUnitReportReporter -->
<testsuite hostname="wer3eng" failures="0" tests="9" name="jalview.urls.UrlLinkTableModelTest" time="0.008" errors="0" timestamp="2 Jul 2023 08:13:44 GMT">
  <testcase classname="jalview.urls.UrlLinkTableModelTest" name="testRowEditable" time="0.000"/>
  <testcase classname="jalview.urls.UrlLinkTableModelTest" name="testEditable" time="0.001"/>
  <testcase classname="jalview.urls.UrlLinkTableModelTest" name="testInitialisation" time="0.000"/>
  <testcase classname="jalview.urls.UrlLinkTableModelTest" name="testValues" time="0.003"/>
  <testcase classname="jalview.urls.UrlLinkTableModelTest" name="testDeletable" time="0.000"/>
  <testcase classname="jalview.urls.UrlLinkTableModelTest" name="testRowDelete" time="0.002"/>
  <testcase classname="jalview.urls.UrlLinkTableModelTest" name="testRowInsert" time="0.002"/>
  <testcase classname="jalview.urls.UrlLinkTableModelTest" name="testCounts" time="0.000"/>
  <testcase classname="jalview.urls.UrlLinkTableModelTest" name="testColumns" time="0.000"/>
</testsuite> <!-- jalview.urls.UrlLinkTableModelTest -->
