<?xml version="1.0" encoding="UTF-8"?>
<!-- Generated by org.testng.reporters.JUnitReportReporter -->
<testsuite hostname="wer3eng" failures="0" tests="8" name="jalview.io.TCoffeeScoreFileTest" time="0.008" errors="0" timestamp="2 Jul 2023 08:13:44 GMT">
  <testcase classname="jalview.io.TCoffeeScoreFileTest" name="testParse" time="0.000"/>
  <testcase classname="jalview.io.TCoffeeScoreFileTest" name="testHeightAndWidth" time="0.001"/>
  <testcase classname="jalview.io.TCoffeeScoreFileTest" name="testReadBlock" time="0.000"/>
  <testcase classname="jalview.io.TCoffeeScoreFileTest" name="testGetAsArray" time="0.004"/>
  <testcase classname="jalview.io.TCoffeeScoreFileTest" name="testWrongFile" time="0.001"/>
  <testcase classname="jalview.io.TCoffeeScoreFileTest" name="testReadHeader" time="0.001"/>
  <testcase classname="jalview.io.TCoffeeScoreFileTest" name="testHeightAndWidthWithResidueNumbers" time="0.000"/>
  <testcase classname="jalview.io.TCoffeeScoreFileTest" name="testGetAsList" time="0.001"/>
</testsuite> <!-- jalview.io.TCoffeeScoreFileTest -->
