<?xml version="1.0" encoding="UTF-8"?>
<!-- Generated by org.testng.reporters.JUnitReportReporter -->
<testsuite hostname="wer3eng" failures="0" tests="11" name="jalview.io.FormatAdapterTest" time="0.082" errors="0" timestamp="2 Jul 2023 08:13:44 GMT">
  <testcase classname="jalview.io.FormatAdapterTest" name="testRoundTrip" time="0.012"/>
  <testcase classname="jalview.io.FormatAdapterTest" name="testRoundTrip" time="0.006"/>
  <testcase classname="jalview.io.FormatAdapterTest" name="testRoundTrip" time="0.002"/>
  <testcase classname="jalview.io.FormatAdapterTest" name="testRoundTrip" time="0.005"/>
  <testcase classname="jalview.io.FormatAdapterTest" name="testRoundTrip" time="0.026"/>
  <testcase classname="jalview.io.FormatAdapterTest" name="testRoundTrip" time="0.002"/>
  <testcase classname="jalview.io.FormatAdapterTest" name="testRoundTrip" time="0.003"/>
  <testcase classname="jalview.io.FormatAdapterTest" name="testRoundTrip" time="0.006"/>
  <testcase classname="jalview.io.FormatAdapterTest" name="testRoundTrip" time="0.003"/>
  <testcase classname="jalview.io.FormatAdapterTest" name="testRoundTrip" time="0.012"/>
  <testcase classname="jalview.io.FormatAdapterTest" name="testRoundTrip" time="0.005"/>
</testsuite> <!-- jalview.io.FormatAdapterTest -->
