<?xml version="1.0" encoding="UTF-8"?>
<!-- Generated by org.testng.reporters.JUnitReportReporter -->
<testsuite hostname="wer3eng" failures="0" tests="16" name="jalview.fts.core.FTSRestClientTest" time="0.020" errors="0" timestamp="2 Jul 2023 08:13:44 GMT">
  <testcase classname="jalview.fts.core.FTSRestClientTest" name="getDataColumnsFieldsAsCommaDelimitedString" time="0.001"/>
  <testcase classname="jalview.fts.core.FTSRestClientTest" name="getPrimaryKeyColumn" time="0.001"/>
  <testcase classname="jalview.fts.core.FTSRestClientTest" name="coverageForEqualsAndHashFunction" time="0.005"/>
  <testcase classname="jalview.fts.core.FTSRestClientTest" name="getSearchableDataColumns" time="0.000"/>
  <testcase classname="jalview.fts.core.FTSRestClientTest" name="getAllDefaulDisplayedDataColumns" time="0.000"/>
  <testcase classname="jalview.fts.core.FTSRestClientTest" name="getDefaultResponsePageSize" time="0.000"/>
  <testcase classname="jalview.fts.core.FTSRestClientTest" name="getPrimaryKeyColumIndexTest" time="0.001"/>
  <testcase classname="jalview.fts.core.FTSRestClientTest" name="coverageForExceptionBranches" time="0.003"/>
  <testcase classname="jalview.fts.core.FTSRestClientTest" name="getColumnMaxWidthTest" time="0.001"/>
  <testcase classname="jalview.fts.core.FTSRestClientTest" name="getDataColumnGroupById" time="0.000"/>
  <testcase classname="jalview.fts.core.FTSRestClientTest" name="getDataColumnByNameOrCode" time="0.001"/>
  <testcase classname="jalview.fts.core.FTSRestClientTest" name="getColumnClassTest" time="0.002"/>
  <testcase classname="jalview.fts.core.FTSRestClientTest" name="getColumnPreferredWidthTest" time="0.001"/>
  <testcase classname="jalview.fts.core.FTSRestClientTest" name="coverageForMiscellaneousBranches" time="0.001"/>
  <testcase classname="jalview.fts.core.FTSRestClientTest" name="getColumnMinWidthTest" time="0.001"/>
  <testcase classname="jalview.fts.core.FTSRestClientTest" name="getAllFTSDataColumns" time="0.002"/>
</testsuite> <!-- jalview.fts.core.FTSRestClientTest -->
