<?xml version="1.0" encoding="UTF-8"?>
<!-- Generated by org.testng.reporters.JUnitReportReporter -->
<testsuite hostname="wer3eng" failures="0" tests="11" name="jalview.math.SparseMatrixTest" time="0.011" errors="0" timestamp="2 Jul 2023 08:13:44 GMT">
  <testcase classname="jalview.math.SparseMatrixTest" name="testPreMultiply_sparseProduct" time="0.000"/>
  <testcase classname="jalview.math.SparseMatrixTest" name="testTranspose" time="0.000"/>
  <testcase classname="jalview.math.SparseMatrixTest" name="testPreMultiply_tooFewColumns" time="0.001"/>
  <testcase classname="jalview.math.SparseMatrixTest" name="testConstructor" time="0.001"/>
  <testcase classname="jalview.math.SparseMatrixTest" name="testTred_reproducible" time="0.004"/>
  <testcase classname="jalview.math.SparseMatrixTest" name="testPreMultiply_tooManyColumns" time="0.000"/>
  <testcase classname="jalview.math.SparseMatrixTest" name="testFillRatio" time="0.000"/>
  <testcase classname="jalview.math.SparseMatrixTest" name="testTqli_matchesMatrix" time="0.002"/>
  <testcase classname="jalview.math.SparseMatrixTest" name="testPostMultiply" time="0.001"/>
  <testcase classname="jalview.math.SparseMatrixTest" name="testPreMultiply" time="0.000"/>
  <testcase classname="jalview.math.SparseMatrixTest" name="testTred_matchesMatrix" time="0.002"/>
</testsuite> <!-- jalview.math.SparseMatrixTest -->
