<?xml version="1.0" encoding="UTF-8"?>
<!-- Generated by org.testng.reporters.JUnitReportReporter -->
<testsuite hostname="wer3eng" failures="0" tests="4" name="jalview.io.AnnotatedPDBFileInputTest" time="2.135" errors="0" timestamp="2 Jul 2023 08:13:44 GMT">
  <testcase classname="jalview.io.AnnotatedPDBFileInputTest" name="checkPDBSequenceFeatures" time="0.321"/>
  <testcase classname="jalview.io.AnnotatedPDBFileInputTest" name="checkNoDuplicates" time="0.382"/>
  <testcase classname="jalview.io.AnnotatedPDBFileInputTest" name="checkAnnotationWiring" time="0.323"/>
  <testcase classname="jalview.io.AnnotatedPDBFileInputTest" name="testJalviewProjectRelocationAnnotation" time="1.109"/>
</testsuite> <!-- jalview.io.AnnotatedPDBFileInputTest -->
