<?xml version="1.0" encoding="UTF-8"?>
<!-- Generated by org.testng.reporters.JUnitReportReporter -->
<testsuite hostname="wer3eng" failures="0" tests="13" name="jalview.datamodel.ResidueCountTest" time="0.005" errors="0" timestamp="2 Jul 2023 08:13:44 GMT">
  <testcase classname="jalview.datamodel.ResidueCountTest" name="testGetSymbolCounts_peptide" time="0.000"/>
  <testcase classname="jalview.datamodel.ResidueCountTest" name="test_unexpectedNucleotide" time="0.000"/>
  <testcase classname="jalview.datamodel.ResidueCountTest" name="test_unexpectedPeptide" time="0.000"/>
  <testcase classname="jalview.datamodel.ResidueCountTest" name="test_countNucleotide" time="0.001"/>
  <testcase classname="jalview.datamodel.ResidueCountTest" name="testGetModalCount" time="0.000"/>
  <testcase classname="jalview.datamodel.ResidueCountTest" name="testGetSymbolCounts_nucleotide" time="0.003"/>
  <testcase classname="jalview.datamodel.ResidueCountTest" name="testAddGap" time="0.000"/>
  <testcase classname="jalview.datamodel.ResidueCountTest" name="testOverflow" time="0.000"/>
  <testcase classname="jalview.datamodel.ResidueCountTest" name="testGetResiduesForCount" time="0.000"/>
  <testcase classname="jalview.datamodel.ResidueCountTest" name="testGetTooltip" time="0.001"/>
  <testcase classname="jalview.datamodel.ResidueCountTest" name="testToString" time="0.000"/>
  <testcase classname="jalview.datamodel.ResidueCountTest" name="test_countPeptide" time="0.000"/>
  <testcase classname="jalview.datamodel.ResidueCountTest" name="testPut" time="0.000"/>
</testsuite> <!-- jalview.datamodel.ResidueCountTest -->
