<?xml version="1.0" encoding="UTF-8"?>
<!-- Generated by org.testng.reporters.JUnitReportReporter -->
<testsuite hostname="wer3eng" failures="0" tests="8" name="jalview.analysis.CrossRefTest" time="0.005" errors="0" timestamp="2 Jul 2023 08:13:44 GMT">
  <testcase classname="jalview.analysis.CrossRefTest" name="testFindXrefSequences_noDbrefs" time="0.002"/>
  <testcase classname="jalview.analysis.CrossRefTest" name="testFindXrefSequences_indirectDbrefToProtein" time="0.000"/>
  <testcase classname="jalview.analysis.CrossRefTest" name="testSameSequence" time="0.000"/>
  <testcase classname="jalview.analysis.CrossRefTest" name="testFindXrefSourcesForSequence_proteinToDna" time="0.000"/>
  <testcase classname="jalview.analysis.CrossRefTest" name="testFindXDbRefs" time="0.000"/>
  <testcase classname="jalview.analysis.CrossRefTest" name="testSearchDataset" time="0.000"/>
  <testcase classname="jalview.analysis.CrossRefTest" name="testFindXrefSequences_indirectDbrefToNucleotide" time="0.001"/>
  <testcase classname="jalview.analysis.CrossRefTest" name="testFindXrefSequences_fromDbRefMap" time="0.002"/>
</testsuite> <!-- jalview.analysis.CrossRefTest -->
