<?xml version="1.0" encoding="UTF-8"?>
<!-- Generated by org.testng.reporters.JUnitReportReporter -->
<testsuite hostname="wer3eng" failures="0" tests="2" name="jalview.ws.ebi.EBIFetchClientTest" time="0.005" errors="0" timestamp="2 Jul 2023 08:13:44 GMT">
  <testcase classname="jalview.ws.ebi.EBIFetchClientTest" name="testParseIds" time="0.000"/>
  <testcase classname="jalview.ws.ebi.EBIFetchClientTest" name="testBuildUrl" time="0.005"/>
</testsuite> <!-- jalview.ws.ebi.EBIFetchClientTest -->
