<?xml version="1.0" encoding="UTF-8"?>
<!-- Generated by org.testng.reporters.JUnitReportReporter -->
<testsuite hostname="wer3eng" failures="0" tests="2" name="jalview.io.cache.AppCacheTest" time="0.001" errors="0" timestamp="2 Jul 2023 08:13:44 GMT">
  <testcase classname="jalview.io.cache.AppCacheTest" name="appCacheTest" time="0.001"/>
  <testcase classname="jalview.io.cache.AppCacheTest" name="appCacheLimitTest" time="0.000"/>
</testsuite> <!-- jalview.io.cache.AppCacheTest -->
