<?xml version="1.0" encoding="UTF-8"?>
<!-- Generated by org.testng.reporters.JUnitReportReporter -->
<testsuite hostname="wer3eng" failures="0" tests="1" name="jalview.bin.HiDPISettingTest1" time="0.827" errors="0" timestamp="2 Jul 2023 08:13:44 GMT">
  <testcase classname="jalview.bin.HiDPISettingTest1" name="testHiDPISettingInit" time="0.827"/>
</testsuite> <!-- jalview.bin.HiDPISettingTest1 -->
