<?xml version="1.0" encoding="UTF-8"?>
<!-- Generated by org.testng.reporters.JUnitReportReporter -->
<testsuite hostname="wer3eng" failures="0" tests="3" name="jalview.gui.ScalePanelTest" time="0.112" errors="0" timestamp="2 Jul 2023 08:13:44 GMT">
  <testcase classname="jalview.gui.ScalePanelTest" name="testSelectColumns_withHidden" time="0.024"/>
  <testcase classname="jalview.gui.ScalePanelTest" name="testBuildPopupMenu" time="0.071"/>
  <testcase classname="jalview.gui.ScalePanelTest" name="testPreventNegativeStartColumn" time="0.017"/>
</testsuite> <!-- jalview.gui.ScalePanelTest -->
