<?xml version="1.0" encoding="UTF-8"?>
<!-- Generated by org.testng.reporters.JUnitReportReporter -->
<testsuite hostname="wer3eng" failures="0" tests="6" name="jalview.datamodel.AlignmentAnnotationTests" time="0.007" errors="0" timestamp="2 Jul 2023 08:13:44 GMT">
  <testcase classname="jalview.datamodel.AlignmentAnnotationTests" name="testAdjustForAlignment" time="0.000"/>
  <testcase classname="jalview.datamodel.AlignmentAnnotationTests" name="testLiftOver" time="0.006"/>
  <testcase classname="jalview.datamodel.AlignmentAnnotationTests" name="testIsQuantitative" time="0.001"/>
  <testcase classname="jalview.datamodel.AlignmentAnnotationTests" name="testGetDefaultRnaHelixSymbol" time="0.000"/>
  <testcase classname="jalview.datamodel.AlignmentAnnotationTests" name="testCopyConstructor" time="0.000"/>
  <testcase classname="jalview.datamodel.AlignmentAnnotationTests" name="testMakeVisibleAnnotation" time="0.000"/>
</testsuite> <!-- jalview.datamodel.AlignmentAnnotationTests -->
