<?xml version="1.0" encoding="UTF-8"?>
<!-- Generated by org.testng.reporters.JUnitReportReporter -->
<testsuite hostname="wer3eng" failures="0" tests="5" name="jalview.io.BackupFilesTest" time="0.143" errors="0" timestamp="2 Jul 2023 08:13:44 GMT">
  <testcase classname="jalview.io.BackupFilesTest" name="backupsEnabledSingleFileBackupTest" time="0.015"/>
  <testcase classname="jalview.io.BackupFilesTest" name="noBackupsEnabledTest" time="0.011"/>
  <testcase classname="jalview.io.BackupFilesTest" name="backupsEnabledReverseRollMaxTest" time="0.037"/>
  <testcase classname="jalview.io.BackupFilesTest" name="backupsEnabledNoRollMaxTest" time="0.048"/>
  <testcase classname="jalview.io.BackupFilesTest" name="backupsEnabledRollMaxTest" time="0.032"/>
</testsuite> <!-- jalview.io.BackupFilesTest -->
