<?xml version="1.0" encoding="UTF-8"?>
<!-- Generated by org.testng.reporters.JUnitReportReporter -->
<testsuite hostname="wer3eng" failures="0" tests="13" name="jalview.ext.jmol.JmolCommandsTest" time="0.034" errors="0" timestamp="2 Jul 2023 08:13:44 GMT">
  <testcase classname="jalview.ext.jmol.JmolCommandsTest" name="testGetColourBySequenceCommands_hiddenColumns" time="0.030"/>
  <testcase classname="jalview.ext.jmol.JmolCommandsTest" name="testSuperposeStructures" time="0.000"/>
  <testcase classname="jalview.ext.jmol.JmolCommandsTest" name="testSaveSession" time="0.000"/>
  <testcase classname="jalview.ext.jmol.JmolCommandsTest" name="testColourBySequence" time="0.001"/>
  <testcase classname="jalview.ext.jmol.JmolCommandsTest" name="testSetBackgroundColour" time="0.001"/>
  <testcase classname="jalview.ext.jmol.JmolCommandsTest" name="testGetAtomSpec" time="0.001"/>
  <testcase classname="jalview.ext.jmol.JmolCommandsTest" name="testShowBackbone" time="0.000"/>
  <testcase classname="jalview.ext.jmol.JmolCommandsTest" name="testOpenSession" time="0.000"/>
  <testcase classname="jalview.ext.jmol.JmolCommandsTest" name="testLoadFile" time="0.000"/>
  <testcase classname="jalview.ext.jmol.JmolCommandsTest" name="testGetModelStartNo" time="0.000"/>
  <testcase classname="jalview.ext.jmol.JmolCommandsTest" name="testColourByChain" time="0.001"/>
  <testcase classname="jalview.ext.jmol.JmolCommandsTest" name="testFocusView" time="0.000"/>
  <testcase classname="jalview.ext.jmol.JmolCommandsTest" name="testColourByCharge" time="0.000"/>
</testsuite> <!-- jalview.ext.jmol.JmolCommandsTest -->
