<?xml version="1.0" encoding="UTF-8"?>
<!-- Generated by org.testng.reporters.JUnitReportReporter -->
<testsuite hostname="wer3eng" failures="0" tests="3" name="jalview.renderer.ResidueColourFinderTest" time="0.000" errors="0" timestamp="2 Jul 2023 08:13:44 GMT">
  <testcase classname="jalview.renderer.ResidueColourFinderTest" name="testGetResidueColour_none" time="0.000"/>
  <testcase classname="jalview.renderer.ResidueColourFinderTest" name="testGetResidueColour_zappo" time="0.000"/>
  <testcase classname="jalview.renderer.ResidueColourFinderTest" name="testGetResidueColour_userdef" time="0.000"/>
</testsuite> <!-- jalview.renderer.ResidueColourFinderTest -->
