<?xml version="1.0" encoding="UTF-8"?>
<!-- Generated by org.testng.reporters.JUnitReportReporter -->
<testsuite hostname="wer3eng" failures="0" tests="2" name="jalview.io.AnnotationFileIOTest" time="0.168" errors="0" timestamp="2 Jul 2023 08:13:44 GMT">
  <testcase classname="jalview.io.AnnotationFileIOTest" name="exampleAnnotationFileIO" time="0.154"/>
  <testcase classname="jalview.io.AnnotationFileIOTest" name="testAnnotateAlignmentView" time="0.014"/>
</testsuite> <!-- jalview.io.AnnotationFileIOTest -->
