<?xml version="1.0" encoding="UTF-8"?>
<!-- Generated by org.testng.reporters.JUnitReportReporter -->
<testsuite hostname="wer3eng" failures="0" tests="5" name="jalview.analysis.AlignmentAnnotationUtilsTest" time="0.006" errors="0" timestamp="2 Jul 2023 08:13:44 GMT">
  <testcase classname="jalview.analysis.AlignmentAnnotationUtilsTest" name="testGetVisibleGraphGroups" time="0.000"/>
  <testcase classname="jalview.analysis.AlignmentAnnotationUtilsTest" name="testGetShownHiddenTypes_forSelectionGroup" time="0.002"/>
  <testcase classname="jalview.analysis.AlignmentAnnotationUtilsTest" name="testGetShownHiddenTypes_withGraphGroups" time="0.002"/>
  <testcase classname="jalview.analysis.AlignmentAnnotationUtilsTest" name="testGetShownHiddenTypes_noSequenceSelected" time="0.001"/>
  <testcase classname="jalview.analysis.AlignmentAnnotationUtilsTest" name="testAsList" time="0.001"/>
</testsuite> <!-- jalview.analysis.AlignmentAnnotationUtilsTest -->
