<?xml version="1.0" encoding="UTF-8"?>
<!-- Generated by org.testng.reporters.JUnitReportReporter -->
<testsuite hostname="wer3eng" failures="0" tests="1" name="jalview.analysis.GroupingTest" time="0.002" errors="0" timestamp="2 Jul 2023 08:13:44 GMT">
  <testcase classname="jalview.analysis.GroupingTest" name="testMakeGroupsWithBoth" time="0.002"/>
</testsuite> <!-- jalview.analysis.GroupingTest -->
