<?xml version="1.0" encoding="UTF-8"?>
<!-- Generated by org.testng.reporters.JUnitReportReporter -->
<testsuite hostname="wer3eng" failures="0" tests="18" name="jalview.project.Jalview2xmlTests" time="22.273" errors="0" timestamp="2 Jul 2023 08:13:44 GMT">
  <testcase classname="jalview.project.Jalview2xmlTests" name="testTCoffeeScores" time="0.156"/>
  <testcase classname="jalview.project.Jalview2xmlTests" name="testPcaViewAssociation" time="0.347"/>
  <testcase classname="jalview.project.Jalview2xmlTests" name="testStoreAndRecoverPDBEntry" time="0.590"/>
  <testcase classname="jalview.project.Jalview2xmlTests" name="testStoreAndRecoverGeneLocus" time="0.171"/>
  <testcase classname="jalview.project.Jalview2xmlTests" name="noDuplicatePdbMappingsMade" time="1.894"/>
  <testcase classname="jalview.project.Jalview2xmlTests" name="testStoreAndRecoverReferenceSeqSettings" time="5.011"/>
  <testcase classname="jalview.project.Jalview2xmlTests" name="testRNAStructureRecovery" time="0.432"/>
  <testcase classname="jalview.project.Jalview2xmlTests" name="gatherViewsHere" time="3.104"/>
  <testcase classname="jalview.project.Jalview2xmlTests" name="testStoreAndRecoverExpandedviews" time="5.410"/>
  <testcase classname="jalview.project.Jalview2xmlTests" name="testIsVersionStringLaterThan" time="0.001"/>
  <testcase classname="jalview.project.Jalview2xmlTests" name="testMergeDatasetsforViews" time="0.138"/>
  <testcase classname="jalview.project.Jalview2xmlTests" name="testMergeDatasetsforManyViews" time="0.691"/>
  <testcase classname="jalview.project.Jalview2xmlTests" name="testStoreAndRecoverGroupRepSeqs" time="0.158"/>
  <testcase classname="jalview.project.Jalview2xmlTests" name="testSaveLoadFeatureColoursAndFilters" time="0.083"/>
  <testcase classname="jalview.project.Jalview2xmlTests" name="testColourByAnnotScores" time="0.288"/>
  <testcase classname="jalview.project.Jalview2xmlTests" name="viewRefPdbAnnotation" time="1.456"/>
  <testcase classname="jalview.project.Jalview2xmlTests" name="testStoreAndRecoverColourThresholds" time="0.134"/>
  <testcase classname="jalview.project.Jalview2xmlTests" name="testCopyViewSettings" time="2.209"/>
</testsuite> <!-- jalview.project.Jalview2xmlTests -->
