<?xml version="1.0" encoding="UTF-8"?>
<!-- Generated by org.testng.reporters.JUnitReportReporter -->
<testsuite hostname="wer3eng" failures="0" tests="3" name="jalview.fts.service.pdb.PDBFTSPanelTest" time="0.090" errors="0" timestamp="2 Jul 2023 08:13:44 GMT">
  <testcase classname="jalview.fts.service.pdb.PDBFTSPanelTest" name="testgetPDBIdwithSpecifiedChain" time="0.001"/>
  <testcase classname="jalview.fts.service.pdb.PDBFTSPanelTest" name="testDecodeSearchTerm" time="0.002"/>
  <testcase classname="jalview.fts.service.pdb.PDBFTSPanelTest" name="populateCmbSearchTargetOptionsTest" time="0.087"/>
</testsuite> <!-- jalview.fts.service.pdb.PDBFTSPanelTest -->
