<?xml version="1.0" encoding="UTF-8"?>
<!-- Generated by org.testng.reporters.JUnitReportReporter -->
<testsuite hostname="wer3eng" failures="0" tests="10" name="jalview.datamodel.SearchResultsTest" time="0.001" errors="0" timestamp="2 Jul 2023 08:13:44 GMT">
  <testcase classname="jalview.datamodel.SearchResultsTest" name="testMatchConstructor" time="0.000"/>
  <testcase classname="jalview.datamodel.SearchResultsTest" name="testToString" time="0.000"/>
  <testcase classname="jalview.datamodel.SearchResultsTest" name="testAddResult" time="0.000"/>
  <testcase classname="jalview.datamodel.SearchResultsTest" name="testInvolvesSequence" time="0.000"/>
  <testcase classname="jalview.datamodel.SearchResultsTest" name="testMatchContains" time="0.000"/>
  <testcase classname="jalview.datamodel.SearchResultsTest" name="testEquals_distinctSequences" time="0.000"/>
  <testcase classname="jalview.datamodel.SearchResultsTest" name="testMarkColumns" time="0.000"/>
  <testcase classname="jalview.datamodel.SearchResultsTest" name="testHashcode" time="0.001"/>
  <testcase classname="jalview.datamodel.SearchResultsTest" name="testEquals" time="0.000"/>
  <testcase classname="jalview.datamodel.SearchResultsTest" name="testEquals_orderDiffers" time="0.000"/>
</testsuite> <!-- jalview.datamodel.SearchResultsTest -->
