<?xml version="1.0" encoding="UTF-8"?>
<!-- Generated by org.testng.reporters.JUnitReportReporter -->
<testsuite hostname="wer3eng" failures="0" tests="4" name="jalview.util.ParseHtmlBodyAndLinksTest" time="0.001" errors="0" timestamp="2 Jul 2023 08:13:44 GMT">
  <testcase classname="jalview.util.ParseHtmlBodyAndLinksTest" name="testParseHtml_withLinks" time="0.000"/>
  <testcase classname="jalview.util.ParseHtmlBodyAndLinksTest" name="testParseHtml_noLinks" time="0.001"/>
  <testcase classname="jalview.util.ParseHtmlBodyAndLinksTest" name="testParseHtml_withLinksWithEncoding" time="0.000"/>
  <testcase classname="jalview.util.ParseHtmlBodyAndLinksTest" name="testParseHtml_withLinksWithParameters" time="0.000"/>
</testsuite> <!-- jalview.util.ParseHtmlBodyAndLinksTest -->
