<?xml version="1.0" encoding="UTF-8"?>
<!-- Generated by org.testng.reporters.JUnitReportReporter -->
<testsuite hostname="wer3eng" failures="0" tests="2" name="jalview.gui.PairwiseAlignmentPanelTest" time="0.086" errors="0" timestamp="2 Jul 2023 08:13:44 GMT">
  <testcase classname="jalview.gui.PairwiseAlignmentPanelTest" name="testConstructor_withSelectionGroup" time="0.036"/>
  <testcase classname="jalview.gui.PairwiseAlignmentPanelTest" name="testConstructor_noSelectionGroup" time="0.050"/>
</testsuite> <!-- jalview.gui.PairwiseAlignmentPanelTest -->
