<?xml version="1.0" encoding="UTF-8"?>
<!-- Generated by org.testng.reporters.JUnitReportReporter -->
<testsuite hostname="wer3eng" failures="0" tests="1" name="jalview.datamodel.CigarArrayTest" time="0.001" errors="0" timestamp="2 Jul 2023 08:13:44 GMT">
  <testcase classname="jalview.datamodel.CigarArrayTest" name="testConstructor" time="0.001"/>
</testsuite> <!-- jalview.datamodel.CigarArrayTest -->
