<?xml version="1.0" encoding="UTF-8"?>
<!-- Generated by org.testng.reporters.JUnitReportReporter -->
<testsuite hostname="wer3eng" failures="0" tests="6" name="jalview.commands.TrimRegionCommandTest" time="0.001" errors="0" timestamp="2 Jul 2023 08:13:44 GMT">
  <testcase classname="jalview.commands.TrimRegionCommandTest" name="testTrimLeft_withUndoAndRedo" time="0.000"/>
  <testcase classname="jalview.commands.TrimRegionCommandTest" name="testTrimRight_oneColumn" time="0.001"/>
  <testcase classname="jalview.commands.TrimRegionCommandTest" name="testTrimLeft_oneColumn" time="0.000"/>
  <testcase classname="jalview.commands.TrimRegionCommandTest" name="testTrimLeft_noColumns" time="0.000"/>
  <testcase classname="jalview.commands.TrimRegionCommandTest" name="testTrimRight_noColumns" time="0.000"/>
  <testcase classname="jalview.commands.TrimRegionCommandTest" name="testTrimRight_withUndoAndRedo" time="0.000"/>
</testsuite> <!-- jalview.commands.TrimRegionCommandTest -->
