<?xml version="1.0" encoding="UTF-8"?>
<!-- Generated by org.testng.reporters.JUnitReportReporter -->
<testsuite hostname="wer3eng" failures="0" tests="5" name="jalview.io.gff.Gff3HelperTest" time="0.004" errors="0" timestamp="2 Jul 2023 08:13:44 GMT">
  <testcase classname="jalview.io.gff.Gff3HelperTest" name="testProcessCdnaMatch_spliced" time="0.001"/>
  <testcase classname="jalview.io.gff.Gff3HelperTest" name="testProcessCdnaMatch_reverseToForward" time="0.000"/>
  <testcase classname="jalview.io.gff.Gff3HelperTest" name="testProcessCdnaMatch_forwardToReverse" time="0.000"/>
  <testcase classname="jalview.io.gff.Gff3HelperTest" name="testGetDescription" time="0.002"/>
  <testcase classname="jalview.io.gff.Gff3HelperTest" name="testProcessCdnaMatch_forwardToForward" time="0.001"/>
</testsuite> <!-- jalview.io.gff.Gff3HelperTest -->
