<?xml version="1.0" encoding="UTF-8"?>
<!-- Generated by org.testng.reporters.JUnitReportReporter -->
<testsuite hostname="wer3eng" failures="0" tests="37" name="jalview.analysis.AlignmentUtilsTests" time="0.028" errors="0" timestamp="2 Jul 2023 08:13:44 GMT">
  <testcase classname="jalview.analysis.AlignmentUtilsTests" name="testAlignSequenceAs_keepIntronGapsOnly" time="0.001"/>
  <testcase classname="jalview.analysis.AlignmentUtilsTests" name="testTransferFeatures_withOmit" time="0.000"/>
  <testcase classname="jalview.analysis.AlignmentUtilsTests" name="testMapProteinAlignmentToCdna_withStartAndStopCodons" time="0.001"/>
  <testcase classname="jalview.analysis.AlignmentUtilsTests" name="testAddMappedPositions" time="0.000"/>
  <testcase classname="jalview.analysis.AlignmentUtilsTests" name="testMakeCdsAlignment_multipleProteins" time="0.000"/>
  <testcase classname="jalview.analysis.AlignmentUtilsTests" name="testAlignProteinAsDna_incompleteStartCodon" time="0.000"/>
  <testcase classname="jalview.analysis.AlignmentUtilsTests" name="testAlignProteinAsDna" time="0.002"/>
  <testcase classname="jalview.analysis.AlignmentUtilsTests" name="testTransferGeneLoci" time="0.001"/>
  <testcase classname="jalview.analysis.AlignmentUtilsTests" name="testIsMappable" time="0.001"/>
  <testcase classname="jalview.analysis.AlignmentUtilsTests" name="testExpandContext" time="0.008"/>
  <testcase classname="jalview.analysis.AlignmentUtilsTests" name="testMakeCdsAlignment" time="0.002"/>
  <testcase classname="jalview.analysis.AlignmentUtilsTests" name="testMapProteinAlignmentToCdna_noXrefs" time="0.001"/>
  <testcase classname="jalview.analysis.AlignmentUtilsTests" name="testMapProteinAlignmentToCdna_prioritiseXrefs" time="0.000"/>
  <testcase classname="jalview.analysis.AlignmentUtilsTests" name="testMapCdsToProtein" time="0.001"/>
  <testcase classname="jalview.analysis.AlignmentUtilsTests" name="testMakeCdsAlignment_filterProducts" time="0.000"/>
  <testcase classname="jalview.analysis.AlignmentUtilsTests" name="testMapCdnaToProtein_forSubsequence" time="0.000"/>
  <testcase classname="jalview.analysis.AlignmentUtilsTests" name="testMakeCdsAlignment_alternativeTranscripts" time="0.001"/>
  <testcase classname="jalview.analysis.AlignmentUtilsTests" name="testAlignAsSameSequences" time="0.003"/>
  <testcase classname="jalview.analysis.AlignmentUtilsTests" name="testExpandContext_annotation" time="0.000"/>
  <testcase classname="jalview.analysis.AlignmentUtilsTests" name="testAlignSequenceAs_withMapping_withIntrons" time="0.000"/>
  <testcase classname="jalview.analysis.AlignmentUtilsTests" name="testAddMappedPositions_withStopCodon" time="0.000"/>
  <testcase classname="jalview.analysis.AlignmentUtilsTests" name="testMapProteinAlignmentToCdna_withXrefs" time="0.000"/>
  <testcase classname="jalview.analysis.AlignmentUtilsTests" name="testAlignSequenceAs_mappedProteinProtein" time="0.000"/>
  <testcase classname="jalview.analysis.AlignmentUtilsTests" name="testAlignSequenceAs_withTrailingPeptide" time="0.000"/>
  <testcase classname="jalview.analysis.AlignmentUtilsTests" name="testShowOrHideSequenceAnnotations" time="0.000"/>
  <testcase classname="jalview.analysis.AlignmentUtilsTests" name="testFindCdsPositions_fivePrimeIncomplete" time="0.001"/>
  <testcase classname="jalview.analysis.AlignmentUtilsTests" name="testTranslatesAs" time="0.000"/>
  <testcase classname="jalview.analysis.AlignmentUtilsTests" name="testTransferFeatures_withSelect" time="0.001"/>
  <testcase classname="jalview.analysis.AlignmentUtilsTests" name="testHasCrossRef" time="0.001"/>
  <testcase classname="jalview.analysis.AlignmentUtilsTests" name="testAlignSequenceAs_withMapping_withUnmappedProtein" time="0.001"/>
  <testcase classname="jalview.analysis.AlignmentUtilsTests" name="testHaveCrossRef" time="0.000"/>
  <testcase classname="jalview.analysis.AlignmentUtilsTests" name="testFindCdsPositions" time="0.000"/>
  <testcase classname="jalview.analysis.AlignmentUtilsTests" name="testTransferFeatures" time="0.000"/>
  <testcase classname="jalview.analysis.AlignmentUtilsTests" name="testGetSequencesByName" time="0.001"/>
  <testcase classname="jalview.analysis.AlignmentUtilsTests" name="testAlignSequenceAs_withMapping_noIntrons" time="0.001"/>
  <testcase classname="jalview.analysis.AlignmentUtilsTests" name="testAlignAs_alternateTranscriptsUngapped" time="0.000"/>
  <testcase classname="jalview.analysis.AlignmentUtilsTests" name="testAlignAsSameSequencesMultipleSubSeq" time="0.000"/>
</testsuite> <!-- jalview.analysis.AlignmentUtilsTests -->
