<?xml version="1.0" encoding="UTF-8"?>
<!-- Generated by org.testng.reporters.JUnitReportReporter -->
<testsuite hostname="wer3eng" failures="0" tests="28" name="jalview.viewmodel.ViewportRangesTest" time="0.008" errors="0" timestamp="2 Jul 2023 08:13:44 GMT">
  <testcase classname="jalview.viewmodel.ViewportRangesTest" name="testScrollRightWithHidden" time="0.000"/>
  <testcase classname="jalview.viewmodel.ViewportRangesTest" name="testScrollToVisible" time="0.001"/>
  <testcase classname="jalview.viewmodel.ViewportRangesTest" name="testSetEndSeq" time="0.000"/>
  <testcase classname="jalview.viewmodel.ViewportRangesTest" name="testGetWrappedScrollPosition" time="0.001"/>
  <testcase classname="jalview.viewmodel.ViewportRangesTest" name="testSetStartEndRes" time="0.000"/>
  <testcase classname="jalview.viewmodel.ViewportRangesTest" name="testScrollUp" time="0.000"/>
  <testcase classname="jalview.viewmodel.ViewportRangesTest" name="testSetViewportStartAndWidthWrapped" time="0.000"/>
  <testcase classname="jalview.viewmodel.ViewportRangesTest" name="testSetStartRes" time="0.000"/>
  <testcase classname="jalview.viewmodel.ViewportRangesTest" name="testSetStartResAndSeq" time="0.000"/>
  <testcase classname="jalview.viewmodel.ViewportRangesTest" name="testSetStartEndResWrapped" time="0.000"/>
  <testcase classname="jalview.viewmodel.ViewportRangesTest" name="testSetViewportLocation" time="0.001"/>
  <testcase classname="jalview.viewmodel.ViewportRangesTest" name="testSetViewportWidth" time="0.000"/>
  <testcase classname="jalview.viewmodel.ViewportRangesTest" name="testPageUpDown" time="0.000"/>
  <testcase classname="jalview.viewmodel.ViewportRangesTest" name="testGetWrappedMaxScroll" time="0.001"/>
  <testcase classname="jalview.viewmodel.ViewportRangesTest" name="testViewportRanges" time="0.000"/>
  <testcase classname="jalview.viewmodel.ViewportRangesTest" name="testSetStartEndSeq" time="0.000"/>
  <testcase classname="jalview.viewmodel.ViewportRangesTest" name="testSetStartSeq" time="0.000"/>
  <testcase classname="jalview.viewmodel.ViewportRangesTest" name="testScrollToWrappedVisible" time="0.000"/>
  <testcase classname="jalview.viewmodel.ViewportRangesTest" name="testSetViewportHeight" time="0.001"/>
  <testcase classname="jalview.viewmodel.ViewportRangesTest" name="testScrollUpWithHidden" time="0.000"/>
  <testcase classname="jalview.viewmodel.ViewportRangesTest" name="testGetAbsoluteAlignmentWidth" time="0.000"/>
  <testcase classname="jalview.viewmodel.ViewportRangesTest" name="testScrollUp_wrapped" time="0.001"/>
  <testcase classname="jalview.viewmodel.ViewportRangesTest" name="testSetViewportStartAndHeight" time="0.000"/>
  <testcase classname="jalview.viewmodel.ViewportRangesTest" name="testScrollRight" time="0.000"/>
  <testcase classname="jalview.viewmodel.ViewportRangesTest" name="testSetViewportStartAndWidth" time="0.000"/>
  <testcase classname="jalview.viewmodel.ViewportRangesTest" name="testGetAbsoluteAlignmentHeight" time="0.000"/>
  <testcase classname="jalview.viewmodel.ViewportRangesTest" name="testPageUpDownWrapped" time="0.001"/>
  <testcase classname="jalview.viewmodel.ViewportRangesTest" name="testEventFiring" time="0.001"/>
</testsuite> <!-- jalview.viewmodel.ViewportRangesTest -->
