<?xml version="1.0" encoding="UTF-8"?>
<!-- Generated by org.testng.reporters.JUnitReportReporter -->
<testsuite hostname="wer3eng" failures="0" tests="20" name="jalview.io.ScoreMatrixFileTest" time="0.038" errors="0" timestamp="2 Jul 2023 08:13:44 GMT">
  <testcase classname="jalview.io.ScoreMatrixFileTest" name="testParseMatrix_ncbiMixedDelimiters" time="0.002"/>
  <testcase classname="jalview.io.ScoreMatrixFileTest" name="testParseMatrix_ncbiNotEnoughColumns" time="0.002"/>
  <testcase classname="jalview.io.ScoreMatrixFileTest" name="testParseMatrix_ncbiHeaderRepeated" time="0.002"/>
  <testcase classname="jalview.io.ScoreMatrixFileTest" name="testParseMatrix_aaindex_rowColMismatch" time="0.003"/>
  <testcase classname="jalview.io.ScoreMatrixFileTest" name="testParseMatrix_ncbiBadDelimiter" time="0.001"/>
  <testcase classname="jalview.io.ScoreMatrixFileTest" name="testParseMatrix_ncbiBadFloat" time="0.001"/>
  <testcase classname="jalview.io.ScoreMatrixFileTest" name="testParseMatrix_aaindex_extraDataLines" time="0.003"/>
  <testcase classname="jalview.io.ScoreMatrixFileTest" name="testParseMatrix_aaindex_mMissing" time="0.002"/>
  <testcase classname="jalview.io.ScoreMatrixFileTest" name="testParseMatrix_ncbiNameMissing" time="0.004"/>
  <testcase classname="jalview.io.ScoreMatrixFileTest" name="testParseMatrix_aaindex_tooManyRows" time="0.001"/>
  <testcase classname="jalview.io.ScoreMatrixFileTest" name="testParseMatrix_ncbiNotEnoughRows" time="0.002"/>
  <testcase classname="jalview.io.ScoreMatrixFileTest" name="testParseMatrix_ncbiTooManyColumns" time="0.002"/>
  <testcase classname="jalview.io.ScoreMatrixFileTest" name="testParseMatrix_aaindexFormat" time="0.001"/>
  <testcase classname="jalview.io.ScoreMatrixFileTest" name="testParseMatrix_aaindex_tooFewColumns" time="0.001"/>
  <testcase classname="jalview.io.ScoreMatrixFileTest" name="testParseMatrix_aaIndexBlosum80" time="0.003"/>
  <testcase classname="jalview.io.ScoreMatrixFileTest" name="testParseMatrix_ncbiBadGuideCharacter" time="0.002"/>
  <testcase classname="jalview.io.ScoreMatrixFileTest" name="testParseMatrix_ncbiTooManyRows" time="0.002"/>
  <testcase classname="jalview.io.ScoreMatrixFileTest" name="testParseMatrix_headerMissing" time="0.002"/>
  <testcase classname="jalview.io.ScoreMatrixFileTest" name="testParse_ncbiFormat" time="0.001"/>
  <testcase classname="jalview.io.ScoreMatrixFileTest" name="testParseMatrix_ncbiFormat" time="0.001"/>
</testsuite> <!-- jalview.io.ScoreMatrixFileTest -->
