<?xml version="1.0" encoding="UTF-8"?>
<!-- Generated by org.testng.reporters.JUnitReportReporter -->
<testsuite hostname="wer3eng" failures="0" tests="3" name="jalview.datamodel.DBRefEntryTest" time="0.003" errors="0" timestamp="2 Jul 2023 08:13:44 GMT">
  <testcase classname="jalview.datamodel.DBRefEntryTest" name="testUpdateFrom" time="0.000"/>
  <testcase classname="jalview.datamodel.DBRefEntryTest" name="testEqualRef" time="0.002"/>
  <testcase classname="jalview.datamodel.DBRefEntryTest" name="testIsPrimaryCandidate" time="0.001"/>
</testsuite> <!-- jalview.datamodel.DBRefEntryTest -->
