<?xml version="1.0" encoding="UTF-8"?>
<!-- Generated by org.testng.reporters.JUnitReportReporter -->
<testsuite hostname="wer3eng" failures="0" tests="5" name="jalview.gui.JvSwingUtilsTest" time="0.003" errors="0" timestamp="2 Jul 2023 08:13:44 GMT">
  <testcase classname="jalview.gui.JvSwingUtilsTest" name="testWrapTooltip_multilineShortText" time="0.000"/>
  <testcase classname="jalview.gui.JvSwingUtilsTest" name="testWrapTooltip_longText" time="0.001"/>
  <testcase classname="jalview.gui.JvSwingUtilsTest" name="testWrapTooltip_shortText" time="0.000"/>
  <testcase classname="jalview.gui.JvSwingUtilsTest" name="testGetScrollValueForProportion" time="0.001"/>
  <testcase classname="jalview.gui.JvSwingUtilsTest" name="testGetScrollBarProportion" time="0.001"/>
</testsuite> <!-- jalview.gui.JvSwingUtilsTest -->
