<?xml version="1.0" encoding="UTF-8"?>
<!-- Generated by org.testng.reporters.JUnitReportReporter -->
<testsuite hostname="wer3eng" failures="0" tests="6" name="jalview.datamodel.PDBEntryTest" time="0.001" errors="0" timestamp="2 Jul 2023 08:13:44 GMT">
  <testcase classname="jalview.datamodel.PDBEntryTest" name="testConstructor_fromDbref" time="0.000"/>
  <testcase classname="jalview.datamodel.PDBEntryTest" name="testTypeMatches" time="0.001"/>
  <testcase classname="jalview.datamodel.PDBEntryTest" name="testEquals" time="0.000"/>
  <testcase classname="jalview.datamodel.PDBEntryTest" name="testSetChainCode" time="0.000"/>
  <testcase classname="jalview.datamodel.PDBEntryTest" name="testGetType" time="0.000"/>
  <testcase classname="jalview.datamodel.PDBEntryTest" name="testUpdateFrom" time="0.000"/>
</testsuite> <!-- jalview.datamodel.PDBEntryTest -->
