<?xml version="1.0" encoding="UTF-8"?>
<!-- Generated by org.testng.reporters.JUnitReportReporter -->
<testsuite hostname="wer3eng" failures="0" tests="3" name="jalview.ext.ensembl.EnsemblGenomeTest" time="0.002" errors="0" timestamp="2 Jul 2023 08:13:44 GMT">
  <testcase classname="jalview.ext.ensembl.EnsemblGenomeTest" name="testRetainFeature" time="0.000"/>
  <testcase classname="jalview.ext.ensembl.EnsemblGenomeTest" name="testGetIdentifyingFeatures" time="0.001"/>
  <testcase classname="jalview.ext.ensembl.EnsemblGenomeTest" name="testGetGenomicRangesFromFeatures" time="0.001"/>
</testsuite> <!-- jalview.ext.ensembl.EnsemblGenomeTest -->
