<?xml version="1.0" encoding="UTF-8"?>
<!-- Generated by org.testng.reporters.JUnitReportReporter -->
<testsuite hostname="wer3eng" failures="0" tests="7" name="jalview.gui.structurechooser.StructureChooserQuerySourceTest" time="2.579" errors="0" timestamp="2 Jul 2023 08:13:44 GMT">
  <testcase classname="jalview.gui.structurechooser.StructureChooserQuerySourceTest" name="cascadingThreeDBandPDBQuerys" time="0.281"/>
  <testcase classname="jalview.gui.structurechooser.StructureChooserQuerySourceTest" name="cascadingThreeDBandPDBQuerys" time="0.506"/>
  <testcase classname="jalview.gui.structurechooser.StructureChooserQuerySourceTest" name="buildThreeDBQueryTest" time="0.022"/>
  <testcase classname="jalview.gui.structurechooser.StructureChooserQuerySourceTest" name="buildPDBQueryTest" time="0.009"/>
  <testcase classname="jalview.gui.structurechooser.StructureChooserQuerySourceTest" name="cascadingThreeDBandPDBQuerys" time="1.392"/>
  <testcase classname="jalview.gui.structurechooser.StructureChooserQuerySourceTest" name="sanitizeSeqNameTest" time="0.001"/>
  <testcase classname="jalview.gui.structurechooser.StructureChooserQuerySourceTest" name="cascadingThreeDBandPDBQuerys" time="0.368"/>
</testsuite> <!-- jalview.gui.structurechooser.StructureChooserQuerySourceTest -->
