<?xml version="1.0" encoding="UTF-8"?>
<!-- Generated by org.testng.reporters.JUnitReportReporter -->
<testsuite hostname="wer3eng" failures="0" tests="8" name="jalview.util.ColorUtilsTest" time="0.002" errors="0" timestamp="2 Jul 2023 08:13:44 GMT">
  <testcase classname="jalview.util.ColorUtilsTest" name="testToTkCode" time="0.000"/>
  <testcase classname="jalview.util.ColorUtilsTest" name="testGetAWTColorFromName" time="0.000"/>
  <testcase classname="jalview.util.ColorUtilsTest" name="testBrighterThan" time="0.000"/>
  <testcase classname="jalview.util.ColorUtilsTest" name="testGetGraduatedColour" time="0.000"/>
  <testcase classname="jalview.util.ColorUtilsTest" name="testCreateColourFromName" time="0.001"/>
  <testcase classname="jalview.util.ColorUtilsTest" name="testDarkerThan" time="0.000"/>
  <testcase classname="jalview.util.ColorUtilsTest" name="testParseColourString" time="0.001"/>
  <testcase classname="jalview.util.ColorUtilsTest" name="testBleachColour" time="0.000"/>
</testsuite> <!-- jalview.util.ColorUtilsTest -->
