<?xml version="1.0" encoding="UTF-8"?>
<!-- Generated by org.testng.reporters.JUnitReportReporter -->
<testsuite hostname="wer3eng" failures="0" tests="7" name="jalview.schemes.AnnotationColourGradientTest" time="0.003" errors="0" timestamp="2 Jul 2023 08:13:44 GMT">
  <testcase classname="jalview.schemes.AnnotationColourGradientTest" name="testShadeCalculation_noThreshold" time="0.001"/>
  <testcase classname="jalview.schemes.AnnotationColourGradientTest" name="testFindColour_noThreshold" time="0.000"/>
  <testcase classname="jalview.schemes.AnnotationColourGradientTest" name="testShadeCalculation_belowThreshold" time="0.000"/>
  <testcase classname="jalview.schemes.AnnotationColourGradientTest" name="testFindColour_belowThreshold" time="0.000"/>
  <testcase classname="jalview.schemes.AnnotationColourGradientTest" name="testShadeCalculation_aboveThreshold" time="0.001"/>
  <testcase classname="jalview.schemes.AnnotationColourGradientTest" name="testFindColour_aboveThreshold" time="0.001"/>
  <testcase classname="jalview.schemes.AnnotationColourGradientTest" name="testFindColour_originalColours" time="0.000"/>
</testsuite> <!-- jalview.schemes.AnnotationColourGradientTest -->
