<?xml version="1.0" encoding="UTF-8"?>
<!-- Generated by org.testng.reporters.JUnitReportReporter -->
<testsuite hostname="wer3eng" failures="0" tests="7" name="jalview.io.FileIOTester" time="0.003" errors="0" timestamp="2 Jul 2023 08:13:44 GMT">
  <testcase classname="jalview.io.FileIOTester" name="testNonGziplocalFileIO" time="0.000"/>
  <testcase classname="jalview.io.FileIOTester" name="testIsGzipInputStream" time="0.000"/>
  <testcase classname="jalview.io.FileIOTester" name="testGzipIo" time="0.001"/>
  <testcase classname="jalview.io.FileIOTester" name="testGziplocalFileIO" time="0.001"/>
  <testcase classname="jalview.io.FileIOTester" name="testStarsInFasta2" time="0.000"/>
  <testcase classname="jalview.io.FileIOTester" name="testNonGzipURLIO" time="0.001"/>
  <testcase classname="jalview.io.FileIOTester" name="testStarsInFasta1" time="0.000"/>
</testsuite> <!-- jalview.io.FileIOTester -->
