<?xml version="1.0" encoding="UTF-8"?>
<!-- Generated by org.testng.reporters.JUnitReportReporter -->
<testsuite hostname="wer3eng" failures="0" tests="7" name="jalview.io.FileFormatsTest" time="0.002" errors="0" timestamp="2 Jul 2023 08:13:44 GMT">
  <testcase classname="jalview.io.FileFormatsTest" name="testIsIdentifiable" time="0.000"/>
  <testcase classname="jalview.io.FileFormatsTest" name="testRegisterFileFormat" time="0.002"/>
  <testcase classname="jalview.io.FileFormatsTest" name="testGetFormats" time="0.000"/>
  <testcase classname="jalview.io.FileFormatsTest" name="testDeregisterFileFormat" time="0.000"/>
  <testcase classname="jalview.io.FileFormatsTest" name="testForName" time="0.000"/>
  <testcase classname="jalview.io.FileFormatsTest" name="testGetWritableFormats" time="0.000"/>
  <testcase classname="jalview.io.FileFormatsTest" name="testGetReadableFormats" time="0.000"/>
</testsuite> <!-- jalview.io.FileFormatsTest -->
