<?xml version="1.0" encoding="UTF-8"?>
<!-- Generated by org.testng.reporters.JUnitReportReporter -->
<testsuite hostname="wer3eng" failures="0" tests="3" name="jalview.gui.ProgressBarTest" time="0.070" errors="0" timestamp="2 Jul 2023 08:13:44 GMT">
  <testcase classname="jalview.gui.ProgressBarTest" name="testConstructor_wrongLayout" time="0.000"/>
  <testcase classname="jalview.gui.ProgressBarTest" name="testSetProgressBar" time="0.070"/>
  <testcase classname="jalview.gui.ProgressBarTest" name="testConstructor_prematureInstantiation" time="0.000"/>
</testsuite> <!-- jalview.gui.ProgressBarTest -->
