<?xml version="1.0" encoding="UTF-8"?>
<!-- Generated by org.testng.reporters.JUnitReportReporter -->
<testsuite hostname="wer3eng" failures="0" tests="14" name="jalview.io.FeaturesFileTest" time="0.178" errors="0" timestamp="2 Jul 2023 08:13:44 GMT">
  <testcase classname="jalview.io.FeaturesFileTest" name="testPrintJalviewFormat_withFilters" time="0.016"/>
  <testcase classname="jalview.io.FeaturesFileTest" name="simpleGff3RelaxedIdMatching" time="0.001"/>
  <testcase classname="jalview.io.FeaturesFileTest" name="testPrintJalviewFormat" time="0.018"/>
  <testcase classname="jalview.io.FeaturesFileTest" name="testParseFilters" time="0.001"/>
  <testcase classname="jalview.io.FeaturesFileTest" name="simpleGff3FileClass" time="0.001"/>
  <testcase classname="jalview.io.FeaturesFileTest" name="testParse_jalviewFeaturesOnly" time="0.016"/>
  <testcase classname="jalview.io.FeaturesFileTest" name="readGff3File" time="0.002"/>
  <testcase classname="jalview.io.FeaturesFileTest" name="testParse_pureGff3" time="0.016"/>
  <testcase classname="jalview.io.FeaturesFileTest" name="testParse" time="0.038"/>
  <testcase classname="jalview.io.FeaturesFileTest" name="testPrintGffFormat_withFilters" time="0.015"/>
  <testcase classname="jalview.io.FeaturesFileTest" name="simpleGff3FileLoader" time="0.017"/>
  <testcase classname="jalview.io.FeaturesFileTest" name="testOutputFeatureFilters" time="0.001"/>
  <testcase classname="jalview.io.FeaturesFileTest" name="testParse_mixedJalviewGff" time="0.018"/>
  <testcase classname="jalview.io.FeaturesFileTest" name="testPrintGffFormat" time="0.018"/>
</testsuite> <!-- jalview.io.FeaturesFileTest -->
