<?xml version="1.0" encoding="UTF-8"?>
<!-- Generated by org.testng.reporters.JUnitReportReporter -->
<testsuite hostname="wer3eng" failures="0" tests="2" name="jalview.gui.AnnotationLabelsTest" time="0.001" errors="0" timestamp="2 Jul 2023 08:13:44 GMT">
  <testcase classname="jalview.gui.AnnotationLabelsTest" name="testGetTooltip" time="0.001"/>
  <testcase classname="jalview.gui.AnnotationLabelsTest" name="testGetStatusMessage" time="0.000"/>
</testsuite> <!-- jalview.gui.AnnotationLabelsTest -->
