<?xml version="1.0" encoding="UTF-8"?>
<!-- Generated by org.testng.reporters.JUnitReportReporter -->
<testsuite hostname="wer3eng" failures="0" tests="25" name="jalview.commands.EditCommandTest" time="0.036" errors="0" timestamp="2 Jul 2023 08:13:44 GMT">
  <testcase classname="jalview.commands.EditCommandTest" name="testPriorState_singleDelete" time="0.000"/>
  <testcase classname="jalview.commands.EditCommandTest" name="testAddEdit_multipleDeleteGap" time="0.001"/>
  <testcase classname="jalview.commands.EditCommandTest" name="testAddEdit_groupInsertGaps" time="0.000"/>
  <testcase classname="jalview.commands.EditCommandTest" name="testPriorState_singleInsert" time="0.000"/>
  <testcase classname="jalview.commands.EditCommandTest" name="testReplace_withGaps" time="0.000"/>
  <testcase classname="jalview.commands.EditCommandTest" name="testUndo_deleteGap" time="0.000"/>
  <testcase classname="jalview.commands.EditCommandTest" name="testReplaceFirstResiduesWithGaps" time="0.000"/>
  <testcase classname="jalview.commands.EditCommandTest" name="testUndo_cut" time="0.001"/>
  <testcase classname="jalview.commands.EditCommandTest" name="testPriorState_removeGappedCols" time="0.000"/>
  <testcase classname="jalview.commands.EditCommandTest" name="testCut" time="0.000"/>
  <testcase classname="jalview.commands.EditCommandTest" name="testCut_withFeatures5prime" time="0.000"/>
  <testcase classname="jalview.commands.EditCommandTest" name="testCut_withFeatures_exhaustive" time="0.031"/>
  <testcase classname="jalview.commands.EditCommandTest" name="testCut_withFeatures" time="0.001"/>
  <testcase classname="jalview.commands.EditCommandTest" name="testPriorState_singleInsertWithOffset" time="0.000"/>
  <testcase classname="jalview.commands.EditCommandTest" name="testReplace" time="0.000"/>
  <testcase classname="jalview.commands.EditCommandTest" name="testAppendEdit_insertGap" time="0.000"/>
  <testcase classname="jalview.commands.EditCommandTest" name="testUndo_multipleCommands" time="0.000"/>
  <testcase classname="jalview.commands.EditCommandTest" name="testPriorState_removeAllGaps" time="0.000"/>
  <testcase classname="jalview.commands.EditCommandTest" name="testAddEdit_multipleInsertGap" time="0.000"/>
  <testcase classname="jalview.commands.EditCommandTest" name="testUndo_multipleInsertGaps" time="0.000"/>
  <testcase classname="jalview.commands.EditCommandTest" name="testAppendEdit_deleteGap" time="0.001"/>
  <testcase classname="jalview.commands.EditCommandTest" name="testPriorState_removeGapsMultipleSeqs" time="0.000"/>
  <testcase classname="jalview.commands.EditCommandTest" name="testPriorState_multipleInserts" time="0.001"/>
  <testcase classname="jalview.commands.EditCommandTest" name="testAddEdit_removeAllGaps" time="0.000"/>
  <testcase classname="jalview.commands.EditCommandTest" name="testUndo_insertGap" time="0.000"/>
</testsuite> <!-- jalview.commands.EditCommandTest -->
