<?xml version="1.0" encoding="UTF-8"?>
<!-- Generated by org.testng.reporters.JUnitReportReporter -->
<testsuite hostname="wer3eng" failures="0" tests="5" name="jalview.analysis.ConservationTest" time="0.003" errors="0" timestamp="2 Jul 2023 08:13:44 GMT">
  <testcase classname="jalview.analysis.ConservationTest" name="testVerdict" time="0.001"/>
  <testcase classname="jalview.analysis.ConservationTest" name="testCalculate_noThreshold" time="0.001"/>
  <testcase classname="jalview.analysis.ConservationTest" name="testRecordConservation" time="0.000"/>
  <testcase classname="jalview.analysis.ConservationTest" name="testCountConservationAndGaps" time="0.000"/>
  <testcase classname="jalview.analysis.ConservationTest" name="testCalculate_threshold" time="0.001"/>
</testsuite> <!-- jalview.analysis.ConservationTest -->
