<?xml version="1.0" encoding="UTF-8"?>
<!-- Generated by org.testng.reporters.JUnitReportReporter -->
<testsuite hostname="wer3eng" failures="0" tests="2" name="jalview.bin.CacheTest" time="10.002" errors="0" timestamp="2 Jul 2023 08:13:44 GMT">
  <testcase classname="jalview.bin.CacheTest" name="testSetDateProperty" time="0.000"/>
  <testcase classname="jalview.bin.CacheTest" name="testVersionChecker" time="10.002"/>
</testsuite> <!-- jalview.bin.CacheTest -->
