<?xml version="1.0" encoding="UTF-8"?>
<!-- Generated by org.testng.reporters.JUnitReportReporter -->
<testsuite hostname="wer3eng" failures="0" tests="1" name="jalview.renderer.ScaleRendererTest" time="0.028" errors="0" timestamp="2 Jul 2023 08:13:44 GMT">
  <testcase classname="jalview.renderer.ScaleRendererTest" name="testCalculateMarks" time="0.028"/>
</testsuite> <!-- jalview.renderer.ScaleRendererTest -->
