<?xml version="1.0" encoding="UTF-8"?>
<!-- Generated by org.testng.reporters.JUnitReportReporter -->
<testsuite hostname="wer3eng" failures="0" tests="4" name="jalview.analysis.scoremodels.PIDModelTest" time="0.001" errors="0" timestamp="2 Jul 2023 08:13:44 GMT">
  <testcase classname="jalview.analysis.scoremodels.PIDModelTest" name="testComputePID_matchesComparisonPID" time="0.001"/>
  <testcase classname="jalview.analysis.scoremodels.PIDModelTest" name="testComputePID_matchShortestSequence" time="0.000"/>
  <testcase classname="jalview.analysis.scoremodels.PIDModelTest" name="testComputePID_matchLongestSequence" time="0.000"/>
  <testcase classname="jalview.analysis.scoremodels.PIDModelTest" name="testGetPairwiseScore" time="0.000"/>
</testsuite> <!-- jalview.analysis.scoremodels.PIDModelTest -->
