<?xml version="1.0" encoding="UTF-8"?>
<!-- Generated by org.testng.reporters.JUnitReportReporter -->
<testsuite hostname="wer3eng" failures="0" tests="1" name="jalview.datamodel.SequenceDummyTest" time="0.000" errors="0" timestamp="2 Jul 2023 08:13:44 GMT">
  <testcase classname="jalview.datamodel.SequenceDummyTest" name="testBecome" time="0.000"/>
</testsuite> <!-- jalview.datamodel.SequenceDummyTest -->
