<?xml version="1.0" encoding="UTF-8"?>
<!-- Generated by org.testng.reporters.JUnitReportReporter -->
<testsuite hostname="wer3eng" failures="0" tests="13" name="jalview.fts.threedbeacons.TDBeaconsFTSRestClientTest" time="0.307" errors="0" timestamp="2 Jul 2023 08:13:44 GMT">
  <testcase classname="jalview.fts.threedbeacons.TDBeaconsFTSRestClientTest" name="testMockTDBRequest" time="0.303"/>
  <testcase classname="jalview.fts.threedbeacons.TDBeaconsFTSRestClientTest" name="getAllFTSDataColumns" time="0.000"/>
  <testcase classname="jalview.fts.threedbeacons.TDBeaconsFTSRestClientTest" name="getPrimaryKeyColumn" time="0.001"/>
  <testcase classname="jalview.fts.threedbeacons.TDBeaconsFTSRestClientTest" name="getDataColumnGroupById" time="0.000"/>
  <testcase classname="jalview.fts.threedbeacons.TDBeaconsFTSRestClientTest" name="getDataColumnByNameOrCode" time="0.000"/>
  <testcase classname="jalview.fts.threedbeacons.TDBeaconsFTSRestClientTest" name="getDataColumnsFieldsAsCommaDelimitedString" time="0.000"/>
  <testcase classname="jalview.fts.threedbeacons.TDBeaconsFTSRestClientTest" name="getSearchableDataColumns" time="0.001"/>
  <testcase classname="jalview.fts.threedbeacons.TDBeaconsFTSRestClientTest" name="getColumnClassTest" time="0.000"/>
  <testcase classname="jalview.fts.threedbeacons.TDBeaconsFTSRestClientTest" name="getTDBIdColumIndexTest" time="0.001"/>
  <testcase classname="jalview.fts.threedbeacons.TDBeaconsFTSRestClientTest" name="getColumnMinWidthTest" time="0.000"/>
  <testcase classname="jalview.fts.threedbeacons.TDBeaconsFTSRestClientTest" name="getPrimaryKeyColumIndexTest" time="0.000"/>
  <testcase classname="jalview.fts.threedbeacons.TDBeaconsFTSRestClientTest" name="coverageForEqualsAndHashFunction" time="0.000"/>
  <testcase classname="jalview.fts.threedbeacons.TDBeaconsFTSRestClientTest" name="getDefaultResponsePageSize" time="0.001"/>
</testsuite> <!-- jalview.fts.threedbeacons.TDBeaconsFTSRestClientTest -->
