<?xml version="1.0" encoding="UTF-8"?>
<!-- Generated by org.testng.reporters.JUnitReportReporter -->
<testsuite hostname="wer3eng" failures="0" tests="5" name="jalview.ws.dbsources.UniprotTest" time="0.137" errors="0" timestamp="2 Jul 2023 08:13:44 GMT">
  <testcase classname="jalview.ws.dbsources.UniprotTest" name="testGetUniprotSequence" time="0.024"/>
  <testcase classname="jalview.ws.dbsources.UniprotTest" name="testGetUniprotEntryDescription" time="0.021"/>
  <testcase classname="jalview.ws.dbsources.UniprotTest" name="testGetDescription" time="0.002"/>
  <testcase classname="jalview.ws.dbsources.UniprotTest" name="testGetUniprotEntryId" time="0.026"/>
  <testcase classname="jalview.ws.dbsources.UniprotTest" name="testGetUniprotEntries" time="0.064"/>
</testsuite> <!-- jalview.ws.dbsources.UniprotTest -->
