<?xml version="1.0" encoding="UTF-8"?>
<!-- Generated by org.testng.reporters.JUnitReportReporter -->
<testsuite hostname="wer3eng" failures="0" tests="6" name="jalview.analysis.scoremodels.FeatureDistanceModelTest" time="0.118" errors="0" timestamp="2 Jul 2023 08:13:44 GMT">
  <testcase classname="jalview.analysis.scoremodels.FeatureDistanceModelTest" name="testFindFeatureAt_PointFeature" time="0.018"/>
  <testcase classname="jalview.analysis.scoremodels.FeatureDistanceModelTest" name="testFeatureScoreModel_hiddenFirstColumn" time="0.016"/>
  <testcase classname="jalview.analysis.scoremodels.FeatureDistanceModelTest" name="testFeatureScoreModel" time="0.024"/>
  <testcase classname="jalview.analysis.scoremodels.FeatureDistanceModelTest" name="testFindDistances" time="0.022"/>
  <testcase classname="jalview.analysis.scoremodels.FeatureDistanceModelTest" name="testFeatureScoreModel_HiddenColumns" time="0.022"/>
  <testcase classname="jalview.analysis.scoremodels.FeatureDistanceModelTest" name="testFindDistances_withParams" time="0.016"/>
</testsuite> <!-- jalview.analysis.scoremodels.FeatureDistanceModelTest -->
