<?xml version="1.0" encoding="UTF-8"?>
<!-- Generated by org.testng.reporters.JUnitReportReporter -->
<testsuite hostname="wer3eng" failures="0" tests="4" name="jalview.schemes.ColourSchemesTest" time="0.089" errors="0" timestamp="2 Jul 2023 08:13:44 GMT">
  <testcase classname="jalview.schemes.ColourSchemesTest" name="testGetColourSchemes" time="0.000"/>
  <testcase classname="jalview.schemes.ColourSchemesTest" name="testGetColourScheme" time="0.048"/>
  <testcase classname="jalview.schemes.ColourSchemesTest" name="testNameExists" time="0.000"/>
  <testcase classname="jalview.schemes.ColourSchemesTest" name="testRegisterColourScheme" time="0.041"/>
</testsuite> <!-- jalview.schemes.ColourSchemesTest -->
