<?xml version="1.0" encoding="UTF-8"?>
<!-- Generated by org.testng.reporters.JUnitReportReporter -->
<testsuite hostname="wer3eng" failures="0" tests="3" name="jalview.util.matcher.ConditionTest" time="0.000" errors="0" timestamp="2 Jul 2023 08:13:44 GMT">
  <testcase classname="jalview.util.matcher.ConditionTest" name="testGetStableName" time="0.000"/>
  <testcase classname="jalview.util.matcher.ConditionTest" name="testToString" time="0.000"/>
  <testcase classname="jalview.util.matcher.ConditionTest" name="testFromString" time="0.000"/>
</testsuite> <!-- jalview.util.matcher.ConditionTest -->
