<?xml version="1.0" encoding="UTF-8"?>
<!-- Generated by org.testng.reporters.JUnitReportReporter -->
<testsuite hostname="wer3eng" failures="0" tests="9" name="jalview.datamodel.features.FeatureMatcherSetTest" time="0.004" errors="0" timestamp="2 Jul 2023 08:13:44 GMT">
  <testcase classname="jalview.datamodel.features.FeatureMatcherSetTest" name="testOr" time="0.000"/>
  <testcase classname="jalview.datamodel.features.FeatureMatcherSetTest" name="testToString" time="0.001"/>
  <testcase classname="jalview.datamodel.features.FeatureMatcherSetTest" name="testToStableString" time="0.000"/>
  <testcase classname="jalview.datamodel.features.FeatureMatcherSetTest" name="testMatches_compoundKey" time="0.001"/>
  <testcase classname="jalview.datamodel.features.FeatureMatcherSetTest" name="testMatches_byAttribute" time="0.000"/>
  <testcase classname="jalview.datamodel.features.FeatureMatcherSetTest" name="testGetMatchers" time="0.001"/>
  <testcase classname="jalview.datamodel.features.FeatureMatcherSetTest" name="testFromString" time="0.001"/>
  <testcase classname="jalview.datamodel.features.FeatureMatcherSetTest" name="testIsEmpty" time="0.000"/>
  <testcase classname="jalview.datamodel.features.FeatureMatcherSetTest" name="testAnd" time="0.000"/>
</testsuite> <!-- jalview.datamodel.features.FeatureMatcherSetTest -->
