<?xml version="1.0" encoding="UTF-8"?>
<!-- Generated by org.testng.reporters.JUnitReportReporter -->
<testsuite hostname="wer3eng" failures="0" tests="1" name="jalview.fts.threedbeacons.TDBeaconsPanelTest" time="0.068" errors="0" timestamp="2 Jul 2023 08:13:44 GMT">
  <testcase classname="jalview.fts.threedbeacons.TDBeaconsPanelTest" name="populateCmbSearchTargetOptionsTest" time="0.068"/>
</testsuite> <!-- jalview.fts.threedbeacons.TDBeaconsPanelTest -->
