<?xml version="1.0" encoding="UTF-8"?>
<!-- Generated by org.testng.reporters.JUnitReportReporter -->
<testsuite hostname="wer3eng" failures="0" tests="4" name="jalview.datamodel.features.FeatureAttributesTest" time="0.001" errors="0" timestamp="2 Jul 2023 08:13:44 GMT">
  <testcase classname="jalview.datamodel.features.FeatureAttributesTest" name="testDatatype" time="0.000"/>
  <testcase classname="jalview.datamodel.features.FeatureAttributesTest" name="testAttributeNameComparator" time="0.000"/>
  <testcase classname="jalview.datamodel.features.FeatureAttributesTest" name="testGetMinMax" time="0.001"/>
  <testcase classname="jalview.datamodel.features.FeatureAttributesTest" name="testGetDescription" time="0.000"/>
</testsuite> <!-- jalview.datamodel.features.FeatureAttributesTest -->
