<?xml version="1.0" encoding="UTF-8"?>
<!-- Generated by org.testng.reporters.JUnitReportReporter -->
<testsuite hostname="wer3eng" failures="0" tests="9" name="jalview.util.UrlLinkTest" time="0.012" errors="0" timestamp="2 Jul 2023 08:13:44 GMT">
  <testcase classname="jalview.util.UrlLinkTest" name="testLinksWithTargets" time="0.000"/>
  <testcase classname="jalview.util.UrlLinkTest" name="testCreateLinksForNonDynamic" time="0.000"/>
  <testcase classname="jalview.util.UrlLinkTest" name="testLinkComparator" time="0.000"/>
  <testcase classname="jalview.util.UrlLinkTest" name="testCreateLinksFromNullSequence" time="0.000"/>
  <testcase classname="jalview.util.UrlLinkTest" name="testUrlLinkCreationNoRegex" time="0.000"/>
  <testcase classname="jalview.util.UrlLinkTest" name="testUrlLinkCreationWithRegex" time="0.000"/>
  <testcase classname="jalview.util.UrlLinkTest" name="testMakeUrlNoRegex" time="0.001"/>
  <testcase classname="jalview.util.UrlLinkTest" name="testCreateLinksFromSequence" time="0.001"/>
  <testcase classname="jalview.util.UrlLinkTest" name="testMakeUrlWithRegex" time="0.010"/>
</testsuite> <!-- jalview.util.UrlLinkTest -->
