<?xml version="1.0" encoding="UTF-8"?>
<!-- Generated by org.testng.reporters.JUnitReportReporter -->
<testsuite hostname="wer3eng" failures="0" tests="4" name="jalview.io.PhylipFileTests" time="0.028" errors="0" timestamp="2 Jul 2023 08:13:44 GMT">
  <testcase classname="jalview.io.PhylipFileTests" name="testInterleavedIO" time="0.017"/>
  <testcase classname="jalview.io.PhylipFileTests" name="testInterleavedDataExtraction" time="0.003"/>
  <testcase classname="jalview.io.PhylipFileTests" name="testSequentialDataExtraction" time="0.002"/>
  <testcase classname="jalview.io.PhylipFileTests" name="testSequentialIO" time="0.006"/>
</testsuite> <!-- jalview.io.PhylipFileTests -->
