<?xml version="1.0" encoding="UTF-8"?>
<!-- Generated by org.testng.reporters.JUnitReportReporter -->
<testsuite hostname="wer3eng" failures="0" tests="1" name="jalview.gui.StructureViewerTest" time="0.000" errors="0" timestamp="2 Jul 2023 08:13:44 GMT">
  <testcase classname="jalview.gui.StructureViewerTest" name="testGetSequencesForPdbs" time="0.000"/>
</testsuite> <!-- jalview.gui.StructureViewerTest -->
