<?xml version="1.0" encoding="UTF-8"?>
<!-- Generated by org.testng.reporters.JUnitReportReporter -->
<testsuite hostname="wer3eng" failures="0" tests="2" name="jalview.io.PfamFormatInputTest" time="0.000" errors="0" timestamp="2 Jul 2023 08:13:44 GMT">
  <testcase classname="jalview.io.PfamFormatInputTest" name="testPfamFormatValidLimits" time="0.000"/>
  <testcase classname="jalview.io.PfamFormatInputTest" name="testPfamFormatNoLimits" time="0.000"/>
</testsuite> <!-- jalview.io.PfamFormatInputTest -->
