<?xml version="1.0" encoding="UTF-8"?>
<!-- Generated by org.testng.reporters.JUnitReportReporter -->
<testsuite hostname="wer3eng" failures="0" tests="28" name="jalview.bin.CommandLineOperations" time="42.476" errors="0" timestamp="2 Jul 2023 08:13:44 GMT">
  <testcase classname="jalview.bin.CommandLineOperations" name="testAllInputOperations" time="0.000"/>
  <testcase classname="jalview.bin.CommandLineOperations" name="testHeadlessModeOutputOperations" time="2.548"/>
  <testcase classname="jalview.bin.CommandLineOperations" name="testAllInputOperations" time="0.000"/>
  <testcase classname="jalview.bin.CommandLineOperations" name="testAllInputOperations" time="0.000"/>
  <testcase classname="jalview.bin.CommandLineOperations" name="testHeadlessModeOutputOperations" time="2.581"/>
  <testcase classname="jalview.bin.CommandLineOperations" name="testAllInputOperations" time="0.000"/>
  <testcase classname="jalview.bin.CommandLineOperations" name="testHeadlessModeOutputOperations" time="2.678"/>
  <testcase classname="jalview.bin.CommandLineOperations" name="testHeadlessModeOutputOperations" time="2.578"/>
  <testcase classname="jalview.bin.CommandLineOperations" name="testAllInputOperations" time="0.000"/>
  <testcase classname="jalview.bin.CommandLineOperations" name="testAllInputOperations" time="0.000"/>
  <testcase classname="jalview.bin.CommandLineOperations" name="testHeadlessModeOutputOperations" time="2.912"/>
  <testcase classname="jalview.bin.CommandLineOperations" name="testHeadlessModeOutputOperations" time="2.837"/>
  <testcase classname="jalview.bin.CommandLineOperations" name="testAllInputOperations" time="0.000"/>
  <testcase classname="jalview.bin.CommandLineOperations" name="testAllInputOperations" time="0.000"/>
  <testcase classname="jalview.bin.CommandLineOperations" name="testHeadlessModeOutputOperations" time="2.553"/>
  <testcase classname="jalview.bin.CommandLineOperations" name="testAllInputOperations" time="0.000"/>
  <testcase classname="jalview.bin.CommandLineOperations" name="testHeadlessModeOutputOperations" time="2.582"/>
  <testcase classname="jalview.bin.CommandLineOperations" name="testHeadlessModeOutputOperations" time="2.804"/>
  <testcase classname="jalview.bin.CommandLineOperations" name="testHeadlessModeOutputOperations" time="2.521"/>
  <testcase classname="jalview.bin.CommandLineOperations" name="testHeadlessModeOutputOperations" time="2.653"/>
  <testcase classname="jalview.bin.CommandLineOperations" name="testHeadlessModeOutputOperations" time="2.559"/>
  <testcase classname="jalview.bin.CommandLineOperations" name="testHeadlessModeOutputOperations" time="2.637"/>
  <testcase classname="jalview.bin.CommandLineOperations" name="testHeadlessModeOutputOperations" time="2.662"/>
  <testcase classname="jalview.bin.CommandLineOperations" name="testHeadlessModeOutputOperations" time="2.825"/>
  <testcase classname="jalview.bin.CommandLineOperations" name="reportCurrentWorkingDirectory" time="0.000"/>
  <testcase classname="jalview.bin.CommandLineOperations" name="testAllInputOperations" time="0.000"/>
  <testcase classname="jalview.bin.CommandLineOperations" name="testHeadlessModeOutputOperations" time="2.546"/>
  <testcase classname="jalview.bin.CommandLineOperations" name="testAllInputOperations" time="0.000"/>
</testsuite> <!-- jalview.bin.CommandLineOperations -->
