<?xml version="1.0" encoding="UTF-8"?>
<!-- Generated by org.testng.reporters.JUnitReportReporter -->
<testsuite hostname="wer3eng" failures="0" tests="4" name="jalview.datamodel.AllColsIteratorTest" time="0.001" errors="0" timestamp="2 Jul 2023 08:13:44 GMT">
  <testcase classname="jalview.datamodel.AllColsIteratorTest" name="testLastNext" time="0.001"/>
  <testcase classname="jalview.datamodel.AllColsIteratorTest" name="testOneElement" time="0.000"/>
  <testcase classname="jalview.datamodel.AllColsIteratorTest" name="testHasNextAndNext" time="0.000"/>
  <testcase classname="jalview.datamodel.AllColsIteratorTest" name="testRemove" time="0.000"/>
</testsuite> <!-- jalview.datamodel.AllColsIteratorTest -->
