<?xml version="1.0" encoding="UTF-8"?>
<!-- Generated by org.testng.reporters.JUnitReportReporter -->
<testsuite hostname="wer3eng" failures="0" tests="5" name="jalview.util.SparseCountTest" time="0.001" errors="0" timestamp="2 Jul 2023 08:13:44 GMT">
  <testcase classname="jalview.util.SparseCountTest" name="testUnderflow" time="0.001"/>
  <testcase classname="jalview.util.SparseCountTest" name="testOverflow" time="0.000"/>
  <testcase classname="jalview.util.SparseCountTest" name="testPut" time="0.000"/>
  <testcase classname="jalview.util.SparseCountTest" name="testAdd" time="0.000"/>
  <testcase classname="jalview.util.SparseCountTest" name="testKeyAt_ValueAt" time="0.000"/>
</testsuite> <!-- jalview.util.SparseCountTest -->
