<?xml version="1.0" encoding="UTF-8"?>
<!-- Generated by org.testng.reporters.JUnitReportReporter -->
<testsuite hostname="wer3eng" failures="0" tests="29" name="jalview.datamodel.AlignmentTest" time="0.051" errors="0" timestamp="2 Jul 2023 08:13:44 GMT">
  <testcase classname="jalview.datamodel.AlignmentTest" name="testPropagateInsertionsOverlap" time="0.001"/>
  <testcase classname="jalview.datamodel.AlignmentTest" name="testFindOrCreateForNullCalcId" time="0.001"/>
  <testcase classname="jalview.datamodel.AlignmentTest" name="testAlignAs_proteinAsCdna" time="0.002"/>
  <testcase classname="jalview.datamodel.AlignmentTest" name="testSetDataset_selfReference" time="0.002"/>
  <testcase classname="jalview.datamodel.AlignmentTest" name="testFindAnnotation_byCalcId" time="0.002"/>
  <testcase classname="jalview.datamodel.AlignmentTest" name="testAlignAs_dnaAsDna" time="0.002"/>
  <testcase classname="jalview.datamodel.AlignmentTest" name="testCreateDataset_updateDbrefMappings" time="0.001"/>
  <testcase classname="jalview.datamodel.AlignmentTest" name="testAddCodonFrame" time="0.003"/>
  <testcase classname="jalview.datamodel.AlignmentTest" name="testDeleteAllAnnotations_includingAutocalculated" time="0.001"/>
  <testcase classname="jalview.datamodel.AlignmentTest" name="testAssertDatasetIsNormalised" time="0.002"/>
  <testcase classname="jalview.datamodel.AlignmentTest" name="testAlignAs_cdnaAsProtein" time="0.001"/>
  <testcase classname="jalview.datamodel.AlignmentTest" name="testFindGroup" time="0.001"/>
  <testcase classname="jalview.datamodel.AlignmentTest" name="testDeleteHiddenSequence" time="0.001"/>
  <testcase classname="jalview.datamodel.AlignmentTest" name="testDeleteAllAnnotations_excludingAutocalculated" time="0.002"/>
  <testcase classname="jalview.datamodel.AlignmentTest" name="testCreateDatasetAlignment" time="0.002"/>
  <testcase classname="jalview.datamodel.AlignmentTest" name="testDeleteSequenceByIndex" time="0.002"/>
  <testcase classname="jalview.datamodel.AlignmentTest" name="testPadGaps" time="0.002"/>
  <testcase classname="jalview.datamodel.AlignmentTest" name="testAppend" time="0.001"/>
  <testcase classname="jalview.datamodel.AlignmentTest" name="testDeleteSequenceBySeq" time="0.002"/>
  <testcase classname="jalview.datamodel.AlignmentTest" name="testAddSequencePreserveDatasetIntegrity" time="0.002"/>
  <testcase classname="jalview.datamodel.AlignmentTest" name="testPropagateInsertions" time="0.001"/>
  <testcase classname="jalview.datamodel.AlignmentTest" name="testFindAnnotations_bySeqLabelandorCalcId" time="0.001"/>
  <testcase classname="jalview.datamodel.AlignmentTest" name="testGetWidth" time="0.001"/>
  <testcase classname="jalview.datamodel.AlignmentTest" name="testCopyConstructor" time="0.002"/>
  <testcase classname="jalview.datamodel.AlignmentTest" name="testSetHiddenColumns" time="0.001"/>
  <testcase classname="jalview.datamodel.AlignmentTest" name="testAlignAs_cdnaAsProtein_singleSequence" time="0.002"/>
  <testcase classname="jalview.datamodel.AlignmentTest" name="testGetVisibleWidth" time="0.002"/>
  <testcase classname="jalview.datamodel.AlignmentTest" name="testVerifyAlignmentDatasetRefs" time="0.007"/>
  <testcase classname="jalview.datamodel.AlignmentTest" name="testCreateDatasetAlignmentWithMappedToSeqs" time="0.001"/>
</testsuite> <!-- jalview.datamodel.AlignmentTest -->
