<?xml version="1.0" encoding="UTF-8"?>
<!-- Generated by org.testng.reporters.JUnitReportReporter -->
<testsuite hostname="wer3eng" failures="0" tests="3" name="jalview.analysis.AlignSeqTest" time="0.006" errors="0" timestamp="2 Jul 2023 08:13:44 GMT">
  <testcase classname="jalview.analysis.AlignSeqTest" name="testIndexEncode_peptide" time="0.001"/>
  <testcase classname="jalview.analysis.AlignSeqTest" name="testIndexEncode_nucleotide" time="0.002"/>
  <testcase classname="jalview.analysis.AlignSeqTest" name="testExtractGaps" time="0.003"/>
</testsuite> <!-- jalview.analysis.AlignSeqTest -->
