<?xml version="1.0" encoding="UTF-8"?>
<!-- Generated by org.testng.reporters.JUnitReportReporter -->
<testsuite hostname="wer3eng" failures="0" tests="17" name="jalview.viewmodel.OverviewDimensionsHideHiddenTest" time="0.030" errors="0" timestamp="2 Jul 2023 08:13:44 GMT">
  <testcase classname="jalview.viewmodel.OverviewDimensionsHideHiddenTest" name="testSetBoxFromMouseClick" time="0.003"/>
  <testcase classname="jalview.viewmodel.OverviewDimensionsHideHiddenTest" name="testDragging" time="0.002"/>
  <testcase classname="jalview.viewmodel.OverviewDimensionsHideHiddenTest" name="testSetBoxFromViewportHiddenRowsAtStart" time="0.002"/>
  <testcase classname="jalview.viewmodel.OverviewDimensionsHideHiddenTest" name="testSetBoxFromViewportHiddenRowsAtEnd" time="0.002"/>
  <testcase classname="jalview.viewmodel.OverviewDimensionsHideHiddenTest" name="testFromMouseWithHiddenColsAtEnd" time="0.002"/>
  <testcase classname="jalview.viewmodel.OverviewDimensionsHideHiddenTest" name="testSetBoxFromViewportHiddenRowsInMiddle" time="0.002"/>
  <testcase classname="jalview.viewmodel.OverviewDimensionsHideHiddenTest" name="testFromMouseWithHiddenRowsAtStart" time="0.001"/>
  <testcase classname="jalview.viewmodel.OverviewDimensionsHideHiddenTest" name="testSetBoxFromViewport" time="0.001"/>
  <testcase classname="jalview.viewmodel.OverviewDimensionsHideHiddenTest" name="testFromMouseWithHiddenColsAtStart" time="0.002"/>
  <testcase classname="jalview.viewmodel.OverviewDimensionsHideHiddenTest" name="testSetBoxFromViewportHiddenColsAtEnd" time="0.002"/>
  <testcase classname="jalview.viewmodel.OverviewDimensionsHideHiddenTest" name="testSetBoxFromViewportHiddenColsInMiddle" time="0.001"/>
  <testcase classname="jalview.viewmodel.OverviewDimensionsHideHiddenTest" name="testPositionInBox" time="0.001"/>
  <testcase classname="jalview.viewmodel.OverviewDimensionsHideHiddenTest" name="testFromMouseWithHiddenRowsAtEnd" time="0.003"/>
  <testcase classname="jalview.viewmodel.OverviewDimensionsHideHiddenTest" name="testConstructor" time="0.001"/>
  <testcase classname="jalview.viewmodel.OverviewDimensionsHideHiddenTest" name="testFromMouseWithHiddenColsInMiddle" time="0.004"/>
  <testcase classname="jalview.viewmodel.OverviewDimensionsHideHiddenTest" name="testSetBoxFromViewportHiddenColsAtStart" time="0.001"/>
  <testcase classname="jalview.viewmodel.OverviewDimensionsHideHiddenTest" name="testFromMouseWithHiddenRowsInMiddle" time="0.000"/>
</testsuite> <!-- jalview.viewmodel.OverviewDimensionsHideHiddenTest -->
