<?xml version="1.0" encoding="UTF-8"?>
<!-- Generated by org.testng.reporters.JUnitReportReporter -->
<testsuite hostname="wer3eng" failures="0" tests="4" name="jalview.util.PlatformTest" time="0.001" errors="0" timestamp="2 Jul 2023 08:13:44 GMT">
  <testcase classname="jalview.util.PlatformTest" name="testIsControlDown_notMac" time="0.001"/>
  <testcase classname="jalview.util.PlatformTest" name="testIsControlDown_mac" time="0.000"/>
  <testcase classname="jalview.util.PlatformTest" name="testPathEquals" time="0.000"/>
  <testcase classname="jalview.util.PlatformTest" name="testEscapeBackslashes" time="0.000"/>
</testsuite> <!-- jalview.util.PlatformTest -->
