<?xml version="1.0" encoding="UTF-8"?>
<!-- Generated by org.testng.reporters.JUnitReportReporter -->
<testsuite hostname="wer3eng" failures="0" tests="5" name="mc_view.PDBfileTest" time="0.738" errors="0" timestamp="2 Jul 2023 08:13:44 GMT">
  <testcase classname="mc_view.PDBfileTest" name="testParse_withJmol_noAnnotations" time="0.387"/>
  <testcase classname="mc_view.PDBfileTest" name="testParse" time="0.013"/>
  <testcase classname="mc_view.PDBfileTest" name="testIsRna" time="0.003"/>
  <testcase classname="mc_view.PDBfileTest" name="testParse_withJmolAddAlignmentAnnotations" time="0.322"/>
  <testcase classname="mc_view.PDBfileTest" name="testParse_withAnnotations_noSS" time="0.013"/>
</testsuite> <!-- mc_view.PDBfileTest -->
