<?xml version="1.0" encoding="UTF-8"?>
<!-- Generated by org.testng.reporters.JUnitReportReporter -->
<testsuite hostname="wer3eng" failures="0" tests="3" name="jalview.ext.ensembl.EnsemblSeqProxyTest" time="0.004" errors="0" timestamp="2 Jul 2023 08:13:44 GMT">
  <testcase classname="jalview.ext.ensembl.EnsemblSeqProxyTest" name="testReverseComplementAllele" time="0.002"/>
  <testcase classname="jalview.ext.ensembl.EnsemblSeqProxyTest" name="testReverseComplementAlleles" time="0.002"/>
  <testcase classname="jalview.ext.ensembl.EnsemblSeqProxyTest" name="getGenomicRangesFromFeatures" time="0.000"/>
</testsuite> <!-- jalview.ext.ensembl.EnsemblSeqProxyTest -->
