<?xml version="1.0" encoding="UTF-8"?>
<!-- Generated by org.testng.reporters.JUnitReportReporter -->
<testsuite hostname="wer3eng" failures="0" tests="2" name="jalview.datamodel.SeqCigarTest" time="0.014" errors="0" timestamp="2 Jul 2023 08:13:44 GMT">
  <testcase classname="jalview.datamodel.SeqCigarTest" name="testFindPosition" time="0.000"/>
  <testcase classname="jalview.datamodel.SeqCigarTest" name="testSomething" time="0.014"/>
</testsuite> <!-- jalview.datamodel.SeqCigarTest -->
