<?xml version="1.0" encoding="UTF-8"?>
<!-- Generated by org.testng.reporters.JUnitReportReporter -->
<testsuite hostname="wer3eng" failures="0" tests="2" name="jalview.io.ClustalFileTest" time="0.002" errors="0" timestamp="2 Jul 2023 08:13:44 GMT">
  <testcase classname="jalview.io.ClustalFileTest" name="testParse_noNumbering" time="0.001"/>
  <testcase classname="jalview.io.ClustalFileTest" name="testParse_withNumbering" time="0.001"/>
</testsuite> <!-- jalview.io.ClustalFileTest -->
