<?xml version="1.0" encoding="UTF-8"?>
<!-- Generated by org.testng.reporters.JUnitReportReporter -->
<testsuite hostname="wer3eng" failures="0" tests="7" name="jalview.analysis.GeneticCodesTest" time="0.000" errors="0" timestamp="2 Jul 2023 08:13:44 GMT">
  <testcase classname="jalview.analysis.GeneticCodesTest" name="testTranslate_standardTable" time="0.000"/>
  <testcase classname="jalview.analysis.GeneticCodesTest" name="testTranslate_nonStandardTableAmbiguityCodes" time="0.000"/>
  <testcase classname="jalview.analysis.GeneticCodesTest" name="testGetCodeTables" time="0.000"/>
  <testcase classname="jalview.analysis.GeneticCodesTest" name="testTranslate" time="0.000"/>
  <testcase classname="jalview.analysis.GeneticCodesTest" name="testGetCodeTable" time="0.000"/>
  <testcase classname="jalview.analysis.GeneticCodesTest" name="testTranslate_standardTableAmbiguityCodes" time="0.000"/>
  <testcase classname="jalview.analysis.GeneticCodesTest" name="testTranslateCanonical" time="0.000"/>
</testsuite> <!-- jalview.analysis.GeneticCodesTest -->
