<?xml version="1.0" encoding="UTF-8"?>
<!-- Generated by org.testng.reporters.JUnitReportReporter -->
<testsuite hostname="wer3eng" failures="0" tests="3" name="jalview.renderer.ResidueShaderTest" time="0.003" errors="0" timestamp="2 Jul 2023 08:13:44 GMT">
  <testcase classname="jalview.renderer.ResidueShaderTest" name="testFindColour_gapColour" time="0.002"/>
  <testcase classname="jalview.renderer.ResidueShaderTest" name="testAboveThreshold" time="0.001"/>
  <testcase classname="jalview.renderer.ResidueShaderTest" name="testApplyConservation" time="0.000"/>
</testsuite> <!-- jalview.renderer.ResidueShaderTest -->
