<?xml version="1.0" encoding="UTF-8"?>
<!-- Generated by org.testng.reporters.JUnitReportReporter -->
<testsuite hostname="wer3eng" failures="0" tests="13" name="jalview.math.MatrixTest" time="0.085" errors="0" timestamp="2 Jul 2023 08:13:44 GMT">
  <testcase classname="jalview.math.MatrixTest" name="testCopy" time="0.000"/>
  <testcase classname="jalview.math.MatrixTest" name="testFindMinMax_timing" time="0.082"/>
  <testcase classname="jalview.math.MatrixTest" name="testReverseRange_swapMinMax" time="0.000"/>
  <testcase classname="jalview.math.MatrixTest" name="testPostMultiply" time="0.000"/>
  <testcase classname="jalview.math.MatrixTest" name="testEquals" time="0.001"/>
  <testcase classname="jalview.math.MatrixTest" name="testReverseRange_maxToZero" time="0.000"/>
  <testcase classname="jalview.math.MatrixTest" name="testTred_reproducible" time="0.001"/>
  <testcase classname="jalview.math.MatrixTest" name="testPreMultiply" time="0.000"/>
  <testcase classname="jalview.math.MatrixTest" name="testPreMultiply_tooManyColumns" time="0.000"/>
  <testcase classname="jalview.math.MatrixTest" name="testConstructor" time="0.000"/>
  <testcase classname="jalview.math.MatrixTest" name="testPreMultiply_tooFewColumns" time="0.001"/>
  <testcase classname="jalview.math.MatrixTest" name="testMultiply" time="0.000"/>
  <testcase classname="jalview.math.MatrixTest" name="testFindMinMax" time="0.000"/>
</testsuite> <!-- jalview.math.MatrixTest -->
