<?xml version="1.0" encoding="UTF-8"?>
<!-- Generated by org.testng.reporters.JUnitReportReporter -->
<testsuite hostname="wer3eng" failures="0" tests="4" name="jalview.gui.StructureChooserTest" time="0.781" errors="0" timestamp="2 Jul 2023 08:13:44 GMT">
  <testcase classname="jalview.gui.StructureChooserTest" name="displayTDBQueryTest" time="0.291"/>
  <testcase classname="jalview.gui.StructureChooserTest" name="sanitizeSeqNameTest" time="0.001"/>
  <testcase classname="jalview.gui.StructureChooserTest" name="populateFilterComboBoxTest" time="0.171"/>
  <testcase classname="jalview.gui.StructureChooserTest" name="fetchStructuresInfoMockedTest" time="0.318"/>
</testsuite> <!-- jalview.gui.StructureChooserTest -->
