<?xml version="1.0" encoding="UTF-8"?>
<!-- Generated by org.testng.reporters.JUnitReportReporter -->
<testsuite hostname="wer3eng" failures="0" tests="3" name="jalview.ext.htsjdk.TestHtsContigDb" time="0.041" errors="0" timestamp="2 Jul 2023 08:13:44 GMT">
  <testcase classname="jalview.ext.htsjdk.TestHtsContigDb" name="testGetSequenceProxy" time="0.002"/>
  <testcase classname="jalview.ext.htsjdk.TestHtsContigDb" name="testGetSequenceProxy_indexed" time="0.001"/>
  <testcase classname="jalview.ext.htsjdk.TestHtsContigDb" name="testCreateFastaSequenceIndex" time="0.038"/>
</testsuite> <!-- jalview.ext.htsjdk.TestHtsContigDb -->
