<?xml version="1.0" encoding="UTF-8"?>
<!-- Generated by org.testng.reporters.JUnitReportReporter -->
<testsuite hostname="wer3eng" failures="0" tests="11" name="jalview.io.StockholmFileTest" time="0.278" errors="0" timestamp="2 Jul 2023 08:13:44 GMT">
  <testcase classname="jalview.io.StockholmFileTest" name="stockholmFileRnaSSAlphaChars" time="0.004"/>
  <testcase classname="jalview.io.StockholmFileTest" name="testAnnotationEquivalence" time="0.015"/>
  <testcase classname="jalview.io.StockholmFileTest" name="pfamFileIO" time="0.121"/>
  <testcase classname="jalview.io.StockholmFileTest" name="detectWussBrackets" time="0.000"/>
  <testcase classname="jalview.io.StockholmFileTest" name="secondaryStructureForRNASequence" time="0.002"/>
  <testcase classname="jalview.io.StockholmFileTest" name="rfamFileIO" time="0.102"/>
  <testcase classname="jalview.io.StockholmFileTest" name="stockholmFileRnaSSSpaceChars" time="0.003"/>
  <testcase classname="jalview.io.StockholmFileTest" name="pfamFileDataExtraction" time="0.025"/>
  <testcase classname="jalview.io.StockholmFileTest" name="curlyWUSSsecondaryStructureForRNASequence" time="0.002"/>
  <testcase classname="jalview.io.StockholmFileTest" name="fullWUSSsecondaryStructureForRNASequence" time="0.002"/>
  <testcase classname="jalview.io.StockholmFileTest" name="dbrefOutput" time="0.002"/>
</testsuite> <!-- jalview.io.StockholmFileTest -->
