<?xml version="1.0" encoding="UTF-8"?>
<!-- Generated by org.testng.reporters.JUnitReportReporter -->
<testsuite hostname="wer3eng" failures="0" tests="16" name="jalview.analysis.FinderTest" time="0.013" errors="0" timestamp="2 Jul 2023 08:13:44 GMT">
  <testcase classname="jalview.analysis.FinderTest" name="testFind_residueNumber" time="0.000"/>
  <testcase classname="jalview.analysis.FinderTest" name="testFind_findAll" time="0.000"/>
  <testcase classname="jalview.analysis.FinderTest" name="testFind_withHiddenColumnsAndSelection" time="0.001"/>
  <testcase classname="jalview.analysis.FinderTest" name="testFindAll_inSelection" time="0.001"/>
  <testcase classname="jalview.analysis.FinderTest" name="testFindNext" time="0.001"/>
  <testcase classname="jalview.analysis.FinderTest" name="testFind_findAllInSelectionWithShortSequence" time="0.000"/>
  <testcase classname="jalview.analysis.FinderTest" name="testFind_regex" time="0.001"/>
  <testcase classname="jalview.analysis.FinderTest" name="testFind_findNext" time="0.001"/>
  <testcase classname="jalview.analysis.FinderTest" name="testFindAll_caseSensitive" time="0.000"/>
  <testcase classname="jalview.analysis.FinderTest" name="testFind_inDescription" time="0.001"/>
  <testcase classname="jalview.analysis.FinderTest" name="testFindAll_maximalResultOnly" time="0.000"/>
  <testcase classname="jalview.analysis.FinderTest" name="testFindAll_sequenceIds" time="0.001"/>
  <testcase classname="jalview.analysis.FinderTest" name="testFind_withHiddenColumns" time="0.001"/>
  <testcase classname="jalview.analysis.FinderTest" name="testFind_ignoreHiddenColumns" time="0.002"/>
  <testcase classname="jalview.analysis.FinderTest" name="testFindNext_inSelection" time="0.001"/>
  <testcase classname="jalview.analysis.FinderTest" name="testFindAll" time="0.002"/>
</testsuite> <!-- jalview.analysis.FinderTest -->
