<?xml version="1.0" encoding="UTF-8"?>
<!-- Generated by org.testng.reporters.JUnitReportReporter -->
<testsuite hostname="wer3eng" failures="0" tests="25" name="jalview.ext.rbvi.chimera.ChimeraCommandsTest" time="0.008" errors="0" timestamp="2 Jul 2023 08:13:44 GMT">
  <testcase classname="jalview.ext.rbvi.chimera.ChimeraCommandsTest" name="testGetSelectedResidues" time="0.001"/>
  <testcase classname="jalview.ext.rbvi.chimera.ChimeraCommandsTest" name="testStopNotifications" time="0.000"/>
  <testcase classname="jalview.ext.rbvi.chimera.ChimeraCommandsTest" name="testLoadFile" time="0.000"/>
  <testcase classname="jalview.ext.rbvi.chimera.ChimeraCommandsTest" name="testColourByCharge" time="0.001"/>
  <testcase classname="jalview.ext.rbvi.chimera.ChimeraCommandsTest" name="testGetResidueSpec" time="0.000"/>
  <testcase classname="jalview.ext.rbvi.chimera.ChimeraCommandsTest" name="testShowBackbone" time="0.001"/>
  <testcase classname="jalview.ext.rbvi.chimera.ChimeraCommandsTest" name="testSetAttributes" time="0.001"/>
  <testcase classname="jalview.ext.rbvi.chimera.ChimeraCommandsTest" name="testOpenSession" time="0.000"/>
  <testcase classname="jalview.ext.rbvi.chimera.ChimeraCommandsTest" name="testGetAtomSpec_alphaOnly" time="0.000"/>
  <testcase classname="jalview.ext.rbvi.chimera.ChimeraCommandsTest" name="testMakeAttributeName" time="0.000"/>
  <testcase classname="jalview.ext.rbvi.chimera.ChimeraCommandsTest" name="testSaveSession" time="0.001"/>
  <testcase classname="jalview.ext.rbvi.chimera.ChimeraCommandsTest" name="testStartNotifications" time="0.000"/>
  <testcase classname="jalview.ext.rbvi.chimera.ChimeraCommandsTest" name="testCloseViewer" time="0.000"/>
  <testcase classname="jalview.ext.rbvi.chimera.ChimeraCommandsTest" name="testSetBackgroundColour" time="0.000"/>
  <testcase classname="jalview.ext.rbvi.chimera.ChimeraCommandsTest" name="testGetModelStartNo" time="0.000"/>
  <testcase classname="jalview.ext.rbvi.chimera.ChimeraCommandsTest" name="testGetColourCommand" time="0.000"/>
  <testcase classname="jalview.ext.rbvi.chimera.ChimeraCommandsTest" name="testFocusView" time="0.000"/>
  <testcase classname="jalview.ext.rbvi.chimera.ChimeraCommandsTest" name="testOpenCommandFile" time="0.001"/>
  <testcase classname="jalview.ext.rbvi.chimera.ChimeraCommandsTest" name="testGetAtomSpec" time="0.001"/>
  <testcase classname="jalview.ext.rbvi.chimera.ChimeraCommandsTest" name="testColourByChain" time="0.000"/>
  <testcase classname="jalview.ext.rbvi.chimera.ChimeraCommandsTest" name="testSuperposeStructures" time="0.000"/>
  <testcase classname="jalview.ext.rbvi.chimera.ChimeraCommandsTest" name="testGetResidueAttributes" time="0.001"/>
  <testcase classname="jalview.ext.rbvi.chimera.ChimeraCommandsTest" name="testSetAttribute" time="0.000"/>
  <testcase classname="jalview.ext.rbvi.chimera.ChimeraCommandsTest" name="testColourBySequence" time="0.000"/>
  <testcase classname="jalview.ext.rbvi.chimera.ChimeraCommandsTest" name="testListResidueAttributes" time="0.000"/>
</testsuite> <!-- jalview.ext.rbvi.chimera.ChimeraCommandsTest -->
