<?xml version="1.0" encoding="UTF-8"?>
<!-- Generated by org.testng.reporters.JUnitReportReporter -->
<testsuite hostname="wer3eng" failures="0" tests="4" name="jalview.structures.models.AAStructureBindingModelTest" time="3.349" errors="0" timestamp="2 Jul 2023 08:13:44 GMT">
  <testcase classname="jalview.structures.models.AAStructureBindingModelTest" name="testBuildColoursMap" time="0.740"/>
  <testcase classname="jalview.structures.models.AAStructureBindingModelTest" name="testImportPDBPreservesChainMappings" time="1.011"/>
  <testcase classname="jalview.structures.models.AAStructureBindingModelTest" name="testFindSuperposableResidues" time="0.774"/>
  <testcase classname="jalview.structures.models.AAStructureBindingModelTest" name="testFindSuperposableResidues_hiddenColumn" time="0.824"/>
</testsuite> <!-- jalview.structures.models.AAStructureBindingModelTest -->
