<?xml version="1.0" encoding="UTF-8"?>
<!-- Generated by org.testng.reporters.JUnitReportReporter -->
<testsuite hostname="wer3eng" failures="0" tests="22" name="jalview.datamodel.features.SequenceFeaturesTest" time="0.005" errors="0" timestamp="2 Jul 2023 08:13:44 GMT">
  <testcase classname="jalview.datamodel.features.SequenceFeaturesTest" name="testGetNonPositionalFeatures" time="0.000"/>
  <testcase classname="jalview.datamodel.features.SequenceFeaturesTest" name="testGetFeaturesByOntology" time="0.000"/>
  <testcase classname="jalview.datamodel.features.SequenceFeaturesTest" name="testGetFeatureGroups" time="0.000"/>
  <testcase classname="jalview.datamodel.features.SequenceFeaturesTest" name="testShiftFeatures" time="0.001"/>
  <testcase classname="jalview.datamodel.features.SequenceFeaturesTest" name="testDelete" time="0.000"/>
  <testcase classname="jalview.datamodel.features.SequenceFeaturesTest" name="testGetTotalFeatureLength" time="0.000"/>
  <testcase classname="jalview.datamodel.features.SequenceFeaturesTest" name="testHasFeatures" time="0.000"/>
  <testcase classname="jalview.datamodel.features.SequenceFeaturesTest" name="testGetAllFeatures" time="0.000"/>
  <testcase classname="jalview.datamodel.features.SequenceFeaturesTest" name="testGetFeatureTypes" time="0.000"/>
  <testcase classname="jalview.datamodel.features.SequenceFeaturesTest" name="testConstructor" time="0.001"/>
  <testcase classname="jalview.datamodel.features.SequenceFeaturesTest" name="testGetMinimumScore_getMaximumScore" time="0.000"/>
  <testcase classname="jalview.datamodel.features.SequenceFeaturesTest" name="testGetPositionalFeatures" time="0.000"/>
  <testcase classname="jalview.datamodel.features.SequenceFeaturesTest" name="testFindFeatures" time="0.000"/>
  <testcase classname="jalview.datamodel.features.SequenceFeaturesTest" name="testDeleteAll" time="0.000"/>
  <testcase classname="jalview.datamodel.features.SequenceFeaturesTest" name="testGetFeaturesForGroup" time="0.001"/>
  <testcase classname="jalview.datamodel.features.SequenceFeaturesTest" name="testGetContactFeatures" time="0.000"/>
  <testcase classname="jalview.datamodel.features.SequenceFeaturesTest" name="testGetFeatureTypes_byOntology" time="0.001"/>
  <testcase classname="jalview.datamodel.features.SequenceFeaturesTest" name="testGetFeatureTypesForGroups" time="0.000"/>
  <testcase classname="jalview.datamodel.features.SequenceFeaturesTest" name="testGetFeatureCount" time="0.001"/>
  <testcase classname="jalview.datamodel.features.SequenceFeaturesTest" name="testSortFeatures" time="0.000"/>
  <testcase classname="jalview.datamodel.features.SequenceFeaturesTest" name="testIsOntologyTerm" time="0.000"/>
  <testcase classname="jalview.datamodel.features.SequenceFeaturesTest" name="testVarargsToTypes" time="0.000"/>
</testsuite> <!-- jalview.datamodel.features.SequenceFeaturesTest -->
