<?xml version="1.0" encoding="UTF-8"?>
<!-- Generated by org.testng.reporters.JUnitReportReporter -->
<testsuite hostname="wer3eng" failures="0" tests="10" name="jalview.util.QuickSortTest" time="0.002" errors="0" timestamp="2 Jul 2023 08:13:44 GMT">
  <testcase classname="jalview.util.QuickSortTest" name="testCharSortByFloat" time="0.001"/>
  <testcase classname="jalview.util.QuickSortTest" name="testSortByInt" time="0.000"/>
  <testcase classname="jalview.util.QuickSortTest" name="testSort_byFloatValues" time="0.000"/>
  <testcase classname="jalview.util.QuickSortTest" name="testCharSortByInt" time="0.000"/>
  <testcase classname="jalview.util.QuickSortTest" name="testSortByString" time="0.001"/>
  <testcase classname="jalview.util.QuickSortTest" name="testSort_byDoubleValues" time="0.000"/>
  <testcase classname="jalview.util.QuickSortTest" name="testSort_charSortByInt_mostlyZeroValues" time="0.000"/>
  <testcase classname="jalview.util.QuickSortTest" name="testSort_byIntValues" time="0.000"/>
  <testcase classname="jalview.util.QuickSortTest" name="testSort_charSortByFloat_mostlyZeroValues" time="0.000"/>
  <testcase classname="jalview.util.QuickSortTest" name="testSort_byStringValues" time="0.000"/>
</testsuite> <!-- jalview.util.QuickSortTest -->
