<?xml version="1.0" encoding="UTF-8"?>
<!-- Generated by org.testng.reporters.JUnitReportReporter -->
<testsuite hostname="wer3eng" failures="0" tests="5" name="jalview.util.FormatTest" time="0.004" errors="0" timestamp="2 Jul 2023 08:13:44 GMT">
  <testcase classname="jalview.util.FormatTest" name="testFormat_scientific_overflow" time="0.001"/>
  <testcase classname="jalview.util.FormatTest" name="testRepeat" time="0.000"/>
  <testcase classname="jalview.util.FormatTest" name="testAppendPercentage" time="0.000"/>
  <testcase classname="jalview.util.FormatTest" name="testForm_float" time="0.000"/>
  <testcase classname="jalview.util.FormatTest" name="testFormat_scientific" time="0.003"/>
</testsuite> <!-- jalview.util.FormatTest -->
