<?xml version="1.0" encoding="UTF-8"?>
<!-- Generated by org.testng.reporters.JUnitReportReporter -->
<testsuite hostname="wer3eng" failures="0" tests="11" name="jalview.datamodel.features.FeatureMatcherTest" time="0.005" errors="0" timestamp="2 Jul 2023 08:13:44 GMT">
  <testcase classname="jalview.datamodel.features.FeatureMatcherTest" name="testIsByAttribute" time="0.001"/>
  <testcase classname="jalview.datamodel.features.FeatureMatcherTest" name="testGetAttribute" time="0.000"/>
  <testcase classname="jalview.datamodel.features.FeatureMatcherTest" name="testToStableString" time="0.000"/>
  <testcase classname="jalview.datamodel.features.FeatureMatcherTest" name="testFromString" time="0.002"/>
  <testcase classname="jalview.datamodel.features.FeatureMatcherTest" name="testMatches_byAttribute" time="0.000"/>
  <testcase classname="jalview.datamodel.features.FeatureMatcherTest" name="testToString" time="0.001"/>
  <testcase classname="jalview.datamodel.features.FeatureMatcherTest" name="testIsByLabel" time="0.000"/>
  <testcase classname="jalview.datamodel.features.FeatureMatcherTest" name="testMatches_byLabel" time="0.001"/>
  <testcase classname="jalview.datamodel.features.FeatureMatcherTest" name="testGetMatcher" time="0.000"/>
  <testcase classname="jalview.datamodel.features.FeatureMatcherTest" name="testIsByScore" time="0.000"/>
  <testcase classname="jalview.datamodel.features.FeatureMatcherTest" name="testMatches_byScore" time="0.000"/>
</testsuite> <!-- jalview.datamodel.features.FeatureMatcherTest -->
