<?xml version="1.0" encoding="UTF-8"?>
<!-- Generated by org.testng.reporters.JUnitReportReporter -->
<testsuite hostname="wer3eng" failures="0" tests="12" name="jalview.analysis.RnaTest" time="0.009" errors="0" timestamp="2 Jul 2023 08:13:44 GMT">
  <testcase classname="jalview.analysis.RnaTest" name="testIsRnaSecondaryStructureSymbol" time="0.002"/>
  <testcase classname="jalview.analysis.RnaTest" name="testGetSimpleBPs_unmatchedCloser" time="0.000"/>
  <testcase classname="jalview.analysis.RnaTest" name="testGetSimpleBPs_unmatchedOpener" time="0.000"/>
  <testcase classname="jalview.analysis.RnaTest" name="testIsClosingParenthesis" time="0.003"/>
  <testcase classname="jalview.analysis.RnaTest" name="testGetRNASecStrucState" time="0.000"/>
  <testcase classname="jalview.analysis.RnaTest" name="testGetHelixMap_twoHelices" time="0.000"/>
  <testcase classname="jalview.analysis.RnaTest" name="testGetMatchingOpeningParenthesis" time="0.000"/>
  <testcase classname="jalview.analysis.RnaTest" name="testIsCanonicalPair" time="0.000"/>
  <testcase classname="jalview.analysis.RnaTest" name="testGetHelixMap_oneHelix" time="0.001"/>
  <testcase classname="jalview.analysis.RnaTest" name="testIsCanonicalOrWobblePair" time="0.001"/>
  <testcase classname="jalview.analysis.RnaTest" name="testIsOpeningParenthesis" time="0.002"/>
  <testcase classname="jalview.analysis.RnaTest" name="testGetSimpleBPs" time="0.000"/>
</testsuite> <!-- jalview.analysis.RnaTest -->
