<?xml version="1.0" encoding="UTF-8"?>
<!-- Generated by org.testng.reporters.JUnitReportReporter -->
<testsuite hostname="wer3eng" failures="0" tests="6" name="jalview.io.gff.ExonerateHelperTest" time="0.022" errors="0" timestamp="2 Jul 2023 08:13:44 GMT">
  <testcase classname="jalview.io.gff.ExonerateHelperTest" name="testAddExonerateGffToAlignment" time="0.022"/>
  <testcase classname="jalview.io.gff.ExonerateHelperTest" name="testGetMappingType" time="0.000"/>
  <testcase classname="jalview.io.gff.ExonerateHelperTest" name="testProcessGffSimilarity_protein2dna_forward_querygff" time="0.000"/>
  <testcase classname="jalview.io.gff.ExonerateHelperTest" name="testProcessGffSimilarity_protein2dna_reverse_querygff" time="0.000"/>
  <testcase classname="jalview.io.gff.ExonerateHelperTest" name="testProcessGffSimilarity_protein2dna_forward_targetgff" time="0.000"/>
  <testcase classname="jalview.io.gff.ExonerateHelperTest" name="testProcessGffSimilarity_protein2dna_reverse_targetgff" time="0.000"/>
</testsuite> <!-- jalview.io.gff.ExonerateHelperTest -->
