<?xml version="1.0" encoding="UTF-8"?>
<!-- Generated by org.testng.reporters.JUnitReportReporter -->
<testsuite hostname="wer3eng" failures="0" tests="16" name="jalview.renderer.seqfeatures.FeatureColourFinderTest" time="0.021" errors="0" timestamp="2 Jul 2023 08:13:44 GMT">
  <testcase classname="jalview.renderer.seqfeatures.FeatureColourFinderTest" name="testFindFeatureColour_noFeatures" time="0.001"/>
  <testcase classname="jalview.renderer.seqfeatures.FeatureColourFinderTest" name="testFindFeatureColour_noFeaturesShown" time="0.001"/>
  <testcase classname="jalview.renderer.seqfeatures.FeatureColourFinderTest" name="testFindFeatureColour_featureGroupNotDisplayed" time="0.002"/>
  <testcase classname="jalview.renderer.seqfeatures.FeatureColourFinderTest" name="testFindFeatureColour_gapPosition" time="0.000"/>
  <testcase classname="jalview.renderer.seqfeatures.FeatureColourFinderTest" name="testFindFeatureColour_multipleFeaturesAtPositionNoTransparency" time="0.000"/>
  <testcase classname="jalview.renderer.seqfeatures.FeatureColourFinderTest" name="testFindFeatureColour_graduatedFeatureColour" time="0.001"/>
  <testcase classname="jalview.renderer.seqfeatures.FeatureColourFinderTest" name="testFindFeatureColour_graduatedWithThreshold" time="0.001"/>
  <testcase classname="jalview.renderer.seqfeatures.FeatureColourFinderTest" name="testNoFeaturesDisplayed" time="0.000"/>
  <testcase classname="jalview.renderer.seqfeatures.FeatureColourFinderTest" name="testFindFeatureColour_singleFeatureAtPosition" time="0.001"/>
  <testcase classname="jalview.renderer.seqfeatures.FeatureColourFinderTest" name="testFindFeatureColour_nestedFeatures" time="0.001"/>
  <testcase classname="jalview.renderer.seqfeatures.FeatureColourFinderTest" name="testFindFeatureAtEnd" time="0.009"/>
  <testcase classname="jalview.renderer.seqfeatures.FeatureColourFinderTest" name="testFindFeatureColour_featureTypeNotDisplayed" time="0.001"/>
  <testcase classname="jalview.renderer.seqfeatures.FeatureColourFinderTest" name="testFindFeatureColour_contactFeature" time="0.001"/>
  <testcase classname="jalview.renderer.seqfeatures.FeatureColourFinderTest" name="testFindFeatureColour_transparencyTwoFeatures" time="0.001"/>
  <testcase classname="jalview.renderer.seqfeatures.FeatureColourFinderTest" name="testFindFeatureColour_transparencySingleFeature" time="0.001"/>
  <testcase classname="jalview.renderer.seqfeatures.FeatureColourFinderTest" name="testFindFeatureColour_singleFeatureNotAtPosition" time="0.000"/>
</testsuite> <!-- jalview.renderer.seqfeatures.FeatureColourFinderTest -->
