<?xml version="1.0" encoding="UTF-8"?>
<!-- Generated by org.testng.reporters.JUnitReportReporter -->
<testsuite hostname="wer3eng" failures="0" tests="6" name="jalview.ext.jmol.JmolParserTest" time="2.474" errors="0" timestamp="2 Jul 2023 08:13:44 GMT">
  <testcase classname="jalview.ext.jmol.JmolParserTest" name="testParse_missingResidues" time="0.245"/>
  <testcase classname="jalview.ext.jmol.JmolParserTest" name="testAlignmentLoader" time="0.922"/>
  <testcase classname="jalview.ext.jmol.JmolParserTest" name="testParse_alternativeResidues" time="0.233"/>
  <testcase classname="jalview.ext.jmol.JmolParserTest" name="testFileParser" time="0.862"/>
  <testcase classname="jalview.ext.jmol.JmolParserTest" name="testLocalPDBId" time="0.211"/>
  <testcase classname="jalview.ext.jmol.JmolParserTest" name="testSetSecondaryStructure" time="0.001"/>
</testsuite> <!-- jalview.ext.jmol.JmolParserTest -->
