<?xml version="1.0" encoding="UTF-8"?>
<!-- Generated by org.testng.reporters.JUnitReportReporter -->
<testsuite hostname="wer3eng" failures="0" tests="12" name="jalview.schemes.FeatureColourTest" time="0.006" errors="0" timestamp="2 Jul 2023 08:13:44 GMT">
  <testcase classname="jalview.schemes.FeatureColourTest" name="testGetColor_colourByLabel" time="0.000"/>
  <testcase classname="jalview.schemes.FeatureColourTest" name="testIsOutwithThreshold" time="0.000"/>
  <testcase classname="jalview.schemes.FeatureColourTest" name="testGetColor_colourByAttributeText" time="0.000"/>
  <testcase classname="jalview.schemes.FeatureColourTest" name="testGetDescription" time="0.003"/>
  <testcase classname="jalview.schemes.FeatureColourTest" name="testGetColor_simpleColour" time="0.000"/>
  <testcase classname="jalview.schemes.FeatureColourTest" name="testConstructors" time="0.000"/>
  <testcase classname="jalview.schemes.FeatureColourTest" name="testGetColor_Graduated" time="0.000"/>
  <testcase classname="jalview.schemes.FeatureColourTest" name="testParseJalviewFeatureColour" time="0.002"/>
  <testcase classname="jalview.schemes.FeatureColourTest" name="testGetColor_aboveBelowThreshold" time="0.000"/>
  <testcase classname="jalview.schemes.FeatureColourTest" name="testGetColor_GraduatedByAttributeValue" time="0.000"/>
  <testcase classname="jalview.schemes.FeatureColourTest" name="testCopyConstructor" time="0.000"/>
  <testcase classname="jalview.schemes.FeatureColourTest" name="testToJalviewFormat" time="0.001"/>
</testsuite> <!-- jalview.schemes.FeatureColourTest -->
