<?xml version="1.0" encoding="UTF-8"?>
<!-- Generated by org.testng.reporters.JUnitReportReporter -->
<testsuite hostname="wer3eng" failures="0" tests="46" name="jalview.datamodel.SequenceTest" time="0.013" errors="0" timestamp="2 Jul 2023 08:13:44 GMT">
  <testcase classname="jalview.datamodel.SequenceTest" name="testCheckValidRange" time="0.000"/>
  <testcase classname="jalview.datamodel.SequenceTest" name="testGetAlignmentAnnotations_forCalcIdAndLabel" time="0.000"/>
  <testcase classname="jalview.datamodel.SequenceTest" name="testDeriveSequence_existingDataset" time="0.000"/>
  <testcase classname="jalview.datamodel.SequenceTest" name="testAddSequenceFeatures" time="0.000"/>
  <testcase classname="jalview.datamodel.SequenceTest" name="testAddPDBId" time="0.000"/>
  <testcase classname="jalview.datamodel.SequenceTest" name="testCreateDatasetSequence" time="0.000"/>
  <testcase classname="jalview.datamodel.SequenceTest" name="testLocateVisibleStartofSequence" time="0.001"/>
  <testcase classname="jalview.datamodel.SequenceTest" name="testSetDatasetSequence_cascading" time="0.000"/>
  <testcase classname="jalview.datamodel.SequenceTest" name="testCopyConstructor_withDataset" time="0.000"/>
  <testcase classname="jalview.datamodel.SequenceTest" name="testDeriveSequence_noDatasetGapped" time="0.000"/>
  <testcase classname="jalview.datamodel.SequenceTest" name="testGetCharAt" time="0.000"/>
  <testcase classname="jalview.datamodel.SequenceTest" name="testAddDBRef" time="0.000"/>
  <testcase classname="jalview.datamodel.SequenceTest" name="testFindIndex" time="0.000"/>
  <testcase classname="jalview.datamodel.SequenceTest" name="testUpdatePDBIds" time="0.000"/>
  <testcase classname="jalview.datamodel.SequenceTest" name="testFindPositionMap" time="0.000"/>
  <testcase classname="jalview.datamodel.SequenceTest" name="testGetPrimaryDBRefs_peptide" time="0.000"/>
  <testcase classname="jalview.datamodel.SequenceTest" name="testGetSequenceFeatures" time="0.000"/>
  <testcase classname="jalview.datamodel.SequenceTest" name="testSetName" time="0.000"/>
  <testcase classname="jalview.datamodel.SequenceTest" name="testFindPosition" time="0.001"/>
  <testcase classname="jalview.datamodel.SequenceTest" name="testGetAnnotation_forLabel" time="0.000"/>
  <testcase classname="jalview.datamodel.SequenceTest" name="testIsProtein" time="0.000"/>
  <testcase classname="jalview.datamodel.SequenceTest" name="testGetStartGetEnd" time="0.000"/>
  <testcase classname="jalview.datamodel.SequenceTest" name="testFindPosition_withCursorAndEdits" time="0.000"/>
  <testcase classname="jalview.datamodel.SequenceTest" name="testFindFeatures" time="0.000"/>
  <testcase classname="jalview.datamodel.SequenceTest" name="testInsertGapsAndGapmaps" time="0.000"/>
  <testcase classname="jalview.datamodel.SequenceTest" name="testDeleteChars_withDbRefsAndFeatures" time="0.000"/>
  <testcase classname="jalview.datamodel.SequenceTest" name="testGetAnnotation" time="0.000"/>
  <testcase classname="jalview.datamodel.SequenceTest" name="testGetSubsequence" time="0.002"/>
  <testcase classname="jalview.datamodel.SequenceTest" name="testAddAlignmentAnnotation" time="0.001"/>
  <testcase classname="jalview.datamodel.SequenceTest" name="testTransferAnnotation" time="0.000"/>
  <testcase classname="jalview.datamodel.SequenceTest" name="testGetAlignmentAnnotations_forCalcIdLabelAndDescription" time="0.001"/>
  <testcase classname="jalview.datamodel.SequenceTest" name="testReplace" time="0.000"/>
  <testcase classname="jalview.datamodel.SequenceTest" name="testIsProteinWithXorNAmbiguityCodes" time="0.000"/>
  <testcase classname="jalview.datamodel.SequenceTest" name="testGetSequence" time="0.000"/>
  <testcase classname="jalview.datamodel.SequenceTest" name="testGapMap" time="0.000"/>
  <testcase classname="jalview.datamodel.SequenceTest" name="testGetPrimaryDBRefs_nucleotide" time="0.000"/>
  <testcase classname="jalview.datamodel.SequenceTest" name="testFindIndex_withCursor" time="0.001"/>
  <testcase classname="jalview.datamodel.SequenceTest" name="testDeleteChars_withGaps" time="0.001"/>
  <testcase classname="jalview.datamodel.SequenceTest" name="testFindPosition_withCursor" time="0.001"/>
  <testcase classname="jalview.datamodel.SequenceTest" name="testDeriveSequence_noDatasetUngapped" time="0.001"/>
  <testcase classname="jalview.datamodel.SequenceTest" name="testFindPositions" time="0.001"/>
  <testcase classname="jalview.datamodel.SequenceTest" name="testDeleteChars" time="0.000"/>
  <testcase classname="jalview.datamodel.SequenceTest" name="testCopyConstructor_noDataset" time="0.000"/>
  <testcase classname="jalview.datamodel.SequenceTest" name="testSetDatasetSequence_toSelf" time="0.001"/>
  <testcase classname="jalview.datamodel.SequenceTest" name="testGapBitset" time="0.001"/>
  <testcase classname="jalview.datamodel.SequenceTest" name="testInsertCharAt" time="0.000"/>
</testsuite> <!-- jalview.datamodel.SequenceTest -->
