<?xml version="1.0" encoding="UTF-8"?>
<!-- Generated by org.testng.reporters.JUnitReportReporter -->
<testsuite hostname="wer3eng" failures="0" tests="8" name="jalview.analysis.AAFrequencyTest" time="0.008" errors="0" timestamp="2 Jul 2023 08:13:44 GMT">
  <testcase classname="jalview.analysis.AAFrequencyTest" name="testCalculate_withProfile" time="0.001"/>
  <testcase classname="jalview.analysis.AAFrequencyTest" name="testCompleteConsensus_ignoreGaps_noLogo" time="0.000"/>
  <testcase classname="jalview.analysis.AAFrequencyTest" name="testExtractCdnaProfile" time="0.002"/>
  <testcase classname="jalview.analysis.AAFrequencyTest" name="testCompleteConsensus_includeGaps_showLogo" time="0.001"/>
  <testcase classname="jalview.analysis.AAFrequencyTest" name="testExtractProfile" time="0.001"/>
  <testcase classname="jalview.analysis.AAFrequencyTest" name="testExtractProfile_countGaps" time="0.001"/>
  <testcase classname="jalview.analysis.AAFrequencyTest" name="testCalculate_noProfile" time="0.002"/>
  <testcase classname="jalview.analysis.AAFrequencyTest" name="testExtractCdnaProfile_countGaps" time="0.000"/>
</testsuite> <!-- jalview.analysis.AAFrequencyTest -->
