<?xml version="1.0" encoding="UTF-8"?>
<!-- Generated by org.testng.reporters.JUnitReportReporter -->
<testsuite hostname="wer3eng" failures="0" tests="2" name="jalview.controller.AlignViewControllerTest" time="0.050" errors="0" timestamp="2 Jul 2023 08:13:44 GMT">
  <testcase classname="jalview.controller.AlignViewControllerTest" name="testFindColumnsWithFeature" time="0.032"/>
  <testcase classname="jalview.controller.AlignViewControllerTest" name="testSelectColumnsWithHighlight" time="0.018"/>
</testsuite> <!-- jalview.controller.AlignViewControllerTest -->
