<?xml version="1.0" encoding="UTF-8"?>
<!-- Generated by org.testng.reporters.JUnitReportReporter -->
<testsuite hostname="wer3eng" failures="0" tests="3" name="jalview.io.JalviewFileViewTest" time="0.006" errors="0" timestamp="2 Jul 2023 08:13:44 GMT">
  <testcase classname="jalview.io.JalviewFileViewTest" name="testGetImageIcon" time="0.005"/>
  <testcase classname="jalview.io.JalviewFileViewTest" name="testGetExtension" time="0.000"/>
  <testcase classname="jalview.io.JalviewFileViewTest" name="testGetTypeDescription" time="0.001"/>
</testsuite> <!-- jalview.io.JalviewFileViewTest -->
