<?xml version="1.0" encoding="UTF-8"?>
<!-- Generated by org.testng.reporters.JUnitReportReporter -->
<testsuite hostname="wer3eng" failures="0" tests="3" name="jalview.analysis.ParsePropertiesTest" time="0.004" errors="0" timestamp="2 Jul 2023 08:13:44 GMT">
  <testcase classname="jalview.analysis.ParsePropertiesTest" name="testGetScoresFromDescription_twoScores" time="0.000"/>
  <testcase classname="jalview.analysis.ParsePropertiesTest" name="testGetScoresFromDescription" time="0.002"/>
  <testcase classname="jalview.analysis.ParsePropertiesTest" name="testGetScoresFromDescription_wordBoundaries" time="0.002"/>
</testsuite> <!-- jalview.analysis.ParsePropertiesTest -->
