<?xml version="1.0" encoding="UTF-8"?>
<testsuite name="jalview.io.vcf.VCFLoaderTest" tests="4" skipped="0" failures="0" errors="0" timestamp="2023-07-02T08:12:20" hostname="wer3eng" time="0.156">
  <properties/>
  <testcase name="testDoLoad" classname="jalview.io.vcf.VCFLoaderTest" time="0.05"/>
  <testcase name="testDoLoad_reverseStrand" classname="jalview.io.vcf.VCFLoaderTest" time="0.031"/>
  <testcase name="testDoLoad_vepCsq" classname="jalview.io.vcf.VCFLoaderTest" time="0.065"/>
  <testcase name="testLoadVCFContig" classname="jalview.io.vcf.VCFLoaderTest" time="0.009"/>
  <system-out><![CDATA[File format identified as Fasta
File format identified as Fasta
File format identified as Fasta
]]></system-out>
  <system-err><![CDATA[ERROR - Invalid VCF data at 17:45051611 AF_AFR=low
ERROR - Invalid VCF data at 17:45051611 AC_Female=3d
ERROR - Invalid VCF data at 17:45051611 AF_AFR=low
ERROR - Invalid VCF data at 17:45051611 AC_Female=3d
]]></system-err>
</testsuite>
