<?xml version="1.0" encoding="UTF-8"?>
<testsuite name="jalview.analysis.ParsePropertiesTest" tests="3" skipped="0" failures="0" errors="0" timestamp="2023-07-02T08:12:07" hostname="wer3eng" time="0.005">
  <properties/>
  <testcase name="testGetScoresFromDescription" classname="jalview.analysis.ParsePropertiesTest" time="0.002"/>
  <testcase name="testGetScoresFromDescription_twoScores" classname="jalview.analysis.ParsePropertiesTest" time="0.0"/>
  <testcase name="testGetScoresFromDescription_wordBoundaries" classname="jalview.analysis.ParsePropertiesTest" time="0.001"/>
  <system-out><![CDATA[sq1 score: 'my Score' = 1.0
sq2 score: 'my Score' = 2.0
sq3 score: 'my Score' = 3.0
sq4 score: 'my Score' = 4.0
Matched 4 for .*([-0-9.+]+)
sq1 score: 'my Score' = 1.0
sq1 score: 'my Score_1' = 1.0
sq3 score: 'my Score' = 1.0
sq3 score: 'my Score_1' = 3.0
sq4 score: 'my Score' = 1.0
sq4 score: 'my Score_1' = 4.0
Matched 3 for .*([-0-9.+]+).+([-0-9.+]+).*
sq2 score: 'description column' = 1.0
sq3 score: 'description column' = 2.8E31
sq4 score: 'description column' = 1.0
sq4 score: 'description column' = 10960.0
sq4 score: 'description column' = 19.0
sq4 score: 'description column' = 16.0
sq4 score: 'description column' = 12.0
]]></system-out>
  <system-err><![CDATA[]]></system-err>
</testsuite>
