<?xml version="1.0" encoding="UTF-8"?>
<testsuite name="jalview.schemes.ResidueColourSchemeTest" tests="3" skipped="0" failures="0" errors="0" timestamp="2023-07-02T08:12:10" hostname="wer3eng" time="0.005">
  <properties/>
  <testcase name="testGetName" classname="jalview.schemes.ResidueColourSchemeTest" time="0.001"/>
  <testcase name="testIsApplicableTo" classname="jalview.schemes.ResidueColourSchemeTest" time="0.0"/>
  <testcase name="testIsApplicableTo_dynamicColourScheme" classname="jalview.schemes.ResidueColourSchemeTest" time="0.003"/>
  <system-out><![CDATA[]]></system-out>
  <system-err><![CDATA[]]></system-err>
</testsuite>
