<?xml version="1.0" encoding="UTF-8"?>
<testsuite name="jalview.analysis.CrossRefTest" tests="8" skipped="0" failures="0" errors="0" timestamp="2023-07-02T08:11:59" hostname="wer3eng" time="0.007">
  <properties/>
  <testcase name="testFindXDbRefs" classname="jalview.analysis.CrossRefTest" time="0.0"/>
  <testcase name="testFindXrefSequences_fromDbRefMap" classname="jalview.analysis.CrossRefTest" time="0.002"/>
  <testcase name="testFindXrefSequences_indirectDbrefToNucleotide" classname="jalview.analysis.CrossRefTest" time="0.001"/>
  <testcase name="testFindXrefSequences_indirectDbrefToProtein" classname="jalview.analysis.CrossRefTest" time="0.0"/>
  <testcase name="testFindXrefSequences_noDbrefs" classname="jalview.analysis.CrossRefTest" time="0.002"/>
  <testcase name="testFindXrefSourcesForSequence_proteinToDna" classname="jalview.analysis.CrossRefTest" time="0.0"/>
  <testcase name="testSameSequence" classname="jalview.analysis.CrossRefTest" time="0.0"/>
  <testcase name="testSearchDataset" classname="jalview.analysis.CrossRefTest" time="0.0"/>
  <system-out><![CDATA[]]></system-out>
  <system-err><![CDATA[]]></system-err>
</testsuite>
