<?xml version="1.0" encoding="UTF-8"?>
<testsuite name="jalview.util.SparseCountTest" tests="5" skipped="0" failures="0" errors="0" timestamp="2023-07-02T08:13:43" hostname="wer3eng" time="0.001">
  <properties/>
  <testcase name="testAdd" classname="jalview.util.SparseCountTest" time="0.0"/>
  <testcase name="testKeyAt_ValueAt" classname="jalview.util.SparseCountTest" time="0.0"/>
  <testcase name="testOverflow" classname="jalview.util.SparseCountTest" time="0.0"/>
  <testcase name="testPut" classname="jalview.util.SparseCountTest" time="0.0"/>
  <testcase name="testUnderflow" classname="jalview.util.SparseCountTest" time="0.001"/>
  <system-out><![CDATA[]]></system-out>
  <system-err><![CDATA[]]></system-err>
</testsuite>
