<?xml version="1.0" encoding="UTF-8"?>
<testsuite name="jalview.urls.AppletUrlProviderFactoryTest" tests="1" skipped="0" failures="0" errors="0" timestamp="2023-07-02T08:11:54" hostname="wer3eng" time="0.002">
  <properties/>
  <testcase name="testCreateUrlProvider" classname="jalview.urls.AppletUrlProviderFactoryTest" time="0.002"/>
  <system-out><![CDATA[]]></system-out>
  <system-err><![CDATA[]]></system-err>
</testsuite>
