<?xml version="1.0" encoding="UTF-8"?>
<testsuite name="jalview.util.MapListTest" tests="29" skipped="0" failures="0" errors="0" timestamp="2023-07-02T08:12:20" hostname="wer3eng" time="0.008">
  <properties/>
  <testcase name="testAddMapList" classname="jalview.util.MapListTest" time="0.0"/>
  <testcase name="testAddMapList_contiguous" classname="jalview.util.MapListTest" time="0.0"/>
  <testcase name="testAddMapList_sameMap" classname="jalview.util.MapListTest" time="0.001"/>
  <testcase name="testAddOffsetPositions" classname="jalview.util.MapListTest" time="0.0"/>
  <testcase name="testAddRange" classname="jalview.util.MapListTest" time="0.0"/>
  <testcase name="testCoalesceRanges" classname="jalview.util.MapListTest" time="0.0"/>
  <testcase name="testConstructor" classname="jalview.util.MapListTest" time="0.0"/>
  <testcase name="testConstructor_mergeRanges" classname="jalview.util.MapListTest" time="0.0"/>
  <testcase name="testConstructor_withLists" classname="jalview.util.MapListTest" time="0.0"/>
  <testcase name="testCountPositions" classname="jalview.util.MapListTest" time="0.0"/>
  <testcase name="testEquals" classname="jalview.util.MapListTest" time="0.001"/>
  <testcase name="testGetInverse" classname="jalview.util.MapListTest" time="0.0"/>
  <testcase name="testGetMappedOffsetsForPositions" classname="jalview.util.MapListTest" time="0.0"/>
  <testcase name="testGetOverlapsInFrom_withIntrons" classname="jalview.util.MapListTest" time="0.0"/>
  <testcase name="testGetOverlapsInTo_withIntrons" classname="jalview.util.MapListTest" time="0.001"/>
  <testcase name="testGetPositionsForOffsets" classname="jalview.util.MapListTest" time="0.0"/>
  <testcase name="testGetRanges" classname="jalview.util.MapListTest" time="0.0"/>
  <testcase name="testIsFromForwardStrand" classname="jalview.util.MapListTest" time="0.0"/>
  <testcase name="testIsToForwardsStrand" classname="jalview.util.MapListTest" time="0.0"/>
  <testcase name="testLocateInFrom_noIntrons" classname="jalview.util.MapListTest" time="0.001"/>
  <testcase name="testLocateInFrom_reverseStrand" classname="jalview.util.MapListTest" time="0.0"/>
  <testcase name="testLocateInFrom_withIntrons" classname="jalview.util.MapListTest" time="0.0"/>
  <testcase name="testLocateInFrom_withOverlap" classname="jalview.util.MapListTest" time="0.0"/>
  <testcase name="testLocateInTo_noIntrons" classname="jalview.util.MapListTest" time="0.001"/>
  <testcase name="testLocateInTo_withIntrons" classname="jalview.util.MapListTest" time="0.0"/>
  <testcase name="testLocateInTo_withOverlap" classname="jalview.util.MapListTest" time="0.0"/>
  <testcase name="testToString" classname="jalview.util.MapListTest" time="0.0"/>
  <testcase name="testTraverse" classname="jalview.util.MapListTest" time="0.001"/>
  <testcase name="testTraverseToPosition" classname="jalview.util.MapListTest" time="0.0"/>
  <system-out><![CDATA[]]></system-out>
  <system-err><![CDATA[]]></system-err>
</testsuite>
