<?xml version="1.0" encoding="UTF-8"?>
<testsuite name="jalview.ext.so.SequenceOntologyTest" tests="3" skipped="0" failures="0" errors="0" timestamp="2023-07-02T08:11:41" hostname="wer3eng" time="0.003">
  <properties/>
  <testcase name="testIsA" classname="jalview.ext.so.SequenceOntologyTest" time="0.001"/>
  <testcase name="testIsCDS" classname="jalview.ext.so.SequenceOntologyTest" time="0.0"/>
  <testcase name="testIsSequenceVariant" classname="jalview.ext.so.SequenceOntologyTest" time="0.0"/>
  <system-out><![CDATA[]]></system-out>
  <system-err><![CDATA[ERROR - SO term complete invalid
]]></system-err>
</testsuite>
