<?xml version="1.0" encoding="UTF-8"?>
<testsuite name="jalview.schemes.UserColourSchemeTest" tests="3" skipped="0" failures="0" errors="0" timestamp="2023-07-02T08:12:21" hostname="wer3eng" time="0.001">
  <properties/>
  <testcase name="testConstructor_coloursArray" classname="jalview.schemes.UserColourSchemeTest" time="0.0"/>
  <testcase name="testParseAppletParameter" classname="jalview.schemes.UserColourSchemeTest" time="0.001"/>
  <testcase name="testToAppletParameter" classname="jalview.schemes.UserColourSchemeTest" time="0.0"/>
  <system-out><![CDATA[]]></system-out>
  <system-err><![CDATA[]]></system-err>
</testsuite>
