<?xml version="1.0" encoding="UTF-8"?>
<testsuite name="jalview.gui.AnnotationColumnChooserTest" tests="1" skipped="0" failures="0" errors="0" timestamp="2023-07-02T08:12:01" hostname="wer3eng" time="0.129">
  <properties/>
  <testcase name="testReset" classname="jalview.gui.AnnotationColumnChooserTest" time="0.129"/>
  <system-out><![CDATA[]]></system-out>
  <system-err><![CDATA[Rebuild WS Menu for service change
Rebuild WS Menu for service change
Rebuild WS Menu for service change
Rebuild WS Menu for service change
Rebuild WS Menu for service change
Rebuild WS Menu for service change
Rebuild WS Menu for service change
Rebuild WS Menu for service change
Rebuild WS Menu for service change
Rebuild WS Menu for service change
Rebuild WS Menu for service change
Rebuild WS Menu for service change
Rebuild WS Menu for service change
Rebuild WS Menu for service change
Rebuild WS Menu for service change
Rebuild WS Menu for service change
Rebuild WS Menu for service change
Rebuild WS Menu for service change
Rebuild WS Menu for service change
Rebuild WS Menu for service change
DEBUG - Old discovery thread has finished.
DEBUG - Firing service changed event for []
DEBUG - Firing service changed event for []
DEBUG - Firing service changed event for []
DEBUG - Firing service changed event for []
DEBUG - Firing service changed event for []
DEBUG - Firing service changed event for []
DEBUG - Firing service changed event for []
DEBUG - Firing service changed event for []
DEBUG - Firing service changed event for []
DEBUG - Firing service changed event for []
DEBUG - Firing service changed event for []
DEBUG - Firing service changed event for []
DEBUG - Firing service changed event for []
DEBUG - Firing service changed event for []
DEBUG - Scanning news items: newsnew=false and lastDate is null
DEBUG - Will show jalview news automatically
DEBUG - Completed construction of reader.
DEBUG - Completed news thread.
]]></system-err>
</testsuite>
