<?xml version="1.0" encoding="UTF-8"?>
<testsuite name="jalview.analysis.TestAlignSeq" tests="3" skipped="0" failures="0" errors="0" timestamp="2023-07-02T08:12:10" hostname="wer3eng" time="0.002">
  <properties/>
  <testcase name="testExtractGaps" classname="jalview.analysis.TestAlignSeq" time="0.0"/>
  <testcase name="testGetMappingForS1" classname="jalview.analysis.TestAlignSeq" time="0.0"/>
  <testcase name="testPrintAlignment" classname="jalview.analysis.TestAlignSeq" time="0.0"/>
  <system-out><![CDATA[s1: ASDFA
s2: ASDFA
[ [3, 7] ] 1:1 to [ [5, 9] ]
Position in s2: 5 maps to position in s1: 3
Position in s2: 6 maps to position in s1: 4
Position in s2: 7 maps to position in s1: 5
Position in s2: 8 maps to position in s1: 6
]]></system-out>
  <system-err><![CDATA[]]></system-err>
</testsuite>
