<?xml version="1.0" encoding="UTF-8"?>
<testsuite name="jalview.datamodel.AlignedCodonIteratorTest" tests="5" skipped="0" failures="0" errors="0" timestamp="2023-07-02T08:13:43" hostname="wer3eng" time="0.001">
  <properties/>
  <testcase name="testAnother" classname="jalview.datamodel.AlignedCodonIteratorTest" time="0.0"/>
  <testcase name="testNext" classname="jalview.datamodel.AlignedCodonIteratorTest" time="0.0"/>
  <testcase name="testNext_incompleteCodon" classname="jalview.datamodel.AlignedCodonIteratorTest" time="0.001"/>
  <testcase name="testNext_unmappedPeptide" classname="jalview.datamodel.AlignedCodonIteratorTest" time="0.0"/>
  <testcase name="testNext_withOffset" classname="jalview.datamodel.AlignedCodonIteratorTest" time="0.0"/>
  <system-out><![CDATA[]]></system-out>
  <system-err><![CDATA[]]></system-err>
</testsuite>
