<?xml version="1.0" encoding="UTF-8"?>
<testsuite name="mc_view.AtomTest" tests="3" skipped="0" failures="0" errors="0" timestamp="2023-07-02T08:11:38" hostname="wer3eng" time="0.003">
  <properties/>
  <testcase name="testStringConstructor" classname="mc_view.AtomTest" time="0.001"/>
  <testcase name="testStringConstructor_blankOccupancyTempFactor" classname="mc_view.AtomTest" time="0.001"/>
  <testcase name="testStringConstructor_malformed" classname="mc_view.AtomTest" time="0.001"/>
  <system-out><![CDATA[]]></system-out>
  <system-err><![CDATA[]]></system-err>
</testsuite>
