<?xml version="1.0" encoding="UTF-8"?>
<testsuite name="jalview.io.FileIOTester" tests="7" skipped="0" failures="0" errors="0" timestamp="2023-07-02T08:12:21" hostname="wer3eng" time="0.003">
  <properties/>
  <testcase name="testGzipIo" classname="jalview.io.FileIOTester" time="0.001"/>
  <testcase name="testGziplocalFileIO" classname="jalview.io.FileIOTester" time="0.001"/>
  <testcase name="testIsGzipInputStream" classname="jalview.io.FileIOTester" time="0.0"/>
  <testcase name="testNonGzipURLIO" classname="jalview.io.FileIOTester" time="0.001"/>
  <testcase name="testNonGziplocalFileIO" classname="jalview.io.FileIOTester" time="0.0"/>
  <testcase name="testStarsInFasta1" classname="jalview.io.FileIOTester" time="0.0"/>
  <testcase name="testStarsInFasta2" classname="jalview.io.FileIOTester" time="0.0"/>
  <system-out><![CDATA[File format identified as Fasta
File format identified as Fasta
File format identified as Fasta
File format identified as Fasta
File format identified as Fasta
File format identified as Fasta
]]></system-out>
  <system-err><![CDATA[ERROR - FileParse.izGzipStream: input stream must support mark/reset
]]></system-err>
</testsuite>
