<?xml version="1.0" encoding="UTF-8"?>
<testsuite name="jalview.gui.ColourMenuHelperTest" tests="4" skipped="0" failures="0" errors="0" timestamp="2023-07-02T08:12:10" hostname="wer3eng" time="0.028">
  <properties/>
  <testcase name="testAddMenuItems_forAlignFrame" classname="jalview.gui.ColourMenuHelperTest" time="0.012"/>
  <testcase name="testAddMenuItems_nucleotide" classname="jalview.gui.ColourMenuHelperTest" time="0.014"/>
  <testcase name="testAddMenuItems_peptide" classname="jalview.gui.ColourMenuHelperTest" time="0.001"/>
  <testcase name="testAddMenuItems_simpleOnly" classname="jalview.gui.ColourMenuHelperTest" time="0.001"/>
  <system-out><![CDATA[]]></system-out>
  <system-err><![CDATA[]]></system-err>
</testsuite>
