<?xml version="1.0" encoding="UTF-8"?>
<testsuite name="jalview.io.FileFormatsTest" tests="7" skipped="0" failures="0" errors="0" timestamp="2023-07-02T08:12:20" hostname="wer3eng" time="0.003">
  <properties/>
  <testcase name="testDeregisterFileFormat" classname="jalview.io.FileFormatsTest" time="0.0"/>
  <testcase name="testForName" classname="jalview.io.FileFormatsTest" time="0.0"/>
  <testcase name="testGetFormats" classname="jalview.io.FileFormatsTest" time="0.0"/>
  <testcase name="testGetReadableFormats" classname="jalview.io.FileFormatsTest" time="0.0"/>
  <testcase name="testGetWritableFormats" classname="jalview.io.FileFormatsTest" time="0.0"/>
  <testcase name="testIsIdentifiable" classname="jalview.io.FileFormatsTest" time="0.0"/>
  <testcase name="testRegisterFileFormat" classname="jalview.io.FileFormatsTest" time="0.001"/>
  <system-out><![CDATA[]]></system-out>
  <system-err><![CDATA[Overwriting file format: mmCIF
]]></system-err>
</testsuite>
