<?xml version="1.0" encoding="UTF-8"?>
<testsuite name="jalview.bin.ArgsParserTest" tests="4" skipped="0" failures="0" errors="0" timestamp="2023-07-02T08:12:21" hostname="wer3eng" time="0.001">
  <properties/>
  <testcase name="testContains" classname="jalview.bin.ArgsParserTest" time="0.0"/>
  <testcase name="testGetValue" classname="jalview.bin.ArgsParserTest" time="0.0"/>
  <testcase name="testGetValue_decoded" classname="jalview.bin.ArgsParserTest" time="0.001"/>
  <testcase name="testNextValue" classname="jalview.bin.ArgsParserTest" time="0.0"/>
  <system-out><![CDATA[]]></system-out>
  <system-err><![CDATA[]]></system-err>
</testsuite>
