<?xml version="1.0" encoding="UTF-8"?>
<testsuite name="jalview.ext.ensembl.EnsemblSeqProxyTest" tests="3" skipped="0" failures="0" errors="0" timestamp="2023-07-02T08:11:38" hostname="wer3eng" time="0.004">
  <properties/>
  <testcase name="getGenomicRangesFromFeatures" classname="jalview.ext.ensembl.EnsemblSeqProxyTest" time="0.0"/>
  <testcase name="testReverseComplementAllele" classname="jalview.ext.ensembl.EnsemblSeqProxyTest" time="0.002"/>
  <testcase name="testReverseComplementAlleles" classname="jalview.ext.ensembl.EnsemblSeqProxyTest" time="0.002"/>
  <system-out><![CDATA[]]></system-out>
  <system-err><![CDATA[]]></system-err>
</testsuite>
