<?xml version="1.0" encoding="UTF-8"?>
<testsuite name="jalview.io.gff.GffTests" tests="1" skipped="0" failures="0" errors="0" timestamp="2023-07-02T08:12:10" hostname="wer3eng" time="0.011">
  <properties/>
  <testcase name="testResolveExonerateGff" classname="jalview.io.gff.GffTests" time="0.011"/>
  <system-out><![CDATA[File format identified as Fasta
File format identified as Features
Realised mapped sequence dna1
]]></system-out>
  <system-err><![CDATA[]]></system-err>
</testsuite>
