<?xml version="1.0" encoding="UTF-8"?>
<testsuite name="jalview.io.cache.AppCacheTest" tests="2" skipped="0" failures="0" errors="0" timestamp="2023-07-02T08:12:02" hostname="wer3eng" time="0.001">
  <properties/>
  <testcase name="appCacheLimitTest" classname="jalview.io.cache.AppCacheTest" time="0.0"/>
  <testcase name="appCacheTest" classname="jalview.io.cache.AppCacheTest" time="0.001"/>
  <system-out><![CDATA[]]></system-out>
  <system-err><![CDATA[]]></system-err>
</testsuite>
