<?xml version="1.0" encoding="UTF-8"?>
<testsuite name="jalview.ws.ebi.EBIFetchClientTest" tests="2" skipped="0" failures="0" errors="0" timestamp="2023-07-02T08:11:38" hostname="wer3eng" time="0.006">
  <properties/>
  <testcase name="testBuildUrl" classname="jalview.ws.ebi.EBIFetchClientTest" time="0.005"/>
  <testcase name="testParseIds" classname="jalview.ws.ebi.EBIFetchClientTest" time="0.0"/>
  <system-out><![CDATA[]]></system-out>
  <system-err><![CDATA[]]></system-err>
</testsuite>
