<?xml version="1.0" encoding="UTF-8"?>
<testsuite name="jalview.commands.TrimRegionCommandTest" tests="6" skipped="0" failures="0" errors="0" timestamp="2023-07-02T08:13:43" hostname="wer3eng" time="0.003">
  <properties/>
  <testcase name="testTrimLeft_noColumns" classname="jalview.commands.TrimRegionCommandTest" time="0.0"/>
  <testcase name="testTrimLeft_oneColumn" classname="jalview.commands.TrimRegionCommandTest" time="0.0"/>
  <testcase name="testTrimLeft_withUndoAndRedo" classname="jalview.commands.TrimRegionCommandTest" time="0.0"/>
  <testcase name="testTrimRight_noColumns" classname="jalview.commands.TrimRegionCommandTest" time="0.0"/>
  <testcase name="testTrimRight_oneColumn" classname="jalview.commands.TrimRegionCommandTest" time="0.0"/>
  <testcase name="testTrimRight_withUndoAndRedo" classname="jalview.commands.TrimRegionCommandTest" time="0.0"/>
  <system-out><![CDATA[]]></system-out>
  <system-err><![CDATA[]]></system-err>
</testsuite>
