<?xml version="1.0" encoding="UTF-8"?>
<testsuite name="jalview.schemes.FeatureColourTest" tests="12" skipped="0" failures="0" errors="0" timestamp="2023-07-02T08:12:02" hostname="wer3eng" time="0.007">
  <properties/>
  <testcase name="testConstructors" classname="jalview.schemes.FeatureColourTest" time="0.0"/>
  <testcase name="testCopyConstructor" classname="jalview.schemes.FeatureColourTest" time="0.0"/>
  <testcase name="testGetColor_Graduated" classname="jalview.schemes.FeatureColourTest" time="0.0"/>
  <testcase name="testGetColor_GraduatedByAttributeValue" classname="jalview.schemes.FeatureColourTest" time="0.0"/>
  <testcase name="testGetColor_aboveBelowThreshold" classname="jalview.schemes.FeatureColourTest" time="0.0"/>
  <testcase name="testGetColor_colourByAttributeText" classname="jalview.schemes.FeatureColourTest" time="0.0"/>
  <testcase name="testGetColor_colourByLabel" classname="jalview.schemes.FeatureColourTest" time="0.0"/>
  <testcase name="testGetColor_simpleColour" classname="jalview.schemes.FeatureColourTest" time="0.0"/>
  <testcase name="testGetDescription" classname="jalview.schemes.FeatureColourTest" time="0.003"/>
  <testcase name="testIsOutwithThreshold" classname="jalview.schemes.FeatureColourTest" time="0.0"/>
  <testcase name="testParseJalviewFeatureColour" classname="jalview.schemes.FeatureColourTest" time="0.002"/>
  <testcase name="testToJalviewFormat" classname="jalview.schemes.FeatureColourTest" time="0.001"/>
  <system-out><![CDATA[]]></system-out>
  <system-err><![CDATA[]]></system-err>
</testsuite>
