<?xml version="1.0" encoding="UTF-8"?>
<testsuite name="jalview.schemes.ResiduePropertiesTest" tests="8" skipped="0" failures="0" errors="0" timestamp="2023-07-02T08:12:18" hostname="wer3eng" time="0.005">
  <properties/>
  <testcase name="testCodonTranslate" classname="jalview.schemes.ResiduePropertiesTest" time="0.001"/>
  <testcase name="testCodonTranslate_ambiguityCodes" classname="jalview.schemes.ResiduePropertiesTest" time="0.0"/>
  <testcase name="testGetCanonicalAminoAcid" classname="jalview.schemes.ResiduePropertiesTest" time="0.002"/>
  <testcase name="testGetDssp3State" classname="jalview.schemes.ResiduePropertiesTest" time="0.001"/>
  <testcase name="testGetResidues_nucleotide" classname="jalview.schemes.ResiduePropertiesTest" time="0.0"/>
  <testcase name="testGetResidues_peptide" classname="jalview.schemes.ResiduePropertiesTest" time="0.0"/>
  <testcase name="testGetSingleCharacterCode" classname="jalview.schemes.ResiduePropertiesTest" time="0.0"/>
  <testcase name="testPhysicoChemicalProperties" classname="jalview.schemes.ResiduePropertiesTest" time="0.001"/>
  <system-out><![CDATA[]]></system-out>
  <system-err><![CDATA[]]></system-err>
</testsuite>
