<?xml version="1.0" encoding="UTF-8"?>
<testsuite name="jalview.io.IdentifyFileTest" tests="24" skipped="0" failures="0" errors="0" timestamp="2023-07-02T08:11:38" hostname="wer3eng" time="0.029">
  <properties/>
  <testcase name="testIdentify[0](examples/example.json, Json)" classname="jalview.io.IdentifyFileTest" time="0.003"/>
  <testcase name="testIdentify[1](examples/plantfdx.fa, Fasta)" classname="jalview.io.IdentifyFileTest" time="0.001"/>
  <testcase name="testIdentify[2](examples/dna_interleaved.phy, Phylip)" classname="jalview.io.IdentifyFileTest" time="0.0"/>
  <testcase name="testIdentify[3](examples/2GIS.pdb, PDB)" classname="jalview.io.IdentifyFileTest" time="0.0"/>
  <testcase name="testIdentify[4](examples/RF00031_folded.stk, Stockholm)" classname="jalview.io.IdentifyFileTest" time="0.001"/>
  <testcase name="testIdentify[5](examples/testdata/test.rnaml, Rnaml)" classname="jalview.io.IdentifyFileTest" time="0.0"/>
  <testcase name="testIdentify[6](examples/testdata/test.aln, Clustal)" classname="jalview.io.IdentifyFileTest" time="0.0"/>
  <testcase name="testIdentify[7](examples/testdata/test.pfam, Pfam)" classname="jalview.io.IdentifyFileTest" time="0.002"/>
  <testcase name="testIdentify[8](examples/testdata/test.msf, MSF)" classname="jalview.io.IdentifyFileTest" time="0.0"/>
  <testcase name="testIdentify[9](examples/testdata/test.pir, PIR)" classname="jalview.io.IdentifyFileTest" time="0.001"/>
  <testcase name="testIdentify[10](examples/testdata/test.html, Html)" classname="jalview.io.IdentifyFileTest" time="0.0"/>
  <testcase name="testIdentify[11](examples/testdata/test.pileup, Pileup)" classname="jalview.io.IdentifyFileTest" time="0.0"/>
  <testcase name="testIdentify[12](examples/testdata/test.blc, BLC)" classname="jalview.io.IdentifyFileTest" time="0.001"/>
  <testcase name="testIdentify[13](test/jalview/io/J03321.embl.txt, Embl)" classname="jalview.io.IdentifyFileTest" time="0.0"/>
  <testcase name="testIdentify[14](test/jalview/io/J03321.gb, GenBank)" classname="jalview.io.IdentifyFileTest" time="0.0"/>
  <testcase name="testIdentify[15](examples/exampleFeatures.txt, Features)" classname="jalview.io.IdentifyFileTest" time="0.002"/>
  <testcase name="testIdentify[16](examples/testdata/simpleGff3.gff, Features)" classname="jalview.io.IdentifyFileTest" time="0.001"/>
  <testcase name="testIdentify[17](examples/testdata/test.jvp, Jalview)" classname="jalview.io.IdentifyFileTest" time="0.008"/>
  <testcase name="testIdentify[18](examples/testdata/test.cif, MMCif)" classname="jalview.io.IdentifyFileTest" time="0.001"/>
  <testcase name="testIdentify[19](examples/testdata/cullpdb_pc25_res3.0_R0.3_d150729_chains9361.fasta.15316, Fasta)" classname="jalview.io.IdentifyFileTest" time="0.0"/>
  <testcase name="testIdentify[20](resources/scoreModel/pam250.scm, ScoreMatrix)" classname="jalview.io.IdentifyFileTest" time="0.0"/>
  <testcase name="testIdentify[21](resources/scoreModel/blosum80.scm, ScoreMatrix)" classname="jalview.io.IdentifyFileTest" time="0.001"/>
  <testcase name="testIdentify_featureFile" classname="jalview.io.IdentifyFileTest" time="0.001"/>
  <testcase name="testLooksLikeFeatureData" classname="jalview.io.IdentifyFileTest" time="0.001"/>
  <system-out><![CDATA[File format identified as Json
File format identified as Fasta
File format identified as Phylip
File format identified as PDB
File format identified as Stockholm
File format identified as Rnaml
File format identified as Clustal
File format identified as Pfam
File format identified as MSF
File format identified as PIR
File format identified as Html
File format identified as Pileup
File format identified as BLC
File format identified as Embl
File format identified as GenBank
File format identified as Features
File format identified as Features
File format identified as Jalview
File format identified as MMCif
File format identified as Fasta
File format identified as ScoreMatrix
File format identified as ScoreMatrix
File format identified as Features
File format identified as Features
File format identified as Features
]]></system-out>
  <system-err><![CDATA[]]></system-err>
</testsuite>
