<?xml version="1.0" encoding="UTF-8"?>
<testsuite name="jalview.util.ParseHtmlBodyAndLinksTest" tests="4" skipped="0" failures="0" errors="0" timestamp="2023-07-02T08:13:36" hostname="wer3eng" time="0.001">
  <properties/>
  <testcase name="testParseHtml_noLinks" classname="jalview.util.ParseHtmlBodyAndLinksTest" time="0.001"/>
  <testcase name="testParseHtml_withLinks" classname="jalview.util.ParseHtmlBodyAndLinksTest" time="0.0"/>
  <testcase name="testParseHtml_withLinksWithEncoding" classname="jalview.util.ParseHtmlBodyAndLinksTest" time="0.0"/>
  <testcase name="testParseHtml_withLinksWithParameters" classname="jalview.util.ParseHtmlBodyAndLinksTest" time="0.0"/>
  <system-out><![CDATA[]]></system-out>
  <system-err><![CDATA[]]></system-err>
</testsuite>
