<?xml version="1.0" encoding="UTF-8"?>
<testsuite name="jalview.bin.HiDPISettingTest1" tests="1" skipped="0" failures="0" errors="0" timestamp="2023-07-02T08:13:36" hostname="wer3eng" time="0.679">
  <properties/>
  <testcase name="testHiDPISettingInit" classname="jalview.bin.HiDPISettingTest1" time="0.679"/>
  <system-out><![CDATA[]]></system-out>
  <system-err><![CDATA[DEBUG - Exception downloading identifiers.org datahttps://www.jalview.org/services/identifiers
DEBUG - Scanning news items: newsnew=false and lastDate is null
DEBUG - Will show jalview news automatically
DEBUG - Completed construction of reader.
DEBUG - Completed news thread.
DEBUG - Displaying news.
]]></system-err>
</testsuite>
