<?xml version="1.0" encoding="UTF-8"?>
<testsuite name="jalview.fts.core.FTSRestClientTest" tests="16" skipped="0" failures="0" errors="0" timestamp="2023-07-02T08:11:41" hostname="wer3eng" time="0.025">
  <properties/>
  <testcase name="coverageForEqualsAndHashFunction" classname="jalview.fts.core.FTSRestClientTest" time="0.004"/>
  <testcase name="coverageForExceptionBranches" classname="jalview.fts.core.FTSRestClientTest" time="0.003"/>
  <testcase name="coverageForMiscellaneousBranches" classname="jalview.fts.core.FTSRestClientTest" time="0.001"/>
  <testcase name="getAllDefaulDisplayedDataColumns" classname="jalview.fts.core.FTSRestClientTest" time="0.0"/>
  <testcase name="getAllFTSDataColumns" classname="jalview.fts.core.FTSRestClientTest" time="0.001"/>
  <testcase name="getColumnClassTest" classname="jalview.fts.core.FTSRestClientTest" time="0.002"/>
  <testcase name="getColumnMaxWidthTest" classname="jalview.fts.core.FTSRestClientTest" time="0.001"/>
  <testcase name="getColumnMinWidthTest" classname="jalview.fts.core.FTSRestClientTest" time="0.001"/>
  <testcase name="getColumnPreferredWidthTest" classname="jalview.fts.core.FTSRestClientTest" time="0.001"/>
  <testcase name="getDataColumnByNameOrCode" classname="jalview.fts.core.FTSRestClientTest" time="0.001"/>
  <testcase name="getDataColumnGroupById" classname="jalview.fts.core.FTSRestClientTest" time="0.0"/>
  <testcase name="getDataColumnsFieldsAsCommaDelimitedString" classname="jalview.fts.core.FTSRestClientTest" time="0.001"/>
  <testcase name="getDefaultResponsePageSize" classname="jalview.fts.core.FTSRestClientTest" time="0.0"/>
  <testcase name="getPrimaryKeyColumIndexTest" classname="jalview.fts.core.FTSRestClientTest" time="0.001"/>
  <testcase name="getPrimaryKeyColumn" classname="jalview.fts.core.FTSRestClientTest" time="0.001"/>
  <testcase name="getSearchableDataColumns" classname="jalview.fts.core.FTSRestClientTest" time="0.0"/>
  <system-out><![CDATA[Uniprot Id
Entry Name
Protein names
Gene Names
Organism
Virus hosts
Status
Length
Mass
EC number
Keywords
Protein existence
ALL
Gene ontology (GO)
Gene ontology IDs
PubMed ID
Date of creation
Date of last modification
Date of last sequence modification
Domain [cc]
Protein families
Mapped PubMed ID
Couldn't find data column with name : unavailable column
Couldn't find data column group with id : unavailable column group Id
Attempting to connect with ClustalOWS...
]]></system-out>
  <system-err><![CDATA[]]></system-err>
</testsuite>
