<?xml version="1.0" encoding="UTF-8"?>
<testsuite name="jalview.schemes.ClustalxColourSchemeTest" tests="2" skipped="0" failures="0" errors="0" timestamp="2023-07-02T08:12:00" hostname="wer3eng" time="0.048">
  <properties/>
  <testcase name="testFindColour" classname="jalview.schemes.ClustalxColourSchemeTest" time="0.023"/>
  <testcase name="testFindColour_ignoreGaps" classname="jalview.schemes.ClustalxColourSchemeTest" time="0.024"/>
  <system-out><![CDATA[File format identified as Fasta
File format identified as Fasta
]]></system-out>
  <system-err><![CDATA[]]></system-err>
</testsuite>
