<?xml version="1.0" encoding="UTF-8"?>
<testsuite name="jalview.util.ComparisonTest" tests="7" skipped="0" failures="0" errors="0" timestamp="2023-07-02T08:12:07" hostname="wer3eng" time="0.001">
  <properties/>
  <testcase name="testIsGap" classname="jalview.util.ComparisonTest" time="0.001"/>
  <testcase name="testIsNucleotide" classname="jalview.util.ComparisonTest" time="0.0"/>
  <testcase name="testIsNucleotideSequence" classname="jalview.util.ComparisonTest" time="0.0"/>
  <testcase name="testIsNucleotide_sequences" classname="jalview.util.ComparisonTest" time="0.0"/>
  <testcase name="testIsSameResidue" classname="jalview.util.ComparisonTest" time="0.0"/>
  <testcase name="testPID_includingGaps" classname="jalview.util.ComparisonTest" time="0.0"/>
  <testcase name="testPID_ungappedOnly" classname="jalview.util.ComparisonTest" time="0.0"/>
  <system-out><![CDATA[]]></system-out>
  <system-err><![CDATA[]]></system-err>
</testsuite>
