<?xml version="1.0" encoding="UTF-8"?>
<testsuite name="jalview.analysis.CodingUtilsTest" tests="3" skipped="0" failures="0" errors="0" timestamp="2023-07-02T08:11:56" hostname="wer3eng" time="0.0">
  <properties/>
  <testcase name="testDecodeCodon" classname="jalview.analysis.CodingUtilsTest" time="0.0"/>
  <testcase name="testDecodeNucleotide" classname="jalview.analysis.CodingUtilsTest" time="0.0"/>
  <testcase name="testEncodeCodon" classname="jalview.analysis.CodingUtilsTest" time="0.0"/>
  <system-out><![CDATA[]]></system-out>
  <system-err><![CDATA[]]></system-err>
</testsuite>
