<?xml version="1.0" encoding="UTF-8"?>
<testsuite name="jalview.gui.FeatureSettingsTest" tests="2" skipped="0" failures="0" errors="0" timestamp="2023-07-02T08:12:10" hostname="wer3eng" time="0.058">
  <properties/>
  <testcase name="testGetColorTooltip" classname="jalview.gui.FeatureSettingsTest" time="0.003"/>
  <testcase name="testSaveLoad" classname="jalview.gui.FeatureSettingsTest" time="0.055"/>
  <system-out><![CDATA[File format identified as Fasta
]]></system-out>
  <system-err><![CDATA[Jul 02, 2023 10:12:10 AM compbio.ws.client.Jws2Client connect
INFO: Connected successfully!
]]></system-err>
</testsuite>
