<?xml version="1.0" encoding="UTF-8"?>
<testsuite name="jalview.gui.PopupMenuTest" tests="13" skipped="0" failures="0" errors="0" timestamp="2023-07-02T08:11:53" hostname="wer3eng" time="0.363">
  <properties/>
  <testcase name="testAddFeatureDetails" classname="jalview.gui.PopupMenuTest" time="0.011"/>
  <testcase name="testAddFeatureDetails_linkedFeatures" classname="jalview.gui.PopupMenuTest" time="0.0"/>
  <testcase name="testBuildAnnotationTypesMenus" classname="jalview.gui.PopupMenuTest" time="0.001"/>
  <testcase name="testBuildAnnotationTypesMenus_hideDisabled" classname="jalview.gui.PopupMenuTest" time="0.0"/>
  <testcase name="testBuildAnnotationTypesMenus_showDisabled" classname="jalview.gui.PopupMenuTest" time="0.0"/>
  <testcase name="testBuildLinkMenu" classname="jalview.gui.PopupMenuTest" time="0.006"/>
  <testcase name="testConfigureReferenceAnnotationsMenu" classname="jalview.gui.PopupMenuTest" time="0.001"/>
  <testcase name="testConfigureReferenceAnnotationsMenu_alreadyAdded" classname="jalview.gui.PopupMenuTest" time="0.0"/>
  <testcase name="testConfigureReferenceAnnotationsMenu_noReferenceAnnotations" classname="jalview.gui.PopupMenuTest" time="0.0"/>
  <testcase name="testConfigureReferenceAnnotationsMenu_noSequenceSelected" classname="jalview.gui.PopupMenuTest" time="0.0"/>
  <testcase name="testConfigureReferenceAnnotationsMenu_notOnAlignment" classname="jalview.gui.PopupMenuTest" time="0.0"/>
  <testcase name="testConfigureReferenceAnnotationsMenu_twoViews" classname="jalview.gui.PopupMenuTest" time="0.0"/>
  <testcase name="testHideInsertions" classname="jalview.gui.PopupMenuTest" time="0.012"/>
  <system-out><![CDATA[]]></system-out>
  <system-err><![CDATA[]]></system-err>
</testsuite>
