<?xml version="1.0" encoding="UTF-8"?>
<testsuite name="jalview.analysis.AAFrequencyTest" tests="8" skipped="0" failures="0" errors="0" timestamp="2023-07-02T08:11:38" hostname="wer3eng" time="0.011">
  <properties/>
  <testcase name="testCalculate_noProfile" classname="jalview.analysis.AAFrequencyTest" time="0.002"/>
  <testcase name="testCalculate_withProfile" classname="jalview.analysis.AAFrequencyTest" time="0.001"/>
  <testcase name="testCompleteConsensus_ignoreGaps_noLogo" classname="jalview.analysis.AAFrequencyTest" time="0.0"/>
  <testcase name="testCompleteConsensus_includeGaps_showLogo" classname="jalview.analysis.AAFrequencyTest" time="0.001"/>
  <testcase name="testExtractCdnaProfile" classname="jalview.analysis.AAFrequencyTest" time="0.002"/>
  <testcase name="testExtractCdnaProfile_countGaps" classname="jalview.analysis.AAFrequencyTest" time="0.0"/>
  <testcase name="testExtractProfile" classname="jalview.analysis.AAFrequencyTest" time="0.001"/>
  <testcase name="testExtractProfile_countGaps" classname="jalview.analysis.AAFrequencyTest" time="0.001"/>
  <system-out><![CDATA[]]></system-out>
  <system-err><![CDATA[]]></system-err>
</testsuite>
