<?xml version="1.0" encoding="UTF-8"?>
<testsuite name="jalview.datamodel.SequenceGroupTest" tests="7" skipped="0" failures="0" errors="0" timestamp="2023-07-02T08:12:07" hostname="wer3eng" time="0.002">
  <properties/>
  <testcase name="testAddOrRemove" classname="jalview.datamodel.SequenceGroupTest" time="0.0"/>
  <testcase name="testAddSequence" classname="jalview.datamodel.SequenceGroupTest" time="0.0"/>
  <testcase name="testConstructor_list" classname="jalview.datamodel.SequenceGroupTest" time="0.001"/>
  <testcase name="testContains" classname="jalview.datamodel.SequenceGroupTest" time="0.0"/>
  <testcase name="testCopyConstructor" classname="jalview.datamodel.SequenceGroupTest" time="0.0"/>
  <testcase name="testGetColourScheme" classname="jalview.datamodel.SequenceGroupTest" time="0.0"/>
  <testcase name="testSetContext" classname="jalview.datamodel.SequenceGroupTest" time="0.0"/>
  <system-out><![CDATA[]]></system-out>
  <system-err><![CDATA[]]></system-err>
</testsuite>
