<?xml version="1.0" encoding="UTF-8"?>
<testsuite name="jalview.ext.htsjdk.TestHtsContigDb" tests="3" skipped="0" failures="0" errors="0" timestamp="2023-07-02T08:11:41" hostname="wer3eng" time="0.043">
  <properties/>
  <testcase name="testCreateFastaSequenceIndex" classname="jalview.ext.htsjdk.TestHtsContigDb" time="0.038"/>
  <testcase name="testGetSequenceProxy" classname="jalview.ext.htsjdk.TestHtsContigDb" time="0.002"/>
  <testcase name="testGetSequenceProxy_indexed" classname="jalview.ext.htsjdk.TestHtsContigDb" time="0.001"/>
  <system-out><![CDATA[]]></system-out>
  <system-err><![CDATA[WARNING	2023-07-02 10:11:41	AsciiLineReader	Creating an indexable source for an AsciiFeatureCodec using a stream that is neither a PositionalBufferedStream nor a BlockCompressedInputStream
]]></system-err>
</testsuite>
