<?xml version="1.0" encoding="UTF-8"?>
<testsuite name="jalview.io.WindowsFileLoadAndSaveTest" tests="1" skipped="0" failures="0" errors="0" timestamp="2023-07-02T08:12:02" hostname="wer3eng" time="0.029">
  <properties/>
  <testcase name="loadAndSaveAlignment" classname="jalview.io.WindowsFileLoadAndSaveTest" time="0.029"/>
  <system-out><![CDATA[]]></system-out>
  <system-err><![CDATA[DEBUG - BACKUPFILES using temp file /home/thomas/Studium/Master_2/java-hiwi/jalview/examples/uniref50.fa-TEST6375990746448106227.tmp_newfile
DEBUG - ALIGNFRAME writing temp file was successful
DEBUG - BACKUPFILES moving examples/uniref50.fa-TEST to /home/thomas/Studium/Master_2/java-hiwi/jalview/examples/uniref50.fa-TEST_BACKUPFILESTESTTMP000001 was successful
DEBUG - ALIGNFRAME performed rollBackupsAndRenameTempFile successfully
]]></system-err>
</testsuite>
