<?xml version="1.0" encoding="UTF-8"?>
<testsuite name="jalview.ext.htsjdk.VCFReaderTest" tests="2" skipped="0" failures="0" errors="0" timestamp="2023-07-02T08:11:41" hostname="wer3eng" time="0.071">
  <properties/>
  <testcase name="testQuery_plain" classname="jalview.ext.htsjdk.VCFReaderTest" time="0.069"/>
  <testcase name="testReadVcf_plain" classname="jalview.ext.htsjdk.VCFReaderTest" time="0.002"/>
  <system-out><![CDATA[Discovered service: http://www.compbio.dundee.ac.uk/jabaws jalview.ws.jws2.jabaws2.Jws2Instance@2b48a413
]]></system-out>
  <system-err><![CDATA[]]></system-err>
</testsuite>
