<?xml version="1.0" encoding="UTF-8"?>
<testsuite name="jalview.datamodel.MappingTypeTest" tests="3" skipped="0" failures="0" errors="0" timestamp="2023-07-02T08:11:56" hostname="wer3eng" time="0.002">
  <properties/>
  <testcase name="testGetFromRatio" classname="jalview.datamodel.MappingTypeTest" time="0.001"/>
  <testcase name="testGetInverse" classname="jalview.datamodel.MappingTypeTest" time="0.0"/>
  <testcase name="testGetToRatio" classname="jalview.datamodel.MappingTypeTest" time="0.0"/>
  <system-out><![CDATA[]]></system-out>
  <system-err><![CDATA[]]></system-err>
</testsuite>
