<?xml version="1.0" encoding="UTF-8"?>
<testsuite name="jalview.datamodel.AlignmentTest" tests="29" skipped="0" failures="0" errors="0" timestamp="2023-07-02T08:13:44" hostname="wer3eng" time="0.054">
  <properties/>
  <testcase name="testAddCodonFrame" classname="jalview.datamodel.AlignmentTest" time="0.001"/>
  <testcase name="testAddSequencePreserveDatasetIntegrity" classname="jalview.datamodel.AlignmentTest" time="0.001"/>
  <testcase name="testAlignAs_cdnaAsProtein" classname="jalview.datamodel.AlignmentTest" time="0.0"/>
  <testcase name="testAlignAs_cdnaAsProtein_singleSequence" classname="jalview.datamodel.AlignmentTest" time="0.0"/>
  <testcase name="testAlignAs_dnaAsDna" classname="jalview.datamodel.AlignmentTest" time="0.001"/>
  <testcase name="testAlignAs_proteinAsCdna" classname="jalview.datamodel.AlignmentTest" time="0.0"/>
  <testcase name="testAppend" classname="jalview.datamodel.AlignmentTest" time="0.0"/>
  <testcase name="testAssertDatasetIsNormalised" classname="jalview.datamodel.AlignmentTest" time="0.001"/>
  <testcase name="testCopyConstructor" classname="jalview.datamodel.AlignmentTest" time="0.001"/>
  <testcase name="testCreateDatasetAlignment" classname="jalview.datamodel.AlignmentTest" time="0.0"/>
  <testcase name="testCreateDatasetAlignmentWithMappedToSeqs" classname="jalview.datamodel.AlignmentTest" time="0.0"/>
  <testcase name="testCreateDataset_updateDbrefMappings" classname="jalview.datamodel.AlignmentTest" time="0.0"/>
  <testcase name="testDeleteAllAnnotations_excludingAutocalculated" classname="jalview.datamodel.AlignmentTest" time="0.0"/>
  <testcase name="testDeleteAllAnnotations_includingAutocalculated" classname="jalview.datamodel.AlignmentTest" time="0.0"/>
  <testcase name="testDeleteHiddenSequence" classname="jalview.datamodel.AlignmentTest" time="0.0"/>
  <testcase name="testDeleteSequenceByIndex" classname="jalview.datamodel.AlignmentTest" time="0.0"/>
  <testcase name="testDeleteSequenceBySeq" classname="jalview.datamodel.AlignmentTest" time="0.0"/>
  <testcase name="testFindAnnotation_byCalcId" classname="jalview.datamodel.AlignmentTest" time="0.0"/>
  <testcase name="testFindAnnotations_bySeqLabelandorCalcId" classname="jalview.datamodel.AlignmentTest" time="0.0"/>
  <testcase name="testFindGroup" classname="jalview.datamodel.AlignmentTest" time="0.0"/>
  <testcase name="testFindOrCreateForNullCalcId" classname="jalview.datamodel.AlignmentTest" time="0.0"/>
  <testcase name="testGetVisibleWidth" classname="jalview.datamodel.AlignmentTest" time="0.0"/>
  <testcase name="testGetWidth" classname="jalview.datamodel.AlignmentTest" time="0.0"/>
  <testcase name="testPadGaps" classname="jalview.datamodel.AlignmentTest" time="0.0"/>
  <testcase name="testPropagateInsertions" classname="jalview.datamodel.AlignmentTest" time="0.0"/>
  <testcase name="testPropagateInsertionsOverlap" classname="jalview.datamodel.AlignmentTest" time="0.0"/>
  <testcase name="testSetDataset_selfReference" classname="jalview.datamodel.AlignmentTest" time="0.0"/>
  <testcase name="testSetHiddenColumns" classname="jalview.datamodel.AlignmentTest" time="0.0"/>
  <testcase name="testVerifyAlignmentDatasetRefs" classname="jalview.datamodel.AlignmentTest" time="0.005"/>
  <system-out><![CDATA[>SEQ1/1-20
PTEIICYRTWRAPNNPMRWN
>SEQ2/1-20
PTEIICYRTWRAPNNPMRWN
>SEQ3/1-20
PTELICYRTWRAPNNPMRWN
>SEQ4/1-20
PTEIICYRTWRIPNNPMRWN
>SEQ5/1-20
PTEIKCYRTWEAPNNPMRWN
>SEQ6/1-20
PTEIICYRTWRAPNNEMRWN
>SEQ7/1-20
PTEIACYRTWRAPNNPMRWN
>SEQ8/1-20
PTAIICYRTWRAPNRPMRWN
>SEQ9/1-20
PTMIICYRTWRAPNNPMRWN
>SEQ10/1-20
PTEIICYRTWRAPNNPMRWN
>SEQ11/1-20
PTEIICYRTWRAPNNSMRWN
>SEQ12/1-20
ITEIICYRTWRAPNNPMMWN
>SEQ13/1-20
PTEIICYRTWRAPNNPMRWN
>SEQ14/1-20
PTEIICYRTWRAPNAPMRWN
>SEQ15/1-20
PTEIICYRTWRAPNMPMRWN

>SEQ1/1-20
PTEIICYRTWRAPNNPMRWN
>SEQ2/1-20
PTEIICYRTWRAPNNPMRWN
>SEQ3/1-20
PTELICYRTWRAPNNPMRWN
>SEQ4/1-20
PTEIICYRTWRIPNNPMRWN
>SEQ5/1-20
PTEIKCYRTWEAPNNPMRWN
>SEQ6/1-20
PTEIICYRTWRAPNNEMRWN
>SEQ7/1-20
PTEIACYRTWRAPNNPMRWN
>SEQ8/1-20
PTAIICYRTWRAPNRPMRWN
>SEQ9/1-20
PTMIICYRTWRAPNNPMRWN
>SEQ10/1-20
PTEIICYRTWRAPNNPMRWN
>SEQ11/1-20
PTEIICYRTWRAPNNSMRWN
>SEQ12/1-20
ITEIICYRTWRAPNNPMMWN
>SEQ13/1-20
PTEIICYRTWRAPNNPMRWN
>SEQ14/1-20
PTEIICYRTWRAPNAPMRWN
>SEQ15/1-20
PTEIICYRTWRAPNMPMRWN

>SEQ1/1-20
PTEIICYRTWRAPNNPMRWN
>SEQ2/1-20
PTEIICYRTWRAPNNPMRWN
>SEQ3/1-20
PTELICYRTWRAPNNPMRWN
>SEQ4/1-20
PTEIICYRTWRIPNNPMRWN
>SEQ5/1-20
PTEIKCYRTWEAPNNPMRWN
>SEQ6/1-20
PTEIICYRTWRAPNNEMRWN
>SEQ7/1-20
PTEIACYRTWRAPNNPMRWN
>SEQ8/1-20
PTAIICYRTWRAPNRPMRWN
>SEQ9/1-20
PTMIICYRTWRAPNNPMRWN
>SEQ10/1-20
PTEIICYRTWRAPNNPMRWN
>SEQ11/1-20
PTEIICYRTWRAPNNSMRWN
>SEQ12/1-20
ITEIICYRTWRAPNNPMMWN
>SEQ13/1-20
PTEIICYRTWRAPNNPMRWN
>SEQ14/1-20
PTEIICYRTWRAPNAPMRWN
>SEQ15/1-20
PTEIICYRTWRAPNMPMRWN

>SEQ1/1-25
LSMNNKGQQMNMMVMFVNLYLVDWT
>SEQ2/1-25
LSMNNKGQQMNMMVMFVNLYLVDWT
>SEQ3/1-25
LSMNNKGQQMNMMVMFVNLYLVDWT
>SEQ4/1-25
LSMNNKGQQMNMMVMFVNLYLVDWT
>SEQ5/1-25
LSMNNKGQQMNMMVMFVNLYLVDWT
>SEQ6/1-25
LSMNNKGQQMNMMVMFVNLYLVDWT
>SEQ7/1-25
LSMNNKGQQMNMMVMFVNLYLVDWT
>SEQ8/1-25
LSMNNKGQQMNMMVMFVNLYLVDWT
>SEQ9/1-25
LSMNNKGQQMNMMVMFVNLYLVDWT
>SEQ10/1-25
LSMNNKGQQMNMMVMFVNLYLVDWT

>SEQ1/1-20
LSMNNKGQQMNMMVMFVNLY
>SEQ2/1-20
LSMNNKGQQMNMMVMFVNLY
>SEQ3/1-20
LSMNNKGQQMNMMVMFVNLY
>SEQ4/1-20
LSMNNKGQQMNMMVMFVNLY
>SEQ5/1-20
LSMNNKGQQMNMMVMFVNLY
>SEQ6/1-20
LSMNNKGQQMNMMVMFVNLY
>SEQ7/1-20
LSMNNKGQQMNMMVMFVNLY
>SEQ8/1-20
LSMNNKGQQMNMMVMFVNLY
>SEQ9/1-20
LSMNNKGQQMNMMVMFVNLY
>SEQ10/1-20
LSMNNKGQQMNMMVMFVNLY

]]></system-out>
  <system-err><![CDATA[]]></system-err>
</testsuite>
