<?xml version="1.0" encoding="UTF-8"?>
<testsuite name="jalview.io.EmblFlatFileTest" tests="6" skipped="0" failures="0" errors="0" timestamp="2023-07-02T08:12:18" hostname="wer3eng" time="0.027">
  <properties/>
  <testcase name="testAdjustForProteinLength" classname="jalview.io.EmblFlatFileTest" time="0.0"/>
  <testcase name="testParse" classname="jalview.io.EmblFlatFileTest" time="0.013"/>
  <testcase name="testParseToRNA" classname="jalview.io.EmblFlatFileTest" time="0.012"/>
  <testcase name="testParse_codonStartNot1" classname="jalview.io.EmblFlatFileTest" time="0.0"/>
  <testcase name="testParse_noUniprotXref" classname="jalview.io.EmblFlatFileTest" time="0.0"/>
  <testcase name="testRemoveQuotes" classname="jalview.io.EmblFlatFileTest" time="0.0"/>
  <system-out><![CDATA[]]></system-out>
  <system-err><![CDATA[]]></system-err>
</testsuite>
