<?xml version="1.0" encoding="UTF-8"?>
<testsuite name="jalview.util.MappingUtilsTest" tests="22" skipped="0" failures="0" errors="0" timestamp="2023-07-02T08:12:21" hostname="wer3eng" time="0.011">
  <properties/>
  <testcase name="testBuildSearchResults" classname="jalview.util.MappingUtilsTest" time="0.0"/>
  <testcase name="testBuildSearchResults_withIntron" classname="jalview.util.MappingUtilsTest" time="0.0"/>
  <testcase name="testContains" classname="jalview.util.MappingUtilsTest" time="0.0"/>
  <testcase name="testFindMappingsForSequence" classname="jalview.util.MappingUtilsTest" time="0.0"/>
  <testcase name="testFindMappingsForSequenceAndOthers" classname="jalview.util.MappingUtilsTest" time="0.0"/>
  <testcase name="testFindOverlap" classname="jalview.util.MappingUtilsTest" time="0.0"/>
  <testcase name="testFlattenRanges" classname="jalview.util.MappingUtilsTest" time="0.0"/>
  <testcase name="testFlattenRanges_reverseStrand" classname="jalview.util.MappingUtilsTest" time="0.001"/>
  <testcase name="testGetLength" classname="jalview.util.MappingUtilsTest" time="0.0"/>
  <testcase name="testMapColumnSelection_dnaToProtein" classname="jalview.util.MappingUtilsTest" time="0.001"/>
  <testcase name="testMapColumnSelection_hiddenColumns" classname="jalview.util.MappingUtilsTest" time="0.001"/>
  <testcase name="testMapColumnSelection_null" classname="jalview.util.MappingUtilsTest" time="0.001"/>
  <testcase name="testMapColumnSelection_proteinToDna" classname="jalview.util.MappingUtilsTest" time="0.001"/>
  <testcase name="testMapEditCommand" classname="jalview.util.MappingUtilsTest" time="0.0"/>
  <testcase name="testMapSequenceGroup_columns" classname="jalview.util.MappingUtilsTest" time="0.001"/>
  <testcase name="testMapSequenceGroup_region" classname="jalview.util.MappingUtilsTest" time="0.001"/>
  <testcase name="testMapSequenceGroup_sequences" classname="jalview.util.MappingUtilsTest" time="0.0"/>
  <testcase name="testMapSequenceGroup_sharedDataset" classname="jalview.util.MappingUtilsTest" time="0.001"/>
  <testcase name="testRangeContains" classname="jalview.util.MappingUtilsTest" time="0.0"/>
  <testcase name="testRemoveEndPositions" classname="jalview.util.MappingUtilsTest" time="0.0"/>
  <testcase name="testRemoveStartPositions" classname="jalview.util.MappingUtilsTest" time="0.0"/>
  <testcase name="testRemoveStartPositions_reverseStrand" classname="jalview.util.MappingUtilsTest" time="0.0"/>
  <system-out><![CDATA[]]></system-out>
  <system-err><![CDATA[]]></system-err>
</testsuite>
