<?xml version="1.0" encoding="UTF-8"?>
<testsuite name="jalview.renderer.OverviewResColourFinderTest" tests="3" skipped="0" failures="0" errors="0" timestamp="2023-07-02T08:11:41" hostname="wer3eng" time="0.003">
  <properties/>
  <testcase name="testGetResidueBoxColour_none" classname="jalview.renderer.OverviewResColourFinderTest" time="0.0"/>
  <testcase name="testGetResidueBoxColour_userdef" classname="jalview.renderer.OverviewResColourFinderTest" time="0.001"/>
  <testcase name="testGetResidueBoxColour_zappo" classname="jalview.renderer.OverviewResColourFinderTest" time="0.0"/>
  <system-out><![CDATA[]]></system-out>
  <system-err><![CDATA[]]></system-err>
</testsuite>
