<?xml version="1.0" encoding="UTF-8"?>
<testsuite name="jalview.structures.models.AAStructureBindingModelTest" tests="4" skipped="0" failures="0" errors="0" timestamp="2023-07-02T08:11:46" hostname="wer3eng" time="2.525">
  <properties/>
  <testcase name="testBuildColoursMap" classname="jalview.structures.models.AAStructureBindingModelTest" time="0.046"/>
  <testcase name="testFindSuperposableResidues" classname="jalview.structures.models.AAStructureBindingModelTest" time="0.001"/>
  <testcase name="testFindSuperposableResidues_hiddenColumn" classname="jalview.structures.models.AAStructureBindingModelTest" time="0.0"/>
  <testcase name="testImportPDBPreservesChainMappings" classname="jalview.structures.models.AAStructureBindingModelTest" time="0.253"/>
  <system-out><![CDATA[File format identified as Fasta
CIR resolver set to https://cactus.nci.nih.gov/chemical/structure
Operating headless display=null nographicsallowed=true
(C) 2015 Jmol Development
Jmol Version: 15.1.53  2021-02-10 09:12
java.vendor: Java: Oracle Corporation
java.version: Java 11.0.19
os.name: Linux
Access: ALL
memory: 66.1/140.5
processors available: 8
useCommandThread: false
The Resolver thinks Pdb
HYDROLASE                               09-SEP-09   3A6S
3A6S
reading 10 atoms
ModelSet: haveSymmetry:false haveUnitcells:false haveFractionalCoord:false
1 model in this collection. Use getProperty "modelInfo" or getProperty "auxiliaryInfo" to inspect them.
Default Van der Waals type for model set to Jmol
10 atoms created
ModelSet: autobonding; use  autobond=false  to not generate bonds automatically
Time for creating model: 2 ms
]]></system-out>
  <system-err><![CDATA[Jul 02, 2023 10:11:46 AM compbio.ws.client.Jws2Client connectToRegistry
INFO: Connected to RegistryWS successfully!
]]></system-err>
</testsuite>
