<?xml version="1.0" encoding="UTF-8"?>
<testsuite name="jalview.datamodel.features.FeatureMatcherTest" tests="11" skipped="0" failures="0" errors="0" timestamp="2023-07-02T08:12:21" hostname="wer3eng" time="0.005">
  <properties/>
  <testcase name="testFromString" classname="jalview.datamodel.features.FeatureMatcherTest" time="0.002"/>
  <testcase name="testGetAttribute" classname="jalview.datamodel.features.FeatureMatcherTest" time="0.0"/>
  <testcase name="testGetMatcher" classname="jalview.datamodel.features.FeatureMatcherTest" time="0.0"/>
  <testcase name="testIsByAttribute" classname="jalview.datamodel.features.FeatureMatcherTest" time="0.001"/>
  <testcase name="testIsByLabel" classname="jalview.datamodel.features.FeatureMatcherTest" time="0.0"/>
  <testcase name="testIsByScore" classname="jalview.datamodel.features.FeatureMatcherTest" time="0.0"/>
  <testcase name="testMatches_byAttribute" classname="jalview.datamodel.features.FeatureMatcherTest" time="0.0"/>
  <testcase name="testMatches_byLabel" classname="jalview.datamodel.features.FeatureMatcherTest" time="0.001"/>
  <testcase name="testMatches_byScore" classname="jalview.datamodel.features.FeatureMatcherTest" time="0.0"/>
  <testcase name="testToStableString" classname="jalview.datamodel.features.FeatureMatcherTest" time="0.0"/>
  <testcase name="testToString" classname="jalview.datamodel.features.FeatureMatcherTest" time="0.001"/>
  <system-out><![CDATA[]]></system-out>
  <system-err><![CDATA[Invalid matcher format: 'Score ge 12.2
Invalid matcher format: 'Score' ge '12.2
Invalid matcher format: Score ge
Invalid matcher format: Score
Invalid matcher format: 
]]></system-err>
</testsuite>
