<?xml version="1.0" encoding="UTF-8"?>
<testsuite name="jalview.ws.rest.RestClientTest" tests="1" skipped="0" failures="0" errors="0" timestamp="2023-07-02T08:11:41" hostname="wer3eng" time="0.004">
  <properties/>
  <testcase name="testGetRestClient" classname="jalview.ws.rest.RestClientTest" time="0.004"/>
  <system-out><![CDATA[Got 1 clients.
1: |Multi-Harmony|Analysis|Sequence Harmony and Multi-Relief (Brandt et al. 2010)|hseparable,gapCharacter='-',returns='ANNOTATION'|?tool=jalview|http://zeus.few.vu.nl/programs/shmrwww/index.php?tool=jalview&groups=$PARTITION:min='2',minsize='2',sep=' '$&ali_file=$ALIGNMENT:format='Fasta',writeasfile$
]]></system-out>
  <system-err><![CDATA[DEBUG - AUTHENTICATOR setting default Authenticator to null
DEBUG - AUTHENTICATOR setting property 'http.nonProxyHosts' to "null"
DEBUG - Setting proxy properties to: http.proxyHost=null, http.proxyPort=null, https.proxyHost=null, https.proxyPort=null
]]></system-err>
</testsuite>
