<?xml version="1.0" encoding="UTF-8"?>
<testsuite name="jalview.math.SparseMatrixTest" tests="11" skipped="0" failures="0" errors="0" timestamp="2023-07-02T08:12:31" hostname="wer3eng" time="0.011">
  <properties/>
  <testcase name="testConstructor" classname="jalview.math.SparseMatrixTest" time="0.001"/>
  <testcase name="testFillRatio" classname="jalview.math.SparseMatrixTest" time="0.0"/>
  <testcase name="testPostMultiply" classname="jalview.math.SparseMatrixTest" time="0.001"/>
  <testcase name="testPreMultiply" classname="jalview.math.SparseMatrixTest" time="0.0"/>
  <testcase name="testPreMultiply_sparseProduct" classname="jalview.math.SparseMatrixTest" time="0.0"/>
  <testcase name="testPreMultiply_tooFewColumns" classname="jalview.math.SparseMatrixTest" time="0.001"/>
  <testcase name="testPreMultiply_tooManyColumns" classname="jalview.math.SparseMatrixTest" time="0.0"/>
  <testcase name="testTqli_matchesMatrix" classname="jalview.math.SparseMatrixTest" time="0.002"/>
  <testcase name="testTranspose" classname="jalview.math.SparseMatrixTest" time="0.0"/>
  <testcase name="testTred_matchesMatrix" classname="jalview.math.SparseMatrixTest" time="0.002"/>
  <testcase name="testTred_reproducible" classname="jalview.math.SparseMatrixTest" time="0.004"/>
  <system-out><![CDATA[]]></system-out>
  <system-err><![CDATA[]]></system-err>
</testsuite>
