<?xml version="1.0" encoding="UTF-8"?>
<testsuite name="jalview.gui.AlignViewportTest" tests="10" skipped="0" failures="0" errors="0" timestamp="2023-07-02T08:11:56" hostname="wer3eng" time="0.815">
  <properties/>
  <testcase name="testDeregisterMapping_onCloseView" classname="jalview.gui.AlignViewportTest" time="0.101"/>
  <testcase name="testDeregisterMapping_withNoReference" classname="jalview.gui.AlignViewportTest" time="0.049"/>
  <testcase name="testDeregisterMapping_withReference" classname="jalview.gui.AlignViewportTest" time="0.094"/>
  <testcase name="testGetConsensusSeq" classname="jalview.gui.AlignViewportTest" time="0.094"/>
  <testcase name="testHideRevealSequences" classname="jalview.gui.AlignViewportTest" time="0.0"/>
  <testcase name="testSetGetHasSearchResults" classname="jalview.gui.AlignViewportTest" time="0.051"/>
  <testcase name="testSetGlobalColourScheme" classname="jalview.gui.AlignViewportTest" time="0.059"/>
  <testcase name="testSetSelectionGroup" classname="jalview.gui.AlignViewportTest" time="0.075"/>
  <testcase name="testShowOrDontShowOccupancy" classname="jalview.gui.AlignViewportTest" time="0.168"/>
  <testcase name="testUpdateConservation_qualityOnly" classname="jalview.gui.AlignViewportTest" time="0.115"/>
  <system-out><![CDATA[File format identified as Fasta
File format identified as Fasta
File format identified as Fasta
File format identified as Fasta
File format identified as Fasta
registry.getSupportedServices: [MSAprobsWS, DisemblWS, TcoffeeWS, RNAalifoldWS, MafftWS, IUPredWS, GlobPlotWS, ProbconsWS, AAConWS, JronnWS, ClustalWS, MuscleWS, ClustalOWS, GLprobsWS]
File format identified as Fasta
File format identified as Fasta
File format identified as Fasta
File format identified as Fasta
registry.getSupportedServices: [MSAprobsWS, DisemblWS, TcoffeeWS, RNAalifoldWS, MafftWS, IUPredWS, GlobPlotWS, ProbconsWS, AAConWS, JronnWS, ClustalWS, MuscleWS, ClustalOWS, GLprobsWS]
File format identified as Fasta
Attempting to connect with MafftWS...
File format identified as Fasta
Discovered service: http://www.compbio.dundee.ac.uk/jabaws jalview.ws.jws2.jabaws2.Jws2Instance@ff7b673
File format identified as Fasta
]]></system-out>
  <system-err><![CDATA[DEBUG - A MsaWS service called Muscle Multiple Protein Sequence Alignment exists at http://www.compbio.dundee.ac.uk/JalviewWS/services/MuscleWS

DEBUG - A MsaWS service called MAFFT Multiple Sequence Alignment exists at http://www.compbio.dundee.ac.uk/JalviewWS/services/MafftWS

DEBUG - A MsaWS service called ClustalW Multiple Sequence Alignment exists at http://www.compbio.dundee.ac.uk/JalviewWS/services/ClustalWS

DEBUG - A SecStrPred service called JPred Secondary Structure Prediction exists at http://www.compbio.dundee.ac.uk/JalviewWS/services/jpred

DEBUG - No service endpoints to use for service discovery.
DEBUG - Constructing news reader.
Invalid or corrupt date in property 'JALVIEW_NEWS_RSS_LASTMODIFIED' : value was 'Apr 23, 2014 2:53:26 PM'
Rebuild WS Menu for service change
Rebuild WS Menu for service change
Rebuild WS Menu for service change
Rebuild WS Menu for service change
Rebuild WS Menu for service change
Rebuild WS Menu for service change
Rebuild WS Menu for service change
Rebuild WS Menu for service change
Rebuild WS Menu for service change
Rebuild WS Menu for service change
Rebuild WS Menu for service change
Rebuild WS Menu for service change
Rebuild WS Menu for service change
Rebuild WS Menu for service change
Rebuild WS Menu for service change
DEBUG - Filechooser init thread finished.
Rebuild WS Menu for service change
Rebuild WS Menu for service change
Rebuild WS Menu for service change
Rebuild WS Menu for service change
Rebuild WS Menu for service change
Rebuild WS Menu for service change
Rebuild WS Menu for service change
Rebuild WS Menu for service change
Rebuild WS Menu for service change
Rebuild WS Menu for service change
Rebuild WS Menu for service change
Rebuild WS Menu for service change
Rebuild WS Menu for service change
Rebuild WS Menu for service change
Rebuild WS Menu for service change
Rebuild WS Menu for service change
Rebuild WS Menu for service change
Rebuild WS Menu for service change
Rebuild WS Menu for service change
Rebuild WS Menu for service change
Rebuild WS Menu for service change
Rebuild WS Menu for service change
Assuming project file with TEST is compatible with Jalview version 2.8.1
DEBUG - Aborting 1 JABAWS discovery threads.
DEBUG - Setting viewport's sequence set id : 1133497507
DEBUG - Scanning news items: newsnew=false and lastDate is null
DEBUG - Will show jalview news automatically
DEBUG - Completed construction of reader.
DEBUG - Completed news thread.
Warning - overwriting a sequenceSetId for a viewport!
DEBUG - Old discovery thread has finished.
Jul 02, 2023 10:11:56 AM compbio.ws.client.Jws2Client connectToRegistry
INFO: Connected to RegistryWS successfully!
DEBUG - Exception downloading identifiers.org datahttps://www.jalview.org/services/identifiers
DEBUG - Displaying news.
DEBUG - Scanning news items: newsnew=false and lastDate is null
DEBUG - Will show jalview news automatically
DEBUG - Completed construction of reader.
Jul 02, 2023 10:11:57 AM compbio.ws.client.Jws2Client connectToRegistry
INFO: Connected to RegistryWS successfully!
DEBUG - Completed news thread.
DEBUG - Displaying news.
Jul 02, 2023 10:11:57 AM compbio.ws.client.Jws2Client connect
INFO: Connected successfully!
]]></system-err>
</testsuite>
