<?xml version="1.0" encoding="UTF-8"?>
<testsuite name="jalview.io.PhylipFileTests" tests="4" skipped="0" failures="0" errors="0" timestamp="2023-07-02T08:11:53" hostname="wer3eng" time="0.03">
  <properties/>
  <testcase name="testInterleavedDataExtraction" classname="jalview.io.PhylipFileTests" time="0.003"/>
  <testcase name="testInterleavedIO" classname="jalview.io.PhylipFileTests" time="0.017"/>
  <testcase name="testSequentialDataExtraction" classname="jalview.io.PhylipFileTests" time="0.002"/>
  <testcase name="testSequentialIO" classname="jalview.io.PhylipFileTests" time="0.006"/>
  <system-out><![CDATA[Check sequence: Cow/1-684
There are feature!!!
No annotations
Check sequence: Carp/1-705
There are feature!!!
No annotations
Check sequence: Chicken/1-684
There are feature!!!
No annotations
Check sequence: Human/1-684
There are feature!!!
No annotations
Check sequence: Loach/1-705
There are feature!!!
No annotations
Check sequence: Mouse/1-684
There are feature!!!
No annotations
Check sequence: Rat/1-684
There are feature!!!
No annotations
Check sequence: Seal/1-684
There are feature!!!
No annotations
Check sequence: Whale/1-684
There are feature!!!
No annotations
Check sequence: Frog/1-696
There are feature!!!
No annotations
Check sequence: Cow/1-684
There are feature!!!
No annotations
Check sequence: Carp/1-705
There are feature!!!
No annotations
Check sequence: Chicken/1-684
There are feature!!!
No annotations
Check sequence: Human/1-684
There are feature!!!
No annotations
Check sequence: Loach/1-705
There are feature!!!
No annotations
Check sequence: Mouse/1-684
There are feature!!!
No annotations
Check sequence: Rat/1-684
There are feature!!!
No annotations
Check sequence: Seal/1-684
There are feature!!!
No annotations
Check sequence: Whale/1-684
There are feature!!!
No annotations
Check sequence: Frog/1-696
There are feature!!!
No annotations
]]></system-out>
  <system-err><![CDATA[]]></system-err>
</testsuite>
