<?xml version="1.0" encoding="UTF-8"?>
<testsuite name="jalview.datamodel.HiddenSequencesTest" tests="13" skipped="0" failures="0" errors="0" timestamp="2023-07-02T08:11:42" hostname="wer3eng" time="0.004">
  <properties/>
  <testcase name="testAdjustForHiddenSeqs" classname="jalview.datamodel.HiddenSequencesTest" time="0.001"/>
  <testcase name="testAdjustHeightSequenceAdded" classname="jalview.datamodel.HiddenSequencesTest" time="0.0"/>
  <testcase name="testAdjustHeightSequenceDeleted" classname="jalview.datamodel.HiddenSequencesTest" time="0.0"/>
  <testcase name="testFindIndexNFromRow" classname="jalview.datamodel.HiddenSequencesTest" time="0.0"/>
  <testcase name="testFindIndexWithoutHiddenSeqs" classname="jalview.datamodel.HiddenSequencesTest" time="0.0"/>
  <testcase name="testGetFullAlignment" classname="jalview.datamodel.HiddenSequencesTest" time="0.0"/>
  <testcase name="testGetHiddenSequence" classname="jalview.datamodel.HiddenSequencesTest" time="0.0"/>
  <testcase name="testGetSize" classname="jalview.datamodel.HiddenSequencesTest" time="0.0"/>
  <testcase name="testGetWidth" classname="jalview.datamodel.HiddenSequencesTest" time="0.0"/>
  <testcase name="testHideShowLastSequences" classname="jalview.datamodel.HiddenSequencesTest" time="0.0"/>
  <testcase name="testHideShowSequence" classname="jalview.datamodel.HiddenSequencesTest" time="0.0"/>
  <testcase name="testHideShowSequence_withHiddenRepSequence" classname="jalview.datamodel.HiddenSequencesTest" time="0.001"/>
  <testcase name="testIsHidden" classname="jalview.datamodel.HiddenSequencesTest" time="0.0"/>
  <system-out><![CDATA[]]></system-out>
  <system-err><![CDATA[]]></system-err>
</testsuite>
