<?xml version="1.0" encoding="UTF-8"?>
<testsuite name="jalview.io.JalviewExportPropertiesTests" tests="1" skipped="0" failures="0" errors="0" timestamp="2023-07-02T08:11:38" hostname="wer3eng" time="0.412">
  <properties/>
  <testcase name="testImportExportPeriodGaps" classname="jalview.io.JalviewExportPropertiesTests" time="0.412"/>
  <system-out><![CDATA[File format identified as Fasta
]]></system-out>
  <system-err><![CDATA[DEBUG - A MsaWS service called Muscle Multiple Protein Sequence Alignment exists at http://www.compbio.dundee.ac.uk/JalviewWS/services/MuscleWS

DEBUG - Desktop graphics transform scale=1.0 (X)
DEBUG - A MsaWS service called MAFFT Multiple Sequence Alignment exists at http://www.compbio.dundee.ac.uk/JalviewWS/services/MafftWS

DEBUG - Desktop graphics transform scale=1.0 (Y)
DEBUG - A MsaWS service called ClustalW Multiple Sequence Alignment exists at http://www.compbio.dundee.ac.uk/JalviewWS/services/ClustalWS

DEBUG - A SecStrPred service called JPred Secondary Structure Prediction exists at http://www.compbio.dundee.ac.uk/JalviewWS/services/jpred

DEBUG - No service endpoints to use for service discovery.
DEBUG - Filechooser init thread finished.
DEBUG - Constructing news reader.
Invalid or corrupt date in property 'JALVIEW_NEWS_RSS_LASTMODIFIED' : value was 'Apr 23, 2014 2:53:26 PM'
]]></system-err>
</testsuite>
