<?xml version="1.0" encoding="UTF-8"?>
<testsuite name="jalview.math.RotatableMatrixTest" tests="4" skipped="0" failures="0" errors="0" timestamp="2023-07-02T08:12:21" hostname="wer3eng" time="0.004">
  <properties/>
  <testcase name="testGetRotation" classname="jalview.math.RotatableMatrixTest" time="0.0"/>
  <testcase name="testPreMultiply" classname="jalview.math.RotatableMatrixTest" time="0.0"/>
  <testcase name="testPrint" classname="jalview.math.RotatableMatrixTest" time="0.003"/>
  <testcase name="testVectorMultiply" classname="jalview.math.RotatableMatrixTest" time="0.0"/>
  <system-out><![CDATA[]]></system-out>
  <system-err><![CDATA[]]></system-err>
</testsuite>
