<?xml version="1.0" encoding="UTF-8"?>
<testsuite name="jalview.datamodel.ResidueCountTest" tests="13" skipped="0" failures="0" errors="0" timestamp="2023-07-02T08:12:01" hostname="wer3eng" time="0.005">
  <properties/>
  <testcase name="testAddGap" classname="jalview.datamodel.ResidueCountTest" time="0.0"/>
  <testcase name="testGetModalCount" classname="jalview.datamodel.ResidueCountTest" time="0.0"/>
  <testcase name="testGetResiduesForCount" classname="jalview.datamodel.ResidueCountTest" time="0.0"/>
  <testcase name="testGetSymbolCounts_nucleotide" classname="jalview.datamodel.ResidueCountTest" time="0.003"/>
  <testcase name="testGetSymbolCounts_peptide" classname="jalview.datamodel.ResidueCountTest" time="0.0"/>
  <testcase name="testGetTooltip" classname="jalview.datamodel.ResidueCountTest" time="0.001"/>
  <testcase name="testOverflow" classname="jalview.datamodel.ResidueCountTest" time="0.0"/>
  <testcase name="testPut" classname="jalview.datamodel.ResidueCountTest" time="0.0"/>
  <testcase name="testToString" classname="jalview.datamodel.ResidueCountTest" time="0.0"/>
  <testcase name="test_countNucleotide" classname="jalview.datamodel.ResidueCountTest" time="0.001"/>
  <testcase name="test_countPeptide" classname="jalview.datamodel.ResidueCountTest" time="0.0"/>
  <testcase name="test_unexpectedNucleotide" classname="jalview.datamodel.ResidueCountTest" time="0.0"/>
  <testcase name="test_unexpectedPeptide" classname="jalview.datamodel.ResidueCountTest" time="0.0"/>
  <system-out><![CDATA[]]></system-out>
  <system-err><![CDATA[Rebuild WS Menu for service change
Rebuild WS Menu for service change
]]></system-err>
</testsuite>
