<?xml version="1.0" encoding="UTF-8"?>
<testsuite name="jalview.io.JSONFileTest" tests="10" skipped="0" failures="0" errors="0" timestamp="2023-07-02T08:11:41" hostname="wer3eng" time="0.065">
  <properties/>
  <testcase name="colorSchemeTest" classname="jalview.io.JSONFileTest" time="0.0"/>
  <testcase name="hiddenColsTest" classname="jalview.io.JSONFileTest" time="0.0"/>
  <testcase name="hiddenSeqsTest" classname="jalview.io.JSONFileTest" time="0.0"/>
  <testcase name="isShowSeqFeaturesSet" classname="jalview.io.JSONFileTest" time="0.001"/>
  <testcase name="roundTripTest" classname="jalview.io.JSONFileTest" time="0.0"/>
  <testcase name="testAnnotationParsed" classname="jalview.io.JSONFileTest" time="0.0"/>
  <testcase name="testBioJSONRoundTripWithColourSchemeNone" classname="jalview.io.JSONFileTest" time="0.03"/>
  <testcase name="testGrpParsed" classname="jalview.io.JSONFileTest" time="0.001"/>
  <testcase name="testGrpParsed_colourNone" classname="jalview.io.JSONFileTest" time="0.024"/>
  <testcase name="testSeqParsed" classname="jalview.io.JSONFileTest" time="0.002"/>
  <system-out><![CDATA[Testing >>> JGroup:1883305585
JGroup:1883305585 | JGroup:1883305585
false | false
true | true
true | true
4 | 4
21 | 21
29 | 29
jalview.schemes.ZappoColourScheme@59018eed | jalview.schemes.ZappoColourScheme@59018eed
Testing >>> JGroup:1883305585
JGroup:1883305585 | JGroup:1883305585
false | false
true | true
true | true
4 | 4
21 | 21
29 | 29
null | null
Testing >>> FER_CAPAN
Testing >>> FER1_SOLLC
Testing >>> Q93XJ9_SOLTU
Testing >>> FER1_PEA
Testing >>> Q7XA98_TRIPR
]]></system-out>
  <system-err><![CDATA[]]></system-err>
</testsuite>
