<?xml version="1.0" encoding="UTF-8"?>
<testsuite name="jalview.ext.ensembl.EnsemblGeneTest" tests="6" skipped="0" failures="0" errors="0" timestamp="2023-07-02T08:11:49" hostname="wer3eng" time="0.005">
  <properties/>
  <testcase name="testGetFeatureColourScheme" classname="jalview.ext.ensembl.EnsemblGeneTest" time="0.002"/>
  <testcase name="testGetGenomicRangesFromFeatures" classname="jalview.ext.ensembl.EnsemblGeneTest" time="0.0"/>
  <testcase name="testGetGenomicRangesFromFeatures_ncRNA_gene_reverseStrand" classname="jalview.ext.ensembl.EnsemblGeneTest" time="0.0"/>
  <testcase name="testGetIdentifyingFeatures" classname="jalview.ext.ensembl.EnsemblGeneTest" time="0.001"/>
  <testcase name="testGetTranscriptFeatures" classname="jalview.ext.ensembl.EnsemblGeneTest" time="0.0"/>
  <testcase name="testRetainFeature" classname="jalview.ext.ensembl.EnsemblGeneTest" time="0.001"/>
  <system-out><![CDATA[]]></system-out>
  <system-err><![CDATA[]]></system-err>
</testsuite>
