<?xml version="1.0" encoding="UTF-8"?>
<testsuite name="jalview.analysis.GeneticCodesTest" tests="7" skipped="0" failures="0" errors="0" timestamp="2023-07-02T08:12:02" hostname="wer3eng" time="0.003">
  <properties/>
  <testcase name="testGetCodeTable" classname="jalview.analysis.GeneticCodesTest" time="0.0"/>
  <testcase name="testGetCodeTables" classname="jalview.analysis.GeneticCodesTest" time="0.0"/>
  <testcase name="testTranslate" classname="jalview.analysis.GeneticCodesTest" time="0.0"/>
  <testcase name="testTranslateCanonical" classname="jalview.analysis.GeneticCodesTest" time="0.0"/>
  <testcase name="testTranslate_nonStandardTableAmbiguityCodes" classname="jalview.analysis.GeneticCodesTest" time="0.0"/>
  <testcase name="testTranslate_standardTable" classname="jalview.analysis.GeneticCodesTest" time="0.0"/>
  <testcase name="testTranslate_standardTableAmbiguityCodes" classname="jalview.analysis.GeneticCodesTest" time="0.0"/>
  <system-out><![CDATA[]]></system-out>
  <system-err><![CDATA[]]></system-err>
</testsuite>
