<?xml version="1.0" encoding="UTF-8"?>
<testsuite name="jalview.ext.pymol.PymolManagerTest" tests="2" skipped="0" failures="0" errors="0" timestamp="2023-07-02T08:11:41" hostname="wer3eng" time="0.004">
  <properties/>
  <testcase name="testGetPostRequest" classname="jalview.ext.pymol.PymolManagerTest" time="0.001"/>
  <testcase name="testGetPymolPaths" classname="jalview.ext.pymol.PymolManagerTest" time="0.003"/>
  <system-out><![CDATA[]]></system-out>
  <system-err><![CDATA[]]></system-err>
</testsuite>
