<?xml version="1.0" encoding="UTF-8"?>
<testsuite name="jalview.gui.PaintRefresherTest" tests="3" skipped="0" failures="0" errors="0" timestamp="2023-07-02T08:11:42" hostname="wer3eng" time="0.039">
  <properties/>
  <testcase name="testGetAssociatedPanels" classname="jalview.gui.PaintRefresherTest" time="0.034"/>
  <testcase name="testRegister" classname="jalview.gui.PaintRefresherTest" time="0.001"/>
  <testcase name="testRemoveComponent" classname="jalview.gui.PaintRefresherTest" time="0.0"/>
  <system-out><![CDATA[Discovered service: http://www.compbio.dundee.ac.uk/jabaws jalview.ws.jws2.jabaws2.Jws2Instance@6f0ad22e
]]></system-out>
  <system-err><![CDATA[]]></system-err>
</testsuite>
