<?xml version="1.0" encoding="UTF-8"?>
<testsuite name="jalview.renderer.ResidueShaderTest" tests="3" skipped="0" failures="0" errors="0" timestamp="2023-07-02T08:11:42" hostname="wer3eng" time="0.003">
  <properties/>
  <testcase name="testAboveThreshold" classname="jalview.renderer.ResidueShaderTest" time="0.001"/>
  <testcase name="testApplyConservation" classname="jalview.renderer.ResidueShaderTest" time="0.0"/>
  <testcase name="testFindColour_gapColour" classname="jalview.renderer.ResidueShaderTest" time="0.002"/>
  <system-out><![CDATA[]]></system-out>
  <system-err><![CDATA[]]></system-err>
</testsuite>
