<?xml version="1.0" encoding="UTF-8"?>
<testsuite name="jalview.datamodel.ColumnSelectionTest" tests="21" skipped="0" failures="0" errors="0" timestamp="2023-07-02T08:13:44" hostname="wer3eng" time="0.007">
  <properties/>
  <testcase name="testAddElement" classname="jalview.datamodel.ColumnSelectionTest" time="0.0"/>
  <testcase name="testCopyConstructor" classname="jalview.datamodel.ColumnSelectionTest" time="0.0"/>
  <testcase name="testEquals" classname="jalview.datamodel.ColumnSelectionTest" time="0.0"/>
  <testcase name="testFilterAnnotations" classname="jalview.datamodel.ColumnSelectionTest" time="0.001"/>
  <testcase name="testGetSelected" classname="jalview.datamodel.ColumnSelectionTest" time="0.0"/>
  <testcase name="testGetSelectedRanges" classname="jalview.datamodel.ColumnSelectionTest" time="0.0"/>
  <testcase name="testGetSelected_concurrentModification" classname="jalview.datamodel.ColumnSelectionTest" time="0.0"/>
  <testcase name="testGetSelected_isReadOnly" classname="jalview.datamodel.ColumnSelectionTest" time="0.0"/>
  <testcase name="testHideColumns_withSelection" classname="jalview.datamodel.ColumnSelectionTest" time="0.001"/>
  <testcase name="testHideSelectedColumns" classname="jalview.datamodel.ColumnSelectionTest" time="0.0"/>
  <testcase name="testInvertColumnSelection" classname="jalview.datamodel.ColumnSelectionTest" time="0.0"/>
  <testcase name="testMarkColumns" classname="jalview.datamodel.ColumnSelectionTest" time="0.0"/>
  <testcase name="testMarkColumns_extend" classname="jalview.datamodel.ColumnSelectionTest" time="0.0"/>
  <testcase name="testMarkColumns_invert" classname="jalview.datamodel.ColumnSelectionTest" time="0.0"/>
  <testcase name="testMarkColumns_toggle" classname="jalview.datamodel.ColumnSelectionTest" time="0.0"/>
  <testcase name="testMaxColumnSelection" classname="jalview.datamodel.ColumnSelectionTest" time="0.0"/>
  <testcase name="testMinColumnSelection" classname="jalview.datamodel.ColumnSelectionTest" time="0.0"/>
  <testcase name="testRemoveElement" classname="jalview.datamodel.ColumnSelectionTest" time="0.0"/>
  <testcase name="testSetElementsFrom" classname="jalview.datamodel.ColumnSelectionTest" time="0.0"/>
  <testcase name="testStretchGroup_expand" classname="jalview.datamodel.ColumnSelectionTest" time="0.0"/>
  <testcase name="testStretchGroup_shrink" classname="jalview.datamodel.ColumnSelectionTest" time="0.0"/>
  <system-out><![CDATA[>SEQ1/1-50
PTEIICYRTWRAPNNPMRWNLIDVIILWTGQRPNKGNMIPESDFHI-WDWT
>SEQ2/1-50
PTEIKCYRTWEAPNNPMRWNLIDVIILWTGQRPNKENMIPESDFAI-WDWT
>SEQ3/1-50
PTEIICYRTWRNPNNPMRWNLIRVIILWTGMRPNKGNMIPESDFHI-WDWT
>SEQ4/1-50
PTEIICYRTWRAPNNPMRWNLIDVIILWTGQRSNKGNIIPESDFHI-WDWT
>SEQ5/1-50
PTEMICYRTWRAPNNPMRWNLIDVIILWTGQRPNKGNMIPASDFHI-WDWT
>SEQ6/1-50
PTEIICYRTNRAPNNPMRWNLIDVIILWTGQRPNKGNMIPESDFHR-WDWT
>SEQ7/1-50
PTEIICYRTWRAPNNPMRWNLIDVIILWHGQRPNKGNMIPESDFHI-WDWT
>SEQ8/1-50
PTEIICYFTWRAPNNPMRWNLIDVIILWTTQRPNKGNMIPESDFHI-WDAT
>SEQ9/1-50
PTEIVCYRTWRAPNNPMRWNIIDVIILWTGQRPNKGNMNPESDFHI-WDWV
>SEQ10/1-50
PTEIICYRTWRAPNNPMRWNLIDVIILWTGQRPNKGNMNPESDFHI-WDWT
>SEQ11/1-50
PTEAICYRTWRAPNNPMRWNLIDVIILWTQQRPNKGNMIPESDMHI-WDWT
>SEQ12/1-50
PTEIICYRTWRAPNNPMRWNLIDVIILWTGQRPNKGNMIPESDFHI-WDWT
>SEQ13/1-50
PTEIICYRTWRAPNNPMRWNLIDVIILWTGQRPNKGNMIPESDFHI-WDWT
>SEQ14/1-50
PTEIICYRTWRAPNQPMRWNLIDVIILWTGQRPNKGNMPPESDFHI-WDWT
>SEQ15/1-50
PTEIICYRTWRAPNNPMRWNLIDVIILWTGQRPNKGNMICESAFHI-WDWT
>SEQ16/1-50
PTEICCYRTWRAPNNPMRWNLIDVIILWTGQRPNKGNMIPESDFHI-WDWT
>SEQ17/1-50
PTEIICYRTWRAPNNPMTWNLIDVIILWTGQRPNKGNMIPESDFHI-WDWT
>SEQ18/1-50
PTEIICYRTIRAPNNPMRWNLIDVIILWTGQRPNKGWMIPESDFHI-WDWN
>SEQ19/1-50
PFEIICYRTWRAPNNPMRWNLIDVIILWTGQRPNCGNMIPESDFHI-WWWE
>SEQ20/1-50
TTEIICYRTWRAPNNPMRWNLIDVIILWTGQNPNKGNMIPESDFHI-WLWT

>SEQ1/1-50
PTEIICYRTWRAPNNPMRWNLIDVIILWTGQRPNKGNMIPESDFHI-WDWT
>SEQ2/1-50
PTEIKCYRTWEAPNNPMRWNLIDVIILWTGQRPNKENMIPESDFAI-WDWT
>SEQ3/1-50
PTEIICYRTWRNPNNPMRWNLIRVIILWTGMRPNKGNMIPESDFHI-WDWT
>SEQ4/1-50
PTEIICYRTWRAPNNPMRWNLIDVIILWTGQRSNKGNIIPESDFHI-WDWT
>SEQ5/1-50
PTEMICYRTWRAPNNPMRWNLIDVIILWTGQRPNKGNMIPASDFHI-WDWT
>SEQ6/1-50
PTEIICYRTNRAPNNPMRWNLIDVIILWTGQRPNKGNMIPESDFHR-WDWT
>SEQ7/1-50
PTEIICYRTWRAPNNPMRWNLIDVIILWHGQRPNKGNMIPESDFHI-WDWT
>SEQ8/1-50
PTEIICYFTWRAPNNPMRWNLIDVIILWTTQRPNKGNMIPESDFHI-WDAT
>SEQ9/1-50
PTEIVCYRTWRAPNNPMRWNIIDVIILWTGQRPNKGNMNPESDFHI-WDWV
>SEQ10/1-50
PTEIICYRTWRAPNNPMRWNLIDVIILWTGQRPNKGNMNPESDFHI-WDWT
>SEQ11/1-50
PTEAICYRTWRAPNNPMRWNLIDVIILWTQQRPNKGNMIPESDMHI-WDWT
>SEQ12/1-50
PTEIICYRTWRAPNNPMRWNLIDVIILWTGQRPNKGNMIPESDFHI-WDWT
>SEQ13/1-50
PTEIICYRTWRAPNNPMRWNLIDVIILWTGQRPNKGNMIPESDFHI-WDWT
>SEQ14/1-50
PTEIICYRTWRAPNQPMRWNLIDVIILWTGQRPNKGNMPPESDFHI-WDWT
>SEQ15/1-50
PTEIICYRTWRAPNNPMRWNLIDVIILWTGQRPNKGNMICESAFHI-WDWT
>SEQ16/1-50
PTEICCYRTWRAPNNPMRWNLIDVIILWTGQRPNKGNMIPESDFHI-WDWT
>SEQ17/1-50
PTEIICYRTWRAPNNPMTWNLIDVIILWTGQRPNKGNMIPESDFHI-WDWT
>SEQ18/1-50
PTEIICYRTIRAPNNPMRWNLIDVIILWTGQRPNKGWMIPESDFHI-WDWN
>SEQ19/1-50
PFEIICYRTWRAPNNPMRWNLIDVIILWTGQRPNCGNMIPESDFHI-WWWE
>SEQ20/1-50
TTEIICYRTWRAPNNPMRWNLIDVIILWTGQNPNKGNMIPESDFHI-WLWT

>SEQ1/1-50
PTEIICYRTWRAPNNPMRWNLIDVIILWTGQRPNKGNMIPESDFHI-WDWT
>SEQ2/1-50
PTEIKCYRTWEAPNNPMRWNLIDVIILWTGQRPNKENMIPESDFAI-WDWT
>SEQ3/1-50
PTEIICYRTWRNPNNPMRWNLIRVIILWTGMRPNKGNMIPESDFHI-WDWT
>SEQ4/1-50
PTEIICYRTWRAPNNPMRWNLIDVIILWTGQRSNKGNIIPESDFHI-WDWT
>SEQ5/1-50
PTEMICYRTWRAPNNPMRWNLIDVIILWTGQRPNKGNMIPASDFHI-WDWT
>SEQ6/1-50
PTEIICYRTNRAPNNPMRWNLIDVIILWTGQRPNKGNMIPESDFHR-WDWT
>SEQ7/1-50
PTEIICYRTWRAPNNPMRWNLIDVIILWHGQRPNKGNMIPESDFHI-WDWT
>SEQ8/1-50
PTEIICYFTWRAPNNPMRWNLIDVIILWTTQRPNKGNMIPESDFHI-WDAT
>SEQ9/1-50
PTEIVCYRTWRAPNNPMRWNIIDVIILWTGQRPNKGNMNPESDFHI-WDWV
>SEQ10/1-50
PTEIICYRTWRAPNNPMRWNLIDVIILWTGQRPNKGNMNPESDFHI-WDWT
>SEQ11/1-50
PTEAICYRTWRAPNNPMRWNLIDVIILWTQQRPNKGNMIPESDMHI-WDWT
>SEQ12/1-50
PTEIICYRTWRAPNNPMRWNLIDVIILWTGQRPNKGNMIPESDFHI-WDWT
>SEQ13/1-50
PTEIICYRTWRAPNNPMRWNLIDVIILWTGQRPNKGNMIPESDFHI-WDWT
>SEQ14/1-50
PTEIICYRTWRAPNQPMRWNLIDVIILWTGQRPNKGNMPPESDFHI-WDWT
>SEQ15/1-50
PTEIICYRTWRAPNNPMRWNLIDVIILWTGQRPNKGNMICESAFHI-WDWT
>SEQ16/1-50
PTEICCYRTWRAPNNPMRWNLIDVIILWTGQRPNKGNMIPESDFHI-WDWT
>SEQ17/1-50
PTEIICYRTWRAPNNPMTWNLIDVIILWTGQRPNKGNMIPESDFHI-WDWT
>SEQ18/1-50
PTEIICYRTIRAPNNPMRWNLIDVIILWTGQRPNKGWMIPESDFHI-WDWN
>SEQ19/1-50
PFEIICYRTWRAPNNPMRWNLIDVIILWTGQRPNCGNMIPESDFHI-WWWE
>SEQ20/1-50
TTEIICYRTWRAPNNPMRWNLIDVIILWTGQNPNKGNMIPESDFHI-WLWT

>SEQ1/1-50
PTEIICYRTWRAPNNPMRWNLIDVIILWTGQRPNKGNMIPESDFHI-WDWT
>SEQ2/1-50
PTEIKCYRTWEAPNNPMRWNLIDVIILWTGQRPNKENMIPESDFAI-WDWT
>SEQ3/1-50
PTEIICYRTWRNPNNPMRWNLIRVIILWTGMRPNKGNMIPESDFHI-WDWT
>SEQ4/1-50
PTEIICYRTWRAPNNPMRWNLIDVIILWTGQRSNKGNIIPESDFHI-WDWT
>SEQ5/1-50
PTEMICYRTWRAPNNPMRWNLIDVIILWTGQRPNKGNMIPASDFHI-WDWT
>SEQ6/1-50
PTEIICYRTNRAPNNPMRWNLIDVIILWTGQRPNKGNMIPESDFHR-WDWT
>SEQ7/1-50
PTEIICYRTWRAPNNPMRWNLIDVIILWHGQRPNKGNMIPESDFHI-WDWT
>SEQ8/1-50
PTEIICYFTWRAPNNPMRWNLIDVIILWTTQRPNKGNMIPESDFHI-WDAT
>SEQ9/1-50
PTEIVCYRTWRAPNNPMRWNIIDVIILWTGQRPNKGNMNPESDFHI-WDWV
>SEQ10/1-50
PTEIICYRTWRAPNNPMRWNLIDVIILWTGQRPNKGNMNPESDFHI-WDWT
>SEQ11/1-50
PTEAICYRTWRAPNNPMRWNLIDVIILWTQQRPNKGNMIPESDMHI-WDWT
>SEQ12/1-50
PTEIICYRTWRAPNNPMRWNLIDVIILWTGQRPNKGNMIPESDFHI-WDWT
>SEQ13/1-50
PTEIICYRTWRAPNNPMRWNLIDVIILWTGQRPNKGNMIPESDFHI-WDWT
>SEQ14/1-50
PTEIICYRTWRAPNQPMRWNLIDVIILWTGQRPNKGNMPPESDFHI-WDWT
>SEQ15/1-50
PTEIICYRTWRAPNNPMRWNLIDVIILWTGQRPNKGNMICESAFHI-WDWT
>SEQ16/1-50
PTEICCYRTWRAPNNPMRWNLIDVIILWTGQRPNKGNMIPESDFHI-WDWT
>SEQ17/1-50
PTEIICYRTWRAPNNPMTWNLIDVIILWTGQRPNKGNMIPESDFHI-WDWT
>SEQ18/1-50
PTEIICYRTIRAPNNPMRWNLIDVIILWTGQRPNKGWMIPESDFHI-WDWN
>SEQ19/1-50
PFEIICYRTWRAPNNPMRWNLIDVIILWTGQRPNCGNMIPESDFHI-WWWE
>SEQ20/1-50
TTEIICYRTWRAPNNPMRWNLIDVIILWTGQNPNKGNMIPESDFHI-WLWT

>SEQ1/1-50
PTEIICYRTWRAPNNPMRWNLIDVIILWTGQRPNKGNMIPESDFHI-WDWT
>SEQ2/1-50
PTEIKCYRTWEAPNNPMRWNLIDVIILWTGQRPNKENMIPESDFAI-WDWT
>SEQ3/1-50
PTEIICYRTWRNPNNPMRWNLIRVIILWTGMRPNKGNMIPESDFHI-WDWT
>SEQ4/1-50
PTEIICYRTWRAPNNPMRWNLIDVIILWTGQRSNKGNIIPESDFHI-WDWT
>SEQ5/1-50
PTEMICYRTWRAPNNPMRWNLIDVIILWTGQRPNKGNMIPASDFHI-WDWT
>SEQ6/1-50
PTEIICYRTNRAPNNPMRWNLIDVIILWTGQRPNKGNMIPESDFHR-WDWT
>SEQ7/1-50
PTEIICYRTWRAPNNPMRWNLIDVIILWHGQRPNKGNMIPESDFHI-WDWT
>SEQ8/1-50
PTEIICYFTWRAPNNPMRWNLIDVIILWTTQRPNKGNMIPESDFHI-WDAT
>SEQ9/1-50
PTEIVCYRTWRAPNNPMRWNIIDVIILWTGQRPNKGNMNPESDFHI-WDWV
>SEQ10/1-50
PTEIICYRTWRAPNNPMRWNLIDVIILWTGQRPNKGNMNPESDFHI-WDWT
>SEQ11/1-50
PTEAICYRTWRAPNNPMRWNLIDVIILWTQQRPNKGNMIPESDMHI-WDWT
>SEQ12/1-50
PTEIICYRTWRAPNNPMRWNLIDVIILWTGQRPNKGNMIPESDFHI-WDWT
>SEQ13/1-50
PTEIICYRTWRAPNNPMRWNLIDVIILWTGQRPNKGNMIPESDFHI-WDWT
>SEQ14/1-50
PTEIICYRTWRAPNQPMRWNLIDVIILWTGQRPNKGNMPPESDFHI-WDWT
>SEQ15/1-50
PTEIICYRTWRAPNNPMRWNLIDVIILWTGQRPNKGNMICESAFHI-WDWT
>SEQ16/1-50
PTEICCYRTWRAPNNPMRWNLIDVIILWTGQRPNKGNMIPESDFHI-WDWT
>SEQ17/1-50
PTEIICYRTWRAPNNPMTWNLIDVIILWTGQRPNKGNMIPESDFHI-WDWT
>SEQ18/1-50
PTEIICYRTIRAPNNPMRWNLIDVIILWTGQRPNKGWMIPESDFHI-WDWN
>SEQ19/1-50
PFEIICYRTWRAPNNPMRWNLIDVIILWTGQRPNCGNMIPESDFHI-WWWE
>SEQ20/1-50
TTEIICYRTWRAPNNPMRWNLIDVIILWTGQNPNKGNMIPESDFHI-WLWT

>SEQ1/1-50
PTEIICYRTWRAPNNPMRWNLIDVIILWTGQRPNKGNMIPESDFHI-WDWT
>SEQ2/1-50
PTEIKCYRTWEAPNNPMRWNLIDVIILWTGQRPNKENMIPESDFAI-WDWT
>SEQ3/1-50
PTEIICYRTWRNPNNPMRWNLIRVIILWTGMRPNKGNMIPESDFHI-WDWT
>SEQ4/1-50
PTEIICYRTWRAPNNPMRWNLIDVIILWTGQRSNKGNIIPESDFHI-WDWT
>SEQ5/1-50
PTEMICYRTWRAPNNPMRWNLIDVIILWTGQRPNKGNMIPASDFHI-WDWT
>SEQ6/1-50
PTEIICYRTNRAPNNPMRWNLIDVIILWTGQRPNKGNMIPESDFHR-WDWT
>SEQ7/1-50
PTEIICYRTWRAPNNPMRWNLIDVIILWHGQRPNKGNMIPESDFHI-WDWT
>SEQ8/1-50
PTEIICYFTWRAPNNPMRWNLIDVIILWTTQRPNKGNMIPESDFHI-WDAT
>SEQ9/1-50
PTEIVCYRTWRAPNNPMRWNIIDVIILWTGQRPNKGNMNPESDFHI-WDWV
>SEQ10/1-50
PTEIICYRTWRAPNNPMRWNLIDVIILWTGQRPNKGNMNPESDFHI-WDWT
>SEQ11/1-50
PTEAICYRTWRAPNNPMRWNLIDVIILWTQQRPNKGNMIPESDMHI-WDWT
>SEQ12/1-50
PTEIICYRTWRAPNNPMRWNLIDVIILWTGQRPNKGNMIPESDFHI-WDWT
>SEQ13/1-50
PTEIICYRTWRAPNNPMRWNLIDVIILWTGQRPNKGNMIPESDFHI-WDWT
>SEQ14/1-50
PTEIICYRTWRAPNQPMRWNLIDVIILWTGQRPNKGNMPPESDFHI-WDWT
>SEQ15/1-50
PTEIICYRTWRAPNNPMRWNLIDVIILWTGQRPNKGNMICESAFHI-WDWT
>SEQ16/1-50
PTEICCYRTWRAPNNPMRWNLIDVIILWTGQRPNKGNMIPESDFHI-WDWT
>SEQ17/1-50
PTEIICYRTWRAPNNPMTWNLIDVIILWTGQRPNKGNMIPESDFHI-WDWT
>SEQ18/1-50
PTEIICYRTIRAPNNPMRWNLIDVIILWTGQRPNKGWMIPESDFHI-WDWN
>SEQ19/1-50
PFEIICYRTWRAPNNPMRWNLIDVIILWTGQRPNCGNMIPESDFHI-WWWE
>SEQ20/1-50
TTEIICYRTWRAPNNPMRWNLIDVIILWTGQNPNKGNMIPESDFHI-WLWT

]]></system-out>
  <system-err><![CDATA[]]></system-err>
</testsuite>
