<?xml version="1.0" encoding="UTF-8"?>
<testsuite name="jalview.gui.PairwiseAlignmentPanelTest" tests="2" skipped="0" failures="0" errors="0" timestamp="2023-07-02T08:11:45" hostname="wer3eng" time="0.086">
  <properties/>
  <testcase name="testConstructor_noSelectionGroup" classname="jalview.gui.PairwiseAlignmentPanelTest" time="0.05"/>
  <testcase name="testConstructor_withSelectionGroup" classname="jalview.gui.PairwiseAlignmentPanelTest" time="0.036"/>
  <system-out><![CDATA[File format identified as Fasta
Score = 80.0
Length of alignment = 4
Sequence     FER1_PEA/29-32 (Sequence length = 7)
Sequence Q93XJ9_SOLTU/23-26 (Sequence length = 7)

    FER1_PEA/29-32 TKAF
                    ||.
Q93XJ9_SOLTU/23-26 LKAI

Percentage ID = 50.00

File format identified as Fasta
Discovered service: http://www.compbio.dundee.ac.uk/jabaws jalview.ws.jws2.jabaws2.Jws2Instance@722cfe00
Score = 80.0
Length of alignment = 4
Sequence     FER1_PEA/29-32 (Sequence length = 7)
Sequence Q93XJ9_SOLTU/23-26 (Sequence length = 7)

    FER1_PEA/29-32 TKAF
                    ||.
Q93XJ9_SOLTU/23-26 LKAI

Percentage ID = 50.00

]]></system-out>
  <system-err><![CDATA[Jul 02, 2023 10:11:45 AM compbio.ws.client.Jws2Client connect
INFO: Connected successfully!
DEBUG - Not enabling Google Tracking.
]]></system-err>
</testsuite>
