<?xml version="1.0" encoding="UTF-8"?>
<testsuite name="jalview.renderer.ResidueColourFinderTest" tests="3" skipped="0" failures="0" errors="0" timestamp="2023-07-02T08:11:41" hostname="wer3eng" time="0.002">
  <properties/>
  <testcase name="testGetResidueColour_none" classname="jalview.renderer.ResidueColourFinderTest" time="0.0"/>
  <testcase name="testGetResidueColour_userdef" classname="jalview.renderer.ResidueColourFinderTest" time="0.0"/>
  <testcase name="testGetResidueColour_zappo" classname="jalview.renderer.ResidueColourFinderTest" time="0.0"/>
  <system-out><![CDATA[]]></system-out>
  <system-err><![CDATA[]]></system-err>
</testsuite>
