<?xml version="1.0" encoding="UTF-8"?>
<testsuite name="jalview.bin.CacheTest" tests="2" skipped="0" failures="0" errors="0" timestamp="2023-07-02T08:12:21" hostname="wer3eng" time="10.002">
  <properties/>
  <testcase name="testSetDateProperty" classname="jalview.bin.CacheTest" time="0.0"/>
  <testcase name="testVersionChecker" classname="jalview.bin.CacheTest" time="10.002"/>
  <system-out><![CDATA[# INFO: Setting default net timeout to 30 seconds.
]]></system-out>
  <system-err><![CDATA[DEBUG - AUTHENTICATOR setting default Authenticator to null
DEBUG - AUTHENTICATOR setting property 'http.nonProxyHosts' to "null"
DEBUG - Setting proxy properties to: http.proxyHost=null, http.proxyPort=null, https.proxyHost=null, https.proxyPort=null
]]></system-err>
</testsuite>
