<?xml version="1.0" encoding="UTF-8"?>
<testsuite name="jalview.datamodel.AlignmentViewTest" tests="2" skipped="0" failures="0" errors="0" timestamp="2023-07-02T08:13:44" hostname="wer3eng" time="0.013">
  <properties/>
  <testcase name="testGetVisibleAlignmentGapChar" classname="jalview.datamodel.AlignmentViewTest" time="0.0"/>
  <testcase name="testGetVisibleContigs" classname="jalview.datamodel.AlignmentViewTest" time="0.013"/>
  <system-out><![CDATA[File format identified as Fasta
]]></system-out>
  <system-err><![CDATA[]]></system-err>
</testsuite>
