<?xml version="1.0" encoding="UTF-8"?>
<testsuite name="jalview.urls.UrlProviderTest" tests="3" skipped="0" failures="0" errors="0" timestamp="2023-07-02T08:12:02" hostname="wer3eng" time="0.002">
  <properties/>
  <testcase name="testInitUrlProvider" classname="jalview.urls.UrlProviderTest" time="0.0"/>
  <testcase name="testSetDefaultUrl" classname="jalview.urls.UrlProviderTest" time="0.0"/>
  <testcase name="testSetDefaultUrlWrongly" classname="jalview.urls.UrlProviderTest" time="0.001"/>
  <system-out><![CDATA[]]></system-out>
  <system-err><![CDATA[]]></system-err>
</testsuite>
