<?xml version="1.0" encoding="UTF-8"?>
<testsuite name="jalview.fts.threedbeacons.TDBeaconsPanelTest" tests="1" skipped="0" failures="0" errors="0" timestamp="2023-07-02T08:11:55" hostname="wer3eng" time="0.068">
  <properties/>
  <testcase name="populateCmbSearchTargetOptionsTest" classname="jalview.fts.threedbeacons.TDBeaconsPanelTest" time="0.068"/>
  <system-out><![CDATA[]]></system-out>
  <system-err><![CDATA[Jul 02, 2023 10:11:55 AM compbio.ws.client.Jws2Client connect
INFO: Connected successfully!
]]></system-err>
</testsuite>
