<?xml version="1.0" encoding="UTF-8"?>
<testsuite name="jalview.datamodel.SearchResultsTest" tests="10" skipped="0" failures="0" errors="0" timestamp="2023-07-02T08:12:02" hostname="wer3eng" time="0.003">
  <properties/>
  <testcase name="testAddResult" classname="jalview.datamodel.SearchResultsTest" time="0.0"/>
  <testcase name="testEquals" classname="jalview.datamodel.SearchResultsTest" time="0.0"/>
  <testcase name="testEquals_distinctSequences" classname="jalview.datamodel.SearchResultsTest" time="0.0"/>
  <testcase name="testEquals_orderDiffers" classname="jalview.datamodel.SearchResultsTest" time="0.0"/>
  <testcase name="testHashcode" classname="jalview.datamodel.SearchResultsTest" time="0.001"/>
  <testcase name="testInvolvesSequence" classname="jalview.datamodel.SearchResultsTest" time="0.0"/>
  <testcase name="testMarkColumns" classname="jalview.datamodel.SearchResultsTest" time="0.0"/>
  <testcase name="testMatchConstructor" classname="jalview.datamodel.SearchResultsTest" time="0.0"/>
  <testcase name="testMatchContains" classname="jalview.datamodel.SearchResultsTest" time="0.0"/>
  <testcase name="testToString" classname="jalview.datamodel.SearchResultsTest" time="0.0"/>
  <system-out><![CDATA[]]></system-out>
  <system-err><![CDATA[]]></system-err>
</testsuite>
