<?xml version="1.0" encoding="UTF-8"?>
<testsuite name="jalview.viewmodel.OverviewDimensionsShowHiddenTest" tests="18" skipped="0" failures="0" errors="0" timestamp="2023-07-02T08:13:44" hostname="wer3eng" time="0.031">
  <properties/>
  <testcase name="testConstructor" classname="jalview.viewmodel.OverviewDimensionsShowHiddenTest" time="0.0"/>
  <testcase name="testDragging" classname="jalview.viewmodel.OverviewDimensionsShowHiddenTest" time="0.001"/>
  <testcase name="testFromMouseWithHiddenColsAtEnd" classname="jalview.viewmodel.OverviewDimensionsShowHiddenTest" time="0.001"/>
  <testcase name="testFromMouseWithHiddenColsAtStart" classname="jalview.viewmodel.OverviewDimensionsShowHiddenTest" time="0.0"/>
  <testcase name="testFromMouseWithHiddenColsInMiddle" classname="jalview.viewmodel.OverviewDimensionsShowHiddenTest" time="0.001"/>
  <testcase name="testFromMouseWithHiddenRowsAtEnd" classname="jalview.viewmodel.OverviewDimensionsShowHiddenTest" time="0.002"/>
  <testcase name="testFromMouseWithHiddenRowsAtStart" classname="jalview.viewmodel.OverviewDimensionsShowHiddenTest" time="0.0"/>
  <testcase name="testFromMouseWithHiddenRowsAtStartWrapped" classname="jalview.viewmodel.OverviewDimensionsShowHiddenTest" time="0.001"/>
  <testcase name="testFromMouseWithHiddenRowsInMiddle" classname="jalview.viewmodel.OverviewDimensionsShowHiddenTest" time="0.001"/>
  <testcase name="testPositionInBox" classname="jalview.viewmodel.OverviewDimensionsShowHiddenTest" time="0.0"/>
  <testcase name="testSetBoxFromMouseClick" classname="jalview.viewmodel.OverviewDimensionsShowHiddenTest" time="0.002"/>
  <testcase name="testSetBoxFromViewport" classname="jalview.viewmodel.OverviewDimensionsShowHiddenTest" time="0.001"/>
  <testcase name="testSetBoxFromViewportHiddenColsAtEnd" classname="jalview.viewmodel.OverviewDimensionsShowHiddenTest" time="0.0"/>
  <testcase name="testSetBoxFromViewportHiddenColsAtStart" classname="jalview.viewmodel.OverviewDimensionsShowHiddenTest" time="0.0"/>
  <testcase name="testSetBoxFromViewportHiddenColsInMiddle" classname="jalview.viewmodel.OverviewDimensionsShowHiddenTest" time="0.001"/>
  <testcase name="testSetBoxFromViewportHiddenRowsAtEnd" classname="jalview.viewmodel.OverviewDimensionsShowHiddenTest" time="0.001"/>
  <testcase name="testSetBoxFromViewportHiddenRowsAtStart" classname="jalview.viewmodel.OverviewDimensionsShowHiddenTest" time="0.001"/>
  <testcase name="testSetBoxFromViewportHiddenRowsInMiddle" classname="jalview.viewmodel.OverviewDimensionsShowHiddenTest" time="0.001"/>
  <system-out><![CDATA[]]></system-out>
  <system-err><![CDATA[]]></system-err>
</testsuite>
