<?xml version="1.0" encoding="UTF-8"?>
<testsuite name="jalview.datamodel.features.FeatureMatcherSetTest" tests="9" skipped="0" failures="0" errors="0" timestamp="2023-07-02T08:12:20" hostname="wer3eng" time="0.004">
  <properties/>
  <testcase name="testAnd" classname="jalview.datamodel.features.FeatureMatcherSetTest" time="0.0"/>
  <testcase name="testFromString" classname="jalview.datamodel.features.FeatureMatcherSetTest" time="0.001"/>
  <testcase name="testGetMatchers" classname="jalview.datamodel.features.FeatureMatcherSetTest" time="0.001"/>
  <testcase name="testIsEmpty" classname="jalview.datamodel.features.FeatureMatcherSetTest" time="0.0"/>
  <testcase name="testMatches_byAttribute" classname="jalview.datamodel.features.FeatureMatcherSetTest" time="0.0"/>
  <testcase name="testMatches_compoundKey" classname="jalview.datamodel.features.FeatureMatcherSetTest" time="0.001"/>
  <testcase name="testOr" classname="jalview.datamodel.features.FeatureMatcherSetTest" time="0.0"/>
  <testcase name="testToStableString" classname="jalview.datamodel.features.FeatureMatcherSetTest" time="0.0"/>
  <testcase name="testToString" classname="jalview.datamodel.features.FeatureMatcherSetTest" time="0.001"/>
  <system-out><![CDATA[]]></system-out>
  <system-err><![CDATA[Invalid descriptor: (AF LT 1.2) OR (CLIN_SIG NotContains path) AND ('CSQ:Poly Phen' NotMatches 'foo bar')
Invalid descriptor: (AF LT 1.2) and (CLIN_SIG NotContains path) or ('CSQ:Poly Phen' NotMatches 'foo bar')
Invalid descriptor: AF LT 1.2 or CLIN_SIG NotContains path
Invalid descriptor: (AF LT 1.2) but (AF GT -2)
Invalid matcher format: 'AF lt '1.2'
Invalid descriptor: ('AF lt '1.2')
Invalid matcher format: 'AF' lt '1.2
Invalid descriptor: ('AF' lt '1.2)
]]></system-err>
</testsuite>
