<?xml version="1.0" encoding="UTF-8"?>
<testsuite name="jalview.io.gff.Gff3HelperTest" tests="5" skipped="0" failures="0" errors="0" timestamp="2023-07-02T08:12:07" hostname="wer3eng" time="0.005">
  <properties/>
  <testcase name="testGetDescription" classname="jalview.io.gff.Gff3HelperTest" time="0.002"/>
  <testcase name="testProcessCdnaMatch_forwardToForward" classname="jalview.io.gff.Gff3HelperTest" time="0.001"/>
  <testcase name="testProcessCdnaMatch_forwardToReverse" classname="jalview.io.gff.Gff3HelperTest" time="0.0"/>
  <testcase name="testProcessCdnaMatch_reverseToForward" classname="jalview.io.gff.Gff3HelperTest" time="0.0"/>
  <testcase name="testProcessCdnaMatch_spliced" classname="jalview.io.gff.Gff3HelperTest" time="0.001"/>
  <system-out><![CDATA[]]></system-out>
  <system-err><![CDATA[ERROR - SO term type invalid
Skipping mapping from reverse complement as not yet supported
]]></system-err>
</testsuite>
