<?xml version="1.0" encoding="UTF-8"?>
<testsuite name="jalview.ws.rest.ShmmrRSBSService" tests="2" skipped="0" failures="0" errors="0" timestamp="2023-07-02T08:11:41" hostname="wer3eng" time="0.102">
  <properties/>
  <testcase name="testShmmrService" classname="jalview.ws.rest.ShmmrRSBSService" time="0.0"/>
  <testcase name="testShmmrServiceDataprep" classname="jalview.ws.rest.ShmmrRSBSService" time="0.101"/>
  <system-out><![CDATA[File format identified as Fasta
For Input 'groups:
9
For Input 'ali_file:
7448
]]></system-out>
  <system-err><![CDATA[Jul 02, 2023 10:11:41 AM compbio.ws.client.Jws2Client connect
INFO: Connected successfully!
Debug RestJob: Posting Job
]]></system-err>
</testsuite>
