<?xml version="1.0" encoding="UTF-8"?>
<testsuite name="jalview.util.ColorUtilsTest" tests="8" skipped="0" failures="0" errors="0" timestamp="2023-07-02T08:12:07" hostname="wer3eng" time="0.002">
  <properties/>
  <testcase name="testBleachColour" classname="jalview.util.ColorUtilsTest" time="0.0"/>
  <testcase name="testBrighterThan" classname="jalview.util.ColorUtilsTest" time="0.0"/>
  <testcase name="testCreateColourFromName" classname="jalview.util.ColorUtilsTest" time="0.001"/>
  <testcase name="testDarkerThan" classname="jalview.util.ColorUtilsTest" time="0.0"/>
  <testcase name="testGetAWTColorFromName" classname="jalview.util.ColorUtilsTest" time="0.0"/>
  <testcase name="testGetGraduatedColour" classname="jalview.util.ColorUtilsTest" time="0.0"/>
  <testcase name="testParseColourString" classname="jalview.util.ColorUtilsTest" time="0.001"/>
  <testcase name="testToTkCode" classname="jalview.util.ColorUtilsTest" time="0.0"/>
  <system-out><![CDATA[]]></system-out>
  <system-err><![CDATA[]]></system-err>
</testsuite>
