<?xml version="1.0" encoding="UTF-8"?>
<testsuite name="jalview.io.GenBankFileTest" tests="1" skipped="0" failures="0" errors="0" timestamp="2023-07-02T08:11:41" hostname="wer3eng" time="0.012">
  <properties/>
  <testcase name="testParse" classname="jalview.io.GenBankFileTest" time="0.012"/>
  <system-out><![CDATA[]]></system-out>
  <system-err><![CDATA[]]></system-err>
</testsuite>
