<?xml version="1.0" encoding="UTF-8"?>
<testsuite name="jalview.analysis.scoremodels.PIDModelTest" tests="4" skipped="0" failures="0" errors="0" timestamp="2023-07-02T08:12:18" hostname="wer3eng" time="0.001">
  <properties/>
  <testcase name="testComputePID_matchLongestSequence" classname="jalview.analysis.scoremodels.PIDModelTest" time="0.0"/>
  <testcase name="testComputePID_matchShortestSequence" classname="jalview.analysis.scoremodels.PIDModelTest" time="0.0"/>
  <testcase name="testComputePID_matchesComparisonPID" classname="jalview.analysis.scoremodels.PIDModelTest" time="0.001"/>
  <testcase name="testGetPairwiseScore" classname="jalview.analysis.scoremodels.PIDModelTest" time="0.0"/>
  <system-out><![CDATA[]]></system-out>
  <system-err><![CDATA[]]></system-err>
</testsuite>
