<?xml version="1.0" encoding="UTF-8"?>
<testsuite name="jalview.datamodel.features.SequenceFeaturesTest" tests="22" skipped="0" failures="0" errors="0" timestamp="2023-07-02T08:13:35" hostname="wer3eng" time="0.006">
  <properties/>
  <testcase name="testConstructor" classname="jalview.datamodel.features.SequenceFeaturesTest" time="0.001"/>
  <testcase name="testDelete" classname="jalview.datamodel.features.SequenceFeaturesTest" time="0.0"/>
  <testcase name="testDeleteAll" classname="jalview.datamodel.features.SequenceFeaturesTest" time="0.0"/>
  <testcase name="testFindFeatures" classname="jalview.datamodel.features.SequenceFeaturesTest" time="0.0"/>
  <testcase name="testGetAllFeatures" classname="jalview.datamodel.features.SequenceFeaturesTest" time="0.0"/>
  <testcase name="testGetContactFeatures" classname="jalview.datamodel.features.SequenceFeaturesTest" time="0.0"/>
  <testcase name="testGetFeatureCount" classname="jalview.datamodel.features.SequenceFeaturesTest" time="0.001"/>
  <testcase name="testGetFeatureGroups" classname="jalview.datamodel.features.SequenceFeaturesTest" time="0.0"/>
  <testcase name="testGetFeatureTypes" classname="jalview.datamodel.features.SequenceFeaturesTest" time="0.0"/>
  <testcase name="testGetFeatureTypesForGroups" classname="jalview.datamodel.features.SequenceFeaturesTest" time="0.0"/>
  <testcase name="testGetFeatureTypes_byOntology" classname="jalview.datamodel.features.SequenceFeaturesTest" time="0.001"/>
  <testcase name="testGetFeaturesByOntology" classname="jalview.datamodel.features.SequenceFeaturesTest" time="0.0"/>
  <testcase name="testGetFeaturesForGroup" classname="jalview.datamodel.features.SequenceFeaturesTest" time="0.001"/>
  <testcase name="testGetMinimumScore_getMaximumScore" classname="jalview.datamodel.features.SequenceFeaturesTest" time="0.0"/>
  <testcase name="testGetNonPositionalFeatures" classname="jalview.datamodel.features.SequenceFeaturesTest" time="0.0"/>
  <testcase name="testGetPositionalFeatures" classname="jalview.datamodel.features.SequenceFeaturesTest" time="0.0"/>
  <testcase name="testGetTotalFeatureLength" classname="jalview.datamodel.features.SequenceFeaturesTest" time="0.0"/>
  <testcase name="testHasFeatures" classname="jalview.datamodel.features.SequenceFeaturesTest" time="0.0"/>
  <testcase name="testIsOntologyTerm" classname="jalview.datamodel.features.SequenceFeaturesTest" time="0.0"/>
  <testcase name="testShiftFeatures" classname="jalview.datamodel.features.SequenceFeaturesTest" time="0.001"/>
  <testcase name="testSortFeatures" classname="jalview.datamodel.features.SequenceFeaturesTest" time="0.0"/>
  <testcase name="testVarargsToTypes" classname="jalview.datamodel.features.SequenceFeaturesTest" time="0.0"/>
  <system-out><![CDATA[]]></system-out>
  <system-err><![CDATA[Feature type may not be null: 10 20 null desc
Feature type may not be null: 10 20 null desc
ERROR - SO term Pfam invalid
ERROR - SO term junk invalid
]]></system-err>
</testsuite>
