<?xml version="1.0" encoding="UTF-8"?>
<testsuite name="jalview.schemes.ColourSchemePropertyTest" tests="2" skipped="0" failures="0" errors="0" timestamp="2023-07-02T08:12:01" hostname="wer3eng" time="0.002">
  <properties/>
  <testcase name="testGetColourName" classname="jalview.schemes.ColourSchemePropertyTest" time="0.0"/>
  <testcase name="testGetColourScheme" classname="jalview.schemes.ColourSchemePropertyTest" time="0.001"/>
  <system-out><![CDATA[Making colour from name: elephants
]]></system-out>
  <system-err><![CDATA[]]></system-err>
</testsuite>
