<?xml version="1.0" encoding="UTF-8"?>
<testsuite name="jalview.datamodel.StartRegionIteratorTest" tests="3" skipped="0" failures="0" errors="0" timestamp="2023-07-02T08:12:10" hostname="wer3eng" time="0.001">
  <properties/>
  <testcase name="testBasicBoundsIterator" classname="jalview.datamodel.StartRegionIteratorTest" time="0.0"/>
  <testcase name="testBoundsIteratorUsingCursor" classname="jalview.datamodel.StartRegionIteratorTest" time="0.0"/>
  <testcase name="testBoundsIteratorUsingNullCursor" classname="jalview.datamodel.StartRegionIteratorTest" time="0.001"/>
  <system-out><![CDATA[]]></system-out>
  <system-err><![CDATA[]]></system-err>
</testsuite>
