<?xml version="1.0" encoding="UTF-8"?>
<testsuite name="jalview.io.SequenceAnnotationReportTest" tests="12" skipped="0" failures="0" errors="0" timestamp="2023-07-02T08:11:57" hostname="wer3eng" time="0.009">
  <properties/>
  <testcase name="testAppendFeature_DescEqualsType" classname="jalview.io.SequenceAnnotationReportTest" time="0.0"/>
  <testcase name="testAppendFeature_colouredByAttribute" classname="jalview.io.SequenceAnnotationReportTest" time="0.0"/>
  <testcase name="testAppendFeature_disulfideBond" classname="jalview.io.SequenceAnnotationReportTest" time="0.001"/>
  <testcase name="testAppendFeature_noScore" classname="jalview.io.SequenceAnnotationReportTest" time="0.0"/>
  <testcase name="testAppendFeature_status" classname="jalview.io.SequenceAnnotationReportTest" time="0.0"/>
  <testcase name="testAppendFeature_stripHtml" classname="jalview.io.SequenceAnnotationReportTest" time="0.0"/>
  <testcase name="testAppendFeature_virtualFeature" classname="jalview.io.SequenceAnnotationReportTest" time="0.001"/>
  <testcase name="testAppendFeature_withScore" classname="jalview.io.SequenceAnnotationReportTest" time="0.0"/>
  <testcase name="testAppendFeature_withScoreStatusAttribute" classname="jalview.io.SequenceAnnotationReportTest" time="0.0"/>
  <testcase name="testAppendFeatures_longText" classname="jalview.io.SequenceAnnotationReportTest" time="0.0"/>
  <testcase name="testCreateSequenceAnnotationReport" classname="jalview.io.SequenceAnnotationReportTest" time="0.001"/>
  <testcase name="testCreateSequenceAnnotationReport_withEllipsis" classname="jalview.io.SequenceAnnotationReportTest" time="0.002"/>
  <system-out><![CDATA[]]></system-out>
  <system-err><![CDATA[]]></system-err>
</testsuite>
