<?xml version="1.0" encoding="UTF-8"?>
<testsuite name="jalview.math.MatrixTest" tests="13" skipped="0" failures="0" errors="0" timestamp="2023-07-02T08:12:20" hostname="wer3eng" time="0.087">
  <properties/>
  <testcase name="testConstructor" classname="jalview.math.MatrixTest" time="0.0"/>
  <testcase name="testCopy" classname="jalview.math.MatrixTest" time="0.0"/>
  <testcase name="testEquals" classname="jalview.math.MatrixTest" time="0.001"/>
  <testcase name="testFindMinMax" classname="jalview.math.MatrixTest" time="0.0"/>
  <testcase name="testFindMinMax_timing" classname="jalview.math.MatrixTest" time="0.082"/>
  <testcase name="testMultiply" classname="jalview.math.MatrixTest" time="0.0"/>
  <testcase name="testPostMultiply" classname="jalview.math.MatrixTest" time="0.0"/>
  <testcase name="testPreMultiply" classname="jalview.math.MatrixTest" time="0.0"/>
  <testcase name="testPreMultiply_tooFewColumns" classname="jalview.math.MatrixTest" time="0.001"/>
  <testcase name="testPreMultiply_tooManyColumns" classname="jalview.math.MatrixTest" time="0.0"/>
  <testcase name="testReverseRange_maxToZero" classname="jalview.math.MatrixTest" time="0.0"/>
  <testcase name="testReverseRange_swapMinMax" classname="jalview.math.MatrixTest" time="0.0"/>
  <testcase name="testTred_reproducible" classname="jalview.math.MatrixTest" time="0.001"/>
  <system-out><![CDATA[findMinMax for 1000 x 1000 took 21ms
]]></system-out>
  <system-err><![CDATA[]]></system-err>
</testsuite>
