<?xml version="1.0" encoding="UTF-8"?>
<testsuite name="jalview.bin.MemorySettingTest" tests="1" skipped="0" failures="0" errors="0" timestamp="2023-07-02T08:13:43" hostname="wer3eng" time="0.005">
  <properties/>
  <testcase name="testGetMemorySetting" classname="jalview.bin.MemorySettingTest" time="0.005"/>
  <system-out><![CDATA[MemorySetting Property 'jvmmempc' (100) too large. Leaving free space for OS and reducing to (15073173504).
MemorySetting Property 'jvmmempc' (100) too large. Leaving free space for OS and reducing to (15073173504).
MemorySetting Property 'jvmmempc' (100) too large. Leaving free space for OS and reducing to (15073173504).
MemorySetting Property 'jvmmempc' (100) too large. Leaving free space for OS and reducing to (15073173504).
MemorySetting Property 'jvmmempc' (100) too large. Leaving free space for OS and reducing to (15073173504).
MemorySetting Property 'jvmmempc' (100) too large. Leaving free space for OS and reducing to (15073173504).
MemorySetting Property 'jvmmempc' (100) too large. Leaving free space for OS and reducing to (15073173504).
MemorySetting Property 'jvmmempc' (100) too large. Leaving free space for OS and reducing to (15073173504).
MemorySetting Property 'jvmmempc' (100) too large. Leaving free space for OS and reducing to (15073173504).
MemorySetting Property 'jvmmempc' (100) too large. Leaving free space for OS and reducing to (15073173504).
MemorySetting Property 'jvmmempc' (100) too large. Leaving free space for OS and reducing to (15073173504).
MemorySetting Property 'jvmmemmax' (1B) too small, using minimum (536870912).
MemorySetting property 'jvmmempc' (0.000000001) badly formatted
MemorySetting Property 'jvmmempc' (100) too large. Leaving free space for OS and reducing to (15073173504).
]]></system-out>
  <system-err><![CDATA[]]></system-err>
</testsuite>
