<?xml version="1.0" encoding="UTF-8"?>
<testsuite name="jalview.datamodel.MappedFeaturesTest" tests="1" skipped="0" failures="0" errors="0" timestamp="2023-07-02T08:11:53" hostname="wer3eng" time="0.001">
  <properties/>
  <testcase name="testFindProteinVariants" classname="jalview.datamodel.MappedFeaturesTest" time="0.001"/>
  <system-out><![CDATA[]]></system-out>
  <system-err><![CDATA[]]></system-err>
</testsuite>
