<?xml version="1.0" encoding="UTF-8"?>
<testsuite name="jalview.util.FormatTest" tests="5" skipped="0" failures="0" errors="0" timestamp="2023-07-02T08:12:18" hostname="wer3eng" time="0.006">
  <properties/>
  <testcase name="testAppendPercentage" classname="jalview.util.FormatTest" time="0.0"/>
  <testcase name="testForm_float" classname="jalview.util.FormatTest" time="0.0"/>
  <testcase name="testFormat_scientific" classname="jalview.util.FormatTest" time="0.003"/>
  <testcase name="testFormat_scientific_overflow" classname="jalview.util.FormatTest" time="0.001"/>
  <testcase name="testRepeat" classname="jalview.util.FormatTest" time="0.0"/>
  <system-out><![CDATA[]]></system-out>
  <system-err><![CDATA[]]></system-err>
</testsuite>
