<?xml version="1.0" encoding="UTF-8"?>
<testsuite name="jalview.gui.JvOptionPaneTest" tests="5" skipped="0" failures="0" errors="0" timestamp="2023-07-02T08:11:39" hostname="wer3eng" time="0.18">
  <properties/>
  <testcase name="showConfirmDialogFamilyTest" classname="jalview.gui.JvOptionPaneTest" time="0.001"/>
  <testcase name="showInputDialogFamilyTest" classname="jalview.gui.JvOptionPaneTest" time="0.001"/>
  <testcase name="showInternalConfirmDialogFamilyTest" classname="jalview.gui.JvOptionPaneTest" time="0.176"/>
  <testcase name="showInternalMessageDialogFamilyTest" classname="jalview.gui.JvOptionPaneTest" time="0.001"/>
  <testcase name="showMessageDialogFamilyTest" classname="jalview.gui.JvOptionPaneTest" time="0.001"/>
  <system-out><![CDATA[>>> JOption Message : Hello World!
>>> JOption Message : Hello World!
>>> JOption Message : Hello World!
>>> JOption Message : Hello World!
>>> JOption Message : Hello World!
>>> JOption Message : Hello World!
]]></system-out>
  <system-err><![CDATA[DEBUG - Exception downloading identifiers.org datahttps://www.jalview.org/services/identifiers
]]></system-err>
</testsuite>
