<?xml version="1.0" encoding="UTF-8"?>
<testsuite name="jalview.structure.StructureMappingTest" tests="2" skipped="0" failures="0" errors="0" timestamp="2023-07-02T08:11:42" hostname="wer3eng" time="0.001">
  <properties/>
  <testcase name="testEquals" classname="jalview.structure.StructureMappingTest" time="0.001"/>
  <testcase name="testGetPDBResNumRanges" classname="jalview.structure.StructureMappingTest" time="0.0"/>
  <system-out><![CDATA[]]></system-out>
  <system-err><![CDATA[]]></system-err>
</testsuite>
