<?xml version="1.0" encoding="UTF-8"?>
<testsuite name="jalview.datamodel.HiddenColumnsTest" tests="29" skipped="0" failures="0" errors="0" timestamp="2023-07-02T08:11:41" hostname="wer3eng" time="0.019">
  <properties/>
  <testcase name="testAdjustForHiddenColumns" classname="jalview.datamodel.HiddenColumnsTest" time="0.0"/>
  <testcase name="testBoundedIterator" classname="jalview.datamodel.HiddenColumnsTest" time="0.0"/>
  <testcase name="testBoundedStartIterator" classname="jalview.datamodel.HiddenColumnsTest" time="0.001"/>
  <testcase name="testCopyConstructor" classname="jalview.datamodel.HiddenColumnsTest" time="0.001"/>
  <testcase name="testCopyConstructor2" classname="jalview.datamodel.HiddenColumnsTest" time="0.0"/>
  <testcase name="testEquals" classname="jalview.datamodel.HiddenColumnsTest" time="0.001"/>
  <testcase name="testFindColumnPosition" classname="jalview.datamodel.HiddenColumnsTest" time="0.0"/>
  <testcase name="testGetNextHiddenBoundary_Left" classname="jalview.datamodel.HiddenColumnsTest" time="0.0"/>
  <testcase name="testGetNextHiddenBoundary_Right" classname="jalview.datamodel.HiddenColumnsTest" time="0.0"/>
  <testcase name="testGetRegionWithEdgeAtRes" classname="jalview.datamodel.HiddenColumnsTest" time="0.001"/>
  <testcase name="testGetSize" classname="jalview.datamodel.HiddenColumnsTest" time="0.0"/>
  <testcase name="testGetVisibleColsIterator" classname="jalview.datamodel.HiddenColumnsTest" time="0.001"/>
  <testcase name="testGetVisibleStartAndEndIndex" classname="jalview.datamodel.HiddenColumnsTest" time="0.001"/>
  <testcase name="testHasHiddenColumns" classname="jalview.datamodel.HiddenColumnsTest" time="0.0"/>
  <testcase name="testHasManyHiddenColumns" classname="jalview.datamodel.HiddenColumnsTest" time="0.001"/>
  <testcase name="testHashCode" classname="jalview.datamodel.HiddenColumnsTest" time="0.0"/>
  <testcase name="testHideColumns" classname="jalview.datamodel.HiddenColumnsTest" time="0.002"/>
  <testcase name="testHideColumns_BitSet" classname="jalview.datamodel.HiddenColumnsTest" time="0.0"/>
  <testcase name="testHideColumns_BitSet_range" classname="jalview.datamodel.HiddenColumnsTest" time="0.0"/>
  <testcase name="testHideColumns_subsumingHidden" classname="jalview.datamodel.HiddenColumnsTest" time="0.001"/>
  <testcase name="testHideInsertionsFor" classname="jalview.datamodel.HiddenColumnsTest" time="0.0"/>
  <testcase name="testIsVisible" classname="jalview.datamodel.HiddenColumnsTest" time="0.0"/>
  <testcase name="testIterator" classname="jalview.datamodel.HiddenColumnsTest" time="0.0"/>
  <testcase name="testOffsetByVisibleColumns" classname="jalview.datamodel.HiddenColumnsTest" time="0.0"/>
  <testcase name="testRegionsToString" classname="jalview.datamodel.HiddenColumnsTest" time="0.001"/>
  <testcase name="testRevealAllHiddenColumns" classname="jalview.datamodel.HiddenColumnsTest" time="0.0"/>
  <testcase name="testRevealHiddenColumns" classname="jalview.datamodel.HiddenColumnsTest" time="0.0"/>
  <testcase name="testVisibleBlocksVisBoundsIterator" classname="jalview.datamodel.HiddenColumnsTest" time="0.0"/>
  <testcase name="testVisibleContigsIterator" classname="jalview.datamodel.HiddenColumnsTest" time="0.001"/>
  <system-out><![CDATA[1 : 23
>SEQ1/1-50
PTEIICYRTWRAPNNPMRWNLIDVIILWTGQRPNKGNMIPESDFHI-WDWT
>SEQ2/1-50
PTEIKCYRTWEAPNNPMRWNLIDVIILWTGQRPNKENMIPESDFAI-WDWT
>SEQ3/1-50
PTEIICYRTWRNPNNPMRWNLIRVIILWTGMRPNKGNMIPESDFHI-WDWT
>SEQ4/1-50
PTEIICYRTWRAPNNPMRWNLIDVIILWTGQRSNKGNIIPESDFHI-WDWT
>SEQ5/1-50
PTEMICYRTWRAPNNPMRWNLIDVIILWTGQRPNKGNMIPASDFHI-WDWT
>SEQ6/1-50
PTEIICYRTNRAPNNPMRWNLIDVIILWTGQRPNKGNMIPESDFHR-WDWT
>SEQ7/1-50
PTEIICYRTWRAPNNPMRWNLIDVIILWHGQRPNKGNMIPESDFHI-WDWT
>SEQ8/1-50
PTEIICYFTWRAPNNPMRWNLIDVIILWTTQRPNKGNMIPESDFHI-WDAT
>SEQ9/1-50
PTEIVCYRTWRAPNNPMRWNIIDVIILWTGQRPNKGNMNPESDFHI-WDWV
>SEQ10/1-50
PTEIICYRTWRAPNNPMRWNLIDVIILWTGQRPNKGNMNPESDFHI-WDWT
>SEQ11/1-50
PTEAICYRTWRAPNNPMRWNLIDVIILWTQQRPNKGNMIPESDMHI-WDWT
>SEQ12/1-50
PTEIICYRTWRAPNNPMRWNLIDVIILWTGQRPNKGNMIPESDFHI-WDWT
>SEQ13/1-50
PTEIICYRTWRAPNNPMRWNLIDVIILWTGQRPNKGNMIPESDFHI-WDWT
>SEQ14/1-50
PTEIICYRTWRAPNQPMRWNLIDVIILWTGQRPNKGNMPPESDFHI-WDWT
>SEQ15/1-50
PTEIICYRTWRAPNNPMRWNLIDVIILWTGQRPNKGNMICESAFHI-WDWT
>SEQ16/1-50
PTEICCYRTWRAPNNPMRWNLIDVIILWTGQRPNKGNMIPESDFHI-WDWT
>SEQ17/1-50
PTEIICYRTWRAPNNPMTWNLIDVIILWTGQRPNKGNMIPESDFHI-WDWT
>SEQ18/1-50
PTEIICYRTIRAPNNPMRWNLIDVIILWTGQRPNKGWMIPESDFHI-WDWN
>SEQ19/1-50
PFEIICYRTWRAPNNPMRWNLIDVIILWTGQRPNCGNMIPESDFHI-WWWE
>SEQ20/1-50
TTEIICYRTWRAPNNPMRWNLIDVIILWTGQNPNKGNMIPESDFHI-WLWT

]]></system-out>
  <system-err><![CDATA[]]></system-err>
</testsuite>
