<?xml version="1.0" encoding="UTF-8"?>
<testsuite name="jalview.gui.structurechooser.StructureChooserQuerySourceTest" tests="7" skipped="0" failures="0" errors="0" timestamp="2023-07-02T08:12:02" hostname="wer3eng" time="2.581">
  <properties/>
  <testcase name="buildPDBQueryTest" classname="jalview.gui.structurechooser.StructureChooserQuerySourceTest" time="0.007"/>
  <testcase name="buildThreeDBQueryTest" classname="jalview.gui.structurechooser.StructureChooserQuerySourceTest" time="0.022"/>
  <testcase name="cascadingThreeDBandPDBQuerys[0](P38398)" classname="jalview.gui.structurechooser.StructureChooserQuerySourceTest" time="0.368"/>
  <testcase name="cascadingThreeDBandPDBQuerys[1](INS_HUMAN)" classname="jalview.gui.structurechooser.StructureChooserQuerySourceTest" time="0.506"/>
  <testcase name="cascadingThreeDBandPDBQuerys[2](R1AB_SARS2)" classname="jalview.gui.structurechooser.StructureChooserQuerySourceTest" time="1.392"/>
  <testcase name="cascadingThreeDBandPDBQuerys[3](FER1_MAIZE)" classname="jalview.gui.structurechooser.StructureChooserQuerySourceTest" time="0.281"/>
  <testcase name="sanitizeSeqNameTest" classname="jalview.gui.structurechooser.StructureChooserQuerySourceTest" time="0.0"/>
  <system-out><![CDATA[seq >>>> PDB|4kqy|4KQY|A
text:4kqy

[UNIPROT:P12345, PDB:1XYZ, :XYZ_1, :XYZ_2, :XYZ_3, :XYZ_4]
text:4kqy
seq >>>> P38398
Attempting to connect with MafftWS...
https://www.ebi.ac.uk/pdbe/pdbe-kb/3dbeacons/api/uniprot/summary/P38398.json
Discovered service: http://www.compbio.dundee.ac.uk/jabaws jalview.ws.jws2.jabaws2.Jws2Instance@43fa4d49
https://www.ebi.ac.uk/pdbe/search/pdb/select?wt=json&fl=pdb_id,title,experimental_method,resolution&rows=500&start=0&q=(4igk+OR+7lyb+OR+3k0h+OR+3k0k+OR+1t15+OR+3pxc+OR+3pxd+OR+3pxe+OR+1jm7+OR+7jzv+OR+3pxa+OR+3pxb+OR+1y98+OR+1n5o+OR+4ifi+OR+4y2g+OR+3k15+OR+3k16+OR+4jlu+OR+2ing+OR+4ofb+OR+6g2i+OR+3coj+OR+1jnx+OR+4y18+OR+4u4a+OR+1oqa+OR+1t29+OR+1t2u+OR+1t2v)+AND+molecule_sequence:%5B''+TO+*%5D+AND+status:REL&sort=
query >>>>>>> jalview.fts.core.FTSRestRequest@5fa73f3a
https://www.ebi.ac.uk/pdbe/pdbe-kb/3dbeacons/api/uniprot/summary/P38398.json
Attempting to connect with MuscleWS...
https://www.ebi.ac.uk/pdbe/search/pdb/select?wt=json&fl=pdb_id,title,experimental_method,resolution&rows=500&start=0&q=(4igk+OR+7lyb+OR+3k0h+OR+3k0k+OR+1t15+OR+3pxc+OR+3pxd+OR+3pxe+OR+1jm7+OR+7jzv+OR+3pxa+OR+3pxb+OR+1y98+OR+1n5o+OR+4ifi+OR+4y2g+OR+3k15+OR+3k16+OR+4jlu+OR+2ing+OR+4ofb+OR+6g2i+OR+3coj+OR+1jnx+OR+4y18+OR+4u4a+OR+1oqa+OR+1t29+OR+1t2u+OR+1t2v)+AND+molecule_sequence:%5B''+TO+*%5D+AND+status:REL&sort=
query >>>>>>> jalview.fts.core.FTSRestRequest@6022cf7e
https://www.ebi.ac.uk/pdbe/search/pdb/select?wt=json&fl=pdb_id,title,experimental_method,resolution&rows=500&start=0&q=(4igk+OR+7lyb+OR+3k0h+OR+3k0k+OR+1t15+OR+3pxc+OR+3pxd+OR+3pxe+OR+1jm7+OR+7jzv+OR+3pxa+OR+3pxb+OR+1y98+OR+1n5o+OR+4ifi+OR+4y2g+OR+3k15+OR+3k16+OR+4jlu+OR+2ing+OR+4ofb+OR+6g2i+OR+3coj+OR+1jnx+OR+4y18+OR+4u4a+OR+1oqa+OR+1t29+OR+1t2u+OR+1t2v)+AND+molecule_sequence:%5B''+TO+*%5D+AND+status:REL&sort=
query >>>>>>> jalview.fts.core.FTSRestRequest@1582dfec
Discovered service: http://www.compbio.dundee.ac.uk/jabaws jalview.ws.jws2.jabaws2.Jws2Instance@2d12122c
https://www.ebi.ac.uk/pdbe/pdbe-kb/3dbeacons/api/uniprot/summary/P01308.json
https://www.ebi.ac.uk/pdbe/search/pdb/select?wt=json&fl=pdb_id,title,experimental_method,resolution&rows=500&start=0&q=(5hpu+OR+2jmn+OR+4iuz+OR+6s34+OR+1efe+OR+6ce7+OR+1w8p+OR+1evr+OR+8guy+OR+1hls+OR+5hpr+OR+7jp3+OR+3v19+OR+5bts+OR+3q6e+OR+2m1d+OR+2m1e+OR+2n2v+OR+2n2w+OR+2n2x+OR+1t1p+OR+1t1q+OR+2rn5+OR+2m2o+OR+4une+OR+3v1g+OR+2m2p+OR+4unh+OR+5t7r+OR+4ung+OR+4gbi+OR+4rxw+OR+4gbl+OR+4gbk+OR+4gbn+OR+3aiy+OR+1ioh+OR+1iog+OR+5wob+OR+4gbc+OR+2m2m+OR+2m2n+OR+5hqi+OR+2hiu+OR+6ce9+OR+4z76+OR+4z78+OR+4z77+OR+2kqp+OR+2kqq+OR+5en9+OR+6k59+OR+1mhj+OR+1mhi+OR+5hrq+OR+6ceb+OR+1jca+OR+4p65+OR+1k3m+OR+3kq6+OR+6s4i+OR+4f0o+OR+6s4j+OR+4f0n+OR+6gnq+OR+5ems+OR+2mvc+OR+2mvd+OR+1sf1+OR+3hyd+OR+2l1y+OR+1uz9+OR+2l1z+OR+7kd6+OR+7nhu+OR+3w80+OR+4aiy+OR+3utq+OR+7stj+OR+3ilg+OR+7stk+OR+5cjo+OR+7sth+OR+4ak0+OR+7sti+OR+6b3q+OR+4f1g+OR+4wdi+OR+1jco+OR+1vkt+OR+6tyh+OR+7u6e+OR+4iyd+OR+5ena+OR+4f1b+OR+4f1a+OR+4iyf+OR+4f1d+OR+7yq5+OR+4f1c+OR+4f1f+OR+7yq3+OR+7yq4+OR+4ajx+OR+4ajz+OR+1ben+OR+1tyl+OR+1tym+OR+2vk0+OR+6bfc+OR+2om0+OR+2om1+OR+3uts+OR+3utt+OR+3tt8+OR+2omh+OR+2omi+OR+3u4n+OR+6o17+OR+4fg3+OR+2vjz+OR+4oga+OR+2lgb+OR+6ck2+OR+2omg+OR+5uoz+OR+2oly+OR+1zeg+OR+2olz+OR+3inc+OR+1zeh+OR+4akj+OR+4f51+OR+3w7y+OR+3rov+OR+3w7z+OR+6b70+OR+5co9+OR+1j73+OR+5aiy+OR+5co2+OR+1os4+OR+5uqa+OR+1os3+OR+4f4t+OR+2jv1+OR+5co6+OR+4f4v+OR+7bw7+OR+5wdm+OR+7bw8+OR+1rwe+OR+2ceu+OR+2omq+OR+2r34+OR+8ez0+OR+2r35+OR+7s4y+OR+2r36+OR+5cny+OR+2juu+OR+2juv+OR+5mt9+OR+2jum+OR+3exx+OR+3ir0+OR+1htv+OR+5mt3+OR+7bwa+OR+3zqr+OR+6h3m+OR+8eyx+OR+1lkq+OR+8eyy+OR+5mam+OR+3zs2+OR+2mli+OR+1ai0+OR+5usp+OR+5uu2+OR+5uu4+OR+5uu3+OR+3e7y+OR+3e7z+OR+4ex0+OR+3jsd+OR+6gv0+OR+4ex1+OR+2kxk+OR+1sjt+OR+1q4v+OR+1sju+OR+5uru+OR+5urt+OR+6jk8+OR+1xda+OR+6z7y+OR+1hui+OR+5hyj+OR+6z7w+OR+4ey9+OR+4eww+OR+1a7f+OR+2k91+OR+4nib+OR+1b9e+OR+4ewx+OR+4ewz+OR+4ey1+OR+1jk8+OR+5uss+OR+5usv+OR+3zu1+OR+6p4z+OR+4efx+OR+6x4x+OR+1xw7+OR+2kjj+OR+7qgf+OR+1kmf+OR+4eyd+OR+1fu2+OR+4exx+OR+2wc0+OR+2ws6+OR+1qj0+OR+2ws7+OR+2c8q+OR+2c8r+OR+5udp+OR+5boq+OR+7sl2+OR+4f8f+OR+7sl3+OR+2ws0+OR+2ws1+OR+7sl1+OR+1guj+OR+7sl6+OR+7sl7+OR+2ws4+OR+7sl4+OR+1lph+OR+2wby+OR+1qiz+OR+1qiy+OR+3i40+OR+2k9r+OR+6sof+OR+2wru+OR+7rzi+OR+4fka+OR+4eyp+OR+2wrv+OR+2wrw+OR+2wrx+OR+1xgl+OR+5bpo+OR+1aiy+OR+7pg0+OR+5c0d+OR+7rze+OR+7pg4+OR+2kju+OR+7rzf+OR+7pg2+OR+4eyn+OR+7pg3+OR+7mqs+OR+3fq9+OR+3i3z+OR+3p33+OR+1hiq+OR+2mpg+OR+5mwq+OR+2mpi+OR+7mqr+OR+7rkd+OR+7mqo+OR+1mso+OR+7qid+OR+2h67+OR+6vep+OR+5bqq+OR+6ves+OR+4y19+OR+6vet+OR+1fub+OR+6ver+OR+6tc2+OR+1t0c+OR+1ev6+OR+1ev3+OR+2aiy+OR+3zi3+OR+5viz+OR+2g54+OR+4y1a+OR+6nwv+OR+5mhd+OR+2g56+OR+3bxq+OR+4cy7+OR+1hit+OR+1his+OR+2hh4+OR+6u46+OR+3w11+OR+2w44+OR+3w12+OR+3w13+OR+6hn5+OR+2hho+OR+7v3p)+AND+molecule_sequence:%5B''+TO+*%5D+AND+status:REL&sort=
query >>>>>>> jalview.fts.core.FTSRestRequest@2d3697ae
https://www.ebi.ac.uk/pdbe/search/pdb/select?wt=json&fl=pdb_id,title,experimental_method,resolution&rows=500&start=0&q=(5e7w+OR+1t1k+OR+4xc4+OR+6jr3+OR+1trz+OR+2qiu+OR+1g7b+OR+1g7a+OR+4cxl+OR+3p2x+OR+4cxn+OR+7md4+OR+1znj+OR+7md5)+AND+molecule_sequence:%5B''+TO+*%5D+AND+status:REL&sort=
query >>>>>>> jalview.fts.core.FTSRestRequest@47e7eb7
Attempting to connect with ClustalWS...
https://www.ebi.ac.uk/pdbe/pdbe-kb/3dbeacons/api/uniprot/summary/P01308.json
Discovered service: http://www.compbio.dundee.ac.uk/jabaws jalview.ws.jws2.jabaws2.Jws2Instance@1c4c1d3d
https://www.ebi.ac.uk/pdbe/search/pdb/select?wt=json&fl=pdb_id,title,experimental_method,resolution&rows=500&start=0&q=(5hpu+OR+2jmn+OR+4iuz+OR+6s34+OR+1efe+OR+6ce7+OR+1w8p+OR+1evr+OR+8guy+OR+1hls+OR+5hpr+OR+7jp3+OR+3v19+OR+5bts+OR+3q6e+OR+2m1d+OR+2m1e+OR+2n2v+OR+2n2w+OR+2n2x+OR+1t1p+OR+1t1q+OR+2rn5+OR+2m2o+OR+4une+OR+3v1g+OR+2m2p+OR+4unh+OR+5t7r+OR+4ung+OR+4gbi+OR+4rxw+OR+4gbl+OR+4gbk+OR+4gbn+OR+3aiy+OR+1ioh+OR+1iog+OR+5wob+OR+4gbc+OR+2m2m+OR+2m2n+OR+5hqi+OR+2hiu+OR+6ce9+OR+4z76+OR+4z78+OR+4z77+OR+2kqp+OR+2kqq+OR+5en9+OR+6k59+OR+1mhj+OR+1mhi+OR+5hrq+OR+6ceb+OR+1jca+OR+4p65+OR+1k3m+OR+3kq6+OR+6s4i+OR+4f0o+OR+6s4j+OR+4f0n+OR+6gnq+OR+5ems+OR+2mvc+OR+2mvd+OR+1sf1+OR+3hyd+OR+2l1y+OR+1uz9+OR+2l1z+OR+7kd6+OR+7nhu+OR+3w80+OR+4aiy+OR+3utq+OR+7stj+OR+3ilg+OR+7stk+OR+5cjo+OR+7sth+OR+4ak0+OR+7sti+OR+6b3q+OR+4f1g+OR+4wdi+OR+1jco+OR+1vkt+OR+6tyh+OR+7u6e+OR+4iyd+OR+5ena+OR+4f1b+OR+4f1a+OR+4iyf+OR+4f1d+OR+7yq5+OR+4f1c+OR+4f1f+OR+7yq3+OR+7yq4+OR+4ajx+OR+4ajz+OR+1ben+OR+1tyl+OR+1tym+OR+2vk0+OR+6bfc+OR+2om0+OR+2om1+OR+3uts+OR+3utt+OR+3tt8+OR+2omh+OR+2omi+OR+3u4n+OR+6o17+OR+4fg3+OR+2vjz+OR+4oga+OR+2lgb+OR+6ck2+OR+2omg+OR+5uoz+OR+2oly+OR+1zeg+OR+2olz+OR+3inc+OR+1zeh+OR+4akj+OR+4f51+OR+3w7y+OR+3rov+OR+3w7z+OR+6b70+OR+5co9+OR+1j73+OR+5aiy+OR+5co2+OR+1os4+OR+5uqa+OR+1os3+OR+4f4t+OR+2jv1+OR+5co6+OR+4f4v+OR+7bw7+OR+5wdm+OR+7bw8+OR+1rwe+OR+2ceu+OR+2omq+OR+2r34+OR+8ez0+OR+2r35+OR+7s4y+OR+2r36+OR+5cny+OR+2juu+OR+2juv+OR+5mt9+OR+2jum+OR+3exx+OR+3ir0+OR+1htv+OR+5mt3+OR+7bwa+OR+3zqr+OR+6h3m+OR+8eyx+OR+1lkq+OR+8eyy+OR+5mam+OR+3zs2+OR+2mli+OR+1ai0+OR+5usp+OR+5uu2+OR+5uu4+OR+5uu3+OR+3e7y+OR+3e7z+OR+4ex0+OR+3jsd+OR+6gv0+OR+4ex1+OR+2kxk+OR+1sjt+OR+1q4v+OR+1sju+OR+5uru+OR+5urt+OR+6jk8+OR+1xda+OR+6z7y+OR+1hui+OR+5hyj+OR+6z7w+OR+4ey9+OR+4eww+OR+1a7f+OR+2k91+OR+4nib+OR+1b9e+OR+4ewx+OR+4ewz+OR+4ey1+OR+1jk8+OR+5uss+OR+5usv+OR+3zu1+OR+6p4z+OR+4efx+OR+6x4x+OR+1xw7+OR+2kjj+OR+7qgf+OR+1kmf+OR+4eyd+OR+1fu2+OR+4exx+OR+2wc0+OR+2ws6+OR+1qj0+OR+2ws7+OR+2c8q+OR+2c8r+OR+5udp+OR+5boq+OR+7sl2+OR+4f8f+OR+7sl3+OR+2ws0+OR+2ws1+OR+7sl1+OR+1guj+OR+7sl6+OR+7sl7+OR+2ws4+OR+7sl4+OR+1lph+OR+2wby+OR+1qiz+OR+1qiy+OR+3i40+OR+2k9r+OR+6sof+OR+2wru+OR+7rzi+OR+4fka+OR+4eyp+OR+2wrv+OR+2wrw+OR+2wrx+OR+1xgl+OR+5bpo+OR+1aiy+OR+7pg0+OR+5c0d+OR+7rze+OR+7pg4+OR+2kju+OR+7rzf+OR+7pg2+OR+4eyn+OR+7pg3+OR+7mqs+OR+3fq9+OR+3i3z+OR+3p33+OR+1hiq+OR+2mpg+OR+5mwq+OR+2mpi+OR+7mqr+OR+7rkd+OR+7mqo+OR+1mso+OR+7qid+OR+2h67+OR+6vep+OR+5bqq+OR+6ves+OR+4y19+OR+6vet+OR+1fub+OR+6ver+OR+6tc2+OR+1t0c+OR+1ev6+OR+1ev3+OR+2aiy+OR+3zi3+OR+5viz+OR+2g54+OR+4y1a+OR+6nwv+OR+5mhd+OR+2g56+OR+3bxq+OR+4cy7+OR+1hit+OR+1his+OR+2hh4+OR+6u46+OR+3w11+OR+2w44+OR+3w12+OR+3w13+OR+6hn5+OR+2hho+OR+7v3p)+AND+molecule_sequence:%5B''+TO+*%5D+AND+status:REL&sort=
query >>>>>>> jalview.fts.core.FTSRestRequest@6aca85da
https://www.ebi.ac.uk/pdbe/search/pdb/select?wt=json&fl=pdb_id,title,experimental_method,resolution&rows=500&start=0&q=(5e7w+OR+1t1k+OR+4xc4+OR+6jr3+OR+1trz+OR+2qiu+OR+1g7b+OR+1g7a+OR+4cxl+OR+3p2x+OR+4cxn+OR+7md4+OR+1znj+OR+7md5)+AND+molecule_sequence:%5B''+TO+*%5D+AND+status:REL&sort=
query >>>>>>> jalview.fts.core.FTSRestRequest@34883fa2
https://www.ebi.ac.uk/pdbe/search/pdb/select?wt=json&fl=pdb_id,title,experimental_method,resolution&rows=500&start=0&q=(5hpu+OR+2jmn+OR+4iuz+OR+6s34+OR+1efe+OR+6ce7+OR+1w8p+OR+1evr+OR+8guy+OR+1hls+OR+5hpr+OR+7jp3+OR+3v19+OR+5bts+OR+3q6e+OR+2m1d+OR+2m1e+OR+2n2v+OR+2n2w+OR+2n2x+OR+1t1p+OR+1t1q+OR+2rn5+OR+2m2o+OR+4une+OR+3v1g+OR+2m2p+OR+4unh+OR+5t7r+OR+4ung+OR+4gbi+OR+4rxw+OR+4gbl+OR+4gbk+OR+4gbn+OR+3aiy+OR+1ioh+OR+1iog+OR+5wob+OR+4gbc+OR+2m2m+OR+2m2n+OR+5hqi+OR+2hiu+OR+6ce9+OR+4z76+OR+4z78+OR+4z77+OR+2kqp+OR+2kqq+OR+5en9+OR+6k59+OR+1mhj+OR+1mhi+OR+5hrq+OR+6ceb+OR+1jca+OR+4p65+OR+1k3m+OR+3kq6+OR+6s4i+OR+4f0o+OR+6s4j+OR+4f0n+OR+6gnq+OR+5ems+OR+2mvc+OR+2mvd+OR+1sf1+OR+3hyd+OR+2l1y+OR+1uz9+OR+2l1z+OR+7kd6+OR+7nhu+OR+3w80+OR+4aiy+OR+3utq+OR+7stj+OR+3ilg+OR+7stk+OR+5cjo+OR+7sth+OR+4ak0+OR+7sti+OR+6b3q+OR+4f1g+OR+4wdi+OR+1jco+OR+1vkt+OR+6tyh+OR+7u6e+OR+4iyd+OR+5ena+OR+4f1b+OR+4f1a+OR+4iyf+OR+4f1d+OR+7yq5+OR+4f1c+OR+4f1f+OR+7yq3+OR+7yq4+OR+4ajx+OR+4ajz+OR+1ben+OR+1tyl+OR+1tym+OR+2vk0+OR+6bfc+OR+2om0+OR+2om1+OR+3uts+OR+3utt+OR+3tt8+OR+2omh+OR+2omi+OR+3u4n+OR+6o17+OR+4fg3+OR+2vjz+OR+4oga+OR+2lgb+OR+6ck2+OR+2omg+OR+5uoz+OR+2oly+OR+1zeg+OR+2olz+OR+3inc+OR+1zeh+OR+4akj+OR+4f51+OR+3w7y+OR+3rov+OR+3w7z+OR+6b70+OR+5co9+OR+1j73+OR+5aiy+OR+5co2+OR+1os4+OR+5uqa+OR+1os3+OR+4f4t+OR+2jv1+OR+5co6+OR+4f4v+OR+7bw7+OR+5wdm+OR+7bw8+OR+1rwe+OR+2ceu+OR+2omq+OR+2r34+OR+8ez0+OR+2r35+OR+7s4y+OR+2r36+OR+5cny+OR+2juu+OR+2juv+OR+5mt9+OR+2jum+OR+3exx+OR+3ir0+OR+1htv+OR+5mt3+OR+7bwa+OR+3zqr+OR+6h3m+OR+8eyx+OR+1lkq+OR+8eyy+OR+5mam+OR+3zs2+OR+2mli+OR+1ai0+OR+5usp+OR+5uu2+OR+5uu4+OR+5uu3+OR+3e7y+OR+3e7z+OR+4ex0+OR+3jsd+OR+6gv0+OR+4ex1+OR+2kxk+OR+1sjt+OR+1q4v+OR+1sju+OR+5uru+OR+5urt+OR+6jk8+OR+1xda+OR+6z7y+OR+1hui+OR+5hyj+OR+6z7w+OR+4ey9+OR+4eww+OR+1a7f+OR+2k91+OR+4nib+OR+1b9e+OR+4ewx+OR+4ewz+OR+4ey1+OR+1jk8+OR+5uss+OR+5usv+OR+3zu1+OR+6p4z+OR+4efx+OR+6x4x+OR+1xw7+OR+2kjj+OR+7qgf+OR+1kmf+OR+4eyd+OR+1fu2+OR+4exx+OR+2wc0+OR+2ws6+OR+1qj0+OR+2ws7+OR+2c8q+OR+2c8r+OR+5udp+OR+5boq+OR+7sl2+OR+4f8f+OR+7sl3+OR+2ws0+OR+2ws1+OR+7sl1+OR+1guj+OR+7sl6+OR+7sl7+OR+2ws4+OR+7sl4+OR+1lph+OR+2wby+OR+1qiz+OR+1qiy+OR+3i40+OR+2k9r+OR+6sof+OR+2wru+OR+7rzi+OR+4fka+OR+4eyp+OR+2wrv+OR+2wrw+OR+2wrx+OR+1xgl+OR+5bpo+OR+1aiy+OR+7pg0+OR+5c0d+OR+7rze+OR+7pg4+OR+2kju+OR+7rzf+OR+7pg2+OR+4eyn+OR+7pg3+OR+7mqs+OR+3fq9+OR+3i3z+OR+3p33+OR+1hiq+OR+2mpg+OR+5mwq+OR+2mpi+OR+7mqr+OR+7rkd+OR+7mqo+OR+1mso+OR+7qid+OR+2h67+OR+6vep+OR+5bqq+OR+6ves+OR+4y19+OR+6vet+OR+1fub+OR+6ver+OR+6tc2+OR+1t0c+OR+1ev6+OR+1ev3+OR+2aiy+OR+3zi3+OR+5viz+OR+2g54+OR+4y1a+OR+6nwv+OR+5mhd+OR+2g56+OR+3bxq+OR+4cy7+OR+1hit+OR+1his+OR+2hh4+OR+6u46+OR+3w11+OR+2w44+OR+3w12+OR+3w13+OR+6hn5+OR+2hho+OR+7v3p)+AND+molecule_sequence:%5B''+TO+*%5D+AND+status:REL&sort=
query >>>>>>> jalview.fts.core.FTSRestRequest@61cbd0c0
Attempting to connect with ClustalOWS...
https://www.ebi.ac.uk/pdbe/search/pdb/select?wt=json&fl=pdb_id,title,experimental_method,resolution&rows=500&start=0&q=(5e7w+OR+1t1k+OR+4xc4+OR+6jr3+OR+1trz+OR+2qiu+OR+1g7b+OR+1g7a+OR+4cxl+OR+3p2x+OR+4cxn+OR+7md4+OR+1znj+OR+7md5)+AND+molecule_sequence:%5B''+TO+*%5D+AND+status:REL&sort=
query >>>>>>> jalview.fts.core.FTSRestRequest@787239f5
https://www.ebi.ac.uk/pdbe/pdbe-kb/3dbeacons/api/uniprot/summary/P0DTD1.json
Discovered service: http://www.compbio.dundee.ac.uk/jabaws jalview.ws.jws2.jabaws2.Jws2Instance@6b9ff514
https://www.ebi.ac.uk/pdbe/search/pdb/select?wt=json&fl=pdb_id,title,experimental_method,resolution&rows=500&start=0&q=(7vfa+OR+7vfb+OR+7kr0+OR+5re9+OR+7kr1+OR+5re8+OR+7o80+OR+7o81+OR+7m2p+OR+6wjt+OR+7tc4+OR+5re5+OR+5re4+OR+7kph+OR+5re7+OR+5re6+OR+7ca8+OR+6ynq+OR+8ayw+OR+7kqw+OR+5rea+OR+7o7y+OR+7o7z+OR+5rec+OR+6wlc+OR+7cam+OR+5reb+OR+5ree+OR+5red+OR+5reg+OR+5ref+OR+7kqo+OR+7kqp+OR+5rf9+OR+5rf2+OR+5rf1+OR+5rf4+OR+5rf3+OR+6wks+OR+5rf6+OR+7vh8+OR+5rf5+OR+7tbt+OR+5rf8+OR+5rf7+OR+7cb7+OR+7oyg+OR+6wkq+OR+5rf0+OR+5rfb+OR+7krx+OR+5rfa+OR+5rfd+OR+5rfc+OR+5rff+OR+7cbt+OR+5rfe+OR+5rfh+OR+5rfg+OR+5rey+OR+7krp+OR+5rex+OR+7ozu+OR+7krn+OR+5rez+OR+7kro+OR+7k0r+OR+7ozv+OR+5rg3+OR+7k0f+OR+7kri+OR+5rg2+OR+5rep+OR+5res+OR+7te0+OR+5rer+OR+7k0e+OR+5reu+OR+5ret+OR+5rew+OR+5rev+OR+5rei+OR+5reh+OR+5rek+OR+5rej+OR+5rem+OR+5rel+OR+5rg1+OR+5reo+OR+5rg0+OR+5ren+OR+7egq+OR+8dd1+OR+7vic+OR+5rgg+OR+5rgi+OR+5rgh+OR+5rfz+OR+7k1o+OR+5rfy+OR+5rh4+OR+5rfr+OR+5rh3+OR+5rfq+OR+7rb2+OR+5rft+OR+5rh6+OR+5rfs+OR+5rh5+OR+7rb0+OR+5rfv+OR+5rh8+OR+7tdu+OR+5rfu+OR+5rh7+OR+7k1l+OR+5rfx+OR+5rfw+OR+5rh9+OR+5rfj+OR+5rfi+OR+5rfl+OR+5rfk+OR+5rfn+OR+5rh0+OR+5rfm+OR+5rh2+OR+5rfp+OR+5rfo+OR+5rh1+OR+5rhd+OR+5rhc+OR+5rhf+OR+5rhe+OR+6woj+OR+5rgz+OR+7k40+OR+5rhb+OR+5rha+OR+5rgs+OR+7vk6+OR+5rgr+OR+7vk7+OR+7rc0+OR+7vk4+OR+5rgu+OR+7zqv+OR+7vk5+OR+5rgt+OR+5rgw+OR+5rgv+OR+5rgy+OR+7vk8+OR+5rgx+OR+5rgk+OR+5rgj+OR+6wnp+OR+7tek+OR+7teh+OR+5rgm+OR+5rgl+OR+8dd9+OR+5rgo+OR+7vk2+OR+5rgn+OR+7vk3+OR+7vk0+OR+5rgq+OR+7tel+OR+7vk1+OR+5rgp+OR+6y2g+OR+7aap+OR+7eiz+OR+7rbz+OR+7ein+OR+8ddi+OR+6y2e+OR+6y2f+OR+7k3t+OR+8ddm+OR+7rbr+OR+7tfr+OR+7vjy+OR+7m91+OR+7k3n+OR+7vjz+OR+7vjw+OR+7rbs+OR+7m90+OR+7vjx+OR+6wq3+OR+8dcz+OR+6lze+OR+7m8z+OR+7thh+OR+7abu+OR+7kvr+OR+7kx5+OR+7m8x+OR+6wqf+OR+7m8y+OR+6wqd+OR+7kvl+OR+7m8m+OR+7tgr+OR+7re2+OR+7re3+OR+7m8p+OR+7m8n+OR+7m8o+OR+7ti9+OR+6w01+OR+6w02+OR+7re0+OR+7re1+OR+7kxb+OR+6yvf+OR+7rdy+OR+7rdz+OR+6wrh+OR+8dfn+OR+7tia+OR+5rl8+OR+5rl7+OR+8dfe+OR+7k5i+OR+5rl9+OR+6yva+OR+7rdx+OR+5rl0+OR+7zv5+OR+7thm+OR+7vlp+OR+7tj0+OR+5rl2+OR+5rl1+OR+5rl4+OR+5rl3+OR+7zv7+OR+5rl6+OR+7vlq+OR+5rl5+OR+7zv8+OR+7tj2+OR+5rlh+OR+5rlg+OR+5rlj+OR+6ywl+OR+6ywm+OR+5rli+OR+5rll+OR+5rlk+OR+5rln+OR+7adw+OR+5rlm+OR+5rlb+OR+5rld+OR+5rlc+OR+6ywk+OR+7af0+OR+5rlf+OR+5rle+OR+5rm9+OR+7tiv+OR+7tiw+OR+5rm8+OR+7tiu+OR+6wrz+OR+7tiz+OR+7tix+OR+7tiy+OR+7k6d+OR+5rm1+OR+7k6e+OR+5rm0+OR+5rm3+OR+5rm2+OR+5rm5+OR+7z59+OR+8dgb+OR+5rm4+OR+5rm7+OR+5rm6+OR+6wtm+OR+5rmi+OR+6yz1+OR+5rmh+OR+6wtk+OR+5rmk+OR+5rmj+OR+5rmm+OR+6y84+OR+5rml+OR+5rma+OR+7kyu+OR+6wtc+OR+5rmc+OR+5rmb+OR+5rme+OR+6wtj+OR+5rmd+OR+5rmg+OR+5rmf+OR+7rfu+OR+5rlw+OR+7rfs+OR+5rlz+OR+5rly+OR+7aeg+OR+7rfw+OR+7aeh+OR+7k7p+OR+5rlp)+AND+molecule_sequence:%5B''+TO+*%5D+AND+status:REL&sort=
query >>>>>>> jalview.fts.core.FTSRestRequest@46eb5c0c
https://www.ebi.ac.uk/pdbe/search/pdb/select?wt=json&fl=pdb_id,title,experimental_method,resolution&rows=500&start=0&q=(5rlo+OR+5rlr+OR+5rlq+OR+5rlt+OR+7rfr+OR+5rls+OR+5rlv+OR+5rlu+OR+6yyt+OR+7tll+OR+7cjm+OR+6wtt+OR+7cjd+OR+6wvn+OR+6w63+OR+6w61+OR+6wx4+OR+5rob+OR+7eq4+OR+6w4h+OR+7k9p+OR+6w4b+OR+6wuu+OR+7aga+OR+7pfl+OR+6w75+OR+7aha+OR+7x70+OR+7tq2+OR+7tq3+OR+7ak4+OR+7tob+OR+7e19+OR+7e18+OR+7nbs+OR+7nbt+OR+7nby+OR+6wxc+OR+6wxd+OR+7cmd+OR+7pfm+OR+7nbr+OR+5rt0+OR+5rt2+OR+5rt1+OR+5rt4+OR+7rn1+OR+5rt3+OR+5rt6+OR+5rt5+OR+7rn0+OR+7vth+OR+5rs7+OR+7tq6+OR+7v1t+OR+5rs9+OR+7vu6+OR+7rm2+OR+7tq4+OR+5rs8+OR+7tq5+OR+6w6y+OR+5ru1+OR+5rso+OR+5rsn+OR+5ru0+OR+5rsq+OR+5ru3+OR+5ru2+OR+5rsp+OR+5rss+OR+5ru5+OR+5rsr+OR+5ru4+OR+5rsu+OR+5ru7+OR+6wzu+OR+5rst+OR+5ru6+OR+5rsg+OR+5rsf+OR+7rme+OR+5rsi+OR+7rmb+OR+7e35+OR+5rsh+OR+5rsk+OR+5rsj+OR+5rsm+OR+7aku+OR+5rsl+OR+7lb7+OR+7com+OR+7phz+OR+5rsc+OR+5rsb+OR+5rse+OR+5rsd+OR+5rt8+OR+7rls+OR+5rt7+OR+5rt9+OR+7rn4+OR+7nf5+OR+7x6y+OR+7x6z+OR+5rtp+OR+5rv2+OR+5rto+OR+5rv1+OR+5rtr+OR+5rv4+OR+7rnk+OR+5rtq+OR+5rv3+OR+7vvp+OR+6w9q+OR+5rtt+OR+5rv6+OR+5rts+OR+5rv5+OR+5rtv+OR+5rv8+OR+5rtu+OR+5rv7+OR+7vvt+OR+5rth+OR+5rtg+OR+5rtj+OR+5rti+OR+5rtl+OR+8doy+OR+5rtk+OR+5rtn+OR+5rv0+OR+5rtm+OR+8dox+OR+7rnh+OR+6w9c+OR+5rtb+OR+7nev+OR+7rmz+OR+5rta+OR+5rtd+OR+5rtc+OR+5rtf+OR+5rte+OR+5rsw+OR+5ru9+OR+7rmt+OR+7tqv+OR+5ru8+OR+5rsv+OR+7ng3+OR+5rsy+OR+5rsx+OR+7neo+OR+7alh+OR+7ng6+OR+5rsz+OR+7ali+OR+5ruq+OR+5rup+OR+5rus+OR+5rur+OR+5ruu+OR+5rut+OR+5ruw+OR+5ruv+OR+5rui+OR+5ruh+OR+5ruk+OR+8f46+OR+5ruj+OR+5rum+OR+5rul+OR+5ruo+OR+5run+OR+5rua+OR+5ruc+OR+5rue+OR+8f44+OR+8dpr+OR+5rud+OR+8f45+OR+5rug+OR+5ruf+OR+5rtx+OR+5rtw+OR+5rv9+OR+5rtz+OR+5rty+OR+7lbn+OR+7nfv+OR+7amj+OR+7rnw+OR+5rvr+OR+5rvq+OR+7t42+OR+5rvt+OR+5rvs+OR+5rvv+OR+7t45+OR+5rvu+OR+7t2t+OR+7t46+OR+7t43+OR+7t44+OR+7ldl+OR+5rvj+OR+5rvi+OR+5rvl+OR+7ap6+OR+5rvk+OR+5rvn+OR+5rvm+OR+5rvp+OR+5rvo+OR+5rvb+OR+8ds1+OR+5rva+OR+8ds2+OR+5rvd+OR+5rvc+OR+8ds0+OR+5rvf+OR+5rve+OR+7ans+OR+5rvh+OR+5rvg+OR+5ruy+OR+5rux+OR+7pku+OR+5ruz+OR+7lco+OR+7lct+OR+7lcr+OR+7lcs+OR+6xa9+OR+7nij+OR+7tw8+OR+7tw9+OR+7tw7+OR+7nio+OR+8drx+OR+8dry+OR+8drv+OR+7rqg+OR+7e5x+OR+8drw+OR+8drz+OR+6xa4+OR+6zct+OR+7ldx+OR+8drt+OR+8dru+OR+8drr+OR+7c33+OR+8drs+OR+7t49+OR+7t2u+OR+7t48+OR+7t2v+OR+7aol+OR+5r84+OR+7tvs+OR+7tx5+OR+5r83+OR+7tx3+OR+7tx4+OR+7aqe+OR+7tvx+OR+7lfp+OR+6xb2+OR+7c2y+OR+6xb0+OR+6xb1+OR+7tx1+OR+5r80+OR+5r82+OR+7lfe+OR+7tx0+OR+5r81+OR+7t4a+OR+7t4b+OR+7c2q+OR+7ar6+OR+7ctt+OR+7ar5+OR+7aph+OR+7e6k+OR+7exm+OR+7c2i+OR+7lg2+OR+7lg3+OR+7c2j+OR+7lg7+OR+7c2k+OR+7twt+OR+7twr+OR+7tws+OR+7twx+OR+7arf+OR+7r1t+OR+7twy+OR+7r1u+OR+7twv+OR+5r7y+OR+7tww+OR+7lgo+OR+7twj+OR+7twp+OR+7t70+OR+7twq)+AND+molecule_sequence:%5B''+TO+*%5D+AND+status:REL&sort=
query >>>>>>> jalview.fts.core.FTSRestRequest@3d376f28
Attempting to connect with TcoffeeWS...
https://www.ebi.ac.uk/pdbe/search/pdb/select?wt=json&fl=pdb_id,title,experimental_method,resolution&rows=500&start=0&q=(7twn+OR+7two+OR+7cut+OR+7lfz+OR+7twh+OR+7twi+OR+7twf+OR+7cuu+OR+7twg+OR+7aqi+OR+6xaa+OR+7aqj+OR+5r8t+OR+7cwc+OR+7nn0+OR+7lhq+OR+7r2v+OR+7cwb+OR+6xbh+OR+6xbi+OR+7cx9+OR+5r7z+OR+6xbg+OR+8bsd+OR+7rw0+OR+7rw1+OR+7au4+OR+7a1u+OR+8d4j+OR+8d4k+OR+8d4n+OR+6xch+OR+8d4l+OR+8d4m+OR+7rvu+OR+7rvv+OR+7rvs+OR+7rvt+OR+7jfq+OR+7rvy+OR+7rvz+OR+7rvw+OR+7rvx+OR+7t8m+OR+7rvm+OR+7rvn+OR+7nng+OR+7rvq+OR+7t8r+OR+7rvr+OR+7rvo+OR+7rvp+OR+7c6u+OR+7c6s+OR+7cxn+OR+7cxm+OR+6xdh+OR+7cz4+OR+6m03+OR+7t9w+OR+7avd+OR+7lkt+OR+7lku+OR+7lkr+OR+7lks+OR+7t9y+OR+7c8b+OR+6xez+OR+8dz9+OR+8dz6+OR+7lkd+OR+6xg3+OR+7lke+OR+8dz0+OR+8dz1+OR+8dz2+OR+7cyq+OR+7c7p+OR+7n06+OR+5sa4+OR+8dza+OR+7jhe+OR+5sa6+OR+5sa5+OR+5sa8+OR+7p2o+OR+5sa7+OR+5sa9+OR+6xfn+OR+7ax6+OR+7c8t+OR+7c8u+OR+7p2g+OR+7lkx+OR+7lkv+OR+7lkw+OR+7c8r+OR+7jit+OR+7axm+OR+7jir+OR+5sab+OR+5saa+OR+6m0k+OR+7aww+OR+7lmc+OR+7ay7+OR+7awu+OR+7lmf+OR+6zm7+OR+7lmd+OR+7r7h+OR+7jib+OR+7lme+OR+7llz+OR+7aws+OR+7awr+OR+6zme+OR+7nt3+OR+7nt4+OR+7nt1+OR+7nt2+OR+7n0c+OR+7n0d+OR+6zn5+OR+7faz+OR+7n0b+OR+6xhu+OR+6zlw+OR+5sad+OR+5sac+OR+7jiv+OR+5saf+OR+7axo+OR+5sae+OR+7jiw+OR+5sah+OR+6xhm+OR+5sag+OR+7fay+OR+7rzc+OR+5sai+OR+7los+OR+7jkv+OR+6m2n+OR+6m2q+OR+7n33+OR+6zmt+OR+6xip+OR+6zmi+OR+5sbf+OR+6zmo+OR+7ntw+OR+7pxz+OR+7jlt+OR+7ntv+OR+6xkh+OR+6zoj+OR+6xkf+OR+7nts+OR+7ntt+OR+7jn2+OR+7n44+OR+7ntq+OR+6zp4+OR+7l14+OR+6zpe+OR+7nw2+OR+7l12+OR+7l13+OR+7l10+OR+7l11+OR+7jme+OR+7n3k+OR+7nuk+OR+6zon+OR+6zok+OR+8bzv+OR+6xkm+OR+7whc+OR+7jp0+OR+6m71+OR+7jp1+OR+6m5i+OR+7l0d+OR+7dav+OR+7dat+OR+7dau+OR+7nwx+OR+7n5z+OR+7joy+OR+7jq0+OR+7jq1+OR+7jq4+OR+7jq5+OR+7jq2+OR+7jq3+OR+7l1f+OR+7dcd+OR+6xmk+OR+7bb2+OR+7n89+OR+7jpy+OR+7jpz+OR+6zsl+OR+7n83+OR+7jr3+OR+6xoa+OR+7jr4+OR+7ltj+OR+7jpe+OR+7ltn+OR+7n6n+OR+7ddc+OR+6zrt+OR+6zru+OR+7nxh+OR+7n7y+OR+7dg6+OR+7n7r+OR+7lw4+OR+7sd9+OR+7lw3+OR+7bal+OR+6z2e+OR+7n7w+OR+7baj+OR+7bak+OR+7n7u+OR+7jqb+OR+7jqc+OR+7sdc+OR+7sda+OR+6xqb+OR+7jt7+OR+7dfg+OR+7jt0+OR+7jrn+OR+7dfh+OR+7n8c+OR+6xr3+OR+7be7+OR+7jst+OR+7ju7+OR+7jsu+OR+5sl7+OR+7sdr+OR+5sl6+OR+7dgb+OR+5sl9+OR+7sf3+OR+5sl8+OR+7dgh+OR+7dgi+OR+7dgf+OR+7dgg+OR+5sl1+OR+5sl0+OR+5sl3+OR+6xqu+OR+5sl2+OR+7sf1+OR+7l5d+OR+6xqs+OR+5sl5+OR+5sl4+OR+6xqt+OR+5slg+OR+7qbb+OR+7bf5+OR+5slf+OR+7bf6+OR+7sfb+OR+7bf3+OR+5sli+OR+7bf4+OR+5slh+OR+7sfh+OR+5slk+OR+7sfi+OR+6z72+OR+5slj+OR+5slm+OR+5sll+OR+7l6t+OR+6x1b+OR+5sla+OR+7l6r+OR+5slc+OR+5slb+OR+5sle+OR+5sld+OR+5sm8+OR+7set+OR+5sm7+OR+5skx+OR+5sm9+OR+5skw+OR+5skz+OR+7dhj+OR+5sky+OR+5sm0+OR+7wo1+OR+5sm2+OR+5sm1+OR+5sm4+OR+5sm3+OR+7wo3+OR+5sm6+OR+5sm5+OR+5smh+OR+5smg+OR+7woh+OR+5smi+OR+7qcg)+AND+molecule_sequence:%5B''+TO+*%5D+AND+status:REL&sort=
query >>>>>>> jalview.fts.core.FTSRestRequest@b7a2b89
https://www.ebi.ac.uk/pdbe/search/pdb/select?wt=json&fl=pdb_id,title,experimental_method,resolution&rows=500&start=0&q=(7ukk+OR+5smk+OR+7qch+OR+7sgh+OR+7diy+OR+8ehm+OR+7dk1+OR+8ehk+OR+5smb+OR+5sma+OR+8ehl+OR+5smd+OR+7wof+OR+6z6i+OR+5smc+OR+7jw8+OR+5smf+OR+5sme+OR+5slw+OR+5slv+OR+5sly+OR+5slx+OR+8ehj+OR+5slz+OR+7jun+OR+5slo+OR+6z5t+OR+5sln+OR+5slq+OR+5slp+OR+5sls+OR+5slr+OR+7lyh+OR+5slu+OR+7lyi+OR+5slt+OR+5sp1+OR+5sp0+OR+7lzw+OR+7lzx+OR+7lzu+OR+7lzv+OR+7jvz+OR+7lzy+OR+7djr+OR+7lzz+OR+7sgu+OR+7sgv+OR+7lzt+OR+7sgw+OR+7si9+OR+7qck+OR+7qci+OR+7qcj+OR+7l8i+OR+7bfb+OR+7l8j+OR+7qcm+OR+5soj+OR+5soi+OR+5sol+OR+5sok+OR+5son+OR+5sq0+OR+5som+OR+5sop+OR+5sq2+OR+5soo+OR+5sq1+OR+6x4i+OR+7bgp+OR+5sp3+OR+5sp2+OR+5sp4+OR+5sp7+OR+7ult+OR+5sp6+OR+5sp9+OR+5sp8+OR+5spk+OR+5spj+OR+5spm+OR+5spl+OR+5spo+OR+5sr1+OR+5spn+OR+5sr0+OR+5spq+OR+5sr3+OR+5spp+OR+5sr2+OR+7jyc+OR+7fr5+OR+5spc+OR+8acl+OR+7fr6+OR+5spb+OR+7fr3+OR+5spe+OR+7fr4+OR+5spd+OR+7fr9+OR+5spg+OR+5spf+OR+7fr7+OR+5spi+OR+7fr8+OR+5sph+OR+5soz+OR+8acd+OR+7qg7+OR+5soy+OR+7uo9+OR+7jz0+OR+7fr1+OR+7fr2+OR+5spa+OR+7fr0+OR+5sor+OR+5sq4+OR+5soq+OR+5sq3+OR+7uo4+OR+5sot+OR+5sq6+OR+5sos+OR+5sq5+OR+5sov+OR+5sq8+OR+7uo7+OR+5sou+OR+5sq7+OR+5sox+OR+5sow+OR+5sq9+OR+5sql+OR+5sqk+OR+5sqn+OR+5ss0+OR+5sqm+OR+7fra+OR+5sqp+OR+5ss2+OR+7frb+OR+5sqo+OR+5ss1+OR+5sqr+OR+5ss4+OR+7qgi+OR+5sqq+OR+5ss3+OR+7ywr+OR+5sqd+OR+5sqc+OR+7jyy+OR+5sqf+OR+5sqe+OR+7uob+OR+5sqh+OR+5sqg+OR+5sqj+OR+7uoe+OR+5sqi+OR+5spz+OR+5sqb+OR+7bij+OR+5sqa+OR+5sps+OR+5sr5+OR+5spr+OR+5sr4+OR+5spu+OR+5sr7+OR+5spt+OR+5sr6+OR+5spw+OR+5sr9+OR+5spv+OR+5sr8+OR+5spy+OR+5spx+OR+5srm+OR+5srl+OR+5sro+OR+5srn+OR+5srq+OR+5s20+OR+5srp+OR+5srs+OR+5srr+OR+5s22+OR+5sre+OR+5srd+OR+5srg+OR+5srf+OR+5sri+OR+5srh+OR+5srk+OR+5srj+OR+5sra+OR+5src+OR+5srb+OR+5sqt+OR+5ss6+OR+5sqs+OR+5ss5+OR+7frc+OR+5sqv+OR+5ss8+OR+7frd+OR+5squ+OR+5ss7+OR+5sqx+OR+5s18+OR+5sqw+OR+5ss9+OR+5sqz+OR+5sqy+OR+5ssn+OR+5s1k+OR+5ssm+OR+5ssp+OR+5s30+OR+5sso+OR+5s1m+OR+5ssr+OR+5s32+OR+5s1o+OR+5s31+OR+5ssq+OR+5s34+OR+5s33+OR+5s1q+OR+5ssf+OR+5sse+OR+5s1c+OR+5ssh+OR+5ssg+OR+5s1e+OR+5ssj+OR+5s1g+OR+5ssi+OR+7qif+OR+5ssl+OR+5s1i+OR+5ssk+OR+7mb6+OR+7mb7+OR+7mb4+OR+7mb5+OR+7dok+OR+5ssb+OR+5ssa+OR+5ssd+OR+7mb8+OR+5s1a+OR+5ssc+OR+7mb9+OR+5sru+OR+5srt+OR+5s24+OR+5srw+OR+5s27+OR+5srv+OR+5s26+OR+5sry+OR+5s29+OR+7mb2+OR+5srx+OR+5s28+OR+7mb3+OR+7doi+OR+7mb0+OR+5srz+OR+7mb1+OR+5s2m+OR+5s2l+OR+7mbg+OR+5s2o+OR+5s41+OR+5s2n+OR+5s40+OR+5s43+OR+5s2q+OR+5s2p+OR+5s42+OR+5s2s+OR+5s45+OR+5s44+OR+5s2r+OR+7mbi+OR+5s2e+OR+7dpu+OR+5s2d+OR+7dpv+OR+5s2g+OR+5s2f+OR+5s2i+OR+5s2h+OR+5s2k+OR+5s2j+OR+7mau+OR+7mav+OR+7mc5+OR+7mc6+OR+7mat+OR+5s2a+OR+7maz+OR+5s2c+OR+7maw+OR+5s2b+OR+7max+OR+7dpp+OR+5s36)+AND+molecule_sequence:%5B''+TO+*%5D+AND+status:REL&sort=
query >>>>>>> jalview.fts.core.FTSRestRequest@70385eb1
Discovered service: http://www.compbio.dundee.ac.uk/jabaws jalview.ws.jws2.jabaws2.Jws2Instance@7c069b3d
https://www.ebi.ac.uk/pdbe/search/pdb/select?wt=json&fl=pdb_id,title,experimental_method,resolution&rows=500&start=0&q=(5s35+OR+5s1s+OR+5s38+OR+5s1u+OR+5s37+OR+5s1w+OR+5s39+OR+5s1y+OR+5s3n+OR+5s3m+OR+6vxs+OR+5s3p+OR+5s3o+OR+5s3r+OR+5s3q+OR+5s3t+OR+5s3s+OR+5s3f+OR+5s3e+OR+5s3h+OR+7qka+OR+5s3g+OR+5s3j+OR+5s3i+OR+5s3l+OR+5s3k+OR+5s3b+OR+5s3a+OR+5s3d+OR+5s3c+OR+5s2u+OR+5s47+OR+5s2t+OR+5s46+OR+5s49+OR+5s2w+OR+6vww+OR+5s48+OR+5s2v+OR+5s2y+OR+7oft+OR+5s2x+OR+7u28+OR+5s2z+OR+7ofs+OR+7u29+OR+7uv5+OR+5s4g+OR+5s4f+OR+5s4i+OR+5s4h+OR+5s4k+OR+5s4j+OR+5s4a+OR+5s4c+OR+5s4b+OR+5s4e+OR+5s4d+OR+5s3v+OR+5s3u+OR+5s3x+OR+5s3w+OR+7me0+OR+5s3z+OR+5s3y+OR+5s72+OR+7kag+OR+5s71+OR+8gwb+OR+5s74+OR+5s73+OR+7dte+OR+8gwg+OR+8gwf+OR+8gwe+OR+8e25+OR+7sqe+OR+8e26+OR+7bq7+OR+5s70+OR+7d1o+OR+7d1m+OR+8ers+OR+6yb7+OR+7d47+OR+8e1y+OR+8gwi+OR+8gwo+OR+8gwn+OR+7zb7+OR+7zb8+OR+7d4f+OR+7bqy+OR+7zb6+OR+7dw6+OR+5s6y+OR+7d3i+OR+5s6x+OR+5s6z+OR+7dw0+OR+7mhl+OR+7mhm+OR+7mhj+OR+7mhk+OR+7mhp+OR+7mhq+OR+7mhn+OR+7mho+OR+7dvy+OR+7mhh+OR+7mhi+OR+7mhf+OR+7mhg+OR+7d64+OR+7bro+OR+7brp+OR+7dvw+OR+7dvx+OR+7mgs+OR+7mgr+OR+7dvp+OR+7s3s+OR+7btf+OR+8e69+OR+7keg+OR+7keh+OR+7s3k+OR+8e63+OR+8e64+OR+8e4r+OR+8e61+OR+8e68+OR+8e65+OR+7kf4+OR+8e4j+OR+7b3b+OR+7qt5+OR+7b3c+OR+8e6a+OR+7qt8+OR+7qt9+OR+7qt6+OR+7b3d+OR+7b3e+OR+7qt7+OR+8e5z+OR+8e5x+OR+7kfi+OR+7s4b+OR+7b2u+OR+8aou+OR+7b2j+OR+7kg3+OR+7bv1+OR+8ey2+OR+7bv2+OR+7s75+OR+7s73+OR+7s74+OR+8eyj+OR+7s71+OR+7s72+OR+7s70+OR+7bw4+OR+7buy+OR+6wc1+OR+7d7l+OR+7d7k+OR+7s6x+OR+7s6y+OR+7khp+OR+7s6w+OR+7mlf+OR+7mlg+OR+7s82+OR+7b5z+OR+7b77+OR+7s6z+OR+6wcf+OR+7bwq+OR+7oru+OR+7orr+OR+7orv+OR+7orw+OR+6yhu+OR+7mng+OR+7b83+OR+7bzf+OR+6wey+OR+6wen+OR+7q5e+OR+7q5f+OR+7m04+OR+7o46+OR+7m02+OR+7m03+OR+7m00+OR+7m01+OR+7mpb+OR+8a55+OR+7vah+OR+8czw+OR+8czx+OR+8a4t+OR+8a4y+OR+8hda+OR+8a4q+OR+6lu7+OR+7ed5+OR+7ta7+OR+7ta4+OR+7mrr+OR+7msw+OR+7msx+OR+7m1y+OR+7kok+OR+7kol+OR+6wiq+OR+7koj+OR+7tb2+OR+7koa+OR+8az8)+AND+molecule_sequence:%5B''+TO+*%5D+AND+status:REL&sort=
query >>>>>>> jalview.fts.core.FTSRestRequest@4819a11f
https://www.ebi.ac.uk/pdbe/pdbe-kb/3dbeacons/api/uniprot/summary/P0DTD1.json
Attempting to connect with ProbconsWS...
https://www.ebi.ac.uk/pdbe/search/pdb/select?wt=json&fl=pdb_id,title,experimental_method,resolution&rows=500&start=0&q=(7vfa+OR+7vfb+OR+7kr0+OR+5re9+OR+7kr1+OR+5re8+OR+7o80+OR+7o81+OR+7m2p+OR+6wjt+OR+7tc4+OR+5re5+OR+5re4+OR+7kph+OR+5re7+OR+5re6+OR+7ca8+OR+6ynq+OR+8ayw+OR+7kqw+OR+5rea+OR+7o7y+OR+7o7z+OR+5rec+OR+6wlc+OR+7cam+OR+5reb+OR+5ree+OR+5red+OR+5reg+OR+5ref+OR+7kqo+OR+7kqp+OR+5rf9+OR+5rf2+OR+5rf1+OR+5rf4+OR+5rf3+OR+6wks+OR+5rf6+OR+7vh8+OR+5rf5+OR+7tbt+OR+5rf8+OR+5rf7+OR+7cb7+OR+7oyg+OR+6wkq+OR+5rf0+OR+5rfb+OR+7krx+OR+5rfa+OR+5rfd+OR+5rfc+OR+5rff+OR+7cbt+OR+5rfe+OR+5rfh+OR+5rfg+OR+5rey+OR+7krp+OR+5rex+OR+7ozu+OR+7krn+OR+5rez+OR+7kro+OR+7k0r+OR+7ozv+OR+5rg3+OR+7k0f+OR+7kri+OR+5rg2+OR+5rep+OR+5res+OR+7te0+OR+5rer+OR+7k0e+OR+5reu+OR+5ret+OR+5rew+OR+5rev+OR+5rei+OR+5reh+OR+5rek+OR+5rej+OR+5rem+OR+5rel+OR+5rg1+OR+5reo+OR+5rg0+OR+5ren+OR+7egq+OR+8dd1+OR+7vic+OR+5rgg+OR+5rgi+OR+5rgh+OR+5rfz+OR+7k1o+OR+5rfy+OR+5rh4+OR+5rfr+OR+5rh3+OR+5rfq+OR+7rb2+OR+5rft+OR+5rh6+OR+5rfs+OR+5rh5+OR+7rb0+OR+5rfv+OR+5rh8+OR+7tdu+OR+5rfu+OR+5rh7+OR+7k1l+OR+5rfx+OR+5rfw+OR+5rh9+OR+5rfj+OR+5rfi+OR+5rfl+OR+5rfk+OR+5rfn+OR+5rh0+OR+5rfm+OR+5rh2+OR+5rfp+OR+5rfo+OR+5rh1+OR+5rhd+OR+5rhc+OR+5rhf+OR+5rhe+OR+6woj+OR+5rgz+OR+7k40+OR+5rhb+OR+5rha+OR+5rgs+OR+7vk6+OR+5rgr+OR+7vk7+OR+7rc0+OR+7vk4+OR+5rgu+OR+7zqv+OR+7vk5+OR+5rgt+OR+5rgw+OR+5rgv+OR+5rgy+OR+7vk8+OR+5rgx+OR+5rgk+OR+5rgj+OR+6wnp+OR+7tek+OR+7teh+OR+5rgm+OR+5rgl+OR+8dd9+OR+5rgo+OR+7vk2+OR+5rgn+OR+7vk3+OR+7vk0+OR+5rgq+OR+7tel+OR+7vk1+OR+5rgp+OR+6y2g+OR+7aap+OR+7eiz+OR+7rbz+OR+7ein+OR+8ddi+OR+6y2e+OR+6y2f+OR+7k3t+OR+8ddm+OR+7rbr+OR+7tfr+OR+7vjy+OR+7m91+OR+7k3n+OR+7vjz+OR+7vjw+OR+7rbs+OR+7m90+OR+7vjx+OR+6wq3+OR+8dcz+OR+6lze+OR+7m8z+OR+7thh+OR+7abu+OR+7kvr+OR+7kx5+OR+7m8x+OR+6wqf+OR+7m8y+OR+6wqd+OR+7kvl+OR+7m8m+OR+7tgr+OR+7re2+OR+7re3+OR+7m8p+OR+7m8n+OR+7m8o+OR+7ti9+OR+6w01+OR+6w02+OR+7re0+OR+7re1+OR+7kxb+OR+6yvf+OR+7rdy+OR+7rdz+OR+6wrh+OR+8dfn+OR+7tia+OR+5rl8+OR+5rl7+OR+8dfe+OR+7k5i+OR+5rl9+OR+6yva+OR+7rdx+OR+5rl0+OR+7zv5+OR+7thm+OR+7vlp+OR+7tj0+OR+5rl2+OR+5rl1+OR+5rl4+OR+5rl3+OR+7zv7+OR+5rl6+OR+7vlq+OR+5rl5+OR+7zv8+OR+7tj2+OR+5rlh+OR+5rlg+OR+5rlj+OR+6ywl+OR+6ywm+OR+5rli+OR+5rll+OR+5rlk+OR+5rln+OR+7adw+OR+5rlm+OR+5rlb+OR+5rld+OR+5rlc+OR+6ywk+OR+7af0+OR+5rlf+OR+5rle+OR+5rm9+OR+7tiv+OR+7tiw+OR+5rm8+OR+7tiu+OR+6wrz+OR+7tiz+OR+7tix+OR+7tiy+OR+7k6d+OR+5rm1+OR+7k6e+OR+5rm0+OR+5rm3+OR+5rm2+OR+5rm5+OR+7z59+OR+8dgb+OR+5rm4+OR+5rm7+OR+5rm6+OR+6wtm+OR+5rmi+OR+6yz1+OR+5rmh+OR+6wtk+OR+5rmk+OR+5rmj+OR+5rmm+OR+6y84+OR+5rml+OR+5rma+OR+7kyu+OR+6wtc+OR+5rmc+OR+5rmb+OR+5rme+OR+6wtj+OR+5rmd+OR+5rmg+OR+5rmf+OR+7rfu+OR+5rlw+OR+7rfs+OR+5rlz+OR+5rly+OR+7aeg+OR+7rfw+OR+7aeh+OR+7k7p+OR+5rlp)+AND+molecule_sequence:%5B''+TO+*%5D+AND+status:REL&sort=
query >>>>>>> jalview.fts.core.FTSRestRequest@5dea9867
https://www.ebi.ac.uk/pdbe/search/pdb/select?wt=json&fl=pdb_id,title,experimental_method,resolution&rows=500&start=0&q=(5rlo+OR+5rlr+OR+5rlq+OR+5rlt+OR+7rfr+OR+5rls+OR+5rlv+OR+5rlu+OR+6yyt+OR+7tll+OR+7cjm+OR+6wtt+OR+7cjd+OR+6wvn+OR+6w63+OR+6w61+OR+6wx4+OR+5rob+OR+7eq4+OR+6w4h+OR+7k9p+OR+6w4b+OR+6wuu+OR+7aga+OR+7pfl+OR+6w75+OR+7aha+OR+7x70+OR+7tq2+OR+7tq3+OR+7ak4+OR+7tob+OR+7e19+OR+7e18+OR+7nbs+OR+7nbt+OR+7nby+OR+6wxc+OR+6wxd+OR+7cmd+OR+7pfm+OR+7nbr+OR+5rt0+OR+5rt2+OR+5rt1+OR+5rt4+OR+7rn1+OR+5rt3+OR+5rt6+OR+5rt5+OR+7rn0+OR+7vth+OR+5rs7+OR+7tq6+OR+7v1t+OR+5rs9+OR+7vu6+OR+7rm2+OR+7tq4+OR+5rs8+OR+7tq5+OR+6w6y+OR+5ru1+OR+5rso+OR+5rsn+OR+5ru0+OR+5rsq+OR+5ru3+OR+5ru2+OR+5rsp+OR+5rss+OR+5ru5+OR+5rsr+OR+5ru4+OR+5rsu+OR+5ru7+OR+6wzu+OR+5rst+OR+5ru6+OR+5rsg+OR+5rsf+OR+7rme+OR+5rsi+OR+7rmb+OR+7e35+OR+5rsh+OR+5rsk+OR+5rsj+OR+5rsm+OR+7aku+OR+5rsl+OR+7lb7+OR+7com+OR+7phz+OR+5rsc+OR+5rsb+OR+5rse+OR+5rsd+OR+5rt8+OR+7rls+OR+5rt7+OR+5rt9+OR+7rn4+OR+7nf5+OR+7x6y+OR+7x6z+OR+5rtp+OR+5rv2+OR+5rto+OR+5rv1+OR+5rtr+OR+5rv4+OR+7rnk+OR+5rtq+OR+5rv3+OR+7vvp+OR+6w9q+OR+5rtt+OR+5rv6+OR+5rts+OR+5rv5+OR+5rtv+OR+5rv8+OR+5rtu+OR+5rv7+OR+7vvt+OR+5rth+OR+5rtg+OR+5rtj+OR+5rti+OR+5rtl+OR+8doy+OR+5rtk+OR+5rtn+OR+5rv0+OR+5rtm+OR+8dox+OR+7rnh+OR+6w9c+OR+5rtb+OR+7nev+OR+7rmz+OR+5rta+OR+5rtd+OR+5rtc+OR+5rtf+OR+5rte+OR+5rsw+OR+5ru9+OR+7rmt+OR+7tqv+OR+5ru8+OR+5rsv+OR+7ng3+OR+5rsy+OR+5rsx+OR+7neo+OR+7alh+OR+7ng6+OR+5rsz+OR+7ali+OR+5ruq+OR+5rup+OR+5rus+OR+5rur+OR+5ruu+OR+5rut+OR+5ruw+OR+5ruv+OR+5rui+OR+5ruh+OR+5ruk+OR+8f46+OR+5ruj+OR+5rum+OR+5rul+OR+5ruo+OR+5run+OR+5rua+OR+5ruc+OR+5rue+OR+8f44+OR+8dpr+OR+5rud+OR+8f45+OR+5rug+OR+5ruf+OR+5rtx+OR+5rtw+OR+5rv9+OR+5rtz+OR+5rty+OR+7lbn+OR+7nfv+OR+7amj+OR+7rnw+OR+5rvr+OR+5rvq+OR+7t42+OR+5rvt+OR+5rvs+OR+5rvv+OR+7t45+OR+5rvu+OR+7t2t+OR+7t46+OR+7t43+OR+7t44+OR+7ldl+OR+5rvj+OR+5rvi+OR+5rvl+OR+7ap6+OR+5rvk+OR+5rvn+OR+5rvm+OR+5rvp+OR+5rvo+OR+5rvb+OR+8ds1+OR+5rva+OR+8ds2+OR+5rvd+OR+5rvc+OR+8ds0+OR+5rvf+OR+5rve+OR+7ans+OR+5rvh+OR+5rvg+OR+5ruy+OR+5rux+OR+7pku+OR+5ruz+OR+7lco+OR+7lct+OR+7lcr+OR+7lcs+OR+6xa9+OR+7nij+OR+7tw8+OR+7tw9+OR+7tw7+OR+7nio+OR+8drx+OR+8dry+OR+8drv+OR+7rqg+OR+7e5x+OR+8drw+OR+8drz+OR+6xa4+OR+6zct+OR+7ldx+OR+8drt+OR+8dru+OR+8drr+OR+7c33+OR+8drs+OR+7t49+OR+7t2u+OR+7t48+OR+7t2v+OR+7aol+OR+5r84+OR+7tvs+OR+7tx5+OR+5r83+OR+7tx3+OR+7tx4+OR+7aqe+OR+7tvx+OR+7lfp+OR+6xb2+OR+7c2y+OR+6xb0+OR+6xb1+OR+7tx1+OR+5r80+OR+5r82+OR+7lfe+OR+7tx0+OR+5r81+OR+7t4a+OR+7t4b+OR+7c2q+OR+7ar6+OR+7ctt+OR+7ar5+OR+7aph+OR+7e6k+OR+7exm+OR+7c2i+OR+7lg2+OR+7lg3+OR+7c2j+OR+7lg7+OR+7c2k+OR+7twt+OR+7twr+OR+7tws+OR+7twx+OR+7arf+OR+7r1t+OR+7twy+OR+7r1u+OR+7twv+OR+5r7y+OR+7tww+OR+7lgo+OR+7twj+OR+7twp+OR+7t70+OR+7twq)+AND+molecule_sequence:%5B''+TO+*%5D+AND+status:REL&sort=
query >>>>>>> jalview.fts.core.FTSRestRequest@62f2811
Discovered service: http://www.compbio.dundee.ac.uk/jabaws jalview.ws.jws2.jabaws2.Jws2Instance@36643391
https://www.ebi.ac.uk/pdbe/search/pdb/select?wt=json&fl=pdb_id,title,experimental_method,resolution&rows=500&start=0&q=(7twn+OR+7two+OR+7cut+OR+7lfz+OR+7twh+OR+7twi+OR+7twf+OR+7cuu+OR+7twg+OR+7aqi+OR+6xaa+OR+7aqj+OR+5r8t+OR+7cwc+OR+7nn0+OR+7lhq+OR+7r2v+OR+7cwb+OR+6xbh+OR+6xbi+OR+7cx9+OR+5r7z+OR+6xbg+OR+8bsd+OR+7rw0+OR+7rw1+OR+7au4+OR+7a1u+OR+8d4j+OR+8d4k+OR+8d4n+OR+6xch+OR+8d4l+OR+8d4m+OR+7rvu+OR+7rvv+OR+7rvs+OR+7rvt+OR+7jfq+OR+7rvy+OR+7rvz+OR+7rvw+OR+7rvx+OR+7t8m+OR+7rvm+OR+7rvn+OR+7nng+OR+7rvq+OR+7t8r+OR+7rvr+OR+7rvo+OR+7rvp+OR+7c6u+OR+7c6s+OR+7cxn+OR+7cxm+OR+6xdh+OR+7cz4+OR+6m03+OR+7t9w+OR+7avd+OR+7lkt+OR+7lku+OR+7lkr+OR+7lks+OR+7t9y+OR+7c8b+OR+6xez+OR+8dz9+OR+8dz6+OR+7lkd+OR+6xg3+OR+7lke+OR+8dz0+OR+8dz1+OR+8dz2+OR+7cyq+OR+7c7p+OR+7n06+OR+5sa4+OR+8dza+OR+7jhe+OR+5sa6+OR+5sa5+OR+5sa8+OR+7p2o+OR+5sa7+OR+5sa9+OR+6xfn+OR+7ax6+OR+7c8t+OR+7c8u+OR+7p2g+OR+7lkx+OR+7lkv+OR+7lkw+OR+7c8r+OR+7jit+OR+7axm+OR+7jir+OR+5sab+OR+5saa+OR+6m0k+OR+7aww+OR+7lmc+OR+7ay7+OR+7awu+OR+7lmf+OR+6zm7+OR+7lmd+OR+7r7h+OR+7jib+OR+7lme+OR+7llz+OR+7aws+OR+7awr+OR+6zme+OR+7nt3+OR+7nt4+OR+7nt1+OR+7nt2+OR+7n0c+OR+7n0d+OR+6zn5+OR+7faz+OR+7n0b+OR+6xhu+OR+6zlw+OR+5sad+OR+5sac+OR+7jiv+OR+5saf+OR+7axo+OR+5sae+OR+7jiw+OR+5sah+OR+6xhm+OR+5sag+OR+7fay+OR+7rzc+OR+5sai+OR+7los+OR+7jkv+OR+6m2n+OR+6m2q+OR+7n33+OR+6zmt+OR+6xip+OR+6zmi+OR+5sbf+OR+6zmo+OR+7ntw+OR+7pxz+OR+7jlt+OR+7ntv+OR+6xkh+OR+6zoj+OR+6xkf+OR+7nts+OR+7ntt+OR+7jn2+OR+7n44+OR+7ntq+OR+6zp4+OR+7l14+OR+6zpe+OR+7nw2+OR+7l12+OR+7l13+OR+7l10+OR+7l11+OR+7jme+OR+7n3k+OR+7nuk+OR+6zon+OR+6zok+OR+8bzv+OR+6xkm+OR+7whc+OR+7jp0+OR+6m71+OR+7jp1+OR+6m5i+OR+7l0d+OR+7dav+OR+7dat+OR+7dau+OR+7nwx+OR+7n5z+OR+7joy+OR+7jq0+OR+7jq1+OR+7jq4+OR+7jq5+OR+7jq2+OR+7jq3+OR+7l1f+OR+7dcd+OR+6xmk+OR+7bb2+OR+7n89+OR+7jpy+OR+7jpz+OR+6zsl+OR+7n83+OR+7jr3+OR+6xoa+OR+7jr4+OR+7ltj+OR+7jpe+OR+7ltn+OR+7n6n+OR+7ddc+OR+6zrt+OR+6zru+OR+7nxh+OR+7n7y+OR+7dg6+OR+7n7r+OR+7lw4+OR+7sd9+OR+7lw3+OR+7bal+OR+6z2e+OR+7n7w+OR+7baj+OR+7bak+OR+7n7u+OR+7jqb+OR+7jqc+OR+7sdc+OR+7sda+OR+6xqb+OR+7jt7+OR+7dfg+OR+7jt0+OR+7jrn+OR+7dfh+OR+7n8c+OR+6xr3+OR+7be7+OR+7jst+OR+7ju7+OR+7jsu+OR+5sl7+OR+7sdr+OR+5sl6+OR+7dgb+OR+5sl9+OR+7sf3+OR+5sl8+OR+7dgh+OR+7dgi+OR+7dgf+OR+7dgg+OR+5sl1+OR+5sl0+OR+5sl3+OR+6xqu+OR+5sl2+OR+7sf1+OR+7l5d+OR+6xqs+OR+5sl5+OR+5sl4+OR+6xqt+OR+5slg+OR+7qbb+OR+7bf5+OR+5slf+OR+7bf6+OR+7sfb+OR+7bf3+OR+5sli+OR+7bf4+OR+5slh+OR+7sfh+OR+5slk+OR+7sfi+OR+6z72+OR+5slj+OR+5slm+OR+5sll+OR+7l6t+OR+6x1b+OR+5sla+OR+7l6r+OR+5slc+OR+5slb+OR+5sle+OR+5sld+OR+5sm8+OR+7set+OR+5sm7+OR+5skx+OR+5sm9+OR+5skw+OR+5skz+OR+7dhj+OR+5sky+OR+5sm0+OR+7wo1+OR+5sm2+OR+5sm1+OR+5sm4+OR+5sm3+OR+7wo3+OR+5sm6+OR+5sm5+OR+5smh+OR+5smg+OR+7woh+OR+5smi+OR+7qcg)+AND+molecule_sequence:%5B''+TO+*%5D+AND+status:REL&sort=
query >>>>>>> jalview.fts.core.FTSRestRequest@5408854f
https://www.ebi.ac.uk/pdbe/search/pdb/select?wt=json&fl=pdb_id,title,experimental_method,resolution&rows=500&start=0&q=(7ukk+OR+5smk+OR+7qch+OR+7sgh+OR+7diy+OR+8ehm+OR+7dk1+OR+8ehk+OR+5smb+OR+5sma+OR+8ehl+OR+5smd+OR+7wof+OR+6z6i+OR+5smc+OR+7jw8+OR+5smf+OR+5sme+OR+5slw+OR+5slv+OR+5sly+OR+5slx+OR+8ehj+OR+5slz+OR+7jun+OR+5slo+OR+6z5t+OR+5sln+OR+5slq+OR+5slp+OR+5sls+OR+5slr+OR+7lyh+OR+5slu+OR+7lyi+OR+5slt+OR+5sp1+OR+5sp0+OR+7lzw+OR+7lzx+OR+7lzu+OR+7lzv+OR+7jvz+OR+7lzy+OR+7djr+OR+7lzz+OR+7sgu+OR+7sgv+OR+7lzt+OR+7sgw+OR+7si9+OR+7qck+OR+7qci+OR+7qcj+OR+7l8i+OR+7bfb+OR+7l8j+OR+7qcm+OR+5soj+OR+5soi+OR+5sol+OR+5sok+OR+5son+OR+5sq0+OR+5som+OR+5sop+OR+5sq2+OR+5soo+OR+5sq1+OR+6x4i+OR+7bgp+OR+5sp3+OR+5sp2+OR+5sp4+OR+5sp7+OR+7ult+OR+5sp6+OR+5sp9+OR+5sp8+OR+5spk+OR+5spj+OR+5spm+OR+5spl+OR+5spo+OR+5sr1+OR+5spn+OR+5sr0+OR+5spq+OR+5sr3+OR+5spp+OR+5sr2+OR+7jyc+OR+7fr5+OR+5spc+OR+8acl+OR+7fr6+OR+5spb+OR+7fr3+OR+5spe+OR+7fr4+OR+5spd+OR+7fr9+OR+5spg+OR+5spf+OR+7fr7+OR+5spi+OR+7fr8+OR+5sph+OR+5soz+OR+8acd+OR+7qg7+OR+5soy+OR+7uo9+OR+7jz0+OR+7fr1+OR+7fr2+OR+5spa+OR+7fr0+OR+5sor+OR+5sq4+OR+5soq+OR+5sq3+OR+7uo4+OR+5sot+OR+5sq6+OR+5sos+OR+5sq5+OR+5sov+OR+5sq8+OR+7uo7+OR+5sou+OR+5sq7+OR+5sox+OR+5sow+OR+5sq9+OR+5sql+OR+5sqk+OR+5sqn+OR+5ss0+OR+5sqm+OR+7fra+OR+5sqp+OR+5ss2+OR+7frb+OR+5sqo+OR+5ss1+OR+5sqr+OR+5ss4+OR+7qgi+OR+5sqq+OR+5ss3+OR+7ywr+OR+5sqd+OR+5sqc+OR+7jyy+OR+5sqf+OR+5sqe+OR+7uob+OR+5sqh+OR+5sqg+OR+5sqj+OR+7uoe+OR+5sqi+OR+5spz+OR+5sqb+OR+7bij+OR+5sqa+OR+5sps+OR+5sr5+OR+5spr+OR+5sr4+OR+5spu+OR+5sr7+OR+5spt+OR+5sr6+OR+5spw+OR+5sr9+OR+5spv+OR+5sr8+OR+5spy+OR+5spx+OR+5srm+OR+5srl+OR+5sro+OR+5srn+OR+5srq+OR+5s20+OR+5srp+OR+5srs+OR+5srr+OR+5s22+OR+5sre+OR+5srd+OR+5srg+OR+5srf+OR+5sri+OR+5srh+OR+5srk+OR+5srj+OR+5sra+OR+5src+OR+5srb+OR+5sqt+OR+5ss6+OR+5sqs+OR+5ss5+OR+7frc+OR+5sqv+OR+5ss8+OR+7frd+OR+5squ+OR+5ss7+OR+5sqx+OR+5s18+OR+5sqw+OR+5ss9+OR+5sqz+OR+5sqy+OR+5ssn+OR+5s1k+OR+5ssm+OR+5ssp+OR+5s30+OR+5sso+OR+5s1m+OR+5ssr+OR+5s32+OR+5s1o+OR+5s31+OR+5ssq+OR+5s34+OR+5s33+OR+5s1q+OR+5ssf+OR+5sse+OR+5s1c+OR+5ssh+OR+5ssg+OR+5s1e+OR+5ssj+OR+5s1g+OR+5ssi+OR+7qif+OR+5ssl+OR+5s1i+OR+5ssk+OR+7mb6+OR+7mb7+OR+7mb4+OR+7mb5+OR+7dok+OR+5ssb+OR+5ssa+OR+5ssd+OR+7mb8+OR+5s1a+OR+5ssc+OR+7mb9+OR+5sru+OR+5srt+OR+5s24+OR+5srw+OR+5s27+OR+5srv+OR+5s26+OR+5sry+OR+5s29+OR+7mb2+OR+5srx+OR+5s28+OR+7mb3+OR+7doi+OR+7mb0+OR+5srz+OR+7mb1+OR+5s2m+OR+5s2l+OR+7mbg+OR+5s2o+OR+5s41+OR+5s2n+OR+5s40+OR+5s43+OR+5s2q+OR+5s2p+OR+5s42+OR+5s2s+OR+5s45+OR+5s44+OR+5s2r+OR+7mbi+OR+5s2e+OR+7dpu+OR+5s2d+OR+7dpv+OR+5s2g+OR+5s2f+OR+5s2i+OR+5s2h+OR+5s2k+OR+5s2j+OR+7mau+OR+7mav+OR+7mc5+OR+7mc6+OR+7mat+OR+5s2a+OR+7maz+OR+5s2c+OR+7maw+OR+5s2b+OR+7max+OR+7dpp+OR+5s36)+AND+molecule_sequence:%5B''+TO+*%5D+AND+status:REL&sort=
query >>>>>>> jalview.fts.core.FTSRestRequest@37f1d560
Attempting to connect with MSAprobsWS...
https://www.ebi.ac.uk/pdbe/search/pdb/select?wt=json&fl=pdb_id,title,experimental_method,resolution&rows=500&start=0&q=(5s35+OR+5s1s+OR+5s38+OR+5s1u+OR+5s37+OR+5s1w+OR+5s39+OR+5s1y+OR+5s3n+OR+5s3m+OR+6vxs+OR+5s3p+OR+5s3o+OR+5s3r+OR+5s3q+OR+5s3t+OR+5s3s+OR+5s3f+OR+5s3e+OR+5s3h+OR+7qka+OR+5s3g+OR+5s3j+OR+5s3i+OR+5s3l+OR+5s3k+OR+5s3b+OR+5s3a+OR+5s3d+OR+5s3c+OR+5s2u+OR+5s47+OR+5s2t+OR+5s46+OR+5s49+OR+5s2w+OR+6vww+OR+5s48+OR+5s2v+OR+5s2y+OR+7oft+OR+5s2x+OR+7u28+OR+5s2z+OR+7ofs+OR+7u29+OR+7uv5+OR+5s4g+OR+5s4f+OR+5s4i+OR+5s4h+OR+5s4k+OR+5s4j+OR+5s4a+OR+5s4c+OR+5s4b+OR+5s4e+OR+5s4d+OR+5s3v+OR+5s3u+OR+5s3x+OR+5s3w+OR+7me0+OR+5s3z+OR+5s3y+OR+5s72+OR+7kag+OR+5s71+OR+8gwb+OR+5s74+OR+5s73+OR+7dte+OR+8gwg+OR+8gwf+OR+8gwe+OR+8e25+OR+7sqe+OR+8e26+OR+7bq7+OR+5s70+OR+7d1o+OR+7d1m+OR+8ers+OR+6yb7+OR+7d47+OR+8e1y+OR+8gwi+OR+8gwo+OR+8gwn+OR+7zb7+OR+7zb8+OR+7d4f+OR+7bqy+OR+7zb6+OR+7dw6+OR+5s6y+OR+7d3i+OR+5s6x+OR+5s6z+OR+7dw0+OR+7mhl+OR+7mhm+OR+7mhj+OR+7mhk+OR+7mhp+OR+7mhq+OR+7mhn+OR+7mho+OR+7dvy+OR+7mhh+OR+7mhi+OR+7mhf+OR+7mhg+OR+7d64+OR+7bro+OR+7brp+OR+7dvw+OR+7dvx+OR+7mgs+OR+7mgr+OR+7dvp+OR+7s3s+OR+7btf+OR+8e69+OR+7keg+OR+7keh+OR+7s3k+OR+8e63+OR+8e64+OR+8e4r+OR+8e61+OR+8e68+OR+8e65+OR+7kf4+OR+8e4j+OR+7b3b+OR+7qt5+OR+7b3c+OR+8e6a+OR+7qt8+OR+7qt9+OR+7qt6+OR+7b3d+OR+7b3e+OR+7qt7+OR+8e5z+OR+8e5x+OR+7kfi+OR+7s4b+OR+7b2u+OR+8aou+OR+7b2j+OR+7kg3+OR+7bv1+OR+8ey2+OR+7bv2+OR+7s75+OR+7s73+OR+7s74+OR+8eyj+OR+7s71+OR+7s72+OR+7s70+OR+7bw4+OR+7buy+OR+6wc1+OR+7d7l+OR+7d7k+OR+7s6x+OR+7s6y+OR+7khp+OR+7s6w+OR+7mlf+OR+7mlg+OR+7s82+OR+7b5z+OR+7b77+OR+7s6z+OR+6wcf+OR+7bwq+OR+7oru+OR+7orr+OR+7orv+OR+7orw+OR+6yhu+OR+7mng+OR+7b83+OR+7bzf+OR+6wey+OR+6wen+OR+7q5e+OR+7q5f+OR+7m04+OR+7o46+OR+7m02+OR+7m03+OR+7m00+OR+7m01+OR+7mpb+OR+8a55+OR+7vah+OR+8czw+OR+8czx+OR+8a4t+OR+8a4y+OR+8hda+OR+8a4q+OR+6lu7+OR+7ed5+OR+7ta7+OR+7ta4+OR+7mrr+OR+7msw+OR+7msx+OR+7m1y+OR+7kok+OR+7kol+OR+6wiq+OR+7koj+OR+7tb2+OR+7koa+OR+8az8)+AND+molecule_sequence:%5B''+TO+*%5D+AND+status:REL&sort=
query >>>>>>> jalview.fts.core.FTSRestRequest@1a29c848
Discovered service: http://www.compbio.dundee.ac.uk/jabaws jalview.ws.jws2.jabaws2.Jws2Instance@b3787ec
https://www.ebi.ac.uk/pdbe/search/pdb/select?wt=json&fl=pdb_id,title,experimental_method,resolution&rows=500&start=0&q=(7vfa+OR+7vfb+OR+7kr0+OR+5re9+OR+7kr1+OR+5re8+OR+7o80+OR+7o81+OR+7m2p+OR+6wjt+OR+7tc4+OR+5re5+OR+5re4+OR+7kph+OR+5re7+OR+5re6+OR+7ca8+OR+6ynq+OR+8ayw+OR+7kqw+OR+5rea+OR+7o7y+OR+7o7z+OR+5rec+OR+6wlc+OR+7cam+OR+5reb+OR+5ree+OR+5red+OR+5reg+OR+5ref+OR+7kqo+OR+7kqp+OR+5rf9+OR+5rf2+OR+5rf1+OR+5rf4+OR+5rf3+OR+6wks+OR+5rf6+OR+7vh8+OR+5rf5+OR+7tbt+OR+5rf8+OR+5rf7+OR+7cb7+OR+7oyg+OR+6wkq+OR+5rf0+OR+5rfb+OR+7krx+OR+5rfa+OR+5rfd+OR+5rfc+OR+5rff+OR+7cbt+OR+5rfe+OR+5rfh+OR+5rfg+OR+5rey+OR+7krp+OR+5rex+OR+7ozu+OR+7krn+OR+5rez+OR+7kro+OR+7k0r+OR+7ozv+OR+5rg3+OR+7k0f+OR+7kri+OR+5rg2+OR+5rep+OR+5res+OR+7te0+OR+5rer+OR+7k0e+OR+5reu+OR+5ret+OR+5rew+OR+5rev+OR+5rei+OR+5reh+OR+5rek+OR+5rej+OR+5rem+OR+5rel+OR+5rg1+OR+5reo+OR+5rg0+OR+5ren+OR+7egq+OR+8dd1+OR+7vic+OR+5rgg+OR+5rgi+OR+5rgh+OR+5rfz+OR+7k1o+OR+5rfy+OR+5rh4+OR+5rfr+OR+5rh3+OR+5rfq+OR+7rb2+OR+5rft+OR+5rh6+OR+5rfs+OR+5rh5+OR+7rb0+OR+5rfv+OR+5rh8+OR+7tdu+OR+5rfu+OR+5rh7+OR+7k1l+OR+5rfx+OR+5rfw+OR+5rh9+OR+5rfj+OR+5rfi+OR+5rfl+OR+5rfk+OR+5rfn+OR+5rh0+OR+5rfm+OR+5rh2+OR+5rfp+OR+5rfo+OR+5rh1+OR+5rhd+OR+5rhc+OR+5rhf+OR+5rhe+OR+6woj+OR+5rgz+OR+7k40+OR+5rhb+OR+5rha+OR+5rgs+OR+7vk6+OR+5rgr+OR+7vk7+OR+7rc0+OR+7vk4+OR+5rgu+OR+7zqv+OR+7vk5+OR+5rgt+OR+5rgw+OR+5rgv+OR+5rgy+OR+7vk8+OR+5rgx+OR+5rgk+OR+5rgj+OR+6wnp+OR+7tek+OR+7teh+OR+5rgm+OR+5rgl+OR+8dd9+OR+5rgo+OR+7vk2+OR+5rgn+OR+7vk3+OR+7vk0+OR+5rgq+OR+7tel+OR+7vk1+OR+5rgp+OR+6y2g+OR+7aap+OR+7eiz+OR+7rbz+OR+7ein+OR+8ddi+OR+6y2e+OR+6y2f+OR+7k3t+OR+8ddm+OR+7rbr+OR+7tfr+OR+7vjy+OR+7m91+OR+7k3n+OR+7vjz+OR+7vjw+OR+7rbs+OR+7m90+OR+7vjx+OR+6wq3+OR+8dcz+OR+6lze+OR+7m8z+OR+7thh+OR+7abu+OR+7kvr+OR+7kx5+OR+7m8x+OR+6wqf+OR+7m8y+OR+6wqd+OR+7kvl+OR+7m8m+OR+7tgr+OR+7re2+OR+7re3+OR+7m8p+OR+7m8n+OR+7m8o+OR+7ti9+OR+6w01+OR+6w02+OR+7re0+OR+7re1+OR+7kxb+OR+6yvf+OR+7rdy+OR+7rdz+OR+6wrh+OR+8dfn+OR+7tia+OR+5rl8+OR+5rl7+OR+8dfe+OR+7k5i+OR+5rl9+OR+6yva+OR+7rdx+OR+5rl0+OR+7zv5+OR+7thm+OR+7vlp+OR+7tj0+OR+5rl2+OR+5rl1+OR+5rl4+OR+5rl3+OR+7zv7+OR+5rl6+OR+7vlq+OR+5rl5+OR+7zv8+OR+7tj2+OR+5rlh+OR+5rlg+OR+5rlj+OR+6ywl+OR+6ywm+OR+5rli+OR+5rll+OR+5rlk+OR+5rln+OR+7adw+OR+5rlm+OR+5rlb+OR+5rld+OR+5rlc+OR+6ywk+OR+7af0+OR+5rlf+OR+5rle+OR+5rm9+OR+7tiv+OR+7tiw+OR+5rm8+OR+7tiu+OR+6wrz+OR+7tiz+OR+7tix+OR+7tiy+OR+7k6d+OR+5rm1+OR+7k6e+OR+5rm0+OR+5rm3+OR+5rm2+OR+5rm5+OR+7z59+OR+8dgb+OR+5rm4+OR+5rm7+OR+5rm6+OR+6wtm+OR+5rmi+OR+6yz1+OR+5rmh+OR+6wtk+OR+5rmk+OR+5rmj+OR+5rmm+OR+6y84+OR+5rml+OR+5rma+OR+7kyu+OR+6wtc+OR+5rmc+OR+5rmb+OR+5rme+OR+6wtj+OR+5rmd+OR+5rmg+OR+5rmf+OR+7rfu+OR+5rlw+OR+7rfs+OR+5rlz+OR+5rly+OR+7aeg+OR+7rfw+OR+7aeh+OR+7k7p+OR+5rlp)+AND+molecule_sequence:%5B''+TO+*%5D+AND+status:REL&sort=
query >>>>>>> jalview.fts.core.FTSRestRequest@163697a8
https://www.ebi.ac.uk/pdbe/search/pdb/select?wt=json&fl=pdb_id,title,experimental_method,resolution&rows=500&start=0&q=(5rlo+OR+5rlr+OR+5rlq+OR+5rlt+OR+7rfr+OR+5rls+OR+5rlv+OR+5rlu+OR+6yyt+OR+7tll+OR+7cjm+OR+6wtt+OR+7cjd+OR+6wvn+OR+6w63+OR+6w61+OR+6wx4+OR+5rob+OR+7eq4+OR+6w4h+OR+7k9p+OR+6w4b+OR+6wuu+OR+7aga+OR+7pfl+OR+6w75+OR+7aha+OR+7x70+OR+7tq2+OR+7tq3+OR+7ak4+OR+7tob+OR+7e19+OR+7e18+OR+7nbs+OR+7nbt+OR+7nby+OR+6wxc+OR+6wxd+OR+7cmd+OR+7pfm+OR+7nbr+OR+5rt0+OR+5rt2+OR+5rt1+OR+5rt4+OR+7rn1+OR+5rt3+OR+5rt6+OR+5rt5+OR+7rn0+OR+7vth+OR+5rs7+OR+7tq6+OR+7v1t+OR+5rs9+OR+7vu6+OR+7rm2+OR+7tq4+OR+5rs8+OR+7tq5+OR+6w6y+OR+5ru1+OR+5rso+OR+5rsn+OR+5ru0+OR+5rsq+OR+5ru3+OR+5ru2+OR+5rsp+OR+5rss+OR+5ru5+OR+5rsr+OR+5ru4+OR+5rsu+OR+5ru7+OR+6wzu+OR+5rst+OR+5ru6+OR+5rsg+OR+5rsf+OR+7rme+OR+5rsi+OR+7rmb+OR+7e35+OR+5rsh+OR+5rsk+OR+5rsj+OR+5rsm+OR+7aku+OR+5rsl+OR+7lb7+OR+7com+OR+7phz+OR+5rsc+OR+5rsb+OR+5rse+OR+5rsd+OR+5rt8+OR+7rls+OR+5rt7+OR+5rt9+OR+7rn4+OR+7nf5+OR+7x6y+OR+7x6z+OR+5rtp+OR+5rv2+OR+5rto+OR+5rv1+OR+5rtr+OR+5rv4+OR+7rnk+OR+5rtq+OR+5rv3+OR+7vvp+OR+6w9q+OR+5rtt+OR+5rv6+OR+5rts+OR+5rv5+OR+5rtv+OR+5rv8+OR+5rtu+OR+5rv7+OR+7vvt+OR+5rth+OR+5rtg+OR+5rtj+OR+5rti+OR+5rtl+OR+8doy+OR+5rtk+OR+5rtn+OR+5rv0+OR+5rtm+OR+8dox+OR+7rnh+OR+6w9c+OR+5rtb+OR+7nev+OR+7rmz+OR+5rta+OR+5rtd+OR+5rtc+OR+5rtf+OR+5rte+OR+5rsw+OR+5ru9+OR+7rmt+OR+7tqv+OR+5ru8+OR+5rsv+OR+7ng3+OR+5rsy+OR+5rsx+OR+7neo+OR+7alh+OR+7ng6+OR+5rsz+OR+7ali+OR+5ruq+OR+5rup+OR+5rus+OR+5rur+OR+5ruu+OR+5rut+OR+5ruw+OR+5ruv+OR+5rui+OR+5ruh+OR+5ruk+OR+8f46+OR+5ruj+OR+5rum+OR+5rul+OR+5ruo+OR+5run+OR+5rua+OR+5ruc+OR+5rue+OR+8f44+OR+8dpr+OR+5rud+OR+8f45+OR+5rug+OR+5ruf+OR+5rtx+OR+5rtw+OR+5rv9+OR+5rtz+OR+5rty+OR+7lbn+OR+7nfv+OR+7amj+OR+7rnw+OR+5rvr+OR+5rvq+OR+7t42+OR+5rvt+OR+5rvs+OR+5rvv+OR+7t45+OR+5rvu+OR+7t2t+OR+7t46+OR+7t43+OR+7t44+OR+7ldl+OR+5rvj+OR+5rvi+OR+5rvl+OR+7ap6+OR+5rvk+OR+5rvn+OR+5rvm+OR+5rvp+OR+5rvo+OR+5rvb+OR+8ds1+OR+5rva+OR+8ds2+OR+5rvd+OR+5rvc+OR+8ds0+OR+5rvf+OR+5rve+OR+7ans+OR+5rvh+OR+5rvg+OR+5ruy+OR+5rux+OR+7pku+OR+5ruz+OR+7lco+OR+7lct+OR+7lcr+OR+7lcs+OR+6xa9+OR+7nij+OR+7tw8+OR+7tw9+OR+7tw7+OR+7nio+OR+8drx+OR+8dry+OR+8drv+OR+7rqg+OR+7e5x+OR+8drw+OR+8drz+OR+6xa4+OR+6zct+OR+7ldx+OR+8drt+OR+8dru+OR+8drr+OR+7c33+OR+8drs+OR+7t49+OR+7t2u+OR+7t48+OR+7t2v+OR+7aol+OR+5r84+OR+7tvs+OR+7tx5+OR+5r83+OR+7tx3+OR+7tx4+OR+7aqe+OR+7tvx+OR+7lfp+OR+6xb2+OR+7c2y+OR+6xb0+OR+6xb1+OR+7tx1+OR+5r80+OR+5r82+OR+7lfe+OR+7tx0+OR+5r81+OR+7t4a+OR+7t4b+OR+7c2q+OR+7ar6+OR+7ctt+OR+7ar5+OR+7aph+OR+7e6k+OR+7exm+OR+7c2i+OR+7lg2+OR+7lg3+OR+7c2j+OR+7lg7+OR+7c2k+OR+7twt+OR+7twr+OR+7tws+OR+7twx+OR+7arf+OR+7r1t+OR+7twy+OR+7r1u+OR+7twv+OR+5r7y+OR+7tww+OR+7lgo+OR+7twj+OR+7twp+OR+7t70+OR+7twq)+AND+molecule_sequence:%5B''+TO+*%5D+AND+status:REL&sort=
query >>>>>>> jalview.fts.core.FTSRestRequest@5c15d1bc
https://www.ebi.ac.uk/pdbe/search/pdb/select?wt=json&fl=pdb_id,title,experimental_method,resolution&rows=500&start=0&q=(7twn+OR+7two+OR+7cut+OR+7lfz+OR+7twh+OR+7twi+OR+7twf+OR+7cuu+OR+7twg+OR+7aqi+OR+6xaa+OR+7aqj+OR+5r8t+OR+7cwc+OR+7nn0+OR+7lhq+OR+7r2v+OR+7cwb+OR+6xbh+OR+6xbi+OR+7cx9+OR+5r7z+OR+6xbg+OR+8bsd+OR+7rw0+OR+7rw1+OR+7au4+OR+7a1u+OR+8d4j+OR+8d4k+OR+8d4n+OR+6xch+OR+8d4l+OR+8d4m+OR+7rvu+OR+7rvv+OR+7rvs+OR+7rvt+OR+7jfq+OR+7rvy+OR+7rvz+OR+7rvw+OR+7rvx+OR+7t8m+OR+7rvm+OR+7rvn+OR+7nng+OR+7rvq+OR+7t8r+OR+7rvr+OR+7rvo+OR+7rvp+OR+7c6u+OR+7c6s+OR+7cxn+OR+7cxm+OR+6xdh+OR+7cz4+OR+6m03+OR+7t9w+OR+7avd+OR+7lkt+OR+7lku+OR+7lkr+OR+7lks+OR+7t9y+OR+7c8b+OR+6xez+OR+8dz9+OR+8dz6+OR+7lkd+OR+6xg3+OR+7lke+OR+8dz0+OR+8dz1+OR+8dz2+OR+7cyq+OR+7c7p+OR+7n06+OR+5sa4+OR+8dza+OR+7jhe+OR+5sa6+OR+5sa5+OR+5sa8+OR+7p2o+OR+5sa7+OR+5sa9+OR+6xfn+OR+7ax6+OR+7c8t+OR+7c8u+OR+7p2g+OR+7lkx+OR+7lkv+OR+7lkw+OR+7c8r+OR+7jit+OR+7axm+OR+7jir+OR+5sab+OR+5saa+OR+6m0k+OR+7aww+OR+7lmc+OR+7ay7+OR+7awu+OR+7lmf+OR+6zm7+OR+7lmd+OR+7r7h+OR+7jib+OR+7lme+OR+7llz+OR+7aws+OR+7awr+OR+6zme+OR+7nt3+OR+7nt4+OR+7nt1+OR+7nt2+OR+7n0c+OR+7n0d+OR+6zn5+OR+7faz+OR+7n0b+OR+6xhu+OR+6zlw+OR+5sad+OR+5sac+OR+7jiv+OR+5saf+OR+7axo+OR+5sae+OR+7jiw+OR+5sah+OR+6xhm+OR+5sag+OR+7fay+OR+7rzc+OR+5sai+OR+7los+OR+7jkv+OR+6m2n+OR+6m2q+OR+7n33+OR+6zmt+OR+6xip+OR+6zmi+OR+5sbf+OR+6zmo+OR+7ntw+OR+7pxz+OR+7jlt+OR+7ntv+OR+6xkh+OR+6zoj+OR+6xkf+OR+7nts+OR+7ntt+OR+7jn2+OR+7n44+OR+7ntq+OR+6zp4+OR+7l14+OR+6zpe+OR+7nw2+OR+7l12+OR+7l13+OR+7l10+OR+7l11+OR+7jme+OR+7n3k+OR+7nuk+OR+6zon+OR+6zok+OR+8bzv+OR+6xkm+OR+7whc+OR+7jp0+OR+6m71+OR+7jp1+OR+6m5i+OR+7l0d+OR+7dav+OR+7dat+OR+7dau+OR+7nwx+OR+7n5z+OR+7joy+OR+7jq0+OR+7jq1+OR+7jq4+OR+7jq5+OR+7jq2+OR+7jq3+OR+7l1f+OR+7dcd+OR+6xmk+OR+7bb2+OR+7n89+OR+7jpy+OR+7jpz+OR+6zsl+OR+7n83+OR+7jr3+OR+6xoa+OR+7jr4+OR+7ltj+OR+7jpe+OR+7ltn+OR+7n6n+OR+7ddc+OR+6zrt+OR+6zru+OR+7nxh+OR+7n7y+OR+7dg6+OR+7n7r+OR+7lw4+OR+7sd9+OR+7lw3+OR+7bal+OR+6z2e+OR+7n7w+OR+7baj+OR+7bak+OR+7n7u+OR+7jqb+OR+7jqc+OR+7sdc+OR+7sda+OR+6xqb+OR+7jt7+OR+7dfg+OR+7jt0+OR+7jrn+OR+7dfh+OR+7n8c+OR+6xr3+OR+7be7+OR+7jst+OR+7ju7+OR+7jsu+OR+5sl7+OR+7sdr+OR+5sl6+OR+7dgb+OR+5sl9+OR+7sf3+OR+5sl8+OR+7dgh+OR+7dgi+OR+7dgf+OR+7dgg+OR+5sl1+OR+5sl0+OR+5sl3+OR+6xqu+OR+5sl2+OR+7sf1+OR+7l5d+OR+6xqs+OR+5sl5+OR+5sl4+OR+6xqt+OR+5slg+OR+7qbb+OR+7bf5+OR+5slf+OR+7bf6+OR+7sfb+OR+7bf3+OR+5sli+OR+7bf4+OR+5slh+OR+7sfh+OR+5slk+OR+7sfi+OR+6z72+OR+5slj+OR+5slm+OR+5sll+OR+7l6t+OR+6x1b+OR+5sla+OR+7l6r+OR+5slc+OR+5slb+OR+5sle+OR+5sld+OR+5sm8+OR+7set+OR+5sm7+OR+5skx+OR+5sm9+OR+5skw+OR+5skz+OR+7dhj+OR+5sky+OR+5sm0+OR+7wo1+OR+5sm2+OR+5sm1+OR+5sm4+OR+5sm3+OR+7wo3+OR+5sm6+OR+5sm5+OR+5smh+OR+5smg+OR+7woh+OR+5smi+OR+7qcg)+AND+molecule_sequence:%5B''+TO+*%5D+AND+status:REL&sort=
query >>>>>>> jalview.fts.core.FTSRestRequest@ce1c5f3
https://www.ebi.ac.uk/pdbe/search/pdb/select?wt=json&fl=pdb_id,title,experimental_method,resolution&rows=500&start=0&q=(7ukk+OR+5smk+OR+7qch+OR+7sgh+OR+7diy+OR+8ehm+OR+7dk1+OR+8ehk+OR+5smb+OR+5sma+OR+8ehl+OR+5smd+OR+7wof+OR+6z6i+OR+5smc+OR+7jw8+OR+5smf+OR+5sme+OR+5slw+OR+5slv+OR+5sly+OR+5slx+OR+8ehj+OR+5slz+OR+7jun+OR+5slo+OR+6z5t+OR+5sln+OR+5slq+OR+5slp+OR+5sls+OR+5slr+OR+7lyh+OR+5slu+OR+7lyi+OR+5slt+OR+5sp1+OR+5sp0+OR+7lzw+OR+7lzx+OR+7lzu+OR+7lzv+OR+7jvz+OR+7lzy+OR+7djr+OR+7lzz+OR+7sgu+OR+7sgv+OR+7lzt+OR+7sgw+OR+7si9+OR+7qck+OR+7qci+OR+7qcj+OR+7l8i+OR+7bfb+OR+7l8j+OR+7qcm+OR+5soj+OR+5soi+OR+5sol+OR+5sok+OR+5son+OR+5sq0+OR+5som+OR+5sop+OR+5sq2+OR+5soo+OR+5sq1+OR+6x4i+OR+7bgp+OR+5sp3+OR+5sp2+OR+5sp4+OR+5sp7+OR+7ult+OR+5sp6+OR+5sp9+OR+5sp8+OR+5spk+OR+5spj+OR+5spm+OR+5spl+OR+5spo+OR+5sr1+OR+5spn+OR+5sr0+OR+5spq+OR+5sr3+OR+5spp+OR+5sr2+OR+7jyc+OR+7fr5+OR+5spc+OR+8acl+OR+7fr6+OR+5spb+OR+7fr3+OR+5spe+OR+7fr4+OR+5spd+OR+7fr9+OR+5spg+OR+5spf+OR+7fr7+OR+5spi+OR+7fr8+OR+5sph+OR+5soz+OR+8acd+OR+7qg7+OR+5soy+OR+7uo9+OR+7jz0+OR+7fr1+OR+7fr2+OR+5spa+OR+7fr0+OR+5sor+OR+5sq4+OR+5soq+OR+5sq3+OR+7uo4+OR+5sot+OR+5sq6+OR+5sos+OR+5sq5+OR+5sov+OR+5sq8+OR+7uo7+OR+5sou+OR+5sq7+OR+5sox+OR+5sow+OR+5sq9+OR+5sql+OR+5sqk+OR+5sqn+OR+5ss0+OR+5sqm+OR+7fra+OR+5sqp+OR+5ss2+OR+7frb+OR+5sqo+OR+5ss1+OR+5sqr+OR+5ss4+OR+7qgi+OR+5sqq+OR+5ss3+OR+7ywr+OR+5sqd+OR+5sqc+OR+7jyy+OR+5sqf+OR+5sqe+OR+7uob+OR+5sqh+OR+5sqg+OR+5sqj+OR+7uoe+OR+5sqi+OR+5spz+OR+5sqb+OR+7bij+OR+5sqa+OR+5sps+OR+5sr5+OR+5spr+OR+5sr4+OR+5spu+OR+5sr7+OR+5spt+OR+5sr6+OR+5spw+OR+5sr9+OR+5spv+OR+5sr8+OR+5spy+OR+5spx+OR+5srm+OR+5srl+OR+5sro+OR+5srn+OR+5srq+OR+5s20+OR+5srp+OR+5srs+OR+5srr+OR+5s22+OR+5sre+OR+5srd+OR+5srg+OR+5srf+OR+5sri+OR+5srh+OR+5srk+OR+5srj+OR+5sra+OR+5src+OR+5srb+OR+5sqt+OR+5ss6+OR+5sqs+OR+5ss5+OR+7frc+OR+5sqv+OR+5ss8+OR+7frd+OR+5squ+OR+5ss7+OR+5sqx+OR+5s18+OR+5sqw+OR+5ss9+OR+5sqz+OR+5sqy+OR+5ssn+OR+5s1k+OR+5ssm+OR+5ssp+OR+5s30+OR+5sso+OR+5s1m+OR+5ssr+OR+5s32+OR+5s1o+OR+5s31+OR+5ssq+OR+5s34+OR+5s33+OR+5s1q+OR+5ssf+OR+5sse+OR+5s1c+OR+5ssh+OR+5ssg+OR+5s1e+OR+5ssj+OR+5s1g+OR+5ssi+OR+7qif+OR+5ssl+OR+5s1i+OR+5ssk+OR+7mb6+OR+7mb7+OR+7mb4+OR+7mb5+OR+7dok+OR+5ssb+OR+5ssa+OR+5ssd+OR+7mb8+OR+5s1a+OR+5ssc+OR+7mb9+OR+5sru+OR+5srt+OR+5s24+OR+5srw+OR+5s27+OR+5srv+OR+5s26+OR+5sry+OR+5s29+OR+7mb2+OR+5srx+OR+5s28+OR+7mb3+OR+7doi+OR+7mb0+OR+5srz+OR+7mb1+OR+5s2m+OR+5s2l+OR+7mbg+OR+5s2o+OR+5s41+OR+5s2n+OR+5s40+OR+5s43+OR+5s2q+OR+5s2p+OR+5s42+OR+5s2s+OR+5s45+OR+5s44+OR+5s2r+OR+7mbi+OR+5s2e+OR+7dpu+OR+5s2d+OR+7dpv+OR+5s2g+OR+5s2f+OR+5s2i+OR+5s2h+OR+5s2k+OR+5s2j+OR+7mau+OR+7mav+OR+7mc5+OR+7mc6+OR+7mat+OR+5s2a+OR+7maz+OR+5s2c+OR+7maw+OR+5s2b+OR+7max+OR+7dpp+OR+5s36)+AND+molecule_sequence:%5B''+TO+*%5D+AND+status:REL&sort=
query >>>>>>> jalview.fts.core.FTSRestRequest@639d8311
Attempting to connect with GLprobsWS...
https://www.ebi.ac.uk/pdbe/search/pdb/select?wt=json&fl=pdb_id,title,experimental_method,resolution&rows=500&start=0&q=(5s35+OR+5s1s+OR+5s38+OR+5s1u+OR+5s37+OR+5s1w+OR+5s39+OR+5s1y+OR+5s3n+OR+5s3m+OR+6vxs+OR+5s3p+OR+5s3o+OR+5s3r+OR+5s3q+OR+5s3t+OR+5s3s+OR+5s3f+OR+5s3e+OR+5s3h+OR+7qka+OR+5s3g+OR+5s3j+OR+5s3i+OR+5s3l+OR+5s3k+OR+5s3b+OR+5s3a+OR+5s3d+OR+5s3c+OR+5s2u+OR+5s47+OR+5s2t+OR+5s46+OR+5s49+OR+5s2w+OR+6vww+OR+5s48+OR+5s2v+OR+5s2y+OR+7oft+OR+5s2x+OR+7u28+OR+5s2z+OR+7ofs+OR+7u29+OR+7uv5+OR+5s4g+OR+5s4f+OR+5s4i+OR+5s4h+OR+5s4k+OR+5s4j+OR+5s4a+OR+5s4c+OR+5s4b+OR+5s4e+OR+5s4d+OR+5s3v+OR+5s3u+OR+5s3x+OR+5s3w+OR+7me0+OR+5s3z+OR+5s3y+OR+5s72+OR+7kag+OR+5s71+OR+8gwb+OR+5s74+OR+5s73+OR+7dte+OR+8gwg+OR+8gwf+OR+8gwe+OR+8e25+OR+7sqe+OR+8e26+OR+7bq7+OR+5s70+OR+7d1o+OR+7d1m+OR+8ers+OR+6yb7+OR+7d47+OR+8e1y+OR+8gwi+OR+8gwo+OR+8gwn+OR+7zb7+OR+7zb8+OR+7d4f+OR+7bqy+OR+7zb6+OR+7dw6+OR+5s6y+OR+7d3i+OR+5s6x+OR+5s6z+OR+7dw0+OR+7mhl+OR+7mhm+OR+7mhj+OR+7mhk+OR+7mhp+OR+7mhq+OR+7mhn+OR+7mho+OR+7dvy+OR+7mhh+OR+7mhi+OR+7mhf+OR+7mhg+OR+7d64+OR+7bro+OR+7brp+OR+7dvw+OR+7dvx+OR+7mgs+OR+7mgr+OR+7dvp+OR+7s3s+OR+7btf+OR+8e69+OR+7keg+OR+7keh+OR+7s3k+OR+8e63+OR+8e64+OR+8e4r+OR+8e61+OR+8e68+OR+8e65+OR+7kf4+OR+8e4j+OR+7b3b+OR+7qt5+OR+7b3c+OR+8e6a+OR+7qt8+OR+7qt9+OR+7qt6+OR+7b3d+OR+7b3e+OR+7qt7+OR+8e5z+OR+8e5x+OR+7kfi+OR+7s4b+OR+7b2u+OR+8aou+OR+7b2j+OR+7kg3+OR+7bv1+OR+8ey2+OR+7bv2+OR+7s75+OR+7s73+OR+7s74+OR+8eyj+OR+7s71+OR+7s72+OR+7s70+OR+7bw4+OR+7buy+OR+6wc1+OR+7d7l+OR+7d7k+OR+7s6x+OR+7s6y+OR+7khp+OR+7s6w+OR+7mlf+OR+7mlg+OR+7s82+OR+7b5z+OR+7b77+OR+7s6z+OR+6wcf+OR+7bwq+OR+7oru+OR+7orr+OR+7orv+OR+7orw+OR+6yhu+OR+7mng+OR+7b83+OR+7bzf+OR+6wey+OR+6wen+OR+7q5e+OR+7q5f+OR+7m04+OR+7o46+OR+7m02+OR+7m03+OR+7m00+OR+7m01+OR+7mpb+OR+8a55+OR+7vah+OR+8czw+OR+8czx+OR+8a4t+OR+8a4y+OR+8hda+OR+8a4q+OR+6lu7+OR+7ed5+OR+7ta7+OR+7ta4+OR+7mrr+OR+7msw+OR+7msx+OR+7m1y+OR+7kok+OR+7kol+OR+6wiq+OR+7koj+OR+7tb2+OR+7koa+OR+8az8)+AND+molecule_sequence:%5B''+TO+*%5D+AND+status:REL&sort=
query >>>>>>> jalview.fts.core.FTSRestRequest@b536551
Discovered service: http://www.compbio.dundee.ac.uk/jabaws jalview.ws.jws2.jabaws2.Jws2Instance@2470d932
https://www.ebi.ac.uk/pdbe/pdbe-kb/3dbeacons/api/uniprot/summary/P27787.json
https://www.ebi.ac.uk/pdbe/search/pdb/select?wt=json&fl=pdb_id,title,experimental_method,resolution&rows=500&start=0&q=(1gaq+OR+5h92+OR+3b2f+OR+3w5u+OR+5h8y+OR+3w5v)+AND+molecule_sequence:%5B''+TO+*%5D+AND+status:REL&sort=
query >>>>>>> jalview.fts.core.FTSRestRequest@3f3e21d7
https://www.ebi.ac.uk/pdbe/pdbe-kb/3dbeacons/api/uniprot/summary/P27787.json
Attempting to connect with AAConWS...
https://www.ebi.ac.uk/pdbe/search/pdb/select?wt=json&fl=pdb_id,title,experimental_method,resolution&rows=500&start=0&q=(1gaq+OR+5h92+OR+3b2f+OR+3w5u+OR+5h8y+OR+3w5v)+AND+molecule_sequence:%5B''+TO+*%5D+AND+status:REL&sort=
query >>>>>>> jalview.fts.core.FTSRestRequest@3c1ca89c
https://www.ebi.ac.uk/pdbe/search/pdb/select?wt=json&fl=pdb_id,title,experimental_method,resolution&rows=500&start=0&q=(1gaq+OR+5h92+OR+3b2f+OR+3w5u+OR+5h8y+OR+3w5v)+AND+molecule_sequence:%5B''+TO+*%5D+AND+status:REL&sort=
query >>>>>>> jalview.fts.core.FTSRestRequest@cc65ea1
]]></system-out>
  <system-err><![CDATA[Jul 02, 2023 10:12:02 AM compbio.ws.client.Jws2Client connect
INFO: Connected successfully!
Jul 02, 2023 10:12:02 AM compbio.ws.client.Jws2Client connect
INFO: Connected successfully!
DEBUG - Scanning news items: newsnew=false and lastDate is Fri Jun 30 20:04:22 CEST 2023
DEBUG - Saved last read date as 30 Jun 2023, 20:04:22
DEBUG - Scanning news items: newsnew=false and lastDate is Fri Jun 30 20:04:22 CEST 2023
DEBUG - Saved last read date as 30 Jun 2023, 20:04:22
DEBUG - Scanning news items: newsnew=false and lastDate is Fri Jun 30 20:04:22 CEST 2023
DEBUG - Saved last read date as 30 Jun 2023, 20:04:22
Jul 02, 2023 10:12:03 AM compbio.ws.client.Jws2Client connect
INFO: Connected successfully!
DEBUG - Scanning news items: newsnew=false and lastDate is Fri Jun 30 20:04:22 CEST 2023
DEBUG - Saved last read date as 30 Jun 2023, 20:04:22
DEBUG - Scanning news items: newsnew=false and lastDate is Fri Jun 30 20:04:22 CEST 2023
DEBUG - Saved last read date as 30 Jun 2023, 20:04:22
DEBUG - Scanning news items: newsnew=false and lastDate is Fri Jun 30 20:04:22 CEST 2023
DEBUG - Saved last read date as 30 Jun 2023, 20:04:22
Jul 02, 2023 10:12:03 AM compbio.ws.client.Jws2Client connect
INFO: Connected successfully!
DEBUG - Scanning news items: newsnew=false and lastDate is Fri Jun 30 20:04:22 CEST 2023
DEBUG - Saved last read date as 30 Jun 2023, 20:04:22
DEBUG - Scanning news items: newsnew=false and lastDate is Fri Jun 30 20:04:22 CEST 2023
DEBUG - Saved last read date as 30 Jun 2023, 20:04:22
DEBUG - Scanning news items: newsnew=false and lastDate is Fri Jun 30 20:04:22 CEST 2023
DEBUG - Saved last read date as 30 Jun 2023, 20:04:22
Jul 02, 2023 10:12:03 AM compbio.ws.client.Jws2Client connect
INFO: Connected successfully!
DEBUG - Scanning news items: newsnew=false and lastDate is Fri Jun 30 20:04:22 CEST 2023
DEBUG - Saved last read date as 30 Jun 2023, 20:04:22
DEBUG - Scanning news items: newsnew=false and lastDate is Fri Jun 30 20:04:22 CEST 2023
DEBUG - Saved last read date as 30 Jun 2023, 20:04:22
DEBUG - Scanning news items: newsnew=false and lastDate is Fri Jun 30 20:04:22 CEST 2023
DEBUG - Saved last read date as 30 Jun 2023, 20:04:22
Jul 02, 2023 10:12:04 AM compbio.ws.client.Jws2Client connect
INFO: Connected successfully!
DEBUG - Scanning news items: newsnew=false and lastDate is Fri Jun 30 20:04:22 CEST 2023
DEBUG - Saved last read date as 30 Jun 2023, 20:04:22
DEBUG - Scanning news items: newsnew=false and lastDate is Fri Jun 30 20:04:22 CEST 2023
DEBUG - Saved last read date as 30 Jun 2023, 20:04:22
DEBUG - Scanning news items: newsnew=false and lastDate is Fri Jun 30 20:04:22 CEST 2023
DEBUG - Saved last read date as 30 Jun 2023, 20:04:22
DEBUG - Scanning news items: newsnew=false and lastDate is Fri Jun 30 20:04:22 CEST 2023
DEBUG - Saved last read date as 30 Jun 2023, 20:04:22
DEBUG - Scanning news items: newsnew=false and lastDate is Fri Jun 30 20:04:22 CEST 2023
DEBUG - Saved last read date as 30 Jun 2023, 20:04:22
DEBUG - Scanning news items: newsnew=false and lastDate is Fri Jun 30 20:04:22 CEST 2023
DEBUG - Saved last read date as 30 Jun 2023, 20:04:22
Jul 02, 2023 10:12:04 AM compbio.ws.client.Jws2Client connect
INFO: Connected successfully!
Jul 02, 2023 10:12:04 AM compbio.ws.client.Jws2Client connect
INFO: Connected successfully!
Jul 02, 2023 10:12:05 AM compbio.ws.client.Jws2Client connect
INFO: Connected successfully!
]]></system-err>
</testsuite>
