<?xml version="1.0" encoding="UTF-8"?>
<testsuite name="jalview.analysis.scoremodels.FeatureDistanceModelTest" tests="6" skipped="0" failures="0" errors="0" timestamp="2023-07-02T08:12:18" hostname="wer3eng" time="0.119">
  <properties/>
  <testcase name="testFeatureScoreModel" classname="jalview.analysis.scoremodels.FeatureDistanceModelTest" time="0.024"/>
  <testcase name="testFeatureScoreModel_HiddenColumns" classname="jalview.analysis.scoremodels.FeatureDistanceModelTest" time="0.022"/>
  <testcase name="testFeatureScoreModel_hiddenFirstColumn" classname="jalview.analysis.scoremodels.FeatureDistanceModelTest" time="0.016"/>
  <testcase name="testFindDistances" classname="jalview.analysis.scoremodels.FeatureDistanceModelTest" time="0.022"/>
  <testcase name="testFindDistances_withParams" classname="jalview.analysis.scoremodels.FeatureDistanceModelTest" time="0.016"/>
  <testcase name="testFindFeatureAt_PointFeature" classname="jalview.analysis.scoremodels.FeatureDistanceModelTest" time="0.018"/>
  <system-out><![CDATA[File format identified as Pfam
File format identified as Pfam
File format identified as Pfam
File format identified as Fasta
File format identified as Pfam
]]></system-out>
  <system-err><![CDATA[]]></system-err>
</testsuite>
