<?xml version="1.0" encoding="UTF-8"?>
<testsuite name="jalview.datamodel.RangeElementsIteratorTest" tests="9" skipped="0" failures="0" errors="0" timestamp="2023-07-02T08:12:00" hostname="wer3eng" time="0.002">
  <properties/>
  <testcase name="testHasNextAndNextEndHidden" classname="jalview.datamodel.RangeElementsIteratorTest" time="0.0"/>
  <testcase name="testHasNextAndNextNoHidden" classname="jalview.datamodel.RangeElementsIteratorTest" time="0.0"/>
  <testcase name="testHasNextAndNextStartHidden" classname="jalview.datamodel.RangeElementsIteratorTest" time="0.0"/>
  <testcase name="testHasNextAndNextWithHidden" classname="jalview.datamodel.RangeElementsIteratorTest" time="0.001"/>
  <testcase name="testLastNextEndHidden" classname="jalview.datamodel.RangeElementsIteratorTest" time="0.0"/>
  <testcase name="testLastNextNoHidden" classname="jalview.datamodel.RangeElementsIteratorTest" time="0.0"/>
  <testcase name="testLastNextStartHidden" classname="jalview.datamodel.RangeElementsIteratorTest" time="0.0"/>
  <testcase name="testLastNextWithHidden" classname="jalview.datamodel.RangeElementsIteratorTest" time="0.0"/>
  <testcase name="testRemove" classname="jalview.datamodel.RangeElementsIteratorTest" time="0.0"/>
  <system-out><![CDATA[0
1
5
6
]]></system-out>
  <system-err><![CDATA[]]></system-err>
</testsuite>
