<?xml version="1.0" encoding="UTF-8"?>
<testsuite name="jalview.ext.pymol.PymolCommandsTest" tests="18" skipped="0" failures="0" errors="0" timestamp="2023-07-02T08:11:41" hostname="wer3eng" time="0.014">
  <properties/>
  <testcase name="testCloseViewer" classname="jalview.ext.pymol.PymolCommandsTest" time="0.0"/>
  <testcase name="testColourByChain" classname="jalview.ext.pymol.PymolCommandsTest" time="0.0"/>
  <testcase name="testColourByCharge" classname="jalview.ext.pymol.PymolCommandsTest" time="0.0"/>
  <testcase name="testColourBySequence" classname="jalview.ext.pymol.PymolCommandsTest" time="0.0"/>
  <testcase name="testColourResidues" classname="jalview.ext.pymol.PymolCommandsTest" time="0.0"/>
  <testcase name="testGetAtomSpec" classname="jalview.ext.pymol.PymolCommandsTest" time="0.0"/>
  <testcase name="testGetAtomSpec_alphaOnly" classname="jalview.ext.pymol.PymolCommandsTest" time="0.0"/>
  <testcase name="testGetModelStartNo" classname="jalview.ext.pymol.PymolCommandsTest" time="0.0"/>
  <testcase name="testGetResidueSpec" classname="jalview.ext.pymol.PymolCommandsTest" time="0.001"/>
  <testcase name="testLoadFile" classname="jalview.ext.pymol.PymolCommandsTest" time="0.0"/>
  <testcase name="testOpenCommandFile" classname="jalview.ext.pymol.PymolCommandsTest" time="0.0"/>
  <testcase name="testOpenSession" classname="jalview.ext.pymol.PymolCommandsTest" time="0.001"/>
  <testcase name="testSaveSession" classname="jalview.ext.pymol.PymolCommandsTest" time="0.0"/>
  <testcase name="testSetAttribute" classname="jalview.ext.pymol.PymolCommandsTest" time="0.0"/>
  <testcase name="testSetAttributes" classname="jalview.ext.pymol.PymolCommandsTest" time="0.001"/>
  <testcase name="testSetBackgroundColour" classname="jalview.ext.pymol.PymolCommandsTest" time="0.001"/>
  <testcase name="testShowBackbone" classname="jalview.ext.pymol.PymolCommandsTest" time="0.0"/>
  <testcase name="testSuperposeStructures" classname="jalview.ext.pymol.PymolCommandsTest" time="0.001"/>
  <system-out><![CDATA[]]></system-out>
  <system-err><![CDATA[]]></system-err>
</testsuite>
