<?xml version="1.0" encoding="UTF-8"?>
<testsuite name="jalview.util.matcher.MatcherTest" tests="10" skipped="0" failures="0" errors="0" timestamp="2023-07-02T08:13:43" hostname="wer3eng" time="0.004">
  <properties/>
  <testcase name="testConstructor" classname="jalview.util.matcher.MatcherTest" time="0.001"/>
  <testcase name="testEquals" classname="jalview.util.matcher.MatcherTest" time="0.001"/>
  <testcase name="testHashCode" classname="jalview.util.matcher.MatcherTest" time="0.0"/>
  <testcase name="testMatches_float" classname="jalview.util.matcher.MatcherTest" time="0.0"/>
  <testcase name="testMatches_floatValueIntegerCondition" classname="jalview.util.matcher.MatcherTest" time="0.0"/>
  <testcase name="testMatches_floatWithStringCondition" classname="jalview.util.matcher.MatcherTest" time="0.0"/>
  <testcase name="testMatches_long" classname="jalview.util.matcher.MatcherTest" time="0.001"/>
  <testcase name="testMatches_pattern" classname="jalview.util.matcher.MatcherTest" time="0.0"/>
  <testcase name="testNumericMatch_nullOrInvalidValue" classname="jalview.util.matcher.MatcherTest" time="0.001"/>
  <testcase name="testToString" classname="jalview.util.matcher.MatcherTest" time="0.0"/>
  <system-out><![CDATA[]]></system-out>
  <system-err><![CDATA[]]></system-err>
</testsuite>
