<?xml version="1.0" encoding="UTF-8"?>
<testsuite name="jalview.datamodel.features.FeatureAttributesTest" tests="4" skipped="0" failures="0" errors="0" timestamp="2023-07-02T08:12:18" hostname="wer3eng" time="0.002">
  <properties/>
  <testcase name="testAttributeNameComparator" classname="jalview.datamodel.features.FeatureAttributesTest" time="0.0"/>
  <testcase name="testDatatype" classname="jalview.datamodel.features.FeatureAttributesTest" time="0.0"/>
  <testcase name="testGetDescription" classname="jalview.datamodel.features.FeatureAttributesTest" time="0.0"/>
  <testcase name="testGetMinMax" classname="jalview.datamodel.features.FeatureAttributesTest" time="0.001"/>
  <system-out><![CDATA[]]></system-out>
  <system-err><![CDATA[]]></system-err>
</testsuite>
