<?xml version="1.0" encoding="UTF-8"?>
<testsuite name="jalview.schemes.AnnotationColourGradientTest" tests="7" skipped="0" failures="0" errors="0" timestamp="2023-07-02T08:11:56" hostname="wer3eng" time="0.004">
  <properties/>
  <testcase name="testFindColour_aboveThreshold" classname="jalview.schemes.AnnotationColourGradientTest" time="0.001"/>
  <testcase name="testFindColour_belowThreshold" classname="jalview.schemes.AnnotationColourGradientTest" time="0.0"/>
  <testcase name="testFindColour_noThreshold" classname="jalview.schemes.AnnotationColourGradientTest" time="0.0"/>
  <testcase name="testFindColour_originalColours" classname="jalview.schemes.AnnotationColourGradientTest" time="0.0"/>
  <testcase name="testShadeCalculation_aboveThreshold" classname="jalview.schemes.AnnotationColourGradientTest" time="0.001"/>
  <testcase name="testShadeCalculation_belowThreshold" classname="jalview.schemes.AnnotationColourGradientTest" time="0.0"/>
  <testcase name="testShadeCalculation_noThreshold" classname="jalview.schemes.AnnotationColourGradientTest" time="0.001"/>
  <system-out><![CDATA[]]></system-out>
  <system-err><![CDATA[]]></system-err>
</testsuite>
