<?xml version="1.0" encoding="UTF-8"?>
<testsuite name="jalview.datamodel.MappingTest" tests="3" skipped="0" failures="0" errors="0" timestamp="2023-07-02T08:11:54" hostname="wer3eng" time="0.001">
  <properties/>
  <testcase name="testCopyConstructor" classname="jalview.datamodel.MappingTest" time="0.0"/>
  <testcase name="testIntersectVisContigs" classname="jalview.datamodel.MappingTest" time="0.001"/>
  <testcase name="testToString" classname="jalview.datamodel.MappingTest" time="0.0"/>
  <system-out><![CDATA[[[1, 6], [8, 13], [15, 23]]
[[1, 6], [11, 13], [15, 20]]
]]></system-out>
  <system-err><![CDATA[]]></system-err>
</testsuite>
