<?xml version="1.0" encoding="UTF-8"?>
<testsuite name="jalview.io.gff.GffHelperFactoryTest" tests="1" skipped="0" failures="0" errors="0" timestamp="2023-07-02T08:12:10" hostname="wer3eng" time="0.001">
  <properties/>
  <testcase name="testGetHelper" classname="jalview.io.gff.GffHelperFactoryTest" time="0.001"/>
  <system-out><![CDATA[]]></system-out>
  <system-err><![CDATA[Sorry, I don't handle exonerate model affine:local
ERROR - SO term similarity invalid
Sorry, I don't handle exonerate model affine:local
ERROR - SO term here invalid
]]></system-err>
</testsuite>
