<?xml version="1.0" encoding="UTF-8"?>
<testsuite name="jalview.ext.rbvi.chimera.ChimeraCommandsTest" tests="25" skipped="0" failures="0" errors="0" timestamp="2023-07-02T08:11:41" hostname="wer3eng" time="0.012">
  <properties/>
  <testcase name="testCloseViewer" classname="jalview.ext.rbvi.chimera.ChimeraCommandsTest" time="0.0"/>
  <testcase name="testColourByChain" classname="jalview.ext.rbvi.chimera.ChimeraCommandsTest" time="0.0"/>
  <testcase name="testColourByCharge" classname="jalview.ext.rbvi.chimera.ChimeraCommandsTest" time="0.001"/>
  <testcase name="testColourBySequence" classname="jalview.ext.rbvi.chimera.ChimeraCommandsTest" time="0.0"/>
  <testcase name="testFocusView" classname="jalview.ext.rbvi.chimera.ChimeraCommandsTest" time="0.0"/>
  <testcase name="testGetAtomSpec" classname="jalview.ext.rbvi.chimera.ChimeraCommandsTest" time="0.001"/>
  <testcase name="testGetAtomSpec_alphaOnly" classname="jalview.ext.rbvi.chimera.ChimeraCommandsTest" time="0.0"/>
  <testcase name="testGetColourCommand" classname="jalview.ext.rbvi.chimera.ChimeraCommandsTest" time="0.0"/>
  <testcase name="testGetModelStartNo" classname="jalview.ext.rbvi.chimera.ChimeraCommandsTest" time="0.0"/>
  <testcase name="testGetResidueAttributes" classname="jalview.ext.rbvi.chimera.ChimeraCommandsTest" time="0.001"/>
  <testcase name="testGetResidueSpec" classname="jalview.ext.rbvi.chimera.ChimeraCommandsTest" time="0.0"/>
  <testcase name="testGetSelectedResidues" classname="jalview.ext.rbvi.chimera.ChimeraCommandsTest" time="0.001"/>
  <testcase name="testListResidueAttributes" classname="jalview.ext.rbvi.chimera.ChimeraCommandsTest" time="0.0"/>
  <testcase name="testLoadFile" classname="jalview.ext.rbvi.chimera.ChimeraCommandsTest" time="0.0"/>
  <testcase name="testMakeAttributeName" classname="jalview.ext.rbvi.chimera.ChimeraCommandsTest" time="0.0"/>
  <testcase name="testOpenCommandFile" classname="jalview.ext.rbvi.chimera.ChimeraCommandsTest" time="0.001"/>
  <testcase name="testOpenSession" classname="jalview.ext.rbvi.chimera.ChimeraCommandsTest" time="0.0"/>
  <testcase name="testSaveSession" classname="jalview.ext.rbvi.chimera.ChimeraCommandsTest" time="0.001"/>
  <testcase name="testSetAttribute" classname="jalview.ext.rbvi.chimera.ChimeraCommandsTest" time="0.0"/>
  <testcase name="testSetAttributes" classname="jalview.ext.rbvi.chimera.ChimeraCommandsTest" time="0.001"/>
  <testcase name="testSetBackgroundColour" classname="jalview.ext.rbvi.chimera.ChimeraCommandsTest" time="0.0"/>
  <testcase name="testShowBackbone" classname="jalview.ext.rbvi.chimera.ChimeraCommandsTest" time="0.001"/>
  <testcase name="testStartNotifications" classname="jalview.ext.rbvi.chimera.ChimeraCommandsTest" time="0.0"/>
  <testcase name="testStopNotifications" classname="jalview.ext.rbvi.chimera.ChimeraCommandsTest" time="0.0"/>
  <testcase name="testSuperposeStructures" classname="jalview.ext.rbvi.chimera.ChimeraCommandsTest" time="0.0"/>
  <system-out><![CDATA[]]></system-out>
  <system-err><![CDATA[]]></system-err>
</testsuite>
