<?xml version="1.0" encoding="UTF-8"?>
<testsuite name="jalview.io.FeaturesFileTest" tests="14" skipped="0" failures="0" errors="0" timestamp="2023-07-02T08:12:18" hostname="wer3eng" time="0.181">
  <properties/>
  <testcase name="readGff3File" classname="jalview.io.FeaturesFileTest" time="0.002"/>
  <testcase name="simpleGff3FileClass" classname="jalview.io.FeaturesFileTest" time="0.001"/>
  <testcase name="simpleGff3FileLoader" classname="jalview.io.FeaturesFileTest" time="0.017"/>
  <testcase name="simpleGff3RelaxedIdMatching" classname="jalview.io.FeaturesFileTest" time="0.001"/>
  <testcase name="testOutputFeatureFilters" classname="jalview.io.FeaturesFileTest" time="0.001"/>
  <testcase name="testParse" classname="jalview.io.FeaturesFileTest" time="0.038"/>
  <testcase name="testParseFilters" classname="jalview.io.FeaturesFileTest" time="0.001"/>
  <testcase name="testParse_jalviewFeaturesOnly" classname="jalview.io.FeaturesFileTest" time="0.016"/>
  <testcase name="testParse_mixedJalviewGff" classname="jalview.io.FeaturesFileTest" time="0.018"/>
  <testcase name="testParse_pureGff3" classname="jalview.io.FeaturesFileTest" time="0.016"/>
  <testcase name="testPrintGffFormat" classname="jalview.io.FeaturesFileTest" time="0.018"/>
  <testcase name="testPrintGffFormat_withFilters" classname="jalview.io.FeaturesFileTest" time="0.015"/>
  <testcase name="testPrintJalviewFormat" classname="jalview.io.FeaturesFileTest" time="0.018"/>
  <testcase name="testPrintJalviewFormat_withFilters" classname="jalview.io.FeaturesFileTest" time="0.016"/>
  <system-out><![CDATA[File format identified as Features
Reading file: examples/uniref50.fa
File format identified as Fasta
Reading file: examples/uniref50.fa
File format identified as Fasta
Reading file: examples/uniref50.fa
File format identified as Fasta
Reading file: examples/uniref50.fa
File format identified as Fasta
Reading file: examples/uniref50.fa
File format identified as Fasta
Reading file: examples/uniref50.fa
File format identified as Fasta
Reading file: examples/uniref50.fa
File format identified as Fasta
Reading file: examples/uniref50.fa
File format identified as Fasta
]]></system-out>
  <system-err><![CDATA[Ignoring unknown pragma: ##source-version exonerate:protein2genome:local 2.2.0
Ignoring unknown pragma: ##date 2015-01-16
Ignoring unknown pragma: ##type DNA
ERROR - SO term cds invalid
Ignoring unknown pragma: ##source-version exonerate:protein2genome:local 2.2.0
Ignoring unknown pragma: ##date 2015-01-16
Ignoring unknown pragma: ##type DNA
Ignoring unknown pragma: ##source-version exonerate:protein2genome:local 2.2.0
Ignoring unknown pragma: ##date 2015-01-16
Ignoring unknown pragma: ##type DNA
Ignoring unknown pragma: ##source-version exonerate:protein2genome:local 2.2.0
Ignoring unknown pragma: ##date 2015-01-16
Ignoring unknown pragma: ##type DNA
ERROR - SO term METAL invalid
]]></system-err>
</testsuite>
