<?xml version="1.0" encoding="UTF-8"?>
<testsuite name="jalview.viewmodel.ViewportRangesTest" tests="28" skipped="0" failures="0" errors="0" timestamp="2023-07-02T08:13:44" hostname="wer3eng" time="0.01">
  <properties/>
  <testcase name="testEventFiring" classname="jalview.viewmodel.ViewportRangesTest" time="0.001"/>
  <testcase name="testGetAbsoluteAlignmentHeight" classname="jalview.viewmodel.ViewportRangesTest" time="0.0"/>
  <testcase name="testGetAbsoluteAlignmentWidth" classname="jalview.viewmodel.ViewportRangesTest" time="0.0"/>
  <testcase name="testGetWrappedMaxScroll" classname="jalview.viewmodel.ViewportRangesTest" time="0.001"/>
  <testcase name="testGetWrappedScrollPosition" classname="jalview.viewmodel.ViewportRangesTest" time="0.001"/>
  <testcase name="testPageUpDown" classname="jalview.viewmodel.ViewportRangesTest" time="0.0"/>
  <testcase name="testPageUpDownWrapped" classname="jalview.viewmodel.ViewportRangesTest" time="0.001"/>
  <testcase name="testScrollRight" classname="jalview.viewmodel.ViewportRangesTest" time="0.0"/>
  <testcase name="testScrollRightWithHidden" classname="jalview.viewmodel.ViewportRangesTest" time="0.0"/>
  <testcase name="testScrollToVisible" classname="jalview.viewmodel.ViewportRangesTest" time="0.001"/>
  <testcase name="testScrollToWrappedVisible" classname="jalview.viewmodel.ViewportRangesTest" time="0.0"/>
  <testcase name="testScrollUp" classname="jalview.viewmodel.ViewportRangesTest" time="0.0"/>
  <testcase name="testScrollUpWithHidden" classname="jalview.viewmodel.ViewportRangesTest" time="0.0"/>
  <testcase name="testScrollUp_wrapped" classname="jalview.viewmodel.ViewportRangesTest" time="0.001"/>
  <testcase name="testSetEndSeq" classname="jalview.viewmodel.ViewportRangesTest" time="0.0"/>
  <testcase name="testSetStartEndRes" classname="jalview.viewmodel.ViewportRangesTest" time="0.0"/>
  <testcase name="testSetStartEndResWrapped" classname="jalview.viewmodel.ViewportRangesTest" time="0.0"/>
  <testcase name="testSetStartEndSeq" classname="jalview.viewmodel.ViewportRangesTest" time="0.0"/>
  <testcase name="testSetStartRes" classname="jalview.viewmodel.ViewportRangesTest" time="0.0"/>
  <testcase name="testSetStartResAndSeq" classname="jalview.viewmodel.ViewportRangesTest" time="0.0"/>
  <testcase name="testSetStartSeq" classname="jalview.viewmodel.ViewportRangesTest" time="0.0"/>
  <testcase name="testSetViewportHeight" classname="jalview.viewmodel.ViewportRangesTest" time="0.0"/>
  <testcase name="testSetViewportLocation" classname="jalview.viewmodel.ViewportRangesTest" time="0.001"/>
  <testcase name="testSetViewportStartAndHeight" classname="jalview.viewmodel.ViewportRangesTest" time="0.0"/>
  <testcase name="testSetViewportStartAndWidth" classname="jalview.viewmodel.ViewportRangesTest" time="0.0"/>
  <testcase name="testSetViewportStartAndWidthWrapped" classname="jalview.viewmodel.ViewportRangesTest" time="0.0"/>
  <testcase name="testSetViewportWidth" classname="jalview.viewmodel.ViewportRangesTest" time="0.0"/>
  <testcase name="testViewportRanges" classname="jalview.viewmodel.ViewportRangesTest" time="0.0"/>
  <system-out><![CDATA[>SEQ1/1-140
FMNINNQGMYPALTLNDVWTPQVQYMCHNENRWITGDVDTRWPLRSNYDQNNVCIFEGYNYNNGKVIHVFKH
FDIGEWKNGFMCPDFYRSKRAQRKAQEIFCDRPCMPKSSPSIDYTFHSERELSDGNFTIINMVPSWPM
>SEQ2/1-140
FMNINLQGMYPALTLNDVWTPQEQYMCHNENRWITGDVDTRWLLRSFYDQNNVCIFEGYNYNNGKKIHVFKH
FDIGEWKNGFMCPLFYRSKRAQRKAQEIFCDRPCMPKSSPSWDYTFHSEDELSDGNFTIINEVPSWPM
>SEQ3/1-140
FMNINNQGMYPALTLNDVWTPQVQYGCHNENRWIVGDVDTRWPLRSNYDQNNVCIFEGYNYNNKKVIHVFKH
FDIGEWKNGFMCPDFYRSKRAQRKAQEIFCDRPCMPKSSPSIDYTFHSERELHDGNFTIINMVPSWPM
>SEQ4/1-140
FMNINNQGMYPALTLNDVWTPQVQYMCHNENRWITGDVDTVWPLRSNYDQQNVCIFEGYNYNNGKVIHVFKH
FDIGEWKNGFMCPDFYRSKRAQRKFQETFCDRPCMPKSSPSIDYTFHSERELSDGNFTIINMVPSWPM
>SEQ5/1-140
FMNINNQGMYPALTLNDVWTPQVQYACHNENRWITGDVDTRWPLRSNYDQNNVCIFEGYNYNNCKGIHVFKH
FDIGEWKNGFMCTDFYRSKRAQRKAQEEFCDRPCMPKDSPSIDYTFHSERELSDRNFTIINMVHSWPM
>SEQ6/1-140
FMNINNQGMYPALTLNDVWTPQVQYMCHNENRWITGDVDTRWPLRSNYDQNNVCIFEGYNYNNGKVIHVFHR
FDIGEWKNGFMCPDFYRSKRAQRKAQEIFCDRPCMPKSSPSIDYTFHSERELSDGNFTIINMVPSWPM
>SEQ7/1-140
FMNINDQGMDPALTLNDVWTPQVQYMCHNENRWITGDVDTREPLRSNYDQNNVCIFEGYNYNNGKVIHVFKH
FDAGEWKNGFMCPDFYRSKRAQRKAQEIFCDRPCMPKSSPQIDYTFHWERELSDGNFTIICMVPSWPM
>SEQ8/1-140
FMNQNNQGMYPALTLNDVWTPQVQYMCHNENRWITGDVDTRWPLRSSYDRNNVCIFEKYNYNNGKVIHVFKH
FDIGEWKNGFMCPDFYRSKRAQRKAQEIFCDRPCMPKSSPSIDYTFHSERELSDGNFTIINMVSSWPM
>SEQ9/1-140
FMNINNQGMYPALTLNDVWTPYVQYMCHNEIRWIHGHVDTRWPLPSNYDQNNHCIFEGYNYNNGKVIHVFKH
FDIGEWKNGFMCPDFYRSKRAQRKAQEIFCFRPCMPKSSPSWDYTFHSERELSDGNFTIINMVPSWPM
>SEQ10/1-140
FMNINNQGMYPALTLNDVWTPQVQYMCHNENRWITGDVDTRWPLRSNYDQNNVCIFEGYNYNNGKVVHVFKH
FDIGEWKNGFMCIDFYRSKRAQRKAQEIFCDRPCMPKQSPQIDYTFHSNRELSDGNFGIMNMVPSWPM
>SEQ11/1-140
FMNINNQGMYPALTLNDVWTPQVQYMCHNENPWITGDVDTRWPLRSNYDQNNVLIFEGYNYNKGKVIHVFKH
FDIGEWKNGFMCPDFYRSKRAQRKAQEEFCDRPCMPKDSPSIDYTYHSERELSDGNFTIINMTPSWPM
>SEQ12/1-140
FMFINNQGMYPALTLNDVWTPQVQYMCHNENRWICGMVDTRPPLRSNYDQNNVCIFEGYNYNNGKVSHVFKH
FDIGEWKNGFMCPDFYRSKRAQRKAQEIFCLRPCMPKSSPSIDYAFHPERELSDGNFTIINMVPSWPM
>SEQ13/1-140
FMNIVNWGMYPALTLNDVWTPQCQYMCHNEDRWITGDVDTRWPLRSNYDQNWVCIFEGYNYNNGKVIHVFKH
FDIGEWKNGFMCPDNYRSKRAQRKSQEIFCDRPCMIKSSPSIDYTFHSERELSDGNFTIINMVPSWPM
>SEQ14/1-140
FMNINNQGMYPALTKNDVWTPQVQYMCHNENRWITGDVDTRWPLRSNYRQNNVCIFEGYNYNNGKVIHVFKH
FDIGEWKNGFMCPDFYRSKRAQRKAQEIFCDRPCMPKSSPSIDYTFHSERELSDGNFTIINMVPSWPM
>SEQ15/1-140
FMNINNQGMYPALTHNVVWTPQVQYMCHNENRWITGDVDTRWPLRSNYDQNNVCIFYGYNYNNGKVIHVFKH
FDIGEWKNGFMCPPFYRSKRAQRKAQEIFCDRQCMPKSQPRIDYTFHSERELSDGNFTIINMVPSWPN

>SEQ1/1-157
FMNINNQGMYPALTLN-EVWNNSRDDARATCDNAAHNWMVPKCKDWPEF-QNNVC-FPRLGG-NNGKVIHVF
KHFDIGE-HLPRLVENIMNPRAGIWNSANYCVDHEICGPN-SPSIDYTFHSERELSDGNFTIINMV-KNE-M
DTLEIRNCIKIAEAMQYNSPM
>SEQ2/1-157
FMNINNQGMYPAL-LN-EKWNNSRDDARATCDNAAHNWLVPKCKDWPEF-QNNVC-FPRLGGLNNGKVIWVF
KHFDIDE-HLPRLVENIMEPRAGIWNSANYCVDHEICGPN-SPSIDYTFHSGRELSDGNFVIINMV-KNEFM
DTLEIRNCIK-AEAMQYNSPK
>SEQ3/1-157
FMNINNQGMYPALTLN-EVWNNSRDDARATCDNAAHNWMVPKCKDWPEF-QNNVH-FPRLGG-NNGKVIHVF
KHFDIGE-HLPRLVENIMNPRAGIWNSANYCVDHEICGPN-SVSIDYTFHSENELSDGNFTIINMV-KNE-M
DTLEIRNCIKIAEAMQYNSPM
>SEQ4/1-157
MMTINNQGMYPALTLN-EVWNNSRDDARATCDNAAHNWMVPKCKDWPEF-QNNVC-FPRLGG-NNGKVIHVF
AHFDIGE-HLPRLVENIMNPRAGIWNSANYCVDHEICGPC-SGSIDYTFHSERELSDGNFTTINMV-KNE-M
DTLEIRECIKIAEAMQDNSPM
>SEQ5/1-157
FMNIRNQGMYPALHLN-EVWNNSRDDARATCDNAAHNWMVPKCKDWPEF-QNNVC-FPRLGG-NNGKVIHVF
KHFDIGE-HLPRLVENIMNPRHRIWNSANYCVDHEICGPN-SPSIDYTFHSERELSDGNFTIINMV-KNE-M
DTLEIRNCIKIAEAMQYNSPM
>SEQ6/1-157
FDNINNQGMYPALTLN-EVWNNSRDDARATCDNAEHNWMVPKCKDWPEF-QNNVC-FPRLGG-NNGKVIHAF
KHFDIGE-HLPRLVEN-MNPRAGIWNSANYCVDHEICGQN-SPSIDWTFHSERELSDGNCTIINMVDKNE-M
QTLEIRNCIKIAEAMQYNSPM
>SEQ7/1-157
FMNINNQGMYPALTSN-ERWNNSRDDKRATCDNAAHNWMVPKCKDWPEF-QNNVC-FPRLGG-NNGKVIHVF
KHFDIGE-HLPRLVENIMNPRAGIWNSANYCVDHEISGPN-SPSIDYTFHSERELSDGNFTIIYMV-KNE-M
DTIEIRHCDKIAEAMQYPSPM
>SEQ8/1-157
FMNINNQGMYPALTLN-EVWNNSRDDARATCDNAAHNWMVPKCKDWFEF-QNNVC-FPRIGG-NNGKVIHVF
KHFDIGEHHLPRLVENIMNP-AGIWNSANYCVDHEICGPN-SPSIDYTFHSERELSDGNFTIINMV-KNE-M
DTLEIRNCIKIAEAMVYNSPM
>SEQ9/1-157
FMNIINQGMYPALTLN-EVWNNSRDDARATQDNQAHNWMVPNCKDWPEF-QGNIC-FPRLGG-NNGKVIHVF
KHFDIGE-HLPRLVENIMNPRAGIWPSANYCVDHEICGPN-SPSIDYTLHSERELSDKNFTIINMV-KNE-M
DTLEIRNCIKIAEAMQYNSPM
>SEQ10/1-157
FMNIDNQGMYPAYTLN-EVWNNSRDDARA-CTNAAHNWMFPKCKDWPEF-QNNVC-FPRLGGENNGKVIHVF
KHCDMGE-HLNRLVENIMNPRAGIWNSANYCVDSEICGPN-SPSIDYTFHSERELSDGNFTIINMV-KNE-M
LTLEIRNCIKIAEAAQYPSPM
>SEQ11/1-157
FMNINNQGMYPALVLW-EVWNNSRDDARATCDCAAHNWMVDKCKDWPEF-QNNVC-FPRLGG-NWGKVIHVF
KHFDIGE-HLPRLVENIMNPRAGIWNSASYCVDHEICSPN-SPSIDYTFISERELSDGNFTIINMV-KNE-M
DTLEIRNCIKIAEAMQYNSPM
>SEQ12/1-157
FMNINNQGMYPALTLN-EVWNNSRDDARATCRNAAHNWMVPKCKDWPEF-QNNVC-FPRLGG-NNGKVIHVF
KHFDIGE-HLPRLVENIMNPRAGIWNSANY-VDHEICGPNKSPSIDYTFHSERELSDGNFTIINMV-KNE-M
DHLVIRNCIKIAEAMQYNSPM
>SEQ13/1-157
FMNINNQGMYPALTYN-EVWNNSRDDARATCDNAAHNWMVPKCKPWPEF-QNNVC-FPRLGG-NNGQVIHVF
QHRDIGE-HLPRLVENIMNPRAGIWNSANYNVDHEICGPN-SPSIDYTFHSERELSDGNFTIINMV-KNE-M
DTLEIRNCIKIAEAMQYNSNM
>SEQ14/1-157
FMNINNQGMYPELTLN-EVWNNSRDDAVATCDNAAHNWMVPKCKDWPEF-QNNVC-FPRLGG-NNGKVIHVF
KHFDIGE-HLPRLVENIMNPRAGIWNSANYCVDHEICGPN-SPSIDYTFHSERELSDGNFTIINMV-KNE-M
DTLEIRNCIKIAEAMQYNSPM
>SEQ15/1-157
FYNINNRGMYPALTLN-EVWNNSRDDARATCDNAAHNWMVPQCKYWPYF-QNNVM-FPRLGG-NNVKVIHVF
KHFDIGE-HLPRLVENIMNPRAGIWNSANYCVDHEICGMN-SPSIDYTFASERELSDGNFTIINMV-KNE-M
DTLEIRNCIKIAEAMQYNSPM

>SEQ1/1-110
FMNINNQGMYPALTLN-EVWNNSRDDARATCDNAAHNWMVPKCKDWPEF-QNNVC-FPRLGG-NNGKVIHVF
KHFDIGE-HLPRLVENIMNPRAGIWNSANYCVDHEICGPN-SPS
>SEQ2/1-110
FMNINNQGMYPALTLN-EVWNNSRDDERATCDNAAHNWPVPKCKYWPEF-QNLVC-FPRLGG-NNGKVIHVV
KHFDIGE-HLPRLVENIMNPRLGIWFSANYCVDHEICGPN-SPS
>SEQ3/1-110
FMNINNQGMYPALTFN-EVWNNSRDDARATCDNAAHNWMVPKWKDWPEFKQDNVC-FPR-GG-NNGEVIHVF
KHFDIGE-HLPRLVENIMNPRAGIWNSGNYCVDHEIVGPN-SPS
>SEQ4/1-110
FMNINNQGMYPALTLN-KVWNNSRDDARATCDNAAHNWMVPKCKDWPEF-QNNVC-FPRLGG-NNGKVIHVF
KHFDIGE-HLHRLVENIMNPRAGIWNSANYCVDHEICGPN-SPS
>SEQ5/1-110
FMNINNQGMYPALTLN-EGWNNSRDDANATCDNAAHNWMVPKCKDWPEF-QNNVC-FPRLGG-NNGKVIHVF
KHFDIFE-HTPRLVENIMNPRAGIWNSANYCVDHEICGPN-SPS
>SEQ6/1-110
FMNINNQGMYPALTLN-EVWNNSRDDAAATCDNAAHNWMVPKCKDWPEF-QNNVC-FPRLGG-NNGKVCHGF
KHFDIGE-HLPRLVENIMTPRAGIWNSANYCVDEEICGPN-SPS
>SEQ7/1-110
FMNINNQGMYRALTLNDEV-NHSRDDARATCDNAAHNWMVPKCKDWPEF-QNNVC-FPRLGG-NNGKVIHVF
KHFDIGE-HLPRLVENIMNPRAGIWNSAHRCVDHEICGPN-SPS
>SEQ8/1-110
FMNINNQGMYPALTLN-EVWNNSRDDARATCDNAAHNWMVPKCKDWPEF-QNNVC-FDRLGD-NNGKVIHVF
KHFDIGE-HLPRLVENIMNPRAGEWNSANYCVDHEICGPN-SPS
>SEQ9/1-110
FMNINNQAMYPALTLN-EVWNNSRDDARATCDNAAHNWMVPKCKDWQEF-QNNVW-FPRLGG-NNGKVICVF
KHFDIGE-HQPRLVENIMNPRAGIWNSANYCVDHEICGPN-SPS
>SEQ10/1-110
FMNSNNRGMYPALTKN-EVWNNSRDDARATCDNAAHNWMVPKCKDWPEF-QNNVC-FPRLGG-NNGKVIHVF
KHFDIGE-HLPRLVENIMNPRAGIWSSANYCVDHEICGPN-SPS
>SEQ11/1-110
FMYINNQGMYPILTLH-EDWNNSRDDAPATCDNAARNWMVPKCKDWPEF-QNNVC-FPRLGG-NNGKVIHVF
KHFDIGE-HLPRLVENFMNPRAGIWNSINYCVDHEICGPN-SPS
>SEQ12/1-110
FMNINNQGMYPALTLN-EVWNNSRDDARATCDNAAHNWMVPKCKDWPEF-QNNVC-FPRLGG-NNGKVIHVF
KHFDVGE-HLPRLVENIMNPRAGNWNSANYCVDHEICGPN-SPS
>SEQ13/1-110
QMNINNQGNYPALTLN-EGWINSRDDARATCDNAAHNWMVPKCKDWPEF-QNNVC-FP-LGG-NNPKVIHVF
KHFDIGEQHLPRLVENLMNPRAGIWKSANYCVDHEICGPN-SPS
>SEQ14/1-110
FMNINNQGMYPALELN-EVWNNSRMDARATCYNAAHNWMVPKCKDWPET-QNNVC-FPFLGG-NNGKVIHVF
KHFDIGE-HLPRLVENIMNPCAMIWNSPNYCVDHEICGPN-SPS
>SEQ15/1-110
FMNSNNQGMYPALTLN-EVWNNSRDDARATCDNAAHNWMVLKCKDWPEF-QNNVC-APRPGG-NNGKVIHVF
KHFDIGE-HLPRLVVNWMNPRAGIWNSANYCVCHEICGPN-DPS

>SEQ1/1-60
FMNINNQGMYPALTLN-EVWNNSRDDARATCDNAAHNWMVPKCKDWPEF-QNNVC-FPRLGG-N
>SEQ2/1-60
FMNINNQGMYPALTLN-EVWNNSRDDAWATCDNAAHNWMVPKCKDWPEF-QNNVC-FPRLGG-R
>SEQ3/1-60
FMNINNQGMYDALTLN-EVWNNSRDYARATCDNAAHNWMVPKCKDWPEF-QNNVC-FPRLGG-N
>SEQ4/1-60
FMNINNQGPYPALTYN-EVWNNLRDDARATCDNAAHNWMEPKCKDWPEF-QNNVC-FPRLGL-N
>SEQ5/1-60
FMNINNQGMYPALTLN-KVWNNSRDDARATCDNAAHNLMVP-CKDWPEF-QNNVCFFPRLGG-N
>SEQ6/1-60
FWNINNQGMDPALTLN-EVWNNERDDARATCDNAAHNWMVPKCKDWPEF-QNNVC-GPRLGG-N
>SEQ7/1-60
FMNINNQGMYPALTLN-EVWNNSRDDAKATCDNAAHNWMVPKCKD-PEF-QNNVCVFPRLGG-N
>SEQ8/1-60
FMNINNQGMYPALTLN-EVWNNSRDHARATCDNAAHNWMVPKCKDWPEF-QNNVC-FPRLGG-N
>SEQ9/1-60
FMNINNQGMYPALTLN-VVWNNSRDDANATCDNAAHNWMVPKCKDWPEF-QNNVC-FPRLGG-N
>SEQ10/1-60
FMNINNQGMFPATTLN-EVWNNSRDDARATCDNAAHNWMVPKCKDWPEF-QNNVC-FPRLGG-N
>SEQ11/1-60
FMNINNQGMYPALTAN-EVWNNSRDDARATCDNAAHNWMVPKCKDWPEF-QNNVL-GPRLGG-N
>SEQ12/1-60
FMNINNQGTYPALTLN-EVWNNSREDARATCDNADHNWMVPKCKDWPEF-QNRVC-FPRLGG-H
>SEQ13/1-60
FMNINNQGMYPALTLN-EVWNNSRDDARATCDNAAHNWMVPKCKDWPEF-QNNVC-FPRLGG-N
>SEQ14/1-60
FMNINNHRMYPALTLN-EVWNNSRDDARATCDNAAHNWMVPKCKDWPEF-QNNVC-FPRLGG-N
>SEQ15/1-60
FMNINNQGMYPALTLN-EDWNNDRDDARATCDNAAHNWMVPKCKDWPEF-QNNVC-EPRLGG-N
>SEQ16/1-60
FMNINNQGMYPALTLN-EVWNNSADDARATCDNAAHNWMVPKCKDWPEF-QNNVC-FPRLGG-N
>SEQ17/1-60
FMWINNQGMYPALTLCQEVWNN-RDDARQTCDNAAHNWMVPKCKDWPEF-QNNVC-FPRLGG-N
>SEQ18/1-60
FMNINNSGMRPALTLN-EKWNNSRDDARATCDNAAHNWMVPKCKDWPEF-QNNVC-FPRLGG-N
>SEQ19/1-60
FMNINNQGMYPALTLN-EVWNNSRDDARATCDSAAHNWMVPKCKDWPEF-QNNVC-FPRLYG-N
>SEQ20/1-60
FMIINNHGDYPALTLN-EPWNNSRDDHRATCDNAAHNWMVPKCKDWPEF-QNNVC-FPRLGG-N
>SEQ21/1-60
FMNINNQGMYPFLTLN-EVWNNSIDDARATCDNAAHNWMVPKCKDWPEF-QNNVC-FPRLGG-N
>SEQ22/1-60
FMNINNQGMYPALTLN-EVWNNSRDDARATCDNAAHNWMVPKCKDWPEF-QNNVV-FPRLGG-N
>SEQ23/1-60
FMNINNIGMYPALTLN-EVWNNSRDDARATCDQAAQNWMVPKCNDWPEF-QNNGC-IPRLGG-N
>SEQ24/1-60
FMNINNQGMYPALTLN-EVWNNSRDDARATCPNAAHNWMVPKCKDWPEF-QNNVL-FPRLGG-N
>SEQ25/1-60
FMNINNQGMYPAL-LN-EVWNNSRDDARATCDNAAENWMVPKCKDDPEFKQNNVY-FPRLGG-N
>SEQ26/1-60
FMNINTQGMYPALFLN-EVWNNSRDDARATCDNAAHNWMVPKCKDWCEM-QNNVP-FPRLGG-N
>SEQ27/1-60
FMNINNQGMYPALSLN-EVWNNSRDDARATCDNAAHNWMVPKCKDWPEF-QLNVC-FPRLGG-N
>SEQ28/1-60
FPNINNQGMYPALTLN-EVWNNSRDDAVAWCDNAAHNWMVPKCKDCP-F-QNNVC-DPRLGGAN
>SEQ29/1-60
FMNINNQGMYWALTLN-EVWNNSRDDARATCDNAAHNWMVPKCKDWNEF-QNNVC-FPSLGG-N
>SEQ30/1-60
FMIINNQGMYPALTLN-EVWNNSRDDARATCDNAAHNWMVPKCKDWPEF-QKNVC-FPRLGG-N

>SEQ1/1-45
FMNINNQGMYPALTLNDVWTPQVQYMCHNENRWITGDVDTRWPLR
>SEQ2/1-45
FMNINNDGMYPALTLNDIWTPQVQYMCHNLNRWITGDVDTRWPLR
>SEQ3/1-45
FMNINNQGMYPALTLNWVWTPQVQYMCHNENRWITGDVDTRWPLR
>SEQ4/1-45
FMNIRNQGMYPALTLNDVWDPQVQYMCHNENRWYTGDVDTRWPLR
>SEQ5/1-45
FMNINNQGMYPALTLNDVWTPQVQYECHNENRWITGDPDTRWPYR
>SEQ6/1-45
FMNINLQGMYPALTLNDVWTPQEQYMCHNENRWITGDVDTRWLLR
>SEQ7/1-45
FFNINNQGMYPALTLNDVWTKQVQYMCHNENRWITGDVDTLWPLR
>SEQ8/1-45
FMNINNQGMYPALTLNDVWTPQVWYMCHNENDWITGDVDTRWPER
>SEQ9/1-45
FMNINNQGMYPALTLNDVWTPQVQYMCHNEGRWITGDVDVRWPLR
>SEQ10/1-45
FMNINNQGMYPALTLNDVWTPQVKYMCHNENRWITGDVDTRWPLR
>SEQ11/1-45
FMNINNQGMYPALTLNDVWTPQVQYMCHNENRWITGDVDHRWPLR
>SEQ12/1-45
FMNINNQGMYPALTLNDVWTPQVQYMCHNENRWITGDVDTRWPLR
>SEQ13/1-45
FMNINVQGMYPALTLQDVWTPQVQYMCHNENRWITGDVDTRWPLR
>SEQ14/1-45
FMNINNQGMYPALTLNFVWMPQVQYMCHNENRWITGDVDTRWPLR
>SEQ15/1-45
FMNINNQGMYPALTLNDVWTPQVQYMCHNENRWITGDVDARWPLR
>SEQ16/1-45
FMNINNQGMYPALTLNDVWTPQVQYMCHNENRCIGGDVDTRWPLR
>SEQ17/1-45
FMNINNQGTYPALTLNDVWTPQVEYMCHNENRWDTGDVDTRWPLR
>SEQ18/1-45
FMNINRQGMYPALTHNDVWTPQVQYMCHNENRWITGDVDTRWPLR
>SEQ19/1-45
FMNINNQGMYPALTLNDVWTPQVQYMCHNENRWITGDVDTRWPLH
>SEQ20/1-45
RMNINNQGMYPALTLNDVWTPQVQYMCHNENRWITGDVDTRWPLR
>SEQ21/1-45
FMNINNQGMYPALTLNDVWTPQVQYMCHNDNRWDTGDVDTRWPLR
>SEQ22/1-45
FMNINNQGMYPALTLNDVWTEQVQYMCHNENRWITGDVDTRWPLR
>SEQ23/1-45
FMNINNQGAYPALTLNDVWTPQVQYMCHNENRWITGDVDTRWPLR
>SEQ24/1-45
FQNINNQGWYPALTLNDVWTPCVQYMCHNENRQITGDVDTRWPLR
>SEQ25/1-45
FMNINNQGMYPALTLNDVWTPQVQYMCHNESRWRTGDVDTRKPLR
>SEQ26/1-45
FMNINNQGMYPALTLNDVWTPQVQYMCHNENRWITGDVDTRWPLR
>SEQ27/1-45
FMNINNQGMYPALTLNDVWTPQVQYMCHNSNRWITGDVDTRWPLR
>SEQ28/1-45
FMNINNQGMYYALTLNDVWIPQVHYDCHNENRWIPGDVDTRWHLR
>SEQ29/1-45
FMNINNQGMYPALTLNDVWTPQVQYMCHNENRWITGDVDTRWPLR
>SEQ30/1-45
FMFINNQGMYPALILNDVWTPQVQYMCHNENRWITGDVDTRWPLR

>SEQ1/1-60
FMNINNQGMYPALTLNDVWTPQVQYMCHNENRWITGDVDTRWPLRSNYDQNNVCIFEGYN
>SEQ2/1-60
FMNINNQGMYPALTLNDVWTPQVQYMCHNENRWITGDVDTRWPLRSNYDQNNVCIFEGYN
>SEQ3/1-60
FMNINNQGMYPALTLNDVWTPQVQYMCHNENRWITGDVDTRWPLRSNYDQNNVCIFEGYN
>SEQ4/1-60
FMNINNQGMYPALTLNDVWTPQVQYMCHNENRWITGDVDTRWPLRSNYDQNNVCIFEGYN
>SEQ5/1-60
FMNINNQGMYPALTLNDVWTPQVQYMCHNENRWITGDVDTRWPLRSNYDQNNVCIFEGYN
>SEQ6/1-60
FMNINNQGMYPALTLNDVWTPQVQYMCHNENRWITGDVDTRWPLRSNYDQNNVCIFEGYN
>SEQ7/1-60
FMNINNQGMYPALTLNDVWTPQVQYMCHNENRWITGDVDTRWPLRSNYDQNNVCIFEGYN
>SEQ8/1-60
FMNINNQGMYPALTLNDVWTPQVQYMCHNENRWITGDVDTRWPLRSNYDQNNVCIFEGYN
>SEQ9/1-60
FMNINNQGMYPALTLNDVWTPQVQYMCHNENRWITGDVDTRWPLRSNYDQNNVCIFEGYN
>SEQ10/1-60
FMNINNQGMYPALTLNDVWTPQVQYMCHNENRWITGDVDTRWPLRSNYDQNNVCIFEGYN
>SEQ11/1-60
FMNINNQGMYPALTLNDVWTPQVQYMCHNENRWITGDVDTRWPLRSNYDQNNVCIFEGYN
>SEQ12/1-60
FMNINNQGMYPALTLNDVWTPQVQYMCHNENRWITGDVDTRWPLRSNYDQNNVCIFEGYN
>SEQ13/1-60
FMNINNQGMYPALTLNDVWTPQVQYMCHNENRWITGDVDTRWPLRSNYDQNNVCIFEGYN
>SEQ14/1-60
FMNINNQGMYPALTLNDVWTPQVQYMCHNENRWITGDVDTRWPLRSNYDQNNVCIFEGYN
>SEQ15/1-60
FMNINNQGMYPALTLNDVWTPQVQYMCHNENRWITGDVDTRWPLRSNYDQNNVCIFEGYN
>SEQ16/1-60
FMNINNQGMYPALTLNDVWTPQVQYMCHNENRWITGDVDTRWPLRSNYDQNNVCIFEGYN
>SEQ17/1-60
FMNINNQGMYPALTLNDVWTPQVQYMCHNENRWITGDVDTRWPLRSNYDQNNVCIFEGYN
>SEQ18/1-60
FMNINNQGMYPALTLNDVWTPQVQYMCHNENRWITGDVDTRWPLRSNYDQNNVCIFEGYN
>SEQ19/1-60
FMNINNQGMYPALTLNDVWTPQVQYMCHNENRWITGDVDTRWPLRSNYDQNNVCIFEGYN
>SEQ20/1-60
FMNINNQGMYPALTLNDVWTPQVQYMCHNENRWITGDVDTRWPLRSNYDQNNVCIFEGYN
>SEQ21/1-60
FMNINNQGMYPALTLNDVWTPQVQYMCHNENRWITGDVDTRWPLRSNYDQNNVCIFEGYN
>SEQ22/1-60
FMNINNQGMYPALTLNDVWTPQVQYMCHNENRWITGDVDTRWPLRSNYDQNNVCIFEGYN
>SEQ23/1-60
FMNINNQGMYPALTLNDVWTPQVQYMCHNENRWITGDVDTRWPLRSNYDQNNVCIFEGYN
>SEQ24/1-60
FMNINNQGMYPALTLNDVWTPQVQYMCHNENRWITGDVDTRWPLRSNYDQNNVCIFEGYN
>SEQ25/1-60
FMNINNQGMYPALTLNDVWTPQVQYMCHNENRWITGDVDTRWPLRSNYDQNNVCIFEGYN
>SEQ26/1-60
FMNINNQGMYPALTLNDVWTPQVQYMCHNENRWITGDVDTRWPLRSNYDQNNVCIFEGYN
>SEQ27/1-60
FMNINNQGMYPALTLNDVWTPQVQYMCHNENRWITGDVDTRWPLRSNYDQNNVCIFEGYN
>SEQ28/1-60
FMNINNQGMYPALTLNDVWTPQVQYMCHNENRWITGDVDTRWPLRSNYDQNNVCIFEGYN
>SEQ29/1-60
FMNINNQGMYPALTLNDVWTPQVQYMCHNENRWITGDVDTRWPLRSNYDQNNVCIFEGYN
>SEQ30/1-60
FMNINNQGMYPALTLNDVWTPQVQYMCHNENRWITGDVDTRWPLRSNYDQNNVCIFEGYN
>SEQ31/1-60
FMNINNQGMYPALTLNDVWTPQVQYMCHNENRWITGDVDTRWPLRSNYDQNNVCIFEGYN
>SEQ32/1-60
FMNINNQGMYPALTLNDVWTPQVQYMCHNENRWITGDVDTRWPLRSNYDQNNVCIFEGYN
>SEQ33/1-60
FMNINNQGMYPALTLNDVWTPQVQYMCHNENRWITGDVDTRWPLRSNYDQNNVCIFEGYN
>SEQ34/1-60
FMNINNQGMYPALTLNDVWTPQVQYMCHNENRWITGDVDTRWPLRSNYDQNNVCIFEGYN
>SEQ35/1-60
FMNINNQGMYPALTLNDVWTPQVQYMCHNENRWITGDVDTRWPLRSNYDQNNVCIFEGYN
>SEQ36/1-60
FMNINNQGMYPALTLNDVWTPQVQYMCHNENRWITGDVDTRWPLRSNYDQNNVCIFEGYN
>SEQ37/1-60
FMNINNQGMYPALTLNDVWTPQVQYMCHNENRWITGDVDTRWPLRSNYDQNNVCIFEGYN
>SEQ38/1-60
FMNINNQGMYPALTLNDVWTPQVQYMCHNENRWITGDVDTRWPLRSNYDQNNVCIFEGYN
>SEQ39/1-60
FMNINNQGMYPALTLNDVWTPQVQYMCHNENRWITGDVDTRWPLRSNYDQNNVCIFEGYN
>SEQ40/1-60
FMNINNQGMYPALTLNDVWTPQVQYMCHNENRWITGDVDTRWPLRSNYDQNNVCIFEGYN
>SEQ41/1-60
FMNINNQGMYPALTLNDVWTPQVQYMCHNENRWITGDVDTRWPLRSNYDQNNVCIFEGYN
>SEQ42/1-60
FMNINNQGMYPALTLNDVWTPQVQYMCHNENRWITGDVDTRWPLRSNYDQNNVCIFEGYN
>SEQ43/1-60
FMNINNQGMYPALTLNDVWTPQVQYMCHNENRWITGDVDTRWPLRSNYDQNNVCIFEGYN
>SEQ44/1-60
FMNINNQGMYPALTLNDVWTPQVQYMCHNENRWITGDVDTRWPLRSNYDQNNVCIFEGYN
>SEQ45/1-60
FMNINNQGMYPALTLNDVWTPQVQYMCHNENRWITGDVDTRWPLRSNYDQNNVCIFEGYN
>SEQ46/1-60
FMNINNQGMYPALTLNDVWTPQVQYMCHNENRWITGDVDTRWPLRSNYDQNNVCIFEGYN
>SEQ47/1-60
FMNINNQGMYPALTLNDVWTPQVQYMCHNENRWITGDVDTRWPLRSNYDQNNVCIFEGYN
>SEQ48/1-60
FMNINNQGMYPALTLNDVWTPQVQYMCHNENRWITGDVDTRWPLRSNYDQNNVCIFEGYN
>SEQ49/1-60
FMNINNQGMYPALTLNDVWTPQVQYMCHNENRWITGDVDTRWPLRSNYDQNNVCIFEGYN
>SEQ50/1-60
FMNINNQGMYPALTLNDVWTPQVQYMCHNENRWITGDVDTRWPLRSNYDQNNVCIFEGYN
>SEQ51/1-60
FMNINNQGMYPALTLNDVWTPQVQYMCHNENRWITGDVDTRWPLRSNYDQNNVCIFEGYN
>SEQ52/1-60
FMNINNQGMYPALTLNDVWTPQVQYMCHNENRWITGDVDTRWPLRSNYDQNNVCIFEGYN
>SEQ53/1-60
FMNINNQGMYPALTLNDVWTPQVQYMCHNENRWITGDVDTRWPLRSNYDQNNVCIFEGYN
>SEQ54/1-60
FMNINNQGMYPALTLNDVWTPQVQYMCHNENRWITGDVDTRWPLRSNYDQNNVCIFEGYN
>SEQ55/1-60
FMNINNQGMYPALTLNDVWTPQVQYMCHNENRWITGDVDTRWPLRSNYDQNNVCIFEGYN
>SEQ56/1-60
FMNINNQGMYPALTLNDVWTPQVQYMCHNENRWITGDVDTRWPLRSNYDQNNVCIFEGYN
>SEQ57/1-60
FMNINNQGMYPALTLNDVWTPQVQYMCHNENRWITGDVDTRWPLRSNYDQNNVCIFEGYN
>SEQ58/1-60
FMNINNQGMYPALTLNDVWTPQVQYMCHNENRWITGDVDTRWPLRSNYDQNNVCIFEGYN
>SEQ59/1-60
FMNINNQGMYPALTLNDVWTPQVQYMCHNENRWITGDVDTRWPLRSNYDQNNVCIFEGYN
>SEQ60/1-60
FMNINNQGMYPALTLNDVWTPQVQYMCHNENRWITGDVDTRWPLRSNYDQNNVCIFEGYN
>SEQ61/1-60
FMNINNQGMYPALTLNDVWTPQVQYMCHNENRWITGDVDTRWPLRSNYDQNNVCIFEGYN
>SEQ62/1-60
FMNINNQGMYPALTLNDVWTPQVQYMCHNENRWITGDVDTRWPLRSNYDQNNVCIFEGYN
>SEQ63/1-60
FMNINNQGMYPALTLNDVWTPQVQYMCHNENRWITGDVDTRWPLRSNYDQNNVCIFEGYN
>SEQ64/1-60
FMNINNQGMYPALTLNDVWTPQVQYMCHNENRWITGDVDTRWPLRSNYDQNNVCIFEGYN
>SEQ65/1-60
FMNINNQGMYPALTLNDVWTPQVQYMCHNENRWITGDVDTRWPLRSNYDQNNVCIFEGYN
>SEQ66/1-60
FMNINNQGMYPALTLNDVWTPQVQYMCHNENRWITGDVDTRWPLRSNYDQNNVCIFEGYN
>SEQ67/1-60
FMNINNQGMYPALTLNDVWTPQVQYMCHNENRWITGDVDTRWPLRSNYDQNNVCIFEGYN
>SEQ68/1-60
FMNINNQGMYPALTLNDVWTPQVQYMCHNENRWITGDVDTRWPLRSNYDQNNVCIFEGYN
>SEQ69/1-60
FMNINNQGMYPALTLNDVWTPQVQYMCHNENRWITGDVDTRWPLRSNYDQNNVCIFEGYN
>SEQ70/1-60
FMNINNQGMYPALTLNDVWTPQVQYMCHNENRWITGDVDTRWPLRSNYDQNNVCIFEGYN
>SEQ71/1-60
FMNINNQGMYPALTLNDVWTPQVQYMCHNENRWITGDVDTRWPLRSNYDQNNVCIFEGYN
>SEQ72/1-60
FMNINNQGMYPALTLNDVWTPQVQYMCHNENRWITGDVDTRWPLRSNYDQNNVCIFEGYN
>SEQ73/1-60
FMNINNQGMYPALTLNDVWTPQVQYMCHNENRWITGDVDTRWPLRSNYDQNNVCIFEGYN
>SEQ74/1-60
FMNINNQGMYPALTLNDVWTPQVQYMCHNENRWITGDVDTRWPLRSNYDQNNVCIFEGYN
>SEQ75/1-60
FMNINNQGMYPALTLNDVWTPQVQYMCHNENRWITGDVDTRWPLRSNYDQNNVCIFEGYN
>SEQ76/1-60
FMNINNQGMYPALTLNDVWTPQVQYMCHNENRWITGDVDTRWPLRSNYDQNNVCIFEGYN
>SEQ77/1-60
FMNINNQGMYPALTLNDVWTPQVQYMCHNENRWITGDVDTRWPLRSNYDQNNVCIFEGYN
>SEQ78/1-60
FMNINNQGMYPALTLNDVWTPQVQYMCHNENRWITGDVDTRWPLRSNYDQNNVCIFEGYN
>SEQ79/1-60
FMNINNQGMYPALTLNDVWTPQVQYMCHNENRWITGDVDTRWPLRSNYDQNNVCIFEGYN
>SEQ80/1-60
FMNINNQGMYPALTLNDVWTPQVQYMCHNENRWITGDVDTRWPLRSNYDQNNVCIFEGYN

]]></system-out>
  <system-err><![CDATA[]]></system-err>
</testsuite>
