<?xml version="1.0" encoding="UTF-8"?>
<testsuite name="jalview.datamodel.HiddenColumnsCursorTest" tests="3" skipped="0" failures="0" errors="0" timestamp="2023-07-02T08:11:41" hostname="wer3eng" time="0.001">
  <properties/>
  <testcase name="testConstructor" classname="jalview.datamodel.HiddenColumnsCursorTest" time="0.0"/>
  <testcase name="testFindRegionForColumn" classname="jalview.datamodel.HiddenColumnsCursorTest" time="0.0"/>
  <testcase name="testFindRegionForColumn_Visible" classname="jalview.datamodel.HiddenColumnsCursorTest" time="0.0"/>
  <system-out><![CDATA[]]></system-out>
  <system-err><![CDATA[]]></system-err>
</testsuite>
