<?xml version="1.0" encoding="UTF-8"?>
<testsuite name="jalview.io.gff.ExonerateHelperTest" tests="6" skipped="0" failures="0" errors="0" timestamp="2023-07-02T08:12:07" hostname="wer3eng" time="0.023">
  <properties/>
  <testcase name="testAddExonerateGffToAlignment" classname="jalview.io.gff.ExonerateHelperTest" time="0.022"/>
  <testcase name="testGetMappingType" classname="jalview.io.gff.ExonerateHelperTest" time="0.0"/>
  <testcase name="testProcessGffSimilarity_protein2dna_forward_querygff" classname="jalview.io.gff.ExonerateHelperTest" time="0.0"/>
  <testcase name="testProcessGffSimilarity_protein2dna_forward_targetgff" classname="jalview.io.gff.ExonerateHelperTest" time="0.0"/>
  <testcase name="testProcessGffSimilarity_protein2dna_reverse_querygff" classname="jalview.io.gff.ExonerateHelperTest" time="0.0"/>
  <testcase name="testProcessGffSimilarity_protein2dna_reverse_targetgff" classname="jalview.io.gff.ExonerateHelperTest" time="0.0"/>
  <system-out><![CDATA[File format identified as Fasta
File format identified as Features
]]></system-out>
  <system-err><![CDATA[Ignoring unknown pragma: ##source-version exonerate:protein2genome:local 2.2.0
Ignoring unknown pragma: ##date 2015-01-16
Ignoring unknown pragma: ##type DNA
ERROR - SO term cds invalid
]]></system-err>
</testsuite>
