<?xml version="1.0" encoding="UTF-8"?>
<testsuite name="jalview.analysis.ConservationTest" tests="5" skipped="0" failures="0" errors="0" timestamp="2023-07-02T08:11:57" hostname="wer3eng" time="0.004">
  <properties/>
  <testcase name="testCalculate_noThreshold" classname="jalview.analysis.ConservationTest" time="0.001"/>
  <testcase name="testCalculate_threshold" classname="jalview.analysis.ConservationTest" time="0.001"/>
  <testcase name="testCountConservationAndGaps" classname="jalview.analysis.ConservationTest" time="0.0"/>
  <testcase name="testRecordConservation" classname="jalview.analysis.ConservationTest" time="0.0"/>
  <testcase name="testVerdict" classname="jalview.analysis.ConservationTest" time="0.001"/>
  <system-out><![CDATA[]]></system-out>
  <system-err><![CDATA[]]></system-err>
</testsuite>
