<?xml version="1.0" encoding="UTF-8"?>
<testsuite name="jalview.io.gff.InterProScanHelperTest" tests="1" skipped="0" failures="0" errors="0" timestamp="2023-07-02T08:12:18" hostname="wer3eng" time="0.001">
  <properties/>
  <testcase name="testProcessProteinMatch" classname="jalview.io.gff.InterProScanHelperTest" time="0.001"/>
  <system-out><![CDATA[]]></system-out>
  <system-err><![CDATA[ERROR - SO term Pfam invalid
]]></system-err>
</testsuite>
