<?xml version="1.0" encoding="UTF-8"?>
<testsuite name="jalview.util.UrlLinkTest" tests="9" skipped="0" failures="0" errors="0" timestamp="2023-07-02T08:13:43" hostname="wer3eng" time="0.013">
  <properties/>
  <testcase name="testCreateLinksForNonDynamic" classname="jalview.util.UrlLinkTest" time="0.0"/>
  <testcase name="testCreateLinksFromNullSequence" classname="jalview.util.UrlLinkTest" time="0.0"/>
  <testcase name="testCreateLinksFromSequence" classname="jalview.util.UrlLinkTest" time="0.001"/>
  <testcase name="testLinkComparator" classname="jalview.util.UrlLinkTest" time="0.0"/>
  <testcase name="testLinksWithTargets" classname="jalview.util.UrlLinkTest" time="0.0"/>
  <testcase name="testMakeUrlNoRegex" classname="jalview.util.UrlLinkTest" time="0.001"/>
  <testcase name="testMakeUrlWithRegex" classname="jalview.util.UrlLinkTest" time="0.01"/>
  <testcase name="testUrlLinkCreationNoRegex" classname="jalview.util.UrlLinkTest" time="0.0"/>
  <testcase name="testUrlLinkCreationWithRegex" classname="jalview.util.UrlLinkTest" time="0.0"/>
  <system-out><![CDATA[]]></system-out>
  <system-err><![CDATA[Sub 0 : -1 : 0 : 'null'
Sub 1 : -1 : -1 : 'null'
Sub 2 : 0 : 9 : 'FER_CAPAA'
Sub 0 : -1 : 0 : 'null'
Sub 1 : -1 : -1 : 'null'
Sub 2 : 0 : 9 : 'FER_CAPAA'
Sub 0 : -1 : -1 : 'null'
Sub 1 : 9 : 13 : '9234'
Sub 2 : -1 : -1 : 'null'
Sub 0 : -1 : -1 : 'null'
Sub 1 : 9 : 13 : '9234'
Sub 2 : -1 : -1 : 'null'
Sub 0 : -1 : 0 : 'null'
Sub 1 : -1 : -1 : 'null'
Sub 2 : 0 : 19 : 'this does not match'
Sub 0 : -1 : 0 : 'null'
Sub 1 : -1 : -1 : 'null'
Sub 2 : 0 : 19 : 'this does not match'
]]></system-err>
</testsuite>
