<?xml version="1.0" encoding="UTF-8"?>
<testsuite name="jalview.ext.ensembl.EnsemblGenomeTest" tests="3" skipped="0" failures="0" errors="0" timestamp="2023-07-02T08:11:54" hostname="wer3eng" time="0.002">
  <properties/>
  <testcase name="testGetGenomicRangesFromFeatures" classname="jalview.ext.ensembl.EnsemblGenomeTest" time="0.001"/>
  <testcase name="testGetIdentifyingFeatures" classname="jalview.ext.ensembl.EnsemblGenomeTest" time="0.001"/>
  <testcase name="testRetainFeature" classname="jalview.ext.ensembl.EnsemblGenomeTest" time="0.0"/>
  <system-out><![CDATA[]]></system-out>
  <system-err><![CDATA[]]></system-err>
</testsuite>
