<?xml version="1.0" encoding="UTF-8"?>
<testsuite name="jalview.ext.ensembl.EnsemblCdnaTest" tests="6" skipped="0" failures="0" errors="0" timestamp="2023-07-02T08:11:41" hostname="wer3eng" time="0.007">
  <properties/>
  <testcase name="testGetGenomicRangesFromFeatures" classname="jalview.ext.ensembl.EnsemblCdnaTest" time="0.003"/>
  <testcase name="testGetGenomicRangesFromFeatures_mixedStrand" classname="jalview.ext.ensembl.EnsemblCdnaTest" time="0.001"/>
  <testcase name="testGetGenomicRangesFromFeatures_reverseStrand" classname="jalview.ext.ensembl.EnsemblCdnaTest" time="0.001"/>
  <testcase name="testGetIdentifyingFeatures" classname="jalview.ext.ensembl.EnsemblCdnaTest" time="0.0"/>
  <testcase name="testIsValidReference" classname="jalview.ext.ensembl.EnsemblCdnaTest" time="0.0"/>
  <testcase name="testRetainFeature" classname="jalview.ext.ensembl.EnsemblCdnaTest" time="0.001"/>
  <system-out><![CDATA[]]></system-out>
  <system-err><![CDATA[]]></system-err>
</testsuite>
