<?xml version="1.0" encoding="UTF-8"?>
<testsuite name="mc_view.PDBChainTest" tests="12" skipped="0" failures="0" errors="0" timestamp="2023-07-02T08:11:42" hostname="wer3eng" time="0.01">
  <properties/>
  <testcase name="testGetChargeColour" classname="mc_view.PDBChainTest" time="0.0"/>
  <testcase name="testGetNewlineString" classname="mc_view.PDBChainTest" time="0.001"/>
  <testcase name="testMakeBond" classname="mc_view.PDBChainTest" time="0.0"/>
  <testcase name="testMakeCaBondList" classname="mc_view.PDBChainTest" time="0.0"/>
  <testcase name="testMakeCaBondList_nucleotide" classname="mc_view.PDBChainTest" time="0.001"/>
  <testcase name="testMakeExactMapping" classname="mc_view.PDBChainTest" time="0.0"/>
  <testcase name="testMakeResidueList_noAnnotation" classname="mc_view.PDBChainTest" time="0.001"/>
  <testcase name="testMakeResidueList_withTempFactor" classname="mc_view.PDBChainTest" time="0.0"/>
  <testcase name="testPrint" classname="mc_view.PDBChainTest" time="0.0"/>
  <testcase name="testSetChainColours_colour" classname="mc_view.PDBChainTest" time="0.0"/>
  <testcase name="testSetChainColours_colourScheme" classname="mc_view.PDBChainTest" time="0.0"/>
  <testcase name="testSetChargeColours" classname="mc_view.PDBChainTest" time="0.001"/>
  <system-out><![CDATA[]]></system-out>
  <system-err><![CDATA[]]></system-err>
</testsuite>
