<?xml version="1.0" encoding="UTF-8"?>
<testsuite name="jalview.util.matcher.ConditionTest" tests="3" skipped="0" failures="0" errors="0" timestamp="2023-07-02T08:13:43" hostname="wer3eng" time="0.0">
  <properties/>
  <testcase name="testFromString" classname="jalview.util.matcher.ConditionTest" time="0.0"/>
  <testcase name="testGetStableName" classname="jalview.util.matcher.ConditionTest" time="0.0"/>
  <testcase name="testToString" classname="jalview.util.matcher.ConditionTest" time="0.0"/>
  <system-out><![CDATA[]]></system-out>
  <system-err><![CDATA[]]></system-err>
</testsuite>
