<?xml version="1.0" encoding="UTF-8"?>
<testsuite name="jalview.urls.IdentifiersUrlProviderTest" tests="2" skipped="0" failures="0" errors="0" timestamp="2023-07-02T08:11:59" hostname="wer3eng" time="0.001">
  <properties/>
  <testcase name="testDefaultUrl" classname="jalview.urls.IdentifiersUrlProviderTest" time="0.0"/>
  <testcase name="testUrlLinks" classname="jalview.urls.IdentifiersUrlProviderTest" time="0.001"/>
  <system-out><![CDATA[]]></system-out>
  <system-err><![CDATA[]]></system-err>
</testsuite>
