<?xml version="1.0" encoding="UTF-8"?>
<testsuite name="jalview.analysis.AnnotationSorterTest" tests="8" skipped="0" failures="0" errors="0" timestamp="2023-07-02T08:11:53" hostname="wer3eng" time="0.488">
  <properties/>
  <testcase name="testNoSort_autocalcFirst" classname="jalview.analysis.AnnotationSorterTest" time="0.0"/>
  <testcase name="testSortBySequenceAndType_autocalcFirst" classname="jalview.analysis.AnnotationSorterTest" time="0.001"/>
  <testcase name="testSortBySequenceAndType_autocalcLast" classname="jalview.analysis.AnnotationSorterTest" time="0.0"/>
  <testcase name="testSortByTypeAndSequence_autocalcFirst" classname="jalview.analysis.AnnotationSorterTest" time="0.0"/>
  <testcase name="testSortByTypeAndSequence_autocalcLast" classname="jalview.analysis.AnnotationSorterTest" time="0.0"/>
  <testcase name="testSort_timingPresorted" classname="jalview.analysis.AnnotationSorterTest" time="0.206"/>
  <testcase name="testSort_timingSemisorted" classname="jalview.analysis.AnnotationSorterTest" time="0.195"/>
  <testcase name="testSort_timingUnsorted" classname="jalview.analysis.AnnotationSorterTest" time="0.085"/>
  <system-out><![CDATA[Timing test for presorted 50 sequences and 100 annotations took 0ms
Timing test for presorted 500 sequences and 1000 annotations took 7ms
Discovered service: http://www.compbio.dundee.ac.uk/jabaws jalview.ws.jws2.jabaws2.Jws2Instance@13908975
Timing test for presorted 5000 sequences and 10000 annotations took 185ms
Sort by label for semisorted 50 sequences and 100 annotations took 1ms
Resort by sequence for semisorted 50 sequences and 100 annotations took 0ms
Resort by label for semisorted 50 sequences and 100 annotations took 0ms
Sort by label for semisorted 500 sequences and 1000 annotations took 3ms
Resort by sequence for semisorted 500 sequences and 1000 annotations took 2ms
Resort by label for semisorted 500 sequences and 1000 annotations took 2ms
Attempting to connect with AAConWS...
Sort by label for semisorted 5000 sequences and 10000 annotations took 66ms
Resort by sequence for semisorted 5000 sequences and 10000 annotations took 58ms
Discovered service: http://www.compbio.dundee.ac.uk/jabaws jalview.ws.jws2.jabaws2.Jws2Instance@7dfd07f9
Resort by label for semisorted 5000 sequences and 10000 annotations took 49ms
Timing test for unsorted 50 sequences and 100 annotations took 0ms
Timing test for unsorted 500 sequences and 1000 annotations took 2ms
Timing test for unsorted 5000 sequences and 10000 annotations took 69ms
]]></system-out>
  <system-err><![CDATA[Jul 02, 2023 10:11:53 AM compbio.ws.client.Jws2Client connect
INFO: Connected successfully!
Jul 02, 2023 10:11:54 AM compbio.ws.client.Jws2Client connect
INFO: Connected successfully!
]]></system-err>
</testsuite>
