<?xml version="1.0" encoding="UTF-8"?>
<testsuite name="jalview.bin.HiDPISettingTest2" tests="4" skipped="0" failures="0" errors="0" timestamp="2023-07-02T08:13:36" hostname="wer3eng" time="7.025">
  <properties/>
  <testcase name="testHiDPISettings[0](1)" classname="jalview.bin.HiDPISettingTest2" time="1.721"/>
  <testcase name="testHiDPISettings[1](2)" classname="jalview.bin.HiDPISettingTest2" time="1.742"/>
  <testcase name="testHiDPISettings[2](4)" classname="jalview.bin.HiDPISettingTest2" time="1.799"/>
  <testcase name="testHiDPISettings[3](10)" classname="jalview.bin.HiDPISettingTest2" time="1.762"/>
  <system-out><![CDATA[]]></system-out>
  <system-err><![CDATA[DEBUG - Scanning news items: newsnew=false and lastDate is Fri Jun 30 20:04:22 CEST 2023
DEBUG - Saved last read date as 30 Jun 2023, 20:04:22
DEBUG - Scanning news items: newsnew=false and lastDate is Fri Jun 30 20:04:22 CEST 2023
DEBUG - Saved last read date as 30 Jun 2023, 20:04:22
DEBUG - Scanning news items: newsnew=false and lastDate is Fri Jun 30 20:04:22 CEST 2023
DEBUG - Saved last read date as 30 Jun 2023, 20:04:22
]]></system-err>
</testsuite>
