<?xml version="1.0" encoding="UTF-8"?>
<testsuite name="jalview.gui.HelpTest" tests="1" skipped="0" failures="0" errors="0" timestamp="2023-07-02T08:11:38" hostname="wer3eng" time="0.029">
  <properties/>
  <testcase name="checkHelpTargets" classname="jalview.gui.HelpTest" time="0.029"/>
  <system-out><![CDATA[]]></system-out>
  <system-err><![CDATA[]]></system-err>
</testsuite>
