<?xml version="1.0" encoding="UTF-8"?>
<testsuite name="jalview.schemes.JalviewColourSchemeTest" tests="2" skipped="0" failures="0" errors="0" timestamp="2023-07-02T08:12:07" hostname="wer3eng" time="0.0">
  <properties/>
  <testcase name="testGetSchemeClass" classname="jalview.schemes.JalviewColourSchemeTest" time="0.0"/>
  <testcase name="testToString" classname="jalview.schemes.JalviewColourSchemeTest" time="0.0"/>
  <system-out><![CDATA[]]></system-out>
  <system-err><![CDATA[]]></system-err>
</testsuite>
