<?xml version="1.0" encoding="UTF-8"?>
<testsuite name="jalview.renderer.seqfeatures.FeatureColourFinderTest" tests="16" skipped="0" failures="0" errors="0" timestamp="2023-07-02T08:11:49" hostname="wer3eng" time="0.029">
  <properties/>
  <testcase name="testFindFeatureAtEnd" classname="jalview.renderer.seqfeatures.FeatureColourFinderTest" time="0.009"/>
  <testcase name="testFindFeatureColour_contactFeature" classname="jalview.renderer.seqfeatures.FeatureColourFinderTest" time="0.0"/>
  <testcase name="testFindFeatureColour_featureGroupNotDisplayed" classname="jalview.renderer.seqfeatures.FeatureColourFinderTest" time="0.001"/>
  <testcase name="testFindFeatureColour_featureTypeNotDisplayed" classname="jalview.renderer.seqfeatures.FeatureColourFinderTest" time="0.001"/>
  <testcase name="testFindFeatureColour_gapPosition" classname="jalview.renderer.seqfeatures.FeatureColourFinderTest" time="0.0"/>
  <testcase name="testFindFeatureColour_graduatedFeatureColour" classname="jalview.renderer.seqfeatures.FeatureColourFinderTest" time="0.0"/>
  <testcase name="testFindFeatureColour_graduatedWithThreshold" classname="jalview.renderer.seqfeatures.FeatureColourFinderTest" time="0.001"/>
  <testcase name="testFindFeatureColour_multipleFeaturesAtPositionNoTransparency" classname="jalview.renderer.seqfeatures.FeatureColourFinderTest" time="0.0"/>
  <testcase name="testFindFeatureColour_nestedFeatures" classname="jalview.renderer.seqfeatures.FeatureColourFinderTest" time="0.0"/>
  <testcase name="testFindFeatureColour_noFeatures" classname="jalview.renderer.seqfeatures.FeatureColourFinderTest" time="0.001"/>
  <testcase name="testFindFeatureColour_noFeaturesShown" classname="jalview.renderer.seqfeatures.FeatureColourFinderTest" time="0.0"/>
  <testcase name="testFindFeatureColour_singleFeatureAtPosition" classname="jalview.renderer.seqfeatures.FeatureColourFinderTest" time="0.0"/>
  <testcase name="testFindFeatureColour_singleFeatureNotAtPosition" classname="jalview.renderer.seqfeatures.FeatureColourFinderTest" time="0.0"/>
  <testcase name="testFindFeatureColour_transparencySingleFeature" classname="jalview.renderer.seqfeatures.FeatureColourFinderTest" time="0.001"/>
  <testcase name="testFindFeatureColour_transparencyTwoFeatures" classname="jalview.renderer.seqfeatures.FeatureColourFinderTest" time="0.001"/>
  <testcase name="testNoFeaturesDisplayed" classname="jalview.renderer.seqfeatures.FeatureColourFinderTest" time="0.0"/>
  <system-out><![CDATA[Discovered service: http://www.compbio.dundee.ac.uk/jabaws jalview.ws.jws2.jabaws2.Jws2Instance@27d69e81
]]></system-out>
  <system-err><![CDATA[]]></system-err>
</testsuite>
