<?xml version="1.0" encoding="UTF-8"?>
<testsuite name="jalview.datamodel.AlignedCodonTest" tests="2" skipped="0" failures="0" errors="0" timestamp="2023-07-02T08:13:43" hostname="wer3eng" time="0.0">
  <properties/>
  <testcase name="testEquals" classname="jalview.datamodel.AlignedCodonTest" time="0.0"/>
  <testcase name="testToString" classname="jalview.datamodel.AlignedCodonTest" time="0.0"/>
  <system-out><![CDATA[]]></system-out>
  <system-err><![CDATA[]]></system-err>
</testsuite>
