<?xml version="1.0" encoding="UTF-8"?>
<testsuite name="jalview.util.DBRefUtilsTest" tests="8" skipped="0" failures="0" errors="0" timestamp="2023-07-02T08:12:10" hostname="wer3eng" time="0.001">
  <properties/>
  <testcase name="testGetCanonicalName" classname="jalview.util.DBRefUtilsTest" time="0.001"/>
  <testcase name="testParseToDbRef" classname="jalview.util.DBRefUtilsTest" time="0.0"/>
  <testcase name="testParseToDbRef_PDB" classname="jalview.util.DBRefUtilsTest" time="0.0"/>
  <testcase name="testSearchRefs_accessionid" classname="jalview.util.DBRefUtilsTest" time="0.0"/>
  <testcase name="testSearchRefs_noMapping" classname="jalview.util.DBRefUtilsTest" time="0.0"/>
  <testcase name="testSearchRefs_wildcardAccessionid" classname="jalview.util.DBRefUtilsTest" time="0.0"/>
  <testcase name="testSearchRefs_withMapping" classname="jalview.util.DBRefUtilsTest" time="0.0"/>
  <testcase name="testSelectRefs" classname="jalview.util.DBRefUtilsTest" time="0.0"/>
  <system-out><![CDATA[]]></system-out>
  <system-err><![CDATA[]]></system-err>
</testsuite>
