<?xml version="1.0" encoding="UTF-8"?>
<testsuite name="jalview.io.FormatAdapterTest" tests="11" skipped="0" failures="0" errors="0" timestamp="2023-07-02T08:11:38" hostname="wer3eng" time="0.086">
  <properties/>
  <testcase name="testRoundTrip[0](Fasta)" classname="jalview.io.FormatAdapterTest" time="0.002"/>
  <testcase name="testRoundTrip[1](Pfam)" classname="jalview.io.FormatAdapterTest" time="0.003"/>
  <testcase name="testRoundTrip[2](Stockholm)" classname="jalview.io.FormatAdapterTest" time="0.026"/>
  <testcase name="testRoundTrip[3](PIR)" classname="jalview.io.FormatAdapterTest" time="0.003"/>
  <testcase name="testRoundTrip[4](BLC)" classname="jalview.io.FormatAdapterTest" time="0.005"/>
  <testcase name="testRoundTrip[5](AMSA)" classname="jalview.io.FormatAdapterTest" time="0.002"/>
  <testcase name="testRoundTrip[6](Json)" classname="jalview.io.FormatAdapterTest" time="0.006"/>
  <testcase name="testRoundTrip[7](Pileup)" classname="jalview.io.FormatAdapterTest" time="0.012"/>
  <testcase name="testRoundTrip[8](MSF)" classname="jalview.io.FormatAdapterTest" time="0.012"/>
  <testcase name="testRoundTrip[9](Clustal)" classname="jalview.io.FormatAdapterTest" time="0.005"/>
  <testcase name="testRoundTrip[10](Phylip)" classname="jalview.io.FormatAdapterTest" time="0.006"/>
  <system-out><![CDATA[]]></system-out>
  <system-err><![CDATA[]]></system-err>
</testsuite>
